2017/12/27 11:26:15		Event	otmlfrHkv5GZzbdVY0IB-O_gXcsefpYq				pageView						/proxy/log?name=pageView&type=event&loading=false	http://localhost:8080/	undefined	
2017/12/27 11:26:19		Event	QXbfrNNbkFh8GJ6j_02F1CVdZ7usyVWT				pageView						/proxy/log?name=pageView&type=event&loading=false	http://localhost:8080/	undefined	
2017/12/27 11:26:20		Event	fmuZhl5w8PeJxQvzzYR06woroO7lcR9K				pageView						/proxy/log?name=pageView&type=event&loading=false	http://localhost:8080/profile	undefined	
2017/12/27 11:26:45		Interface	xuM9cfiqyx8s0P_c6xcMZAEDqMWrUcca				/api/login/loginmsg	phone=18324490333&fromType=2					/api/login/loginmsg?phone=18324490333&fromType=2	http://localhost:8080/login	undefined	
2017/12/27 11:31:11		Event	xuM9cfiqyx8s0P_c6xcMZAEDqMWrUcca	92	18324490333		pageView						/proxy/log?name=pageView&type=event&loading=false	http://localhost:8080/profile	undefined	
2017/12/27 11:31:12		Interface	xuM9cfiqyx8s0P_c6xcMZAEDqMWrUcca	92	18324490333		/api/login/loginmsg	phone=18324490333					/api/login/loginmsg?phone=18324490333	http://localhost:8080/profile	undefined	
2017/12/27 11:31:32		Event	xuM9cfiqyx8s0P_c6xcMZAEDqMWrUcca	92	18324490333		pageView						/proxy/log?name=pageView&type=event&loading=false	http://localhost:8080/	undefined	
2017/12/27 11:31:38		Event	xuM9cfiqyx8s0P_c6xcMZAEDqMWrUcca	92	18324490333		pageView						/proxy/log?name=pageView&type=event&loading=false	http://localhost:8080/	undefined	
2017/12/27 11:31:38		Interface	xuM9cfiqyx8s0P_c6xcMZAEDqMWrUcca	92	18324490333		/api/login/loginmsg	phone=18324490333					/api/login/loginmsg?phone=18324490333	http://localhost:8080/profile	undefined	
2017/12/27 11:31:47		Event	KO8cpfcpNHXuDv2r4vGwaRgyJl19AkLU				pageView						/proxy/log?name=pageView&type=event&loading=false	http://localhost:8080/profile	undefined	
2017/12/27 11:31:49		Event	rK_QPCVV1a0I_fPCwA5SRPwIh4vGj1eT				pageView						/proxy/log?name=pageView&type=event&loading=false	http://localhost:8080/profile	undefined	
2017/12/27 11:32:45		Interface	4pXh7CdNOCmgzD_6NtY8bCbmYVbEbqq8				/api/login/loginmsg	phone=18324490333&fromType=2					/api/login/loginmsg?phone=18324490333&fromType=2	http://localhost:8080/login	undefined	
2017/12/27 11:39:55		Interface	42jfyTVXtgp1IipFFROn4SuJqpuZu8MY				/api/login/loginmsg	phone=18324490333&fromType=2					/api/login/loginmsg?phone=18324490333&fromType=2	http://localhost:8080/login	undefined	
2017/12/27 11:40:19		Event	42jfyTVXtgp1IipFFROn4SuJqpuZu8MY	92	18324490333		pageView						/proxy/log?name=pageView&type=event&loading=false	http://localhost:8080/login	undefined	
2017/12/27 11:40:20		Event	42jfyTVXtgp1IipFFROn4SuJqpuZu8MY	92	18324490333		pageView						/proxy/log?name=pageView&type=event&loading=false	http://localhost:8080/login	undefined	
2017/12/27 11:40:20		Interface	42jfyTVXtgp1IipFFROn4SuJqpuZu8MY	92	18324490333		/api/login/loginmsg	phone=18324490333					/api/login/loginmsg?phone=18324490333	http://localhost:8080/profile	undefined	
2017/12/27 11:40:41		Event	42jfyTVXtgp1IipFFROn4SuJqpuZu8MY	92	18324490333		pageView						/proxy/log?name=pageView&type=event&loading=false	http://localhost:8080/	undefined	
2017/12/27 11:40:52		Event	9luku03666GDuTuK8EY2Dz0GqLb9xh1m				pageView						/proxy/log?name=pageView&type=event&loading=false	http://localhost:8080/	undefined	
2017/12/27 11:40:55		Event	F_q_7W1mWCM6HoEu0yxlGXZH1lSJGXou				pageView						/proxy/log?name=pageView&type=event&loading=false	http://localhost:8080/	undefined	
2017/12/27 11:41:17		Interface	iJdTwT_VBqwnWCWbZlupFJa5nq8wxhDl				/api/login/loginmsg	phone=18324490333&fromType=2					/api/login/loginmsg?phone=18324490333&fromType=2	http://localhost:8080/login	undefined	
2017/12/27 11:41:17		Event	iJdTwT_VBqwnWCWbZlupFJa5nq8wxhDl	92	18324490333		pageView						/proxy/log?name=pageView&type=event&loading=false	http://localhost:8080/login	undefined	
2017/12/27 11:41:54		Event	iJdTwT_VBqwnWCWbZlupFJa5nq8wxhDl	92	18324490333		pageView						/proxy/log?name=pageView&type=event&loading=false	http://localhost:8080/	undefined	
2017/12/27 11:41:58		Event	-SgPOYmhBZNvAXZhWxPAm3jxWMFm0x6u				pageView						/proxy/log?name=pageView&type=event&loading=false	http://localhost:8080/	undefined	
2017/12/27 11:42:05		Event	3NR4Qc6J-3i0FToo0lf2jPgYAiPKzMZs				pageView						/proxy/log?name=pageView&type=event&loading=false	http://localhost:8080/profile	undefined	
2017/12/27 11:42:29		Interface	cfZzboQ0ojGDpqSkW9bSavn1Fr8KeyWp				/api/login/loginmsg	phone=18324490333&fromType=2					/api/login/loginmsg?phone=18324490333&fromType=2	http://localhost:8080/login	undefined	
2017/12/27 11:43:47		Interface	6XcFqsOFviFEQqJ-Ek99boKJly5ZnY5K				/api/login/loginmsg	phone=18324490333&fromType=2					/api/login/loginmsg?phone=18324490333&fromType=2	http://localhost:8080/login	undefined	
2017/12/27 11:43:47		Event	6XcFqsOFviFEQqJ-Ek99boKJly5ZnY5K	92	18324490333		pageView						/proxy/log?name=pageView&type=event&loading=false	http://localhost:8080/login	undefined	
2017/12/27 11:43:48		Interface	6XcFqsOFviFEQqJ-Ek99boKJly5ZnY5K	92	18324490333		/api/login/loginmsg	phone=18324490333					/api/login/loginmsg?phone=18324490333	http://localhost:8080/profile	undefined	
2017/12/27 11:43:58		Event	6XcFqsOFviFEQqJ-Ek99boKJly5ZnY5K	92	18324490333		pageView						/proxy/log?name=pageView&type=event&loading=false	http://localhost:8080/	undefined	
2017/12/27 11:44:00		Event	6XcFqsOFviFEQqJ-Ek99boKJly5ZnY5K	92	18324490333		pageView						/proxy/log?name=pageView&type=event&loading=false	http://localhost:8080/	undefined	
2017/12/27 11:44:01		Event	6XcFqsOFviFEQqJ-Ek99boKJly5ZnY5K	92	18324490333		pageView						/proxy/log?name=pageView&type=event&loading=false	http://localhost:8080/	undefined	
2017/12/27 11:44:02		Event	6XcFqsOFviFEQqJ-Ek99boKJly5ZnY5K	92	18324490333		pageView						/proxy/log?name=pageView&type=event&loading=false	http://localhost:8080/	undefined	
2017/12/27 11:44:02		Interface	6XcFqsOFviFEQqJ-Ek99boKJly5ZnY5K	92	18324490333		/api/login/loginmsg	phone=18324490333					/api/login/loginmsg?phone=18324490333	http://localhost:8080/profile	undefined	
2017/12/27 13:55:36		Event	JZEGNfHxY3B5ChnxDNo_iOpT_2Y7SUf6				pageView						/proxy/log?name=pageView&type=event&loading=false	http://localhost:8080/profile	undefined	
2017/12/27 13:55:42		Event	SQuOs5a4yIDm4mzvL2Dxx0NrfNXEKzZm				pageView						/proxy/log?name=pageView&type=event&loading=false	http://localhost:8080/profile	undefined	
2017/12/27 13:57:50		Event	fKJtwUIYPZlHXfMAi6iVKsJTs3IlYnC0				pageView						/proxy/log?name=pageView&type=event&loading=false	http://localhost:8080/	undefined	
2017/12/27 13:57:54		Event	dHvw3Igk85G4fS7EIZuGDfcyTlHvLJ5P				pageView						/proxy/log?name=pageView&type=event&loading=false	http://localhost:8080/	undefined	
2017/12/27 13:59:02		Event	0MbzZKRIyOj6y9fV5c4YIqkKzdxs2Vx8				pageView						/proxy/log?name=pageView&type=event&loading=false	http://localhost:8080/	undefined	
2017/12/27 13:59:03		Event	thEaY9aRxiCBHuD48KuVl6BwwJ1O4h8V				pageView						/proxy/log?name=pageView&type=event&loading=false	http://localhost:8080/	undefined	
2017/12/27 14:03:22		Event	9SFtoblSo2rFezPotql1gPbIgfrlSMNA				pageView						/proxy/log?name=pageView&type=event&loading=false	http://localhost:8080/profile	undefined	
2017/12/27 14:03:25		Event	oWP0ixLHGhHH_qSwnDxyrQiHg9aMyD2F				pageView						/proxy/log?name=pageView&type=event&loading=false	http://localhost:8080/profile	undefined	
2017/12/27 14:03:26		Event	PNLtuXqLRnZYwqd3Kx8UIr8YrXNiIfBr				pageView						/proxy/log?name=pageView&type=event&loading=false	http://localhost:8080/profile	undefined	
2017/12/27 14:26:45		Event	zJP0OPM50W2BiI887F3Dh22icDhAqWP2				pageView						/proxy/log?name=pageView&type=event&loading=false	http://localhost:8080/	undefined	
2017/12/27 14:26:51		Event	ITGEvs4GWpy-C5-5GwO6mCJrvFw70qAa				pageView						/proxy/log?name=pageView&type=event&loading=false	http://localhost:8080/profile	undefined	
2017/12/27 14:27:35		Event	iD58TWBjnIp2GSkVovQEj2kzcE3S4TMB				pageView						/proxy/log?name=pageView&type=event&loading=false	http://localhost:8080/	undefined	
2017/12/27 14:27:37		Event	8xkvnXmS2z7J9k4IbaGA5hHB0lQB_L3M				pageView						/proxy/log?name=pageView&type=event&loading=false	http://localhost:8080/	undefined	
2017/12/27 14:27:38		Event	3wVzgygl8QW7bpk5shKbUUHWEQa2Xo14				pageView						/proxy/log?name=pageView&type=event&loading=false	http://localhost:8080/	undefined	
2017/12/27 14:27:40		Event	Mb8KForUIKyVX-wvmoOMl7O8K6nJNEve				pageView						/proxy/log?name=pageView&type=event&loading=false	http://localhost:8080/	undefined	
2017/12/27 14:28:26		Interface	fYlprHoRFdPE-GIOs7Z7M6cBVJvWRAuB				/api/login/loginmsg	phone=18388113267&fromType=2					/api/login/loginmsg?phone=18388113267&fromType=2	http://localhost:8080/login	undefined	
2017/12/27 14:28:35		Event	fYlprHoRFdPE-GIOs7Z7M6cBVJvWRAuB	35	18388113267		pageView						/proxy/log?name=pageView&type=event&loading=false	http://localhost:8080/login	undefined	
2017/12/27 14:28:50		Interface	fYlprHoRFdPE-GIOs7Z7M6cBVJvWRAuB	35	18388113267		/api/user/changecard	uid=35&companyName=%E7%A5%96%E7%8E%9B%E7%A7%91%E6%8A%80&name=%E5%A6%AE%E5%A6%AE7d&address=goingjsjd					/api/user/changecard?uid=35&companyName=%E7%A5%96%E7%8E%9B%E7%A7%91%E6%8A%80&name=%E5%A6%AE%E5%A6%AE7d&address=goingjsjd	http://localhost:8080/make?ischange=true	undefined	
2017/12/27 14:28:50		Event	fYlprHoRFdPE-GIOs7Z7M6cBVJvWRAuB	35	18388113267		changCard						/proxy/log?name=changCard&type=event&loading=false	http://localhost:8080/make?ischange=true	undefined	
2017/12/27 14:28:51		Event	fYlprHoRFdPE-GIOs7Z7M6cBVJvWRAuB	35	18388113267		pageView						/proxy/log?name=pageView&type=event&loading=false	http://localhost:8080/make?ischange=true	undefined	
2017/12/27 14:28:51		Interface	fYlprHoRFdPE-GIOs7Z7M6cBVJvWRAuB	35	18388113267		/api/login/loginmsg	phone=18388113267					/api/login/loginmsg?phone=18388113267	http://localhost:8080/profile	undefined	
2017/12/27 14:29:00		Event	fYlprHoRFdPE-GIOs7Z7M6cBVJvWRAuB	35	18388113267		pageView						/proxy/log?name=pageView&type=event&loading=false	http://localhost:8080/login	undefined	
2017/12/27 14:29:00		Event	fYlprHoRFdPE-GIOs7Z7M6cBVJvWRAuB	35	18388113267		pageView						/proxy/log?name=pageView&type=event&loading=false	http://localhost:8080/login	undefined	
2017/12/27 14:29:00		Interface	fYlprHoRFdPE-GIOs7Z7M6cBVJvWRAuB	35	18388113267		/api/login/loginmsg	phone=18388113267					/api/login/loginmsg?phone=18388113267	http://localhost:8080/profile	undefined	
2017/12/27 14:29:02		Event	fYlprHoRFdPE-GIOs7Z7M6cBVJvWRAuB	35	18388113267		pageView						/proxy/log?name=pageView&type=event&loading=false	http://localhost:8080/	undefined	
2017/12/27 14:29:03		Event	fYlprHoRFdPE-GIOs7Z7M6cBVJvWRAuB	35	18388113267		pageView						/proxy/log?name=pageView&type=event&loading=false	http://localhost:8080/	undefined	
2017/12/27 14:29:04		Interface	fYlprHoRFdPE-GIOs7Z7M6cBVJvWRAuB	35	18388113267		/api/login/loginmsg	phone=18388113267					/api/login/loginmsg?phone=18388113267	http://localhost:8080/profile	undefined	
2017/12/27 14:29:06		Event	fYlprHoRFdPE-GIOs7Z7M6cBVJvWRAuB	35	18388113267		pageView						/proxy/log?name=pageView&type=event&loading=false	http://localhost:8080/	undefined	
2017/12/27 14:29:14		Event	fYlprHoRFdPE-GIOs7Z7M6cBVJvWRAuB	35	18388113267		pageView						/proxy/log?name=pageView&type=event&loading=false	http://localhost:8080/	undefined	
2017/12/27 14:29:14		Interface	fYlprHoRFdPE-GIOs7Z7M6cBVJvWRAuB	35	18388113267		/api/login/loginmsg	phone=18388113267					/api/login/loginmsg?phone=18388113267	http://localhost:8080/profile	undefined	
2017/12/27 14:29:17		Event	fYlprHoRFdPE-GIOs7Z7M6cBVJvWRAuB	35	18388113267		pageView						/proxy/log?name=pageView&type=event&loading=false	http://localhost:8080/	undefined	
2017/12/27 14:29:20		Event	fYlprHoRFdPE-GIOs7Z7M6cBVJvWRAuB	35	18388113267		pageView						/proxy/log?name=pageView&type=event&loading=false	http://localhost:8080/	undefined	
2017/12/27 14:29:20		Interface	fYlprHoRFdPE-GIOs7Z7M6cBVJvWRAuB	35	18388113267		/api/login/loginmsg	phone=18388113267					/api/login/loginmsg?phone=18388113267	http://localhost:8080/profile	undefined	
2017/12/27 14:29:22		Event	fYlprHoRFdPE-GIOs7Z7M6cBVJvWRAuB	35	18388113267		pageView						/proxy/log?name=pageView&type=event&loading=false	http://localhost:8080/	undefined	
2017/12/27 14:29:46		Event	fYlprHoRFdPE-GIOs7Z7M6cBVJvWRAuB	35	18388113267		pageView						/proxy/log?name=pageView&type=event&loading=false	http://localhost:8080/	undefined	
2017/12/27 14:29:49		Event	fYlprHoRFdPE-GIOs7Z7M6cBVJvWRAuB	35	18388113267		pageView						/proxy/log?name=pageView&type=event&loading=false	http://localhost:8080/	undefined	
2017/12/27 14:29:49		Interface	fYlprHoRFdPE-GIOs7Z7M6cBVJvWRAuB	35	18388113267		/api/login/loginmsg	phone=18388113267					/api/login/loginmsg?phone=18388113267	http://localhost:8080/profile	undefined	
2017/12/27 14:29:52		Event	fYlprHoRFdPE-GIOs7Z7M6cBVJvWRAuB	35	18388113267		pageView						/proxy/log?name=pageView&type=event&loading=false	http://localhost:8080/	undefined	
2017/12/27 14:30:03	0100001001	Event	fYlprHoRFdPE-GIOs7Z7M6cBVJvWRAuB	35	18388113267		pageView						/proxy/log?name=pageView&type=event&loading=false	http://localhost:8080/activity/xiaozhuo/1?spinfocode=0100001001	undefined	
2017/12/27 14:31:55	0100001001	Event	fYlprHoRFdPE-GIOs7Z7M6cBVJvWRAuB	35	18388113267		pageView						/proxy/log?name=pageView&type=event&loading=false	http://localhost:8080/activity/xiaozhuo/1?spinfocode=0100001001	undefined	
2017/12/27 14:32:19	0100001001	Event	fYlprHoRFdPE-GIOs7Z7M6cBVJvWRAuB	35	18388113267		pageView						/proxy/log?name=pageView&type=event&loading=false	http://localhost:8080/activity/xiaozhuo/1?spinfocode=0100001001	undefined	
2017/12/27 14:32:34	0100001001	Event	fYlprHoRFdPE-GIOs7Z7M6cBVJvWRAuB	35	18388113267		pageView						/proxy/log?name=pageView&type=event&loading=false	http://localhost:8080/activity/xiaozhuo/1?spinfocode=0100001001	undefined	
2017/12/27 14:32:35	0100001001	Interface	fYlprHoRFdPE-GIOs7Z7M6cBVJvWRAuB	35	18388113267		/api/login/loginmsg	phone=18388113267					/api/login/loginmsg?phone=18388113267	http://localhost:8080/profile	undefined	
2017/12/27 14:32:37	0100001001	Event	fYlprHoRFdPE-GIOs7Z7M6cBVJvWRAuB	35	18388113267		pageView						/proxy/log?name=pageView&type=event&loading=false	http://localhost:8080/activity/xiaozhuo/1?spinfocode=0100001001	undefined	
2017/12/27 14:36:15	0100001001	Event	fYlprHoRFdPE-GIOs7Z7M6cBVJvWRAuB	35	18388113267		pageView						/proxy/log?name=pageView&type=event&loading=false	http://localhost:8080/activity/xiaozhuo/1?spinfocode=0100001001	undefined	
2017/12/27 14:36:53	0100001001	Event	fYlprHoRFdPE-GIOs7Z7M6cBVJvWRAuB	35	18388113267		pageView						/proxy/log?name=pageView&type=event&loading=false	http://localhost:8080/activity/xiaozhuo/1?spinfocode=0100001001	undefined	
2017/12/27 14:36:59	0100001001	Event	fYlprHoRFdPE-GIOs7Z7M6cBVJvWRAuB	35	18388113267		pageView						/proxy/log?name=pageView&type=event&loading=false	http://localhost:8080/activity/xiaozhuo/1?spinfocode=0100001001	undefined	
2017/12/27 14:37:00	0100001001	Interface	fYlprHoRFdPE-GIOs7Z7M6cBVJvWRAuB	35	18388113267		/api/login/loginmsg	phone=18388113267					/api/login/loginmsg?phone=18388113267	http://localhost:8080/profile	undefined	
2017/12/27 14:38:51	0100001001	Interface	fYlprHoRFdPE-GIOs7Z7M6cBVJvWRAuB	35	18388113267		/api/login/loginmsg	phone=18388113267					/api/login/loginmsg?phone=18388113267	http://localhost:8080/profile	undefined	
2017/12/27 14:42:01	0100001001	Event	fYlprHoRFdPE-GIOs7Z7M6cBVJvWRAuB	35	18388113267		pageView						/proxy/log?name=pageView&type=event&loading=false	http://localhost:8080/profile	undefined	
2017/12/27 14:42:01	0100001001	Interface	fYlprHoRFdPE-GIOs7Z7M6cBVJvWRAuB	35	18388113267		/api/login/loginmsg	phone=18388113267					/api/login/loginmsg?phone=18388113267	http://localhost:8080/profile	undefined	
2017/12/27 14:42:34	0100001001	Interface	fYlprHoRFdPE-GIOs7Z7M6cBVJvWRAuB	35	18388113267		/api/login/loginmsg	phone=18388113267					/api/login/loginmsg?phone=18388113267	http://localhost:8080/profile	undefined	
2017/12/27 14:43:08	0100001001	Event	fYlprHoRFdPE-GIOs7Z7M6cBVJvWRAuB	35	18388113267		pageView						/proxy/log?name=pageView&type=event&loading=false	http://localhost:8080/profile	undefined	
2017/12/27 14:43:08	0100001001	Interface	fYlprHoRFdPE-GIOs7Z7M6cBVJvWRAuB	35	18388113267		/api/login/loginmsg	phone=18388113267					/api/login/loginmsg?phone=18388113267	http://localhost:8080/profile	undefined	
2017/12/27 14:43:24	0100001001	Interface	fYlprHoRFdPE-GIOs7Z7M6cBVJvWRAuB	35	18388113267		/api/login/loginmsg	phone=18388113267					/api/login/loginmsg?phone=18388113267	http://localhost:8080/profile	undefined	
2017/12/27 14:43:48	0100001001	Interface	fYlprHoRFdPE-GIOs7Z7M6cBVJvWRAuB	35	18388113267		/api/login/loginmsg	phone=18388113267					/api/login/loginmsg?phone=18388113267	http://localhost:8080/profile	undefined	
2017/12/27 14:44:16	0100001001	Interface	fYlprHoRFdPE-GIOs7Z7M6cBVJvWRAuB	35	18388113267		/api/login/loginmsg	phone=18388113267					/api/login/loginmsg?phone=18388113267	http://localhost:8080/profile	undefined	
2017/12/27 14:44:54	0100001001	Interface	fYlprHoRFdPE-GIOs7Z7M6cBVJvWRAuB	35	18388113267		/api/login/loginmsg	phone=18388113267					/api/login/loginmsg?phone=18388113267	http://localhost:8080/profile	undefined	
2017/12/27 14:45:20	0100001001	Interface	fYlprHoRFdPE-GIOs7Z7M6cBVJvWRAuB	35	18388113267		/api/login/loginmsg	phone=18388113267					/api/login/loginmsg?phone=18388113267	http://localhost:8080/profile	undefined	
2017/12/27 14:45:40	0100001001	Event	fYlprHoRFdPE-GIOs7Z7M6cBVJvWRAuB	35	18388113267		pageView						/proxy/log?name=pageView&type=event&loading=false	http://localhost:8080/profile	undefined	
2017/12/27 14:45:41	0100001001	Interface	fYlprHoRFdPE-GIOs7Z7M6cBVJvWRAuB	35	18388113267		/api/login/loginmsg	phone=18388113267					/api/login/loginmsg?phone=18388113267	http://localhost:8080/profile	undefined	
2017/12/27 14:46:13	0100001001	Interface	fYlprHoRFdPE-GIOs7Z7M6cBVJvWRAuB	35	18388113267		/api/login/loginmsg	phone=18388113267					/api/login/loginmsg?phone=18388113267	http://localhost:8080/profile	undefined	
2017/12/27 14:46:51	0100001001	Interface	fYlprHoRFdPE-GIOs7Z7M6cBVJvWRAuB	35	18388113267		/api/login/loginmsg	phone=18388113267					/api/login/loginmsg?phone=18388113267	http://localhost:8080/profile	undefined	
2017/12/27 14:47:14	0100001001	Event	fYlprHoRFdPE-GIOs7Z7M6cBVJvWRAuB	35	18388113267		pageView						/proxy/log?name=pageView&type=event&loading=false	http://localhost:8080/profile	undefined	
2017/12/27 14:47:14	0100001001	Interface	fYlprHoRFdPE-GIOs7Z7M6cBVJvWRAuB	35	18388113267		/api/login/loginmsg	phone=18388113267					/api/login/loginmsg?phone=18388113267	http://localhost:8080/profile	undefined	
2017/12/27 14:47:16	0100001001	Event	fYlprHoRFdPE-GIOs7Z7M6cBVJvWRAuB	35	18388113267		pageView						/proxy/log?name=pageView&type=event&loading=false	http://localhost:8080/profile	undefined	
2017/12/27 14:47:16	0100001001	Interface	fYlprHoRFdPE-GIOs7Z7M6cBVJvWRAuB	35	18388113267		/api/login/loginmsg	phone=18388113267					/api/login/loginmsg?phone=18388113267	http://localhost:8080/profile	undefined	
2017/12/27 14:47:31	0100001001	Interface	fYlprHoRFdPE-GIOs7Z7M6cBVJvWRAuB	35	18388113267		/api/login/loginmsg	phone=18388113267					/api/login/loginmsg?phone=18388113267	http://localhost:8080/profile	undefined	
2017/12/27 14:48:05	0100001001	Interface	fYlprHoRFdPE-GIOs7Z7M6cBVJvWRAuB	35	18388113267		/api/login/loginmsg	phone=18388113267					/api/login/loginmsg?phone=18388113267	http://localhost:8080/profile	undefined	
2017/12/27 14:48:16	0100001001	Interface	fYlprHoRFdPE-GIOs7Z7M6cBVJvWRAuB	35	18388113267		/api/login/loginmsg	phone=18388113267					/api/login/loginmsg?phone=18388113267	http://localhost:8080/profile	undefined	
2017/12/27 14:48:23	0100001001	Event	fYlprHoRFdPE-GIOs7Z7M6cBVJvWRAuB	35	18388113267		pageView						/proxy/log?name=pageView&type=event&loading=false	http://localhost:8080/activity/xiaozhuo/1?spinfocode=0100001001	undefined	
2017/12/27 14:48:24	0100001001	Event	fYlprHoRFdPE-GIOs7Z7M6cBVJvWRAuB	35	18388113267		pageView						/proxy/log?name=pageView&type=event&loading=false	http://localhost:8080/activity/xiaozhuo/1?spinfocode=0100001001	undefined	
2017/12/27 14:48:24	0100001001	Interface	fYlprHoRFdPE-GIOs7Z7M6cBVJvWRAuB	35	18388113267		/api/login/loginmsg	phone=18388113267					/api/login/loginmsg?phone=18388113267	http://localhost:8080/profile	undefined	
2017/12/27 14:49:33	0100001001	Event	fYlprHoRFdPE-GIOs7Z7M6cBVJvWRAuB	35	18388113267		pageView						/proxy/log?name=pageView&type=event&loading=false	http://localhost:8080/activity/xiaozhuo/1?spinfocode=0100001001	undefined	
2017/12/27 14:54:22	0100001001	Event	fYlprHoRFdPE-GIOs7Z7M6cBVJvWRAuB	35	18388113267		pageView						/proxy/log?name=pageView&type=event&loading=false	http://localhost:8080/activity/xiaozhuo/1?spinfocode=0100001001	undefined	
2017/12/27 14:54:37	0100001001	Event	QiSVr4LbGsoNhBudRYJCix4iGPmAuz9m				pageView						/proxy/log?name=pageView&type=event&loading=false	http://localhost:8080/activity/xiaozhuo/1?spinfocode=0100001001	undefined	
2017/12/27 14:54:39	0100001001	Event	QiSVr4LbGsoNhBudRYJCix4iGPmAuz9m				pageView						/proxy/log?name=pageView&type=event&loading=false	http://localhost:8080/activity/xiaozhuo/1?spinfocode=0100001001	undefined	
2017/12/27 14:55:02	0100001001	Interface	QiSVr4LbGsoNhBudRYJCix4iGPmAuz9m				/api/login/loginmsg	phone=15093081247&fromType=2&spinfoCode=0100001001					/api/login/loginmsg?phone=15093081247&fromType=2&spinfoCode=0100001001	http://localhost:8080/login	undefined	
2017/12/27 16:39:28		Event	1EjQbWIkcfxdv3MHq8iKYcVL9JGtTEQ_				pageView						/proxy/log?name=pageView&type=event&loading=false	http://localhost:8080/activity/xiaozhuo/1?spinfocode=0100001001	undefined	
2017/12/27 16:39:30	0100001001	Event	Wks4UT56LpUo5yjMMALPqst6PjHD8Hgd				pageView						/proxy/log?name=pageView&type=event&loading=false	http://localhost:8080/activity/xiaozhuo/1?spinfocode=0100001001	undefined	
2017/12/27 16:42:28	0100001001	Event	Wks4UT56LpUo5yjMMALPqst6PjHD8Hgd				pageView						/proxy/log?name=pageView&type=event&loading=false	http://localhost:8080/activity/xiaozhuo/1?spinfocode=0100001001	undefined	
2017/12/27 16:42:44	0100001001	Event	Wks4UT56LpUo5yjMMALPqst6PjHD8Hgd				pageView						/proxy/log?name=pageView&type=event&loading=false	http://localhost:8080/activity/xiaozhuo/1?spinfocode=0100001001	undefined	
2017/12/27 16:46:09	0100001001	Event	Wks4UT56LpUo5yjMMALPqst6PjHD8Hgd				pageView						/proxy/log?name=pageView&type=event&loading=false	http://localhost:8080/activity/xiaozhuo/1?spinfocode=0100001001	undefined	
2017/12/27 17:31:39	0100001001	Event	LhVahzOn6qWl55s2uTz7OZGNXiCLxY2K				pageView						/proxy/log?name=pageView&type=event&loading=false	http://localhost:8080/activity/xiaozhuo/1?spinfocode=0100001001	undefined	
2017/12/27 17:31:59	0100001001	Event	LhVahzOn6qWl55s2uTz7OZGNXiCLxY2K				pageView						/proxy/log?name=pageView&type=event&loading=false	http://localhost:8080/activity/xiaozhuo/1?spinfocode=0100001001	undefined	
2017/12/27 17:32:01	0100001001	Event	LhVahzOn6qWl55s2uTz7OZGNXiCLxY2K				pageView						/proxy/log?name=pageView&type=event&loading=false	http://localhost:8080/activity/xiaozhuo/1?spinfocode=0100001001	undefined	
2017/12/27 17:32:32	0100001001	Interface	LhVahzOn6qWl55s2uTz7OZGNXiCLxY2K				/api/login/loginmsg	phone=15093081247&fromType=2&spinfoCode=0100001001					/api/login/loginmsg?phone=15093081247&fromType=2&spinfoCode=0100001001	http://localhost:8080/login	undefined	
2017/12/27 17:32:38	0100001001	Event	LhVahzOn6qWl55s2uTz7OZGNXiCLxY2K	53	15093081247		pageView						/proxy/log?name=pageView&type=event&loading=false	http://localhost:8080/login	undefined	
2017/12/27 17:32:38	0100001001	Interface	LhVahzOn6qWl55s2uTz7OZGNXiCLxY2K	53	15093081247		/api/login/loginmsg	phone=15093081247					/api/login/loginmsg?phone=15093081247	http://localhost:8080/profile	undefined	
2017/12/27 17:33:05	0100001001	Event	LhVahzOn6qWl55s2uTz7OZGNXiCLxY2K	53	15093081247		pageView						/proxy/log?name=pageView&type=event&loading=false	http://localhost:8080/profile	undefined	
2017/12/27 17:33:05	0100001001	Interface	LhVahzOn6qWl55s2uTz7OZGNXiCLxY2K	53	15093081247		/api/login/loginmsg	phone=15093081247					/api/login/loginmsg?phone=15093081247	http://localhost:8080/profile	undefined	
2017/12/27 17:34:01	0100001001	Event	LhVahzOn6qWl55s2uTz7OZGNXiCLxY2K	53	15093081247		pageView						/proxy/log?name=pageView&type=event&loading=false	http://localhost:8080/profile	undefined	
2017/12/27 17:34:01	0100001001	Interface	LhVahzOn6qWl55s2uTz7OZGNXiCLxY2K	53	15093081247		/api/login/loginmsg	phone=15093081247					/api/login/loginmsg?phone=15093081247	http://localhost:8080/profile	undefined	
2017/12/27 17:34:05	0100001001	Event	LhVahzOn6qWl55s2uTz7OZGNXiCLxY2K	53	15093081247		pageView						/proxy/log?name=pageView&type=event&loading=false	http://localhost:8080/profile	undefined	
2017/12/27 17:34:05	0100001001	Interface	LhVahzOn6qWl55s2uTz7OZGNXiCLxY2K	53	15093081247		/api/login/loginmsg	phone=15093081247					/api/login/loginmsg?phone=15093081247	http://localhost:8080/profile	undefined	
2017/12/27 17:34:08	0100001001	Event	LhVahzOn6qWl55s2uTz7OZGNXiCLxY2K	53	15093081247		pageView						/proxy/log?name=pageView&type=event&loading=false	http://localhost:8080/login	undefined	
2017/12/27 17:34:08	0100001001	Event	LhVahzOn6qWl55s2uTz7OZGNXiCLxY2K	53	15093081247		pageView						/proxy/log?name=pageView&type=event&loading=false	http://localhost:8080/login	undefined	
2017/12/27 17:34:08	0100001001	Interface	LhVahzOn6qWl55s2uTz7OZGNXiCLxY2K	53	15093081247		/api/login/loginmsg	phone=15093081247					/api/login/loginmsg?phone=15093081247	http://localhost:8080/profile	undefined	
2017/12/27 17:34:09	0100001001	Event	LhVahzOn6qWl55s2uTz7OZGNXiCLxY2K	53	15093081247		pageView						/proxy/log?name=pageView&type=event&loading=false	http://localhost:8080/activity/xiaozhuo/1?spinfocode=0100001001	undefined	
2017/12/27 17:34:14	0100001001	Event	LhVahzOn6qWl55s2uTz7OZGNXiCLxY2K	53	15093081247		pageView						/proxy/log?name=pageView&type=event&loading=false	http://localhost:8080/activity/xiaozhuo/1?spinfocode=0100001001	undefined	
2017/12/27 17:34:40	0100001001	Event	LhVahzOn6qWl55s2uTz7OZGNXiCLxY2K	53	15093081247		pageView						/proxy/log?name=pageView&type=event&loading=false	http://localhost:8080/activity/xiaozhuo/1?spinfocode=0100001001	undefined	
2017/12/27 19:11:47		Event	BNa7B8B2cZNYs3v-lJxjc_04N2pki76F				pageView						/proxy/log?name=pageView&type=event&loading=false	http://localhost:8080/activity/xiaozhuo/1?spinfocode=0100001001	undefined	
2017/12/27 19:12:03		Event	4JT56la41VEGgYqGoRiJQWixnBO1Qa9B				pageView						/proxy/log?name=pageView&type=event&loading=false	http://localhost:8080/	undefined	
2017/12/27 19:12:03		Event	CJz0Eh2yF1HuXdJDCN5Z15QKnunxU3KN				pageView						/proxy/log?name=pageView&type=event&loading=false	http://localhost:8080/profile	undefined	
2017/12/27 19:13:17		Event	9U_OFSlFHepI62Vid-Xy3mrscdvzTIdr				pageView						/proxy/log?name=pageView&type=event&loading=false	http://localhost:8080/profile	undefined	
2017/12/27 19:21:24		Interface	36pEm56dnJnzIXbv_4HT3mPnoI9DjvJl				/api/login/loginmsg	phone=13588803111&fromType=2					/api/login/loginmsg?phone=13588803111&fromType=2	http://localhost:8080/login	undefined	
2017/12/27 19:21:24		Event	36pEm56dnJnzIXbv_4HT3mPnoI9DjvJl	13	13588803111		pageView						/proxy/log?name=pageView&type=event&loading=false	http://localhost:8080/login	undefined	
2017/12/27 19:21:31		Event	36pEm56dnJnzIXbv_4HT3mPnoI9DjvJl	13	13588803111		pageView						/proxy/log?name=pageView&type=event&loading=false	http://localhost:8080/pay	undefined	
2017/12/27 19:26:00		Interface	36pEm56dnJnzIXbv_4HT3mPnoI9DjvJl	13	13588803111		/api/order/pay	amount=2.70&busineType=1&month=6&uid=13&payType=1					/api/order/pay?amount=2.70&busineType=1&month=6&uid=13&payType=1	http://localhost:8080/pay	undefined	
