2017/09/25 10:16:25		Visit	bhpR6vL5fmYPYLyBJv3gYfDm-AfTnR5v	69	13588809885								/activity/one?a=UWCBTFCBGKO		::1	Mozilla/5.0 (iPhone; CPU iPhone OS 9_1 like Mac OS X) AppleWebKit/601.1.46 (KHTML, like Gecko) Version/9.0 Mobile/13B143 Safari/601.1
2017/09/25 10:29:43		Event	bhpR6vL5fmYPYLyBJv3gYfDm-AfTnR5v	69	13588809885		getFreeVip						/proxy/log?name=getFreeVip&type=event	http://localhost:8080/activity/one?a=UWCBTFCBGKO	::1	
2017/09/25 10:32:09		Event	bhpR6vL5fmYPYLyBJv3gYfDm-AfTnR5v	69	13588809885		getFreeVip						/proxy/log?name=getFreeVip&type=event	http://localhost:8080/activity/one?a=UWCBTFCBGKO	::1	
2017/09/25 10:44:47		Visit	6DEXlTBKAFXcLIAfP_BRvLWcj-1M_Kjr	69	13588809885								/activity/one?a=UWCBTFCBGKO		::1	Mozilla/5.0 (iPhone; CPU iPhone OS 9_1 like Mac OS X) AppleWebKit/601.1.46 (KHTML, like Gecko) Version/9.0 Mobile/13B143 Safari/601.1
2017/09/25 10:45:08		Visit	bqdW5if64e_7x_Q5syeIBzPeQL-IZNU3	69	13588809885								/activity/one?a=UWCBTFCBGKO		::1	Mozilla/5.0 (iPhone; CPU iPhone OS 9_1 like Mac OS X) AppleWebKit/601.1.46 (KHTML, like Gecko) Version/9.0 Mobile/13B143 Safari/601.1
2017/09/25 10:47:21		Visit	4x2RRa2Ss3y31k5K871OTGhg3heGXeik	69	13588809885								/activity/one?a=UWCBTFCBGKO		::1	Mozilla/5.0 (iPhone; CPU iPhone OS 9_1 like Mac OS X) AppleWebKit/601.1.46 (KHTML, like Gecko) Version/9.0 Mobile/13B143 Safari/601.1
2017/09/25 10:49:17		Event	4x2RRa2Ss3y31k5K871OTGhg3heGXeik	69	13588809885		getFreeVip						/proxy/log?name=getFreeVip&type=event	http://localhost:8080/activity/one?a=UWCBTFCBGKO	::1	
2017/09/25 10:49:17		Interface	4x2RRa2Ss3y31k5K871OTGhg3heGXeik	69	13588809885		/api/order/pay	busineType=2&uid=69					/api/order/pay?busineType=2&uid=69	http://localhost:8080/activity/one?a=UWCBTFCBGKO	::1	
2017/09/25 10:49:44		Interface	4x2RRa2Ss3y31k5K871OTGhg3heGXeik	69	13588809885		/api/login/loginmsg	phone=13588809885					/api/login/loginmsg?phone=13588809885	http://localhost:8080/profile	::1	
2017/09/25 10:49:56		Interface	4x2RRa2Ss3y31k5K871OTGhg3heGXeik	69	13588809885		/api/login/loginmsg	phone=13588809885					/api/login/loginmsg?phone=13588809885	http://localhost:8080/profile	::1	
2017/09/25 10:50:19		Interface	4x2RRa2Ss3y31k5K871OTGhg3heGXeik	69	13588809885		/api/login/loginmsg	phone=13588809885					/api/login/loginmsg?phone=13588809885	http://localhost:8080/profile	::1	
2017/09/25 10:51:23		Interface	4x2RRa2Ss3y31k5K871OTGhg3heGXeik	69	13588809885		/api/login/loginmsg	phone=13588809885					/api/login/loginmsg?phone=13588809885	http://localhost:8080/profile	::1	
2017/09/25 11:23:54		Visit	P2JrQR_KLw8ETddncCM5aCfiO_ED74M8	69	13588809885								/?		::1	Mozilla/5.0 (iPhone; CPU iPhone OS 9_1 like Mac OS X) AppleWebKit/601.1.46 (KHTML, like Gecko) Version/9.0 Mobile/13B143 Safari/601.1
2017/09/25 11:26:04		Event	P2JrQR_KLw8ETddncCM5aCfiO_ED74M8	69	13588809885		getFreeVip						/proxy/log?name=getFreeVip&type=event	http://localhost:8080/activity/one?a=UWCBTFCBGKO	::1	
2017/09/25 11:26:04		Interface	P2JrQR_KLw8ETddncCM5aCfiO_ED74M8	69	13588809885		/api/order/pay	busineType=2&uid=69					/api/order/pay?busineType=2&uid=69	http://localhost:8080/activity/one?a=UWCBTFCBGKO	::1	
2017/09/25 13:22:53		Event	29MnVYXBLYnEpSTuB9wm6lGAha3C9nFt				getFreeVip						/proxy/log?name=getFreeVip&type=event	http://localhost:8080/activity/one?a=UWCBTFCBGKO	::1	
2017/09/25 13:22:53		Interface	Chx7rNJkwcIdFKWt8Tew2hOShy9V6qk8				/api/order/pay	busineType=2&uid=69					/api/order/pay?busineType=2&uid=69	http://localhost:8080/activity/one?a=UWCBTFCBGKO	::1	
2017/09/25 13:27:42		Event	cFkA1n2bNFlOs6ukMB3VX66Wg2Ia6jUX	69	13588809885		getFreeVip						/proxy/log?name=getFreeVip&type=event	http://localhost:8080/activity/one?a=UWCBTFCBGKO	::1	
2017/09/25 13:27:43		Interface	cFkA1n2bNFlOs6ukMB3VX66Wg2Ia6jUX	69	13588809885		/api/order/pay	busineType=2&uid=69					/api/order/pay?busineType=2&uid=69	http://localhost:8080/activity/one?a=UWCBTFCBGKO	::1	
2017/09/25 13:32:39		Event	cFkA1n2bNFlOs6ukMB3VX66Wg2Ia6jUX	20	18324490333		getFreeVip						/proxy/log?name=getFreeVip&type=event	http://localhost:8080/activity/one?a=TPOFMPAZHNJ	::1	
2017/09/25 13:32:39		Interface	cFkA1n2bNFlOs6ukMB3VX66Wg2Ia6jUX	20	18324490333		/api/order/pay	busineType=2&uid=20					/api/order/pay?busineType=2&uid=20	http://localhost:8080/activity/one?a=TPOFMPAZHNJ	::1	
2017/09/25 13:35:15		Event	cFkA1n2bNFlOs6ukMB3VX66Wg2Ia6jUX	20	18324490333		nextStep						/proxy/log?name=nextStep&type=event	http://localhost:8080/make	::1	
2017/09/25 13:36:00		Event	cFkA1n2bNFlOs6ukMB3VX66Wg2Ia6jUX	20	18324490333		nextStep						/proxy/log?name=nextStep&type=event	http://localhost:8080/make	::1	
2017/09/25 13:36:00		Interface	cFkA1n2bNFlOs6ukMB3VX66Wg2Ia6jUX	20	18324490333		/api/user/changecard	uid=20&companyName=%E6%9D%AD%E5%B7%9E%E7%A5%96%E7%8E%9B&name=%E6%9B%B9%E6%99%B6%E6%99%B6&address=%E6%B5%99%E6%B1%9F%E6%9D%AD%E5%B7%9E%E8%A5%BF%E6%B9%96%E5%8C%BA%E7%B4%AB%E9%9C%9E%E8%A1%97					/api/user/changecard?uid=20&companyName=%E6%9D%AD%E5%B7%9E%E7%A5%96%E7%8E%9B&name=%E6%9B%B9%E6%99%B6%E6%99%B6&address=%E6%B5%99%E6%B1%9F%E6%9D%AD%E5%B7%9E%E8%A5%BF%E6%B9%96%E5%8C%BA%E7%B4%AB%E9%9C%9E%E8%A1%97	http://localhost:8080/make	::1	
2017/09/25 14:14:01		Event	cFkA1n2bNFlOs6ukMB3VX66Wg2Ia6jUX	70	18324440333		getFreeVip						/proxy/log?name=getFreeVip&type=event	http://localhost:8080/activity/one?a=BOLJDYEVPOW	::1	
2017/09/25 14:14:01		Interface	cFkA1n2bNFlOs6ukMB3VX66Wg2Ia6jUX	70	18324440333		/api/order/pay	busineType=2&uid=70					/api/order/pay?busineType=2&uid=70	http://localhost:8080/activity/one?a=BOLJDYEVPOW	::1	
2017/09/25 14:16:11		Event	cFkA1n2bNFlOs6ukMB3VX66Wg2Ia6jUX	70	18324440333		getFreeVip						/proxy/log?name=getFreeVip&type=event	http://localhost:8080/activity/one?a=BOLJDYEVPOW	::1	
2017/09/25 14:16:11		Interface	cFkA1n2bNFlOs6ukMB3VX66Wg2Ia6jUX	70	18324440333		/api/order/pay	busineType=2&uid=70					/api/order/pay?busineType=2&uid=70	http://localhost:8080/activity/one?a=BOLJDYEVPOW	::1	
2017/09/25 14:26:08		Event	cFkA1n2bNFlOs6ukMB3VX66Wg2Ia6jUX	70	18324440333		getFreeVip						/proxy/log?name=getFreeVip&type=event	http://localhost:8080/activity/one?a=BOLJDYEVPOW	::1	
2017/09/25 14:26:09		Interface	cFkA1n2bNFlOs6ukMB3VX66Wg2Ia6jUX	70	18324440333		/api/order/pay	busineType=2&uid=70					/api/order/pay?busineType=2&uid=70	http://localhost:8080/activity/one?a=BOLJDYEVPOW	::1	
2017/09/25 14:36:52		Event	cFkA1n2bNFlOs6ukMB3VX66Wg2Ia6jUX	70	18324440333		getFreeVip						/proxy/log?name=getFreeVip&type=event	http://localhost:8080/activity/one?a=BOLJDYEVPOW	::1	
2017/09/25 14:36:53		Interface	cFkA1n2bNFlOs6ukMB3VX66Wg2Ia6jUX	70	18324440333		/api/order/pay	busineType=2&uid=70					/api/order/pay?busineType=2&uid=70	http://localhost:8080/activity/one?a=BOLJDYEVPOW	::1	
2017/09/25 14:39:34		Event	cFkA1n2bNFlOs6ukMB3VX66Wg2Ia6jUX	70	18324440333		goProfile						/proxy/log?name=goProfile&type=event	http://localhost:8080/compelete?process=true	::1	
2017/09/25 14:39:34		Interface	cFkA1n2bNFlOs6ukMB3VX66Wg2Ia6jUX	70	18324440333		/api/login/loginmsg	phone=18324440333					/api/login/loginmsg?phone=18324440333	http://localhost:8080/profile	::1	
2017/09/25 14:39:43		Event	cFkA1n2bNFlOs6ukMB3VX66Wg2Ia6jUX	70	18324440333		startVip						/proxy/log?name=startVip&type=event	http://localhost:8080/profile	::1	
2017/09/25 14:39:49		Interface	cFkA1n2bNFlOs6ukMB3VX66Wg2Ia6jUX	70	18324440333		/api/login/loginmsg	phone=18324440333					/api/login/loginmsg?phone=18324440333	http://localhost:8080/profile	::1	
2017/09/25 14:39:52		Event	cFkA1n2bNFlOs6ukMB3VX66Wg2Ia6jUX	70	18324440333		startVip						/proxy/log?name=startVip&type=event	http://localhost:8080/profile	::1	
2017/09/25 14:40:00		Interface	cFkA1n2bNFlOs6ukMB3VX66Wg2Ia6jUX	70	18324440333		/api/login/loginmsg	phone=18324440333					/api/login/loginmsg?phone=18324440333	http://localhost:8080/profile	::1	
2017/09/25 14:42:19		Event	cFkA1n2bNFlOs6ukMB3VX66Wg2Ia6jUX	20	18324490333		getFreeVip						/proxy/log?name=getFreeVip&type=event	http://localhost:8080/activity/one?a=TPOFMPAZHNJ	::1	
2017/09/25 14:42:19		Interface	cFkA1n2bNFlOs6ukMB3VX66Wg2Ia6jUX	20	18324490333		/api/order/pay	busineType=2&uid=20					/api/order/pay?busineType=2&uid=20	http://localhost:8080/activity/one?a=TPOFMPAZHNJ	::1	
2017/09/25 14:54:42		Event	01GMrkL9FTuTMwlUj81QpF-puh1GAi86				toLogin						/proxy/log?name=toLogin&type=event	http://192.168.104.204:8080/	::ffff:192.168.103.230	
2017/09/25 14:55:36		Event	FIJc9_wxKCzmB8JnC_onZVhtlLyFg2Gr				toLogin						/proxy/log?name=toLogin&type=event	http://192.168.104.204:8080/	::ffff:192.168.103.230	
2017/09/25 14:56:11		Interface	lcIgm9een8H7SJe1qv-hT7ebOiAlVYd0				/api/login/loginmsg	phone=18324490333&fromType=2					/api/login/loginmsg?phone=18324490333&fromType=2	http://192.168.104.204:8080/login	::ffff:192.168.103.230	
2017/09/25 14:56:30		Event	lcIgm9een8H7SJe1qv-hT7ebOiAlVYd0	20	18324490333		nextStep						/proxy/log?name=nextStep&type=event	http://192.168.104.204:8080/make?process=true	::ffff:192.168.103.230	
2017/09/25 15:13:15		Event	cFkA1n2bNFlOs6ukMB3VX66Wg2Ia6jUX	20	18324490333		getFreeVip						/proxy/log?name=getFreeVip&type=event	http://localhost:8080/activity/one?a=TPOFMPAZHNJ	::1	
2017/09/25 15:13:15		Interface	cFkA1n2bNFlOs6ukMB3VX66Wg2Ia6jUX	20	18324490333		/api/order/pay	busineType=2&uid=20					/api/order/pay?busineType=2&uid=20	http://localhost:8080/activity/one?a=TPOFMPAZHNJ	::1	
2017/09/25 15:13:21		Interface	cFkA1n2bNFlOs6ukMB3VX66Wg2Ia6jUX	20	18324490333		/api/login/loginmsg	phone=18324490333					/api/login/loginmsg?phone=18324490333	http://localhost:8080/profile	::1	
2017/09/25 15:17:38		Interface	cFkA1n2bNFlOs6ukMB3VX66Wg2Ia6jUX	20	18324490333		/api/login/loginmsg	phone=18324490333					/api/login/loginmsg?phone=18324490333	http://localhost:8080/profile	::1	
2017/09/25 15:18:25		Event	lcIgm9een8H7SJe1qv-hT7ebOiAlVYd0	20	18324490333		nextStep						/proxy/log?name=nextStep&type=event	http://192.168.104.204:8080/make	::ffff:192.168.103.230	
2017/09/25 15:19:02		Event	cFkA1n2bNFlOs6ukMB3VX66Wg2Ia6jUX	20	18324490333		repay						/proxy/log?name=repay&type=event	http://localhost:8080/profile	::1	
2017/09/25 15:20:51		Visit	cFkA1n2bNFlOs6ukMB3VX66Wg2Ia6jUX	20	18324490333								/activity/one?a=BSPVBKEJDKW		::1	Mozilla/5.0 (Windows NT 10.0; Win64; x64) AppleWebKit/537.36 (KHTML, like Gecko) Chrome/60.0.3112.113 Safari/537.36
