2017/12/18 10:08:11		Event	E38IC_6ofstIkdxs7RkohLnyFNAaqwGr				pageView						/proxy/log?name=pageView&type=event&loading=false	http://localhost:8080/	::1	
2017/12/18 10:08:12		Event	41V209ZvNYuEkqO3quKKlMz6OcyAjEem				pageView						/proxy/log?name=pageView&type=event&loading=false	http://localhost:8080/	::1	
2017/12/18 10:08:38		Event	E38IC_6ofstIkdxs7RkohLnyFNAaqwGr				pageView						/proxy/log?name=pageView&type=event&loading=false	http://localhost:8080/	::1	
2017/12/18 10:20:31		Event	E38IC_6ofstIkdxs7RkohLnyFNAaqwGr				pageView						/proxy/log?name=pageView&type=event&loading=false	http://localhost:8080/	::1	
2017/12/18 10:39:13		Event	E38IC_6ofstIkdxs7RkohLnyFNAaqwGr				pageView						/proxy/log?name=pageView&type=event&loading=false	http://localhost:8080/	::1	
2017/12/18 11:04:32		Visit	E38IC_6ofstIkdxs7RkohLnyFNAaqwGr										/images/w3school.gif?	http://localhost:3008/	::1	Mozilla/5.0 (Windows NT 10.0; Win64; x64) AppleWebKit/537.36 (KHTML, like Gecko) Chrome/62.0.3202.94 Safari/537.36
2017/12/18 13:39:43		Visit	wJ9-qg5JMPBUW9BFRwfkeZUy2idoPQd6										/?		::1	Mozilla/5.0 (iPhone; CPU iPhone OS 9_1 like Mac OS X) AppleWebKit/601.1.46 (KHTML, like Gecko) Version/9.0 Mobile/13B143 Safari/601.1
2017/12/18 13:39:44		Event	wJ9-qg5JMPBUW9BFRwfkeZUy2idoPQd6				pageView						/proxy/log?name=pageView&type=event&loading=false	http://localhost:3008/	::1	
2017/12/18 13:39:53		Event	wJ9-qg5JMPBUW9BFRwfkeZUy2idoPQd6				pageView						/proxy/log?name=pageView&type=event&loading=false	http://localhost:3008/	::1	
2017/12/18 13:40:00		Event	wJ9-qg5JMPBUW9BFRwfkeZUy2idoPQd6				pageView						/proxy/log?name=pageView&type=event&loading=false	http://localhost:3008/	::1	
2017/12/18 13:43:28		Event	wJ9-qg5JMPBUW9BFRwfkeZUy2idoPQd6				pageView						/proxy/log?name=pageView&type=event&loading=false	http://localhost:3008/	::1	
2017/12/18 13:45:26		Event	wJ9-qg5JMPBUW9BFRwfkeZUy2idoPQd6				pageView						/proxy/log?name=pageView&type=event&loading=false	http://localhost:3008/	::1	
2017/12/18 14:04:46		Event	wJ9-qg5JMPBUW9BFRwfkeZUy2idoPQd6				pageView						/proxy/log?name=pageView&type=event&loading=false	http://localhost:3008/	::1	
2017/12/18 14:04:50		Event	wJ9-qg5JMPBUW9BFRwfkeZUy2idoPQd6				pageView						/proxy/log?name=pageView&type=event&loading=false	http://localhost:3008/	::1	
2017/12/18 14:04:50		Event	wJ9-qg5JMPBUW9BFRwfkeZUy2idoPQd6				pageView						/proxy/log?name=pageView&type=event&loading=false	http://localhost:3008/	::1	
2017/12/18 14:04:53		Event	wJ9-qg5JMPBUW9BFRwfkeZUy2idoPQd6				pageView						/proxy/log?name=pageView&type=event&loading=false	http://localhost:3008/	::1	
2017/12/18 16:57:17		Visit	_BWIlwnf_7j66hLwFnPevbe4KaA5z-GJ										/?		::1	Mozilla/5.0 (iPhone; CPU iPhone OS 9_1 like Mac OS X) AppleWebKit/601.1.46 (KHTML, like Gecko) Version/9.0 Mobile/13B143 Safari/601.1
2017/12/18 16:57:18		Event	_BWIlwnf_7j66hLwFnPevbe4KaA5z-GJ				pageView						/proxy/log?name=pageView&type=event&loading=false	http://localhost:3008/	::1	
2017/12/18 16:57:29		Event	_BWIlwnf_7j66hLwFnPevbe4KaA5z-GJ				pageView						/proxy/log?name=pageView&type=event&loading=false	http://localhost:3008/	::1	
2017/12/18 16:58:33		Event	_BWIlwnf_7j66hLwFnPevbe4KaA5z-GJ				pageView						/proxy/log?name=pageView&type=event&loading=false	http://localhost:3008/	::1	
2017/12/18 16:59:26		Event	_BWIlwnf_7j66hLwFnPevbe4KaA5z-GJ				pageView						/proxy/log?name=pageView&type=event&loading=false	http://localhost:3008/	::1	
2017/12/18 17:05:50		Event	nTceH0K3BAlKu9hYbgFy_zhpB1Bfqidc				pageView						/proxy/log?name=pageView&type=event&loading=false	http://localhost:8080/	::1	
2017/12/18 17:05:57		Event	_BWIlwnf_7j66hLwFnPevbe4KaA5z-GJ				pageView						/proxy/log?name=pageView&type=event&loading=false	http://localhost:8080/	::1	
2017/12/18 17:06:41		Event	_BWIlwnf_7j66hLwFnPevbe4KaA5z-GJ				pageView						/proxy/log?name=pageView&type=event&loading=false	http://localhost:8080/	::1	
2017/12/18 17:17:44		Event	_BWIlwnf_7j66hLwFnPevbe4KaA5z-GJ				pageView						/proxy/log?name=pageView&type=event&loading=false	http://localhost:8080/	::1	
2017/12/18 17:18:05		Event	_BWIlwnf_7j66hLwFnPevbe4KaA5z-GJ				pageView						/proxy/log?name=pageView&type=event&loading=false	http://localhost:8080/	::1	
2017/12/18 17:18:45		Event	_BWIlwnf_7j66hLwFnPevbe4KaA5z-GJ				pageView						/proxy/log?name=pageView&type=event&loading=false	http://localhost:8080/	::1	
2017/12/18 17:19:42		Event	_BWIlwnf_7j66hLwFnPevbe4KaA5z-GJ				pageView						/proxy/log?name=pageView&type=event&loading=false	http://localhost:8080/	::1	
2017/12/18 17:20:45		Event	_BWIlwnf_7j66hLwFnPevbe4KaA5z-GJ				pageView						/proxy/log?name=pageView&type=event&loading=false	http://localhost:8080/	::1	
2017/12/18 17:25:53		Event	_BWIlwnf_7j66hLwFnPevbe4KaA5z-GJ				pageView						/proxy/log?name=pageView&type=event&loading=false	http://localhost:8080/	::1	
2017/12/18 17:26:30		Event	_BWIlwnf_7j66hLwFnPevbe4KaA5z-GJ				pageView						/proxy/log?name=pageView&type=event&loading=false	http://localhost:8080/	::1	
2017/12/18 17:27:38		Event	_BWIlwnf_7j66hLwFnPevbe4KaA5z-GJ				pageView						/proxy/log?name=pageView&type=event&loading=false	http://localhost:8080/	::1	
2017/12/18 17:27:59		Event	_BWIlwnf_7j66hLwFnPevbe4KaA5z-GJ				pageView						/proxy/log?name=pageView&type=event&loading=false	http://localhost:8080/	::1	
2017/12/18 17:30:26		Event	_BWIlwnf_7j66hLwFnPevbe4KaA5z-GJ				pageView						/proxy/log?name=pageView&type=event&loading=false	http://localhost:8080/	::1	
2017/12/18 17:31:13		Event	_BWIlwnf_7j66hLwFnPevbe4KaA5z-GJ				pageView						/proxy/log?name=pageView&type=event&loading=false	http://localhost:8080/	::1	
2017/12/18 17:31:32		Event	_BWIlwnf_7j66hLwFnPevbe4KaA5z-GJ				pageView						/proxy/log?name=pageView&type=event&loading=false	http://localhost:8080/	::1	
