2017/12/20 16:39:07		Event	JY7wjUHfUulTirRegfEJiyLfjjtOaW1x				pageView						/proxy/log?name=pageView&type=event&loading=false	http://localhost:8080/	::1	
2017/12/20 16:45:19		Event	GK9G8mMaipK0uGc1Hgte79ZdKoQ9f634				pageView						/proxy/log?name=pageView&type=event&loading=false	http://localhost:8080/	::1	
2017/12/20 16:45:21		Event	GK9G8mMaipK0uGc1Hgte79ZdKoQ9f634				pageView						/proxy/log?name=pageView&type=event&loading=false	http://localhost:8080/	::1	
2017/12/20 16:45:22		Event	GK9G8mMaipK0uGc1Hgte79ZdKoQ9f634				pageView						/proxy/log?name=pageView&type=event&loading=false	http://localhost:8080/profile	::1	
2017/12/20 16:45:54		Interface	GK9G8mMaipK0uGc1Hgte79ZdKoQ9f634				/api/login/loginmsg	phone=18324490333&fromType=2					/api/login/loginmsg?phone=18324490333&fromType=2	http://localhost:8080/login	::1	
2017/12/20 16:45:54		Event	GK9G8mMaipK0uGc1Hgte79ZdKoQ9f634	20	18324490333		pageView						/proxy/log?name=pageView&type=event&loading=false	http://localhost:8080/login	::1	
2017/12/20 16:45:54		Interface	GK9G8mMaipK0uGc1Hgte79ZdKoQ9f634	20	18324490333		/api/login/loginmsg	phone=18324490333					/api/login/loginmsg?phone=18324490333	http://localhost:8080/profile	::1	
2017/12/20 16:49:15		Event	GK9G8mMaipK0uGc1Hgte79ZdKoQ9f634	20	18324490333		pageView						/proxy/log?name=pageView&type=event&loading=false	http://localhost:8080/	::1	
2017/12/20 16:49:28		Event	GK9G8mMaipK0uGc1Hgte79ZdKoQ9f634	20	18324490333		pageView						/proxy/log?name=pageView&type=event&loading=false	http://localhost:8080/	::1	
2017/12/20 16:49:28		Interface	GK9G8mMaipK0uGc1Hgte79ZdKoQ9f634	20	18324490333		/api/login/loginmsg	phone=18324490333					/api/login/loginmsg?phone=18324490333	http://localhost:8080/profile	::1	
2017/12/20 16:49:36		Event	GK9G8mMaipK0uGc1Hgte79ZdKoQ9f634	20	18324490333		pageView						/proxy/log?name=pageView&type=event&loading=false	http://localhost:8080/	::1	
2017/12/20 16:49:39		Event	GK9G8mMaipK0uGc1Hgte79ZdKoQ9f634	20	18324490333		pageView						/proxy/log?name=pageView&type=event&loading=false	http://localhost:8080/	::1	
2017/12/20 17:03:15		Event	GK9G8mMaipK0uGc1Hgte79ZdKoQ9f634	20	18324490333		pageView						/proxy/log?name=pageView&type=event&loading=false	http://localhost:8080/	::1	
2017/12/20 17:19:14		Event	GK9G8mMaipK0uGc1Hgte79ZdKoQ9f634	20	18324490333		pageView						/proxy/log?name=pageView&type=event&loading=false	http://localhost:8080/	::1	
2017/12/20 17:19:31		Event	GK9G8mMaipK0uGc1Hgte79ZdKoQ9f634	20	18324490333		pageView						/proxy/log?name=pageView&type=event&loading=false	http://localhost:8080/	::1	
2017/12/20 17:19:32		Interface	GK9G8mMaipK0uGc1Hgte79ZdKoQ9f634	20	18324490333		/api/login/loginmsg	phone=18324490333					/api/login/loginmsg?phone=18324490333	http://localhost:8080/profile	::1	
2017/12/20 17:19:48		Event	GK9G8mMaipK0uGc1Hgte79ZdKoQ9f634	20	18324490333		pageView						/proxy/log?name=pageView&type=event&loading=false	http://localhost:8080/	::1	
2017/12/20 17:27:14		Event	GK9G8mMaipK0uGc1Hgte79ZdKoQ9f634	20	18324490333		pageView						/proxy/log?name=pageView&type=event&loading=false	http://localhost:8080/	::1	
2017/12/20 17:27:14		Interface	GK9G8mMaipK0uGc1Hgte79ZdKoQ9f634	20	18324490333		/api/login/loginmsg	phone=18324490333					/api/login/loginmsg?phone=18324490333	http://localhost:8080/profile	::1	
2017/12/20 17:27:19		Event	GK9G8mMaipK0uGc1Hgte79ZdKoQ9f634	20	18324490333		pageView						/proxy/log?name=pageView&type=event&loading=false	http://localhost:8080/	::1	
