2017/12/21 10:08:38		Event	jNqWaApGFNZfrbusDLIZIrHXdGrUGK3T				pageView						/proxy/log?name=pageView&type=event&loading=false	http://localhost:8080/	::1	
2017/12/21 10:08:46		Event	jNqWaApGFNZfrbusDLIZIrHXdGrUGK3T				pageView						/proxy/log?name=pageView&type=event&loading=false	http://localhost:8080/	::1	
2017/12/21 10:08:50		Event	jNqWaApGFNZfrbusDLIZIrHXdGrUGK3T				pageView						/proxy/log?name=pageView&type=event&loading=false	http://localhost:8080/	::1	
2017/12/21 10:08:53		Event	jNqWaApGFNZfrbusDLIZIrHXdGrUGK3T				pageView						/proxy/log?name=pageView&type=event&loading=false	http://localhost:8080/	::1	
2017/12/21 14:22:38		Event	8gAGLxxSjXII9h396oh-kyt1HHEZnZgh				pageView						/proxy/log?name=pageView&type=event&loading=false	http://localhost:8080/	::1	
2017/12/21 14:22:42		Event	8gAGLxxSjXII9h396oh-kyt1HHEZnZgh				pageView						/proxy/log?name=pageView&type=event&loading=false	http://localhost:8080/	::1	
2017/12/21 14:29:45		Event	8gAGLxxSjXII9h396oh-kyt1HHEZnZgh				pageView						/proxy/log?name=pageView&type=event&loading=false	http://localhost:8080/	::1	
2017/12/21 14:29:45		Event	8gAGLxxSjXII9h396oh-kyt1HHEZnZgh				pageView						/proxy/log?name=pageView&type=event&loading=false	http://localhost:8080/profile	::1	
2017/12/21 14:30:12		Interface	8gAGLxxSjXII9h396oh-kyt1HHEZnZgh				/api/login/loginmsg	phone=18324490333&fromType=2					/api/login/loginmsg?phone=18324490333&fromType=2	http://localhost:8080/login	::1	
2017/12/21 14:30:12		Event	8gAGLxxSjXII9h396oh-kyt1HHEZnZgh	20	18324490333		pageView						/proxy/log?name=pageView&type=event&loading=false	http://localhost:8080/login	::1	
2017/12/21 14:30:12		Interface	8gAGLxxSjXII9h396oh-kyt1HHEZnZgh	20	18324490333		/api/login/loginmsg	phone=18324490333					/api/login/loginmsg?phone=18324490333	http://localhost:8080/profile	::1	
2017/12/21 14:30:26		Event	8gAGLxxSjXII9h396oh-kyt1HHEZnZgh	20	18324490333		pageView						/proxy/log?name=pageView&type=event&loading=false	http://localhost:8080/	::1	
2017/12/21 14:30:30		Event	8gAGLxxSjXII9h396oh-kyt1HHEZnZgh	20	18324490333		pageView						/proxy/log?name=pageView&type=event&loading=false	http://localhost:8080/	::1	
2017/12/21 14:30:30		Interface	8gAGLxxSjXII9h396oh-kyt1HHEZnZgh	20	18324490333		/api/login/loginmsg	phone=18324490333					/api/login/loginmsg?phone=18324490333	http://localhost:8080/profile	::1	
2017/12/21 14:30:50		Event	8gAGLxxSjXII9h396oh-kyt1HHEZnZgh	20	18324490333		pageView						/proxy/log?name=pageView&type=event&loading=false	http://localhost:8080/make	::1	
2017/12/21 14:31:40		Event	8gAGLxxSjXII9h396oh-kyt1HHEZnZgh	20	18324490333		pageView						/proxy/log?name=pageView&type=event&loading=false	http://localhost:8080/make?ischange=true	::1	
2017/12/21 14:53:15		Event	8gAGLxxSjXII9h396oh-kyt1HHEZnZgh	20	18324490333		pageView						/proxy/log?name=pageView&type=event&loading=false	http://localhost:8080/make	::1	
2017/12/21 14:53:16		Event	8gAGLxxSjXII9h396oh-kyt1HHEZnZgh	20	18324490333		pageView						/proxy/log?name=pageView&type=event&loading=false	http://localhost:8080/profile	::1	
2017/12/21 14:53:17		Interface	8gAGLxxSjXII9h396oh-kyt1HHEZnZgh	20	18324490333		/api/login/loginmsg	phone=18324490333					/api/login/loginmsg?phone=18324490333	http://localhost:8080/profile	::1	
2017/12/21 14:53:18		Event	8gAGLxxSjXII9h396oh-kyt1HHEZnZgh	20	18324490333		goChange						/proxy/log?name=goChange&type=event&loading=false	http://localhost:8080/profile	::1	
2017/12/21 14:53:18		Event	8gAGLxxSjXII9h396oh-kyt1HHEZnZgh	20	18324490333		pageView						/proxy/log?name=pageView&type=event&loading=false	http://localhost:8080/profile	::1	
2017/12/21 14:53:22		Event	8gAGLxxSjXII9h396oh-kyt1HHEZnZgh	20	18324490333		pageView						/proxy/log?name=pageView&type=event&loading=false	http://localhost:8080/profile	::1	
2017/12/21 14:53:22		Interface	8gAGLxxSjXII9h396oh-kyt1HHEZnZgh	20	18324490333		/api/login/loginmsg	phone=18324490333					/api/login/loginmsg?phone=18324490333	http://localhost:8080/profile	::1	
2017/12/21 14:53:23		Event	8gAGLxxSjXII9h396oh-kyt1HHEZnZgh	20	18324490333		goChange						/proxy/log?name=goChange&type=event&loading=false	http://localhost:8080/profile	::1	
2017/12/21 14:53:23		Event	8gAGLxxSjXII9h396oh-kyt1HHEZnZgh	20	18324490333		pageView						/proxy/log?name=pageView&type=event&loading=false	http://localhost:8080/profile	::1	
2017/12/21 14:53:25		Event	8gAGLxxSjXII9h396oh-kyt1HHEZnZgh	20	18324490333		pageView						/proxy/log?name=pageView&type=event&loading=false	http://localhost:8080/profile	::1	
2017/12/21 14:53:25		Interface	8gAGLxxSjXII9h396oh-kyt1HHEZnZgh	20	18324490333		/api/login/loginmsg	phone=18324490333					/api/login/loginmsg?phone=18324490333	http://localhost:8080/profile	::1	
2017/12/21 14:53:30		Event	8gAGLxxSjXII9h396oh-kyt1HHEZnZgh	20	18324490333		goChange						/proxy/log?name=goChange&type=event&loading=false	http://localhost:8080/profile	::1	
2017/12/21 14:53:30		Event	8gAGLxxSjXII9h396oh-kyt1HHEZnZgh	20	18324490333		pageView						/proxy/log?name=pageView&type=event&loading=false	http://localhost:8080/profile	::1	
2017/12/21 14:53:32		Event	8gAGLxxSjXII9h396oh-kyt1HHEZnZgh	20	18324490333		pageView						/proxy/log?name=pageView&type=event&loading=false	http://localhost:8080/profile	::1	
2017/12/21 14:53:32		Interface	8gAGLxxSjXII9h396oh-kyt1HHEZnZgh	20	18324490333		/api/login/loginmsg	phone=18324490333					/api/login/loginmsg?phone=18324490333	http://localhost:8080/profile	::1	
2017/12/21 14:54:30		Interface	8gAGLxxSjXII9h396oh-kyt1HHEZnZgh	20	18324490333		/api/login/loginmsg	phone=18324490333					/api/login/loginmsg?phone=18324490333	http://localhost:8080/profile	::1	
2017/12/21 14:54:31		Event	8gAGLxxSjXII9h396oh-kyt1HHEZnZgh	20	18324490333		goChange						/proxy/log?name=goChange&type=event&loading=false	http://localhost:8080/profile	::1	
2017/12/21 14:54:31		Event	8gAGLxxSjXII9h396oh-kyt1HHEZnZgh	20	18324490333		pageView						/proxy/log?name=pageView&type=event&loading=false	http://localhost:8080/profile	::1	
2017/12/21 14:55:17		Event	8gAGLxxSjXII9h396oh-kyt1HHEZnZgh	20	18324490333		pageView						/proxy/log?name=pageView&type=event&loading=false	http://localhost:8080/profile	::1	
2017/12/21 14:55:17		Interface	8gAGLxxSjXII9h396oh-kyt1HHEZnZgh	20	18324490333		/api/login/loginmsg	phone=18324490333					/api/login/loginmsg?phone=18324490333	http://localhost:8080/profile	::1	
2017/12/21 14:55:21		Event	8gAGLxxSjXII9h396oh-kyt1HHEZnZgh	20	18324490333		pageView						/proxy/log?name=pageView&type=event&loading=false	http://localhost:8080/	::1	
2017/12/21 14:55:25		Event	8gAGLxxSjXII9h396oh-kyt1HHEZnZgh	20	18324490333		pageView						/proxy/log?name=pageView&type=event&loading=false	http://localhost:8080/	::1	
2017/12/21 14:55:25		Interface	8gAGLxxSjXII9h396oh-kyt1HHEZnZgh	20	18324490333		/api/login/loginmsg	phone=18324490333					/api/login/loginmsg?phone=18324490333	http://localhost:8080/profile	::1	
2017/12/21 14:58:28		Interface	8gAGLxxSjXII9h396oh-kyt1HHEZnZgh	20	18324490333		/api/login/loginmsg	phone=18324490333					/api/login/loginmsg?phone=18324490333	http://localhost:8080/profile	::1	
2017/12/21 16:14:42		Event	MlIK0ugnrxKLFaS11JYHXYnPnIKLezzX				pageView						/proxy/log?name=pageView&type=event&loading=false	http://localhost:8080/	::1	
2017/12/21 16:34:48		Event	MlIK0ugnrxKLFaS11JYHXYnPnIKLezzX				pageView						/proxy/log?name=pageView&type=event&loading=false	http://localhost:8080/	::1	
2017/12/21 16:35:38		Event	MlIK0ugnrxKLFaS11JYHXYnPnIKLezzX				pageView						/proxy/log?name=pageView&type=event&loading=false	http://localhost:8080/login	::1	
2017/12/21 16:36:07		Interface	MlIK0ugnrxKLFaS11JYHXYnPnIKLezzX				/api/login/loginmsg	phone=18324490333&fromType=2					/api/login/loginmsg?phone=18324490333&fromType=2	http://localhost:8080/login	::1	
2017/12/21 16:36:07		Event	MlIK0ugnrxKLFaS11JYHXYnPnIKLezzX	20	18324490333		pageView						/proxy/log?name=pageView&type=event&loading=false	http://localhost:8080/login	::1	
2017/12/21 16:36:07		Interface	MlIK0ugnrxKLFaS11JYHXYnPnIKLezzX	20	18324490333		/api/login/loginmsg	phone=18324490333					/api/login/loginmsg?phone=18324490333	http://localhost:8080/profile	::1	
2017/12/21 16:36:43		Interface	MlIK0ugnrxKLFaS11JYHXYnPnIKLezzX	20	18324490333		/api/login/loginmsg	phone=18324490333					/api/login/loginmsg?phone=18324490333	http://localhost:8080/profile	::1	
2017/12/21 16:36:46		Event	MlIK0ugnrxKLFaS11JYHXYnPnIKLezzX	20	18324490333		goChange						/proxy/log?name=goChange&type=event&loading=false	http://localhost:8080/profile	::1	
2017/12/21 16:36:46		Event	MlIK0ugnrxKLFaS11JYHXYnPnIKLezzX	20	18324490333		pageView						/proxy/log?name=pageView&type=event&loading=false	http://localhost:8080/profile	::1	
2017/12/21 16:37:08		Interface	MlIK0ugnrxKLFaS11JYHXYnPnIKLezzX	20	18324490333		/api/user/changecard	uid=20&companyName=%E6%9D%AD%E5%B7%9E%E7%A5%96%E7%8E%9B333&name=%E6%9B%B9%E6%99%B6%E6%99%B6&address=%E6%B5%99%E6%B1%9F%E6%9D%AD%E5%B7%9E%E8%A5%BF%E6%B9%96%E5%8C%BA%E7%B4%AB%E9%9C%9E%E8%A1%97					/api/user/changecard?uid=20&companyName=%E6%9D%AD%E5%B7%9E%E7%A5%96%E7%8E%9B333&name=%E6%9B%B9%E6%99%B6%E6%99%B6&address=%E6%B5%99%E6%B1%9F%E6%9D%AD%E5%B7%9E%E8%A5%BF%E6%B9%96%E5%8C%BA%E7%B4%AB%E9%9C%9E%E8%A1%97	http://localhost:8080/make?ischange=true	::1	
2017/12/21 16:37:08		Event	MlIK0ugnrxKLFaS11JYHXYnPnIKLezzX	20	18324490333		changCard						/proxy/log?name=changCard&type=event&loading=false	http://localhost:8080/make?ischange=true	::1	
2017/12/21 16:37:08		Event	MlIK0ugnrxKLFaS11JYHXYnPnIKLezzX	20	18324490333		pageView						/proxy/log?name=pageView&type=event&loading=false	http://localhost:8080/make?ischange=true	::1	
2017/12/21 16:37:08		Interface	MlIK0ugnrxKLFaS11JYHXYnPnIKLezzX	20	18324490333		/api/login/loginmsg	phone=18324490333					/api/login/loginmsg?phone=18324490333	http://localhost:8080/profile	::1	
2017/12/21 16:40:36		Event	MlIK0ugnrxKLFaS11JYHXYnPnIKLezzX	20	18324490333		pageView						/proxy/log?name=pageView&type=event&loading=false	http://localhost:8080/	::1	
2017/12/21 16:41:20		Event	MlIK0ugnrxKLFaS11JYHXYnPnIKLezzX	20	18324490333		pageView						/proxy/log?name=pageView&type=event&loading=false	http://localhost:8080/	::1	
2017/12/21 16:41:21		Interface	MlIK0ugnrxKLFaS11JYHXYnPnIKLezzX	20	18324490333		/api/login/loginmsg	phone=18324490333					/api/login/loginmsg?phone=18324490333	http://localhost:8080/profile	::1	
2017/12/21 16:41:51		Event	MlIK0ugnrxKLFaS11JYHXYnPnIKLezzX	20	18324490333		pageView						/proxy/log?name=pageView&type=event&loading=false	http://localhost:8080/	::1	
2017/12/21 16:42:00		Event	MlIK0ugnrxKLFaS11JYHXYnPnIKLezzX	20	18324490333		pageView						/proxy/log?name=pageView&type=event&loading=false	http://localhost:8080/	::1	
2017/12/21 16:42:00		Interface	MlIK0ugnrxKLFaS11JYHXYnPnIKLezzX	20	18324490333		/api/login/loginmsg	phone=18324490333					/api/login/loginmsg?phone=18324490333	http://localhost:8080/profile	::1	
2017/12/21 16:42:03		Event	MlIK0ugnrxKLFaS11JYHXYnPnIKLezzX	20	18324490333		pageView						/proxy/log?name=pageView&type=event&loading=false	http://localhost:8080/	::1	
2017/12/21 16:42:06		Event	MlIK0ugnrxKLFaS11JYHXYnPnIKLezzX	20	18324490333		pageView						/proxy/log?name=pageView&type=event&loading=false	http://localhost:8080/	::1	
2017/12/21 16:42:06		Interface	MlIK0ugnrxKLFaS11JYHXYnPnIKLezzX	20	18324490333		/api/login/loginmsg	phone=18324490333					/api/login/loginmsg?phone=18324490333	http://localhost:8080/profile	::1	
2017/12/21 16:42:51		Event	MlIK0ugnrxKLFaS11JYHXYnPnIKLezzX	20	18324490333		pageView						/proxy/log?name=pageView&type=event&loading=false	http://localhost:8080/	::1	
2017/12/21 16:55:45		Event	MlIK0ugnrxKLFaS11JYHXYnPnIKLezzX	20	18324490333		pageView						/proxy/log?name=pageView&type=event&loading=false	http://localhost:8080/	::1	
2017/12/21 16:55:45		Interface	MlIK0ugnrxKLFaS11JYHXYnPnIKLezzX	20	18324490333		/api/login/loginmsg	phone=18324490333					/api/login/loginmsg?phone=18324490333	http://localhost:8080/profile	::1	
2017/12/21 16:55:46		Event	MlIK0ugnrxKLFaS11JYHXYnPnIKLezzX	20	18324490333		goChange						/proxy/log?name=goChange&type=event&loading=false	http://localhost:8080/profile	::1	
2017/12/21 16:55:46		Event	MlIK0ugnrxKLFaS11JYHXYnPnIKLezzX	20	18324490333		pageView						/proxy/log?name=pageView&type=event&loading=false	http://localhost:8080/profile	::1	
2017/12/21 16:56:17		Event	MlIK0ugnrxKLFaS11JYHXYnPnIKLezzX	20	18324490333		pageView						/proxy/log?name=pageView&type=event&loading=false	http://localhost:8080/profile	::1	
2017/12/21 16:56:17		Interface	MlIK0ugnrxKLFaS11JYHXYnPnIKLezzX	20	18324490333		/api/login/loginmsg	phone=18324490333					/api/login/loginmsg?phone=18324490333	http://localhost:8080/profile	::1	
2017/12/21 16:56:17		Event	MlIK0ugnrxKLFaS11JYHXYnPnIKLezzX	20	18324490333		pageView						/proxy/log?name=pageView&type=event&loading=false	http://localhost:8080/	::1	
2017/12/21 16:58:03		Event	MlIK0ugnrxKLFaS11JYHXYnPnIKLezzX	20	18324490333		pageView						/proxy/log?name=pageView&type=event&loading=false	http://localhost:8080/	::1	
2017/12/21 16:58:03		Interface	MlIK0ugnrxKLFaS11JYHXYnPnIKLezzX	20	18324490333		/api/login/loginmsg	phone=18324490333					/api/login/loginmsg?phone=18324490333	http://localhost:8080/profile	::1	
2017/12/21 16:58:05		Event	MlIK0ugnrxKLFaS11JYHXYnPnIKLezzX	20	18324490333		pageView						/proxy/log?name=pageView&type=event&loading=false	http://localhost:8080/	::1	
2017/12/21 16:58:08		Event	MlIK0ugnrxKLFaS11JYHXYnPnIKLezzX	20	18324490333		pageView						/proxy/log?name=pageView&type=event&loading=false	http://localhost:8080/	::1	
2017/12/21 16:58:08		Interface	MlIK0ugnrxKLFaS11JYHXYnPnIKLezzX	20	18324490333		/api/login/loginmsg	phone=18324490333					/api/login/loginmsg?phone=18324490333	http://localhost:8080/profile	::1	
2017/12/21 16:58:10		Event	MlIK0ugnrxKLFaS11JYHXYnPnIKLezzX	20	18324490333		pageView						/proxy/log?name=pageView&type=event&loading=false	http://localhost:8080/	::1	
2017/12/21 16:58:17		Event	MlIK0ugnrxKLFaS11JYHXYnPnIKLezzX	20	18324490333		pageView						/proxy/log?name=pageView&type=event&loading=false	http://localhost:8080/	::1	
2017/12/21 16:58:17		Interface	MlIK0ugnrxKLFaS11JYHXYnPnIKLezzX	20	18324490333		/api/login/loginmsg	phone=18324490333					/api/login/loginmsg?phone=18324490333	http://localhost:8080/profile	::1	
2017/12/21 16:58:19		Event	MlIK0ugnrxKLFaS11JYHXYnPnIKLezzX	20	18324490333		pageView						/proxy/log?name=pageView&type=event&loading=false	http://localhost:8080/	::1	
2017/12/21 16:58:21		Event	MlIK0ugnrxKLFaS11JYHXYnPnIKLezzX	20	18324490333		pageView						/proxy/log?name=pageView&type=event&loading=false	http://localhost:8080/	::1	
2017/12/21 16:58:21		Interface	MlIK0ugnrxKLFaS11JYHXYnPnIKLezzX	20	18324490333		/api/login/loginmsg	phone=18324490333					/api/login/loginmsg?phone=18324490333	http://localhost:8080/profile	::1	
2017/12/21 16:58:22		Event	MlIK0ugnrxKLFaS11JYHXYnPnIKLezzX	20	18324490333		pageView						/proxy/log?name=pageView&type=event&loading=false	http://localhost:8080/	::1	
2017/12/21 16:58:28		Event	MlIK0ugnrxKLFaS11JYHXYnPnIKLezzX	20	18324490333		pageView						/proxy/log?name=pageView&type=event&loading=false	http://localhost:8080/	::1	
2017/12/21 16:58:28		Interface	MlIK0ugnrxKLFaS11JYHXYnPnIKLezzX	20	18324490333		/api/login/loginmsg	phone=18324490333					/api/login/loginmsg?phone=18324490333	http://localhost:8080/profile	::1	
2017/12/21 16:58:31		Event	MlIK0ugnrxKLFaS11JYHXYnPnIKLezzX	20	18324490333		repay						/proxy/log?name=repay&type=event&loading=false	http://localhost:8080/profile	::1	
2017/12/21 16:58:31		Event	MlIK0ugnrxKLFaS11JYHXYnPnIKLezzX	20	18324490333		pageView						/proxy/log?name=pageView&type=event&loading=false	http://localhost:8080/profile	::1	
2017/12/21 16:58:44		Event	MlIK0ugnrxKLFaS11JYHXYnPnIKLezzX	20	18324490333		pageView						/proxy/log?name=pageView&type=event&loading=false	http://localhost:8080/profile	::1	
2017/12/21 16:58:44		Interface	MlIK0ugnrxKLFaS11JYHXYnPnIKLezzX	20	18324490333		/api/login/loginmsg	phone=18324490333					/api/login/loginmsg?phone=18324490333	http://localhost:8080/profile	::1	
2017/12/21 16:58:49		Event	MlIK0ugnrxKLFaS11JYHXYnPnIKLezzX	20	18324490333		goChange						/proxy/log?name=goChange&type=event&loading=false	http://localhost:8080/profile	::1	
2017/12/21 16:58:49		Event	MlIK0ugnrxKLFaS11JYHXYnPnIKLezzX	20	18324490333		pageView						/proxy/log?name=pageView&type=event&loading=false	http://localhost:8080/profile	::1	
2017/12/21 16:58:55		Event	MlIK0ugnrxKLFaS11JYHXYnPnIKLezzX	20	18324490333		pageView						/proxy/log?name=pageView&type=event&loading=false	http://localhost:8080/profile	::1	
2017/12/21 16:58:55		Interface	MlIK0ugnrxKLFaS11JYHXYnPnIKLezzX	20	18324490333		/api/login/loginmsg	phone=18324490333					/api/login/loginmsg?phone=18324490333	http://localhost:8080/profile	::1	
2017/12/21 16:59:00		Event	MlIK0ugnrxKLFaS11JYHXYnPnIKLezzX	20	18324490333		pageView						/proxy/log?name=pageView&type=event&loading=false	http://localhost:8080/profile	::1	
2017/12/21 16:59:05		Event	MlIK0ugnrxKLFaS11JYHXYnPnIKLezzX	20	18324490333		pageView						/proxy/log?name=pageView&type=event&loading=false	http://localhost:8080/profile	::1	
2017/12/21 16:59:05		Interface	MlIK0ugnrxKLFaS11JYHXYnPnIKLezzX	20	18324490333		/api/login/loginmsg	phone=18324490333					/api/login/loginmsg?phone=18324490333	http://localhost:8080/profile	::1	
2017/12/21 16:59:11		Event	MlIK0ugnrxKLFaS11JYHXYnPnIKLezzX	20	18324490333		goChange						/proxy/log?name=goChange&type=event&loading=false	http://localhost:8080/profile	::1	
2017/12/21 16:59:11		Event	MlIK0ugnrxKLFaS11JYHXYnPnIKLezzX	20	18324490333		pageView						/proxy/log?name=pageView&type=event&loading=false	http://localhost:8080/profile	::1	
2017/12/21 16:59:14		Event	MlIK0ugnrxKLFaS11JYHXYnPnIKLezzX	20	18324490333		pageView						/proxy/log?name=pageView&type=event&loading=false	http://localhost:8080/profile	::1	
2017/12/21 16:59:14		Interface	MlIK0ugnrxKLFaS11JYHXYnPnIKLezzX	20	18324490333		/api/login/loginmsg	phone=18324490333					/api/login/loginmsg?phone=18324490333	http://localhost:8080/profile	::1	
2017/12/21 16:59:15		Event	MlIK0ugnrxKLFaS11JYHXYnPnIKLezzX	20	18324490333		pageView						/proxy/log?name=pageView&type=event&loading=false	http://localhost:8080/	::1	
2017/12/21 16:59:17		Event	MlIK0ugnrxKLFaS11JYHXYnPnIKLezzX	20	18324490333		pageView						/proxy/log?name=pageView&type=event&loading=false	http://localhost:8080/	::1	
2017/12/21 16:59:17		Interface	MlIK0ugnrxKLFaS11JYHXYnPnIKLezzX	20	18324490333		/api/login/loginmsg	phone=18324490333					/api/login/loginmsg?phone=18324490333	http://localhost:8080/profile	::1	
2017/12/21 16:59:20		Event	MlIK0ugnrxKLFaS11JYHXYnPnIKLezzX	20	18324490333		pageView						/proxy/log?name=pageView&type=event&loading=false	http://localhost:8080/	::1	
2017/12/21 16:59:22		Event	MlIK0ugnrxKLFaS11JYHXYnPnIKLezzX	20	18324490333		pageView						/proxy/log?name=pageView&type=event&loading=false	http://localhost:8080/	::1	
2017/12/21 16:59:22		Interface	MlIK0ugnrxKLFaS11JYHXYnPnIKLezzX	20	18324490333		/api/login/loginmsg	phone=18324490333					/api/login/loginmsg?phone=18324490333	http://localhost:8080/profile	::1	
2017/12/21 16:59:24		Event	MlIK0ugnrxKLFaS11JYHXYnPnIKLezzX	20	18324490333		pageView						/proxy/log?name=pageView&type=event&loading=false	http://localhost:8080/	::1	
2017/12/21 16:59:27		Event	MlIK0ugnrxKLFaS11JYHXYnPnIKLezzX	20	18324490333		pageView						/proxy/log?name=pageView&type=event&loading=false	http://localhost:8080/	::1	
2017/12/21 16:59:27		Interface	MlIK0ugnrxKLFaS11JYHXYnPnIKLezzX	20	18324490333		/api/login/loginmsg	phone=18324490333					/api/login/loginmsg?phone=18324490333	http://localhost:8080/profile	::1	
2017/12/21 17:00:05		Event	MlIK0ugnrxKLFaS11JYHXYnPnIKLezzX	20	18324490333		goChange						/proxy/log?name=goChange&type=event&loading=false	http://localhost:8080/profile	::1	
2017/12/21 17:00:05		Event	MlIK0ugnrxKLFaS11JYHXYnPnIKLezzX	20	18324490333		pageView						/proxy/log?name=pageView&type=event&loading=false	http://localhost:8080/profile	::1	
2017/12/21 17:00:16		Event	MlIK0ugnrxKLFaS11JYHXYnPnIKLezzX	20	18324490333		pageView						/proxy/log?name=pageView&type=event&loading=false	http://localhost:8080/profile	::1	
2017/12/21 17:00:16		Interface	MlIK0ugnrxKLFaS11JYHXYnPnIKLezzX	20	18324490333		/api/login/loginmsg	phone=18324490333					/api/login/loginmsg?phone=18324490333	http://localhost:8080/profile	::1	
2017/12/21 17:00:16		Event	MlIK0ugnrxKLFaS11JYHXYnPnIKLezzX	20	18324490333		pageView						/proxy/log?name=pageView&type=event&loading=false	http://localhost:8080/	::1	
2017/12/21 17:20:44		Event	MlIK0ugnrxKLFaS11JYHXYnPnIKLezzX	20	18324490333		pageView						/proxy/log?name=pageView&type=event&loading=false	http://localhost:8080/	::1	
2017/12/21 17:20:44		Interface	MlIK0ugnrxKLFaS11JYHXYnPnIKLezzX	20	18324490333		/api/login/loginmsg	phone=18324490333					/api/login/loginmsg?phone=18324490333	http://localhost:8080/profile	::1	
2017/12/21 17:20:47		Event	MlIK0ugnrxKLFaS11JYHXYnPnIKLezzX	20	18324490333		pageView						/proxy/log?name=pageView&type=event&loading=false	http://localhost:8080/	::1	
2017/12/21 17:21:38		Event	MlIK0ugnrxKLFaS11JYHXYnPnIKLezzX	20	18324490333		pageView						/proxy/log?name=pageView&type=event&loading=false	http://localhost:8080/	::1	
2017/12/21 17:21:38		Interface	MlIK0ugnrxKLFaS11JYHXYnPnIKLezzX	20	18324490333		/api/login/loginmsg	phone=18324490333					/api/login/loginmsg?phone=18324490333	http://localhost:8080/profile	::1	
2017/12/21 17:21:40		Event	MlIK0ugnrxKLFaS11JYHXYnPnIKLezzX	20	18324490333		pageView						/proxy/log?name=pageView&type=event&loading=false	http://localhost:8080/	::1	
2017/12/21 17:27:14		Event	MlIK0ugnrxKLFaS11JYHXYnPnIKLezzX	20	18324490333		pageView						/proxy/log?name=pageView&type=event&loading=false	http://localhost:8080/	::1	
2017/12/21 17:27:14		Interface	MlIK0ugnrxKLFaS11JYHXYnPnIKLezzX	20	18324490333		/api/login/loginmsg	phone=18324490333					/api/login/loginmsg?phone=18324490333	http://localhost:8080/profile	::1	
2017/12/21 17:27:20		Event	MlIK0ugnrxKLFaS11JYHXYnPnIKLezzX	20	18324490333		pageView						/proxy/log?name=pageView&type=event&loading=false	http://localhost:8080/	::1	
