2017/12/29 10:12:46		Event	RADCN--goS1LPAsAPmIBjWT8XsTEOpt_				pageView						/proxy/log?name=pageView&type=event&loading=false	http://localhost:8080/	undefined	
2017/12/29 10:14:14		Event	SO35rmvOu7lnAsq_MNmjCarYulwtMhKC				pageView						/proxy/log?name=pageView&type=event&loading=false	http://localhost:8080/	undefined	
2017/12/29 10:23:47		Event	GzUeusx19O0_V3oZZLlgFNxwUXRLSSEI				pageView						/proxy/log?name=pageView&type=event&loading=false	http://localhost:8080/	undefined	
2017/12/29 11:38:33		Event	fXajdtWN_3tfZULxbkaHVqiIAs2PU0vp				pageView						/proxy/log?name=pageView&type=event&loading=false	http://localhost:8080/	undefined	
2017/12/29 11:40:20		Event	vKGLyPGqkIQXXbB0lXKqvgRPdUpF0IR6				pageView						/proxy/log?name=pageView&type=event&loading=false	http://localhost:8080/	undefined	
2017/12/29 11:44:05		Event	ZjKjU95zG_4IC5d9nWE1PxZOHkNQ0YgM				pageView						/proxy/log?name=pageView&type=event&loading=false	http://localhost:8080/	undefined	
2017/12/29 11:44:07		Event	HDvJ-uL0BlHlSE4xGk-Wg2qlcx-Uz8ED				pageView						/proxy/log?name=pageView&type=event&loading=false	http://localhost:8080/	undefined	
2017/12/29 11:44:30		Interface	U1xBEonoe_r-lreZUavr-wt0-DCCs-b3				/api/login/loginmsg	phone=18324490333&fromType=2					/api/login/loginmsg?phone=18324490333&fromType=2	http://localhost:8080/login	undefined	
2017/12/29 11:44:34		Event	U1xBEonoe_r-lreZUavr-wt0-DCCs-b3	92	18324490333		pageView						/proxy/log?name=pageView&type=event&loading=false	http://localhost:8080/login	undefined	
2017/12/29 11:44:34		Interface	U1xBEonoe_r-lreZUavr-wt0-DCCs-b3	92	18324490333		/api/login/loginmsg	phone=18324490333					/api/login/loginmsg?phone=18324490333	http://localhost:8080/profile	undefined	
2017/12/29 11:46:10		Interface	U1xBEonoe_r-lreZUavr-wt0-DCCs-b3	92	18324490333		/api/login/loginmsg	phone=18324490333					/api/login/loginmsg?phone=18324490333	http://localhost:8080/profile	undefined	
2017/12/29 11:46:19		Interface	U1xBEonoe_r-lreZUavr-wt0-DCCs-b3	92	18324490333		/api/login/loginmsg	phone=18324490333					/api/login/loginmsg?phone=18324490333	http://localhost:8080/profile	undefined	
2017/12/29 11:46:52		Interface	U1xBEonoe_r-lreZUavr-wt0-DCCs-b3	92	18324490333		/api/login/loginmsg	phone=18324490333					/api/login/loginmsg?phone=18324490333	http://localhost:8080/profile	undefined	
2017/12/29 11:47:31		Interface	U1xBEonoe_r-lreZUavr-wt0-DCCs-b3	92	18324490333		/api/login/loginmsg	phone=18324490333					/api/login/loginmsg?phone=18324490333	http://localhost:8080/profile	undefined	
2017/12/29 11:49:28		Interface	U1xBEonoe_r-lreZUavr-wt0-DCCs-b3	92	18324490333		/api/login/loginmsg	phone=18324490333					/api/login/loginmsg?phone=18324490333	http://localhost:8080/profile	undefined	
2017/12/29 11:49:55		Interface	U1xBEonoe_r-lreZUavr-wt0-DCCs-b3	92	18324490333		/api/login/loginmsg	phone=18324490333					/api/login/loginmsg?phone=18324490333	http://localhost:8080/profile	undefined	
2017/12/29 11:50:00		Interface	U1xBEonoe_r-lreZUavr-wt0-DCCs-b3	92	18324490333		/api/login/loginmsg	phone=18324490333					/api/login/loginmsg?phone=18324490333	http://localhost:8080/profile	undefined	
2017/12/29 11:50:07		Interface	U1xBEonoe_r-lreZUavr-wt0-DCCs-b3	92	18324490333		/api/login/loginmsg	phone=18324490333					/api/login/loginmsg?phone=18324490333	http://localhost:8080/profile	undefined	
2017/12/29 11:50:14		Interface	U1xBEonoe_r-lreZUavr-wt0-DCCs-b3	92	18324490333		/api/login/loginmsg	phone=18324490333					/api/login/loginmsg?phone=18324490333	http://localhost:8080/profile	undefined	
2017/12/29 11:50:21		Interface	U1xBEonoe_r-lreZUavr-wt0-DCCs-b3	92	18324490333		/api/login/loginmsg	phone=18324490333					/api/login/loginmsg?phone=18324490333	http://localhost:8080/profile	undefined	
2017/12/29 13:12:52		Event	H3MhxIQb2QYq6Abt6IKtby-x3a4VN-X0				pageView						/proxy/log?name=pageView&type=event&loading=false	http://localhost:8080/login	undefined	
2017/12/29 13:14:16		Interface	zknSdrI6lH8OMljxJ8eB0xH6Kf5Ft6_z				/api/login/loginmsg	phone=18324490333&fromType=2					/api/login/loginmsg?phone=18324490333&fromType=2	http://localhost:8080/login	undefined	
2017/12/29 13:14:30		Event	zknSdrI6lH8OMljxJ8eB0xH6Kf5Ft6_z	92	18324490333		pageView						/proxy/log?name=pageView&type=event&loading=false	http://localhost:8080/login	undefined	
2017/12/29 13:14:40		Event	zknSdrI6lH8OMljxJ8eB0xH6Kf5Ft6_z	92	18324490333		pageView						/proxy/log?name=pageView&type=event&loading=false	http://localhost:8080/make?ischange=true	undefined	
2017/12/29 13:14:40		Interface	zknSdrI6lH8OMljxJ8eB0xH6Kf5Ft6_z	92	18324490333		/api/login/loginmsg	phone=18324490333					/api/login/loginmsg?phone=18324490333	http://localhost:8080/profile	undefined	
2017/12/29 13:15:23		Event	zknSdrI6lH8OMljxJ8eB0xH6Kf5Ft6_z	92	18324490333		pageView						/proxy/log?name=pageView&type=event&loading=false	http://localhost:8080/make?ischange=true	undefined	
2017/12/29 13:27:59		Event	zknSdrI6lH8OMljxJ8eB0xH6Kf5Ft6_z	92	18324490333		changCard						/proxy/log?name=changCard&type=event&loading=false	http://localhost:8080/make?ischange=true	undefined	
2017/12/29 13:27:59		Interface	zknSdrI6lH8OMljxJ8eB0xH6Kf5Ft6_z	92	18324490333		/api/user/changecard	uid=92&companyName=%E7%A5%96%E7%8E%9B%E7%A7%91%E6%8A%80&name=3&address=%E8%A5%BF%E6%BA%AA%E8%B0%B7%E5%95%86%E5%8A%A1%E4%B8%AD%E5%BF%834					/api/user/changecard?uid=92&companyName=%E7%A5%96%E7%8E%9B%E7%A7%91%E6%8A%80&name=3&address=%E8%A5%BF%E6%BA%AA%E8%B0%B7%E5%95%86%E5%8A%A1%E4%B8%AD%E5%BF%834	http://localhost:8080/make?ischange=true	undefined	
2017/12/29 13:28:26		Event	zknSdrI6lH8OMljxJ8eB0xH6Kf5Ft6_z	92	18324490333		pageView						/proxy/log?name=pageView&type=event&loading=false	http://localhost:8080/make?ischange=true	undefined	
2017/12/29 13:28:34		Event	zknSdrI6lH8OMljxJ8eB0xH6Kf5Ft6_z	92	18324490333		pageView						/proxy/log?name=pageView&type=event&loading=false	http://localhost:8080/make?ischange=true	undefined	
2017/12/29 13:29:03		Event	zknSdrI6lH8OMljxJ8eB0xH6Kf5Ft6_z	92	18324490333		changCard						/proxy/log?name=changCard&type=event&loading=false	http://localhost:8080/make?ischange=true	undefined	
2017/12/29 13:29:03		Interface	zknSdrI6lH8OMljxJ8eB0xH6Kf5Ft6_z	92	18324490333		/api/user/changecard	uid=92&companyName=%E7%A5%96%E7%8E%9B%E7%A7%91%E6%8A%80&name=3&address=%E8%A5%BF%E6%BA%AA%E8%B0%B7%E5%95%86%E5%8A%A1%E4%B8%AD%E5%BF%834					/api/user/changecard?uid=92&companyName=%E7%A5%96%E7%8E%9B%E7%A7%91%E6%8A%80&name=3&address=%E8%A5%BF%E6%BA%AA%E8%B0%B7%E5%95%86%E5%8A%A1%E4%B8%AD%E5%BF%834	http://localhost:8080/make?ischange=true	undefined	
2017/12/29 13:29:18		Event	zknSdrI6lH8OMljxJ8eB0xH6Kf5Ft6_z	92	18324490333		pageView						/proxy/log?name=pageView&type=event&loading=false	http://localhost:8080/make?ischange=true	undefined	
2017/12/29 13:30:19		Event	zknSdrI6lH8OMljxJ8eB0xH6Kf5Ft6_z	92	18324490333		pageView						/proxy/log?name=pageView&type=event&loading=false	http://localhost:8080/make?ischange=true	undefined	
2017/12/29 13:30:21		Event	zknSdrI6lH8OMljxJ8eB0xH6Kf5Ft6_z	92	18324490333		pageView						/proxy/log?name=pageView&type=event&loading=false	http://localhost:8080/make?ischange=true	undefined	
2017/12/29 13:30:27		Event	zknSdrI6lH8OMljxJ8eB0xH6Kf5Ft6_z	92	18324490333		changCard						/proxy/log?name=changCard&type=event&loading=false	http://localhost:8080/make?ischange=true	undefined	
2017/12/29 13:30:27		Interface	zknSdrI6lH8OMljxJ8eB0xH6Kf5Ft6_z	92	18324490333		/api/user/changecard	uid=92&companyName=%E7%A5%96%E7%8E%9B%E7%A7%91%E6%8A%80&name=3&address=%E8%A5%BF%E6%BA%AA%E8%B0%B7%E5%95%86%E5%8A%A1%E4%B8%AD%E5%BF%834					/api/user/changecard?uid=92&companyName=%E7%A5%96%E7%8E%9B%E7%A7%91%E6%8A%80&name=3&address=%E8%A5%BF%E6%BA%AA%E8%B0%B7%E5%95%86%E5%8A%A1%E4%B8%AD%E5%BF%834	http://localhost:8080/make?ischange=true	undefined	
2017/12/29 13:31:54		Event	zknSdrI6lH8OMljxJ8eB0xH6Kf5Ft6_z	92	18324490333		pageView						/proxy/log?name=pageView&type=event&loading=false	http://localhost:8080/make?ischange=true	undefined	
2017/12/29 13:32:38		Event	zknSdrI6lH8OMljxJ8eB0xH6Kf5Ft6_z	92	18324490333		pageView						/proxy/log?name=pageView&type=event&loading=false	http://localhost:8080/make?ischange=true	undefined	
2017/12/29 13:32:40		Event	zknSdrI6lH8OMljxJ8eB0xH6Kf5Ft6_z	92	18324490333		changCard						/proxy/log?name=changCard&type=event&loading=false	http://localhost:8080/make?ischange=true	undefined	
2017/12/29 13:32:40		Event	zknSdrI6lH8OMljxJ8eB0xH6Kf5Ft6_z	92	18324490333		pageView						/proxy/log?name=pageView&type=event&loading=false	http://localhost:8080/make?ischange=true	undefined	
2017/12/29 13:32:41		Event	zknSdrI6lH8OMljxJ8eB0xH6Kf5Ft6_z	92	18324490333		pageView						/proxy/log?name=pageView&type=event&loading=false	http://localhost:8080/make?ischange=true	undefined	
2017/12/29 13:32:42		Event	zknSdrI6lH8OMljxJ8eB0xH6Kf5Ft6_z	92	18324490333		changCard						/proxy/log?name=changCard&type=event&loading=false	http://localhost:8080/make?ischange=true	undefined	
2017/12/29 13:32:42		Event	zknSdrI6lH8OMljxJ8eB0xH6Kf5Ft6_z	92	18324490333		pageView						/proxy/log?name=pageView&type=event&loading=false	http://localhost:8080/make?ischange=true	undefined	
2017/12/29 13:32:44		Event	zknSdrI6lH8OMljxJ8eB0xH6Kf5Ft6_z	92	18324490333		pageView						/proxy/log?name=pageView&type=event&loading=false	http://localhost:8080/make?ischange=true	undefined	
2017/12/29 13:33:00		Event	zknSdrI6lH8OMljxJ8eB0xH6Kf5Ft6_z	92	18324490333		changCard						/proxy/log?name=changCard&type=event&loading=false	http://localhost:8080/make?ischange=true	undefined	
2017/12/29 13:34:19		Event	zknSdrI6lH8OMljxJ8eB0xH6Kf5Ft6_z	92	18324490333		pageView						/proxy/log?name=pageView&type=event&loading=false	http://localhost:8080/make?ischange=true	undefined	
2017/12/29 13:36:18		Event	zknSdrI6lH8OMljxJ8eB0xH6Kf5Ft6_z	92	18324490333		pageView						/proxy/log?name=pageView&type=event&loading=false	http://localhost:8080/make?ischange=true	undefined	
2017/12/29 13:36:29		Event	zknSdrI6lH8OMljxJ8eB0xH6Kf5Ft6_z	92	18324490333		changCard						/proxy/log?name=changCard&type=event&loading=false	http://localhost:8080/make?ischange=true	undefined	
2017/12/29 13:37:27		Event	zknSdrI6lH8OMljxJ8eB0xH6Kf5Ft6_z	92	18324490333		changCard						/proxy/log?name=changCard&type=event&loading=false	http://localhost:8080/make?ischange=true	undefined	
2017/12/29 13:37:27		Interface	zknSdrI6lH8OMljxJ8eB0xH6Kf5Ft6_z	92	18324490333		/api/user/changecard	uid=92&companyName=%E7%A5%96%E7%8E%9B%E7%A7%91%E6%8A%80&name=&address=%E8%A5%BF%E6%BA%AA%E8%B0%B7%E5%95%86%E5%8A%A1%E4%B8%AD%E5%BF%83					/api/user/changecard?uid=92&companyName=%E7%A5%96%E7%8E%9B%E7%A7%91%E6%8A%80&name=&address=%E8%A5%BF%E6%BA%AA%E8%B0%B7%E5%95%86%E5%8A%A1%E4%B8%AD%E5%BF%83	http://localhost:8080/make?ischange=true	undefined	
2017/12/29 13:37:36		Event	zknSdrI6lH8OMljxJ8eB0xH6Kf5Ft6_z	92	18324490333		pageView						/proxy/log?name=pageView&type=event&loading=false	http://localhost:8080/make?ischange=true	undefined	
2017/12/29 13:37:42		Event	zknSdrI6lH8OMljxJ8eB0xH6Kf5Ft6_z	92	18324490333		pageView						/proxy/log?name=pageView&type=event&loading=false	http://localhost:8080/make?ischange=true	undefined	
2017/12/29 13:37:49		Event	zknSdrI6lH8OMljxJ8eB0xH6Kf5Ft6_z	92	18324490333		pageView						/proxy/log?name=pageView&type=event&loading=false	http://localhost:8080/make?ischange=true	undefined	
2017/12/29 13:38:06		Event	zknSdrI6lH8OMljxJ8eB0xH6Kf5Ft6_z	92	18324490333		changCard						/proxy/log?name=changCard&type=event&loading=false	http://localhost:8080/make?ischange=true	undefined	
2017/12/29 13:38:06		Interface	zknSdrI6lH8OMljxJ8eB0xH6Kf5Ft6_z	92	18324490333		/api/user/changecard	uid=92&companyName=%E7%A5%96%E7%8E%9B%E7%A7%91%E6%8A%80&name=2324&address=%E8%A5%BF%E6%BA%AA%E8%B0%B7%E5%95%86%E5%8A%A1%E4%B8%AD%E5%BF%834					/api/user/changecard?uid=92&companyName=%E7%A5%96%E7%8E%9B%E7%A7%91%E6%8A%80&name=2324&address=%E8%A5%BF%E6%BA%AA%E8%B0%B7%E5%95%86%E5%8A%A1%E4%B8%AD%E5%BF%834	http://localhost:8080/make?ischange=true	undefined	
2017/12/29 13:38:16		Event	zknSdrI6lH8OMljxJ8eB0xH6Kf5Ft6_z	92	18324490333		pageView						/proxy/log?name=pageView&type=event&loading=false	http://localhost:8080/make?ischange=true	undefined	
2017/12/29 13:38:17		Event	zknSdrI6lH8OMljxJ8eB0xH6Kf5Ft6_z	92	18324490333		pageView						/proxy/log?name=pageView&type=event&loading=false	http://localhost:8080/make?ischange=true	undefined	
2017/12/29 13:38:19		Event	zknSdrI6lH8OMljxJ8eB0xH6Kf5Ft6_z	92	18324490333		pageView						/proxy/log?name=pageView&type=event&loading=false	http://localhost:8080/make?ischange=true	undefined	
2017/12/29 13:39:41		Event	zknSdrI6lH8OMljxJ8eB0xH6Kf5Ft6_z	92	18324490333		changCard						/proxy/log?name=changCard&type=event&loading=false	http://localhost:8080/make?ischange=true	undefined	
2017/12/29 13:39:41		Interface	zknSdrI6lH8OMljxJ8eB0xH6Kf5Ft6_z	92	18324490333		/api/user/changecard	uid=92&companyName=%E7%A5%96%E7%8E%9B%E7%A7%91%E6%8A%80&name=&address=%E8%A5%BF%E6%BA%AA%E8%B0%B7%E5%95%86%E5%8A%A1%E4%B8%AD%E5%BF%83					/api/user/changecard?uid=92&companyName=%E7%A5%96%E7%8E%9B%E7%A7%91%E6%8A%80&name=&address=%E8%A5%BF%E6%BA%AA%E8%B0%B7%E5%95%86%E5%8A%A1%E4%B8%AD%E5%BF%83	http://localhost:8080/make?ischange=true	undefined	
2017/12/29 13:39:43		Event	zknSdrI6lH8OMljxJ8eB0xH6Kf5Ft6_z	92	18324490333		pageView						/proxy/log?name=pageView&type=event&loading=false	http://localhost:8080/make?ischange=true	undefined	
2017/12/29 13:39:46		Event	zknSdrI6lH8OMljxJ8eB0xH6Kf5Ft6_z	92	18324490333		pageView						/proxy/log?name=pageView&type=event&loading=false	http://localhost:8080/make?ischange=true	undefined	
2017/12/29 13:43:58		Event	zknSdrI6lH8OMljxJ8eB0xH6Kf5Ft6_z	92	18324490333		pageView						/proxy/log?name=pageView&type=event&loading=false	http://localhost:8080/login	undefined	
2017/12/29 13:43:58		Event	zknSdrI6lH8OMljxJ8eB0xH6Kf5Ft6_z	92	18324490333		pageView						/proxy/log?name=pageView&type=event&loading=false	http://localhost:8080/login	undefined	
2017/12/29 13:43:58		Interface	zknSdrI6lH8OMljxJ8eB0xH6Kf5Ft6_z	92	18324490333		/api/login/loginmsg	phone=18324490333					/api/login/loginmsg?phone=18324490333	http://localhost:8080/profile	undefined	
2017/12/29 13:44:00		Event	zknSdrI6lH8OMljxJ8eB0xH6Kf5Ft6_z	92	18324490333		pageView						/proxy/log?name=pageView&type=event&loading=false	http://localhost:8080/	undefined	
2017/12/29 13:44:02		Event	zknSdrI6lH8OMljxJ8eB0xH6Kf5Ft6_z	92	18324490333		pageView						/proxy/log?name=pageView&type=event&loading=false	http://localhost:8080/	undefined	
2017/12/29 13:44:11		Event	zknSdrI6lH8OMljxJ8eB0xH6Kf5Ft6_z	92	18324490333		pageView						/proxy/log?name=pageView&type=event&loading=false	http://localhost:8080/	undefined	
2017/12/29 14:09:37		Event	zknSdrI6lH8OMljxJ8eB0xH6Kf5Ft6_z	92	18324490333		pageView						/proxy/log?name=pageView&type=event&loading=false	http://localhost:8080/make?process=true	undefined	
2017/12/29 14:10:01		Event	zknSdrI6lH8OMljxJ8eB0xH6Kf5Ft6_z	92	18324490333		pageView						/proxy/log?name=pageView&type=event&loading=false	http://localhost:8080/make?process=true	undefined	
2017/12/29 14:10:04		Event	zknSdrI6lH8OMljxJ8eB0xH6Kf5Ft6_z	92	18324490333		nextStep						/proxy/log?name=nextStep&type=event&loading=false	http://localhost:8080/make?process=true	undefined	
2017/12/29 14:10:04		Event	zknSdrI6lH8OMljxJ8eB0xH6Kf5Ft6_z	92	18324490333		pageView						/proxy/log?name=pageView&type=event&loading=false	http://localhost:8080/make?process=true	undefined	
2017/12/29 14:11:49		Event	zknSdrI6lH8OMljxJ8eB0xH6Kf5Ft6_z	92	18324490333		pageView						/proxy/log?name=pageView&type=event&loading=false	http://localhost:8080/pay?process=true	undefined	
2017/12/29 14:12:17		Event	zknSdrI6lH8OMljxJ8eB0xH6Kf5Ft6_z	92	18324490333		pageView						/proxy/log?name=pageView&type=event&loading=false	http://localhost:8080/make?process=true	undefined	
2017/12/29 14:12:25		Event	zknSdrI6lH8OMljxJ8eB0xH6Kf5Ft6_z	92	18324490333		nextStep						/proxy/log?name=nextStep&type=event&loading=false	http://localhost:8080/make?process=true	undefined	
2017/12/29 14:12:25		Event	zknSdrI6lH8OMljxJ8eB0xH6Kf5Ft6_z	92	18324490333		pageView						/proxy/log?name=pageView&type=event&loading=false	http://localhost:8080/make?process=true	undefined	
2017/12/29 14:12:29		Event	zknSdrI6lH8OMljxJ8eB0xH6Kf5Ft6_z	92	18324490333		pageView						/proxy/log?name=pageView&type=event&loading=false	http://localhost:8080/make?process=true	undefined	
2017/12/29 14:12:53		Event	zknSdrI6lH8OMljxJ8eB0xH6Kf5Ft6_z	92	18324490333		nextStep						/proxy/log?name=nextStep&type=event&loading=false	http://localhost:8080/make?process=true	undefined	
2017/12/29 14:12:53		Event	zknSdrI6lH8OMljxJ8eB0xH6Kf5Ft6_z	92	18324490333		pageView						/proxy/log?name=pageView&type=event&loading=false	http://localhost:8080/make?process=true	undefined	
2017/12/29 14:13:42		Event	zknSdrI6lH8OMljxJ8eB0xH6Kf5Ft6_z	92	18324490333		pageView						/proxy/log?name=pageView&type=event&loading=false	http://localhost:8080/compelete	undefined	
2017/12/29 14:13:42		Event	zknSdrI6lH8OMljxJ8eB0xH6Kf5Ft6_z	92	18324490333		pageView						/proxy/log?name=pageView&type=event&loading=false	http://localhost:8080/compelete	undefined	
2017/12/29 14:13:42		Event	zknSdrI6lH8OMljxJ8eB0xH6Kf5Ft6_z	92	18324490333		pageView						/proxy/log?name=pageView&type=event&loading=false	http://localhost:8080/login	undefined	
2017/12/29 14:13:42		Interface	zknSdrI6lH8OMljxJ8eB0xH6Kf5Ft6_z	92	18324490333		/api/login/loginmsg	phone=18324490333					/api/login/loginmsg?phone=18324490333	http://localhost:8080/profile	undefined	
2017/12/29 14:14:25		Event	zknSdrI6lH8OMljxJ8eB0xH6Kf5Ft6_z	92	18324490333		pageView						/proxy/log?name=pageView&type=event&loading=false	http://localhost:8080/compelete	undefined	
2017/12/29 14:14:25		Event	zknSdrI6lH8OMljxJ8eB0xH6Kf5Ft6_z	92	18324490333		pageView						/proxy/log?name=pageView&type=event&loading=false	http://localhost:8080/compelete	undefined	
2017/12/29 14:14:25		Event	zknSdrI6lH8OMljxJ8eB0xH6Kf5Ft6_z	92	18324490333		pageView						/proxy/log?name=pageView&type=event&loading=false	http://localhost:8080/login	undefined	
2017/12/29 14:14:25		Interface	zknSdrI6lH8OMljxJ8eB0xH6Kf5Ft6_z	92	18324490333		/api/login/loginmsg	phone=18324490333					/api/login/loginmsg?phone=18324490333	http://localhost:8080/profile	undefined	
2017/12/29 14:14:27		Event	zknSdrI6lH8OMljxJ8eB0xH6Kf5Ft6_z	92	18324490333		pageView						/proxy/log?name=pageView&type=event&loading=false	http://localhost:8080/profile	undefined	
2017/12/29 14:14:27		Interface	zknSdrI6lH8OMljxJ8eB0xH6Kf5Ft6_z	92	18324490333		/api/login/loginmsg	phone=18324490333					/api/login/loginmsg?phone=18324490333	http://localhost:8080/profile	undefined	
2017/12/29 14:14:32		Event	zknSdrI6lH8OMljxJ8eB0xH6Kf5Ft6_z	92	18324490333		pageView						/proxy/log?name=pageView&type=event&loading=false	http://localhost:8080/profile	undefined	
2017/12/29 14:14:32		Interface	zknSdrI6lH8OMljxJ8eB0xH6Kf5Ft6_z	92	18324490333		/api/login/loginmsg	phone=18324490333					/api/login/loginmsg?phone=18324490333	http://localhost:8080/profile	undefined	
2017/12/29 14:14:33		Event	zknSdrI6lH8OMljxJ8eB0xH6Kf5Ft6_z	92	18324490333		pageView						/proxy/log?name=pageView&type=event&loading=false	http://localhost:8080/pay?process=true	undefined	
2017/12/29 14:14:37		Event	zknSdrI6lH8OMljxJ8eB0xH6Kf5Ft6_z	92	18324490333		pageView						/proxy/log?name=pageView&type=event&loading=false	http://localhost:8080/compelete	undefined	
2017/12/29 14:15:02		Event	zknSdrI6lH8OMljxJ8eB0xH6Kf5Ft6_z	92	18324490333		pageView						/proxy/log?name=pageView&type=event&loading=false	http://localhost:8080/pay?process=true	undefined	
2017/12/29 14:15:03		Event	zknSdrI6lH8OMljxJ8eB0xH6Kf5Ft6_z	92	18324490333		pageView						/proxy/log?name=pageView&type=event&loading=false	http://localhost:8080/make?process=true	undefined	
2017/12/29 14:15:27		Event	zknSdrI6lH8OMljxJ8eB0xH6Kf5Ft6_z	92	18324490333		nextStep						/proxy/log?name=nextStep&type=event&loading=false	http://localhost:8080/make?process=true	undefined	
2017/12/29 14:15:27		Event	zknSdrI6lH8OMljxJ8eB0xH6Kf5Ft6_z	92	18324490333		pageView						/proxy/log?name=pageView&type=event&loading=false	http://localhost:8080/make?process=true	undefined	
2017/12/29 14:16:58		Event	zknSdrI6lH8OMljxJ8eB0xH6Kf5Ft6_z	92	18324490333		pageView						/proxy/log?name=pageView&type=event&loading=false	http://localhost:8080/make?process=true	undefined	
2017/12/29 14:17:03		Event	zknSdrI6lH8OMljxJ8eB0xH6Kf5Ft6_z	92	18324490333		pageView						/proxy/log?name=pageView&type=event&loading=false	http://localhost:8080/pay?process=true	undefined	
2017/12/29 14:17:11		Event	zknSdrI6lH8OMljxJ8eB0xH6Kf5Ft6_z	92	18324490333		pageView						/proxy/log?name=pageView&type=event&loading=false	http://localhost:8080/compelete	undefined	
2017/12/29 14:19:16		Event	zknSdrI6lH8OMljxJ8eB0xH6Kf5Ft6_z	92	18324490333		pageView						/proxy/log?name=pageView&type=event&loading=false	http://localhost:8080/pay?process=true	undefined	
2017/12/29 14:19:18		Event	zknSdrI6lH8OMljxJ8eB0xH6Kf5Ft6_z	92	18324490333		pageView						/proxy/log?name=pageView&type=event&loading=false	http://localhost:8080/make?process=true	undefined	
2017/12/29 14:19:34		Event	zknSdrI6lH8OMljxJ8eB0xH6Kf5Ft6_z	92	18324490333		pageView						/proxy/log?name=pageView&type=event&loading=false	http://localhost:8080/	undefined	
2017/12/29 14:19:35		Event	zknSdrI6lH8OMljxJ8eB0xH6Kf5Ft6_z	92	18324490333		pageView						/proxy/log?name=pageView&type=event&loading=false	http://localhost:8080/	undefined	
2017/12/29 14:19:36		Interface	zknSdrI6lH8OMljxJ8eB0xH6Kf5Ft6_z	92	18324490333		/api/login/loginmsg	phone=18324490333					/api/login/loginmsg?phone=18324490333	http://localhost:8080/profile	undefined	
2017/12/29 14:19:50		Interface	zknSdrI6lH8OMljxJ8eB0xH6Kf5Ft6_z	92	18324490333		/api/login/loginmsg	phone=18324490333					/api/login/loginmsg?phone=18324490333	http://localhost:8080/profile	undefined	
2017/12/29 14:23:49		Event	zknSdrI6lH8OMljxJ8eB0xH6Kf5Ft6_z	92	18324490333		pageView						/proxy/log?name=pageView&type=event&loading=false	http://localhost:8080/profile	undefined	
2017/12/29 14:23:49		Interface	zknSdrI6lH8OMljxJ8eB0xH6Kf5Ft6_z	92	18324490333		/api/login/loginmsg	phone=18324490333					/api/login/loginmsg?phone=18324490333	http://localhost:8080/profile	undefined	
2017/12/29 14:24:29		Interface	zknSdrI6lH8OMljxJ8eB0xH6Kf5Ft6_z	92	18324490333		/api/login/loginmsg	phone=18324490333					/api/login/loginmsg?phone=18324490333	http://localhost:8080/profile	undefined	
2017/12/29 14:25:09		Interface	zknSdrI6lH8OMljxJ8eB0xH6Kf5Ft6_z	92	18324490333		/api/login/loginmsg	phone=18324490333					/api/login/loginmsg?phone=18324490333	http://localhost:8080/profile	undefined	
2017/12/29 14:25:10		Event	zknSdrI6lH8OMljxJ8eB0xH6Kf5Ft6_z	92	18324490333		pageView						/proxy/log?name=pageView&type=event&loading=false	http://localhost:8080/profile	undefined	
2017/12/29 14:25:10		Interface	zknSdrI6lH8OMljxJ8eB0xH6Kf5Ft6_z	92	18324490333		/api/login/loginmsg	phone=18324490333					/api/login/loginmsg?phone=18324490333	http://localhost:8080/profile	undefined	
2017/12/29 14:25:48		Interface	zknSdrI6lH8OMljxJ8eB0xH6Kf5Ft6_z	92	18324490333		/api/login/loginmsg	phone=18324490333					/api/login/loginmsg?phone=18324490333	http://localhost:8080/profile	undefined	
2017/12/29 14:26:05		Interface	zknSdrI6lH8OMljxJ8eB0xH6Kf5Ft6_z	92	18324490333		/api/login/loginmsg	phone=18324490333					/api/login/loginmsg?phone=18324490333	http://localhost:8080/profile	undefined	
2017/12/29 14:26:25		Event	ObpmeflyTpTsjjktVkactisIl45knJQg				pageView						/proxy/log?name=pageView&type=event&loading=false	http://192.168.104.204:8080/	undefined	
2017/12/29 14:26:29		Event	LpuFk9PjkJ-tciC0KnqpWuKcbL2kyBA9				pageView						/proxy/log?name=pageView&type=event&loading=false	http://192.168.104.204:8080/	undefined	
2017/12/29 14:26:51		Event	x2xE5VRxFQeeI_gBzgQlbeDlSyCXSZjn				pageView						/proxy/log?name=pageView&type=event&loading=false	http://192.168.104.204:8080/login	undefined	
2017/12/29 14:26:51		Event	sovhMF46Zq3FWG9UmWc0tePSCjG0usEi				pageView						/proxy/log?name=pageView&type=event&loading=false	http://192.168.104.204:8080/	undefined	
2017/12/29 14:27:37		Interface	CKO3T3TRg25I6MFia4w2ry6Di0tWmL6m				/api/login/loginmsg	phone=18324490333&fromType=2					/api/login/loginmsg?phone=18324490333&fromType=2	http://192.168.104.204:8080/login	undefined	
2017/12/29 14:27:39		Event	CKO3T3TRg25I6MFia4w2ry6Di0tWmL6m	92	18324490333		pageView						/proxy/log?name=pageView&type=event&loading=false	http://192.168.104.204:8080/	undefined	
2017/12/29 14:27:40		Interface	CKO3T3TRg25I6MFia4w2ry6Di0tWmL6m	92	18324490333		/api/login/loginmsg	phone=18324490333					/api/login/loginmsg?phone=18324490333	http://192.168.104.204:8080/profile	undefined	
2017/12/29 14:27:42		Event	CKO3T3TRg25I6MFia4w2ry6Di0tWmL6m	92	18324490333		goChange						/proxy/log?name=goChange&type=event&loading=false	http://192.168.104.204:8080/profile	undefined	
2017/12/29 14:28:20		Interface	zknSdrI6lH8OMljxJ8eB0xH6Kf5Ft6_z	92	18324490333		/api/login/loginmsg	phone=18324490333					/api/login/loginmsg?phone=18324490333	http://localhost:8080/profile	undefined	
2017/12/29 14:28:22		Event	zknSdrI6lH8OMljxJ8eB0xH6Kf5Ft6_z	92	18324490333		goChange						/proxy/log?name=goChange&type=event&loading=false	http://localhost:8080/profile	undefined	
2017/12/29 14:40:31		Event	zknSdrI6lH8OMljxJ8eB0xH6Kf5Ft6_z	92	18324490333		pageView						/proxy/log?name=pageView&type=event&loading=false	http://localhost:8080/profile	undefined	
2017/12/29 14:40:31		Interface	zknSdrI6lH8OMljxJ8eB0xH6Kf5Ft6_z	92	18324490333		/api/login/loginmsg	phone=18324490333					/api/login/loginmsg?phone=18324490333	http://localhost:8080/profile	undefined	
2017/12/29 14:41:30		Interface	zknSdrI6lH8OMljxJ8eB0xH6Kf5Ft6_z	92	18324490333		/api/login/loginmsg	phone=18324490333					/api/login/loginmsg?phone=18324490333	http://localhost:8080/profile	undefined	
2017/12/29 14:44:53		Interface	zknSdrI6lH8OMljxJ8eB0xH6Kf5Ft6_z	92	18324490333		/api/login/loginmsg	phone=18324490333					/api/login/loginmsg?phone=18324490333	http://localhost:8080/profile	undefined	
2017/12/29 14:45:15		Event	zknSdrI6lH8OMljxJ8eB0xH6Kf5Ft6_z	92	18324490333		pageView						/proxy/log?name=pageView&type=event&loading=false	http://localhost:8080/profile	undefined	
2017/12/29 14:45:15		Interface	zknSdrI6lH8OMljxJ8eB0xH6Kf5Ft6_z	92	18324490333		/api/login/loginmsg	phone=18324490333					/api/login/loginmsg?phone=18324490333	http://localhost:8080/profile	undefined	
2017/12/29 14:45:40		Event	zknSdrI6lH8OMljxJ8eB0xH6Kf5Ft6_z	92	18324490333		goChange						/proxy/log?name=goChange&type=event&loading=false	http://localhost:8080/profile	undefined	
2017/12/29 14:46:00		Interface	zknSdrI6lH8OMljxJ8eB0xH6Kf5Ft6_z	92	18324490333		/api/login/loginmsg	phone=18324490333					/api/login/loginmsg?phone=18324490333	http://localhost:8080/profile	undefined	
2017/12/29 14:46:33		Interface	zknSdrI6lH8OMljxJ8eB0xH6Kf5Ft6_z	92	18324490333		/api/login/loginmsg	phone=18324490333					/api/login/loginmsg?phone=18324490333	http://localhost:8080/profile	undefined	
2017/12/29 14:46:35		Event	zknSdrI6lH8OMljxJ8eB0xH6Kf5Ft6_z	92	18324490333		pageView						/proxy/log?name=pageView&type=event&loading=false	http://localhost:8080/profile	undefined	
2017/12/29 14:46:35		Interface	zknSdrI6lH8OMljxJ8eB0xH6Kf5Ft6_z	92	18324490333		/api/login/loginmsg	phone=18324490333					/api/login/loginmsg?phone=18324490333	http://localhost:8080/profile	undefined	
2017/12/29 14:46:48		Event	zknSdrI6lH8OMljxJ8eB0xH6Kf5Ft6_z	92	18324490333		goChange						/proxy/log?name=goChange&type=event&loading=false	http://localhost:8080/profile	undefined	
2017/12/29 14:47:09		Interface	zknSdrI6lH8OMljxJ8eB0xH6Kf5Ft6_z	92	18324490333		/api/login/loginmsg	phone=18324490333					/api/login/loginmsg?phone=18324490333	http://localhost:8080/profile	undefined	
2017/12/29 14:47:09		Event	zknSdrI6lH8OMljxJ8eB0xH6Kf5Ft6_z	92	18324490333		pageView						/proxy/log?name=pageView&type=event&loading=false	http://localhost:8080/profile	undefined	
2017/12/29 14:47:09		Interface	zknSdrI6lH8OMljxJ8eB0xH6Kf5Ft6_z	92	18324490333		/api/login/loginmsg	phone=18324490333					/api/login/loginmsg?phone=18324490333	http://localhost:8080/profile	undefined	
2017/12/29 14:47:11		Event	zknSdrI6lH8OMljxJ8eB0xH6Kf5Ft6_z	92	18324490333		goChange						/proxy/log?name=goChange&type=event&loading=false	http://localhost:8080/profile	undefined	
2017/12/29 14:47:58		Interface	zknSdrI6lH8OMljxJ8eB0xH6Kf5Ft6_z	92	18324490333		/api/login/loginmsg	phone=18324490333					/api/login/loginmsg?phone=18324490333	http://localhost:8080/profile	undefined	
2017/12/29 14:47:59		Event	zknSdrI6lH8OMljxJ8eB0xH6Kf5Ft6_z	92	18324490333		pageView						/proxy/log?name=pageView&type=event&loading=false	http://localhost:8080/profile	undefined	
2017/12/29 14:47:59		Interface	zknSdrI6lH8OMljxJ8eB0xH6Kf5Ft6_z	92	18324490333		/api/login/loginmsg	phone=18324490333					/api/login/loginmsg?phone=18324490333	http://localhost:8080/profile	undefined	
2017/12/29 14:48:00		Event	zknSdrI6lH8OMljxJ8eB0xH6Kf5Ft6_z	92	18324490333		goChange						/proxy/log?name=goChange&type=event&loading=false	http://localhost:8080/profile	undefined	
2017/12/29 14:49:43		Event	zknSdrI6lH8OMljxJ8eB0xH6Kf5Ft6_z	92	18324490333		pageView						/proxy/log?name=pageView&type=event&loading=false	http://localhost:8080/profile	undefined	
2017/12/29 14:49:44		Interface	zknSdrI6lH8OMljxJ8eB0xH6Kf5Ft6_z	92	18324490333		/api/login/loginmsg	phone=18324490333					/api/login/loginmsg?phone=18324490333	http://localhost:8080/profile	undefined	
2017/12/29 14:49:45		Event	zknSdrI6lH8OMljxJ8eB0xH6Kf5Ft6_z	92	18324490333		goChange						/proxy/log?name=goChange&type=event&loading=false	http://localhost:8080/profile	undefined	
2017/12/29 14:50:10		Event	CKO3T3TRg25I6MFia4w2ry6Di0tWmL6m	92	18324490333		goChange						/proxy/log?name=goChange&type=event&loading=false	http://192.168.104.204:8080/profile	undefined	
2017/12/29 14:50:16		Event	CKO3T3TRg25I6MFia4w2ry6Di0tWmL6m	92	18324490333		pageView						/proxy/log?name=pageView&type=event&loading=false	http://192.168.104.204:8080/login	undefined	
2017/12/29 14:50:17		Interface	CKO3T3TRg25I6MFia4w2ry6Di0tWmL6m	92	18324490333		/api/login/loginmsg	phone=18324490333					/api/login/loginmsg?phone=18324490333	http://192.168.104.204:8080/profile	undefined	
2017/12/29 14:50:18		Event	CKO3T3TRg25I6MFia4w2ry6Di0tWmL6m	92	18324490333		pageView						/proxy/log?name=pageView&type=event&loading=false	http://192.168.104.204:8080/login	undefined	
2017/12/29 14:50:21		Event	CKO3T3TRg25I6MFia4w2ry6Di0tWmL6m	92	18324490333		pageView						/proxy/log?name=pageView&type=event&loading=false	http://192.168.104.204:8080/login	undefined	
2017/12/29 14:50:58		Event	CKO3T3TRg25I6MFia4w2ry6Di0tWmL6m	92	18324490333		pageView						/proxy/log?name=pageView&type=event&loading=false	http://192.168.104.204:8080/make?process=true	undefined	
2017/12/29 14:50:59		Event	zknSdrI6lH8OMljxJ8eB0xH6Kf5Ft6_z	92	18324490333		pageView						/proxy/log?name=pageView&type=event&loading=false	http://localhost:8080/profile	undefined	
2017/12/29 14:50:59		Interface	zknSdrI6lH8OMljxJ8eB0xH6Kf5Ft6_z	92	18324490333		/api/login/loginmsg	phone=18324490333					/api/login/loginmsg?phone=18324490333	http://localhost:8080/profile	undefined	
2017/12/29 14:51:01		Event	zknSdrI6lH8OMljxJ8eB0xH6Kf5Ft6_z	92	18324490333		goChange						/proxy/log?name=goChange&type=event&loading=false	http://localhost:8080/profile	undefined	
2017/12/29 14:51:04		Event	CKO3T3TRg25I6MFia4w2ry6Di0tWmL6m	92	18324490333		pageView						/proxy/log?name=pageView&type=event&loading=false	http://192.168.104.204:8080/login	undefined	
2017/12/29 14:51:15		Event	CKO3T3TRg25I6MFia4w2ry6Di0tWmL6m	92	18324490333		pageView						/proxy/log?name=pageView&type=event&loading=false	http://192.168.104.204:8080/make?process=true	undefined	
2017/12/29 14:51:15		Event	CKO3T3TRg25I6MFia4w2ry6Di0tWmL6m	92	18324490333		nextStep						/proxy/log?name=nextStep&type=event&loading=false	http://192.168.104.204:8080/make?process=true	undefined	
2017/12/29 14:51:19		Event	CKO3T3TRg25I6MFia4w2ry6Di0tWmL6m	92	18324490333		pageView						/proxy/log?name=pageView&type=event&loading=false	http://192.168.104.204:8080/make?process=true	undefined	
2017/12/29 14:51:19		Event	CKO3T3TRg25I6MFia4w2ry6Di0tWmL6m	92	18324490333		pageView						/proxy/log?name=pageView&type=event&loading=false	http://192.168.104.204:8080/make?process=true	undefined	
2017/12/29 14:51:21		Event	CKO3T3TRg25I6MFia4w2ry6Di0tWmL6m	92	18324490333		pageView						/proxy/log?name=pageView&type=event&loading=false	http://192.168.104.204:8080/make?process=true	undefined	
2017/12/29 14:51:21		Interface	CKO3T3TRg25I6MFia4w2ry6Di0tWmL6m	92	18324490333		/api/login/loginmsg	phone=18324490333					/api/login/loginmsg?phone=18324490333	http://192.168.104.204:8080/profile	undefined	
2017/12/29 14:51:24		Event	CKO3T3TRg25I6MFia4w2ry6Di0tWmL6m	92	18324490333		goChange						/proxy/log?name=goChange&type=event&loading=false	http://192.168.104.204:8080/profile	undefined	
2017/12/29 14:52:10		Event	CKO3T3TRg25I6MFia4w2ry6Di0tWmL6m	92	18324490333		pageView						/proxy/log?name=pageView&type=event&loading=false	http://192.168.104.204:8080/	undefined	
2017/12/29 14:52:14		Event	CKO3T3TRg25I6MFia4w2ry6Di0tWmL6m	92	18324490333		pageView						/proxy/log?name=pageView&type=event&loading=false	http://192.168.104.204:8080/	undefined	
2017/12/29 14:52:36		Event	CKO3T3TRg25I6MFia4w2ry6Di0tWmL6m	92	18324490333		pageView						/proxy/log?name=pageView&type=event&loading=false	http://192.168.104.204:8080/	undefined	
2017/12/29 14:52:36		Event	CKO3T3TRg25I6MFia4w2ry6Di0tWmL6m	92	18324490333		nextStep						/proxy/log?name=nextStep&type=event&loading=false	http://192.168.104.204:8080/make?process=true	undefined	
2017/12/29 14:52:39		Event	CKO3T3TRg25I6MFia4w2ry6Di0tWmL6m	92	18324490333		pageView						/proxy/log?name=pageView&type=event&loading=false	http://192.168.104.204:8080/	undefined	
2017/12/29 14:53:13		Interface	zknSdrI6lH8OMljxJ8eB0xH6Kf5Ft6_z	92	18324490333		/api/login/loginmsg	phone=18324490333					/api/login/loginmsg?phone=18324490333	http://localhost:8080/profile	undefined	
2017/12/29 14:53:35		Interface	zknSdrI6lH8OMljxJ8eB0xH6Kf5Ft6_z	92	18324490333		/api/login/loginmsg	phone=18324490333					/api/login/loginmsg?phone=18324490333	http://localhost:8080/profile	undefined	
2017/12/29 14:54:36		Interface	zknSdrI6lH8OMljxJ8eB0xH6Kf5Ft6_z	92	18324490333		/api/login/loginmsg	phone=18324490333					/api/login/loginmsg?phone=18324490333	http://localhost:8080/profile	undefined	
2017/12/29 14:54:37		Event	zknSdrI6lH8OMljxJ8eB0xH6Kf5Ft6_z	92	18324490333		goChange						/proxy/log?name=goChange&type=event&loading=false	http://localhost:8080/profile	undefined	
2017/12/29 14:54:47		Event	CKO3T3TRg25I6MFia4w2ry6Di0tWmL6m	92	18324490333		pageView						/proxy/log?name=pageView&type=event&loading=false	http://192.168.104.204:8080/make?process=true	undefined	
2017/12/29 14:54:50		Event	CKO3T3TRg25I6MFia4w2ry6Di0tWmL6m	92	18324490333		pageView						/proxy/log?name=pageView&type=event&loading=false	http://192.168.104.204:8080/make?process=true	undefined	
2017/12/29 14:54:51		Event	CKO3T3TRg25I6MFia4w2ry6Di0tWmL6m	92	18324490333		pageView						/proxy/log?name=pageView&type=event&loading=false	http://192.168.104.204:8080/make?process=true	undefined	
2017/12/29 14:54:52		Interface	CKO3T3TRg25I6MFia4w2ry6Di0tWmL6m	92	18324490333		/api/login/loginmsg	phone=18324490333					/api/login/loginmsg?phone=18324490333	http://192.168.104.204:8080/profile	undefined	
2017/12/29 14:54:54		Event	CKO3T3TRg25I6MFia4w2ry6Di0tWmL6m	92	18324490333		goChange						/proxy/log?name=goChange&type=event&loading=false	http://192.168.104.204:8080/profile	undefined	
2017/12/29 14:55:45		Interface	zknSdrI6lH8OMljxJ8eB0xH6Kf5Ft6_z	92	18324490333		/api/login/loginmsg	phone=18324490333					/api/login/loginmsg?phone=18324490333	http://localhost:8080/profile	undefined	
2017/12/29 14:55:55		Interface	zknSdrI6lH8OMljxJ8eB0xH6Kf5Ft6_z	92	18324490333		/api/login/loginmsg	phone=18324490333					/api/login/loginmsg?phone=18324490333	http://localhost:8080/profile	undefined	
2017/12/29 14:58:30		Event	zknSdrI6lH8OMljxJ8eB0xH6Kf5Ft6_z	92	18324490333		pageView						/proxy/log?name=pageView&type=event&loading=false	http://localhost:8080/profile	undefined	
2017/12/29 14:58:30		Interface	zknSdrI6lH8OMljxJ8eB0xH6Kf5Ft6_z	92	18324490333		/api/login/loginmsg	phone=18324490333					/api/login/loginmsg?phone=18324490333	http://localhost:8080/profile	undefined	
2017/12/29 15:02:30		Event	zknSdrI6lH8OMljxJ8eB0xH6Kf5Ft6_z	92	18324490333		pageView						/proxy/log?name=pageView&type=event&loading=false	http://localhost:8080/profile	undefined	
2017/12/29 15:02:31		Interface	zknSdrI6lH8OMljxJ8eB0xH6Kf5Ft6_z	92	18324490333		/api/login/loginmsg	phone=18324490333					/api/login/loginmsg?phone=18324490333	http://localhost:8080/profile	undefined	
2017/12/29 15:04:28		Event	zknSdrI6lH8OMljxJ8eB0xH6Kf5Ft6_z	92	18324490333		pageView						/proxy/log?name=pageView&type=event&loading=false	http://localhost:8080/profile	undefined	
2017/12/29 15:04:28		Interface	zknSdrI6lH8OMljxJ8eB0xH6Kf5Ft6_z	92	18324490333		/api/login/loginmsg	phone=18324490333					/api/login/loginmsg?phone=18324490333	http://localhost:8080/profile	undefined	
2017/12/29 15:06:25		Interface	zknSdrI6lH8OMljxJ8eB0xH6Kf5Ft6_z	92	18324490333		/api/login/loginmsg	phone=18324490333					/api/login/loginmsg?phone=18324490333	http://localhost:8080/profile	undefined	
2017/12/29 15:06:27		Event	zknSdrI6lH8OMljxJ8eB0xH6Kf5Ft6_z	92	18324490333		pageView						/proxy/log?name=pageView&type=event&loading=false	http://localhost:8080/profile	undefined	
2017/12/29 15:06:27		Interface	zknSdrI6lH8OMljxJ8eB0xH6Kf5Ft6_z	92	18324490333		/api/login/loginmsg	phone=18324490333					/api/login/loginmsg?phone=18324490333	http://localhost:8080/profile	undefined	
2017/12/29 15:07:00		Interface	zknSdrI6lH8OMljxJ8eB0xH6Kf5Ft6_z	92	18324490333		/api/login/loginmsg	phone=18324490333					/api/login/loginmsg?phone=18324490333	http://localhost:8080/profile	undefined	
2017/12/29 15:07:02		Event	zknSdrI6lH8OMljxJ8eB0xH6Kf5Ft6_z	92	18324490333		pageView						/proxy/log?name=pageView&type=event&loading=false	http://localhost:8080/profile	undefined	
2017/12/29 15:08:02		Interface	zknSdrI6lH8OMljxJ8eB0xH6Kf5Ft6_z	92	18324490333		/api/login/loginmsg	phone=18324490333					/api/login/loginmsg?phone=18324490333	http://localhost:8080/profile	undefined	
2017/12/29 15:08:04		Event	zknSdrI6lH8OMljxJ8eB0xH6Kf5Ft6_z	92	18324490333		pageView						/proxy/log?name=pageView&type=event&loading=false	http://localhost:8080/profile	undefined	
2017/12/29 15:08:05		Interface	zknSdrI6lH8OMljxJ8eB0xH6Kf5Ft6_z	92	18324490333		/api/login/loginmsg	phone=18324490333					/api/login/loginmsg?phone=18324490333	http://localhost:8080/profile	undefined	
2017/12/29 15:09:04		Interface	zknSdrI6lH8OMljxJ8eB0xH6Kf5Ft6_z	92	18324490333		/api/login/loginmsg	phone=18324490333					/api/login/loginmsg?phone=18324490333	http://localhost:8080/profile	undefined	
2017/12/29 15:09:06		Event	zknSdrI6lH8OMljxJ8eB0xH6Kf5Ft6_z	92	18324490333		pageView						/proxy/log?name=pageView&type=event&loading=false	http://localhost:8080/profile	undefined	
2017/12/29 15:09:07		Interface	zknSdrI6lH8OMljxJ8eB0xH6Kf5Ft6_z	92	18324490333		/api/login/loginmsg	phone=18324490333					/api/login/loginmsg?phone=18324490333	http://localhost:8080/profile	undefined	
2017/12/29 15:41:45		Interface	6CK_4a3pr00KcltwgMD4mEHpMG3pPrX8				/api/login/loginmsg	phone=18324490333					/api/login/loginmsg?phone=18324490333	http://localhost:8080/profile	undefined	
2017/12/29 15:42:39		Interface	6CK_4a3pr00KcltwgMD4mEHpMG3pPrX8	92	18324490333		/api/login/loginmsg	phone=18324490333					/api/login/loginmsg?phone=18324490333	http://localhost:8080/profile	undefined	
2017/12/29 15:43:23		Interface	6CK_4a3pr00KcltwgMD4mEHpMG3pPrX8	92	18324490333		/api/login/loginmsg	phone=18324490333					/api/login/loginmsg?phone=18324490333	http://localhost:8080/profile	undefined	
2017/12/29 15:47:26		Event	6CK_4a3pr00KcltwgMD4mEHpMG3pPrX8	92	18324490333		pageView						/proxy/log?name=pageView&type=event&loading=false	http://localhost:8080/profile	undefined	
2017/12/29 15:47:45		Event	6CK_4a3pr00KcltwgMD4mEHpMG3pPrX8	92	18324490333		pageView						/proxy/log?name=pageView&type=event&loading=false	http://localhost:8080/profile	undefined	
2017/12/29 15:47:45		Interface	6CK_4a3pr00KcltwgMD4mEHpMG3pPrX8	92	18324490333		/api/login/loginmsg	phone=18324490333					/api/login/loginmsg?phone=18324490333	http://localhost:8080/profile	undefined	
2017/12/29 15:48:41		Event	pX0FxgBz0FADG9Z7osglvNQNC-jimIHd				pageView						/proxy/log?name=pageView&type=event&loading=false	http://192.168.104.204:8080/profile	undefined	
2017/12/29 15:48:44		Event	J-nqSOretVjw6wOIUhu9w_D6N9qRs0DJ				pageView						/proxy/log?name=pageView&type=event&loading=false	http://192.168.104.204:8080/profile	undefined	
2017/12/29 15:49:08		Interface	pPaYeb3Uh8_JwA2QQ--OuvHbmvBHGZew				/api/login/loginmsg	phone=18324490333&fromType=2					/api/login/loginmsg?phone=18324490333&fromType=2	http://192.168.104.204:8080/login	undefined	
2017/12/29 15:49:08		Event	pPaYeb3Uh8_JwA2QQ--OuvHbmvBHGZew	92	18324490333		pageView						/proxy/log?name=pageView&type=event&loading=false	http://192.168.104.204:8080/profile	undefined	
2017/12/29 15:49:09		Interface	pPaYeb3Uh8_JwA2QQ--OuvHbmvBHGZew	92	18324490333		/api/login/loginmsg	phone=18324490333					/api/login/loginmsg?phone=18324490333	http://192.168.104.204:8080/profile	undefined	
2017/12/29 15:54:09		Interface	6CK_4a3pr00KcltwgMD4mEHpMG3pPrX8	92	18324490333		/api/login/loginmsg	phone=18324490333					/api/login/loginmsg?phone=18324490333	http://localhost:8080/profile	undefined	
