2017/12/26 10:18:28		Event	Tv33HdKqlxLcR2uu0dZmGzG36g5cF15w				pageView						/proxy/log?name=pageView&type=event&loading=false	http://localhost:8080/	undefined	
2017/12/26 10:18:43		Event	p_21qbBPzFiOUcFOpBmR0OqUfiOMe7Vg				pageView						/proxy/log?name=pageView&type=event&loading=false	http://localhost:8080/	undefined	
2017/12/26 10:18:57	0100001001	Event	JTZG-VNzDG7NJnRowHPLnNGVY5EvBjmq				pageView						/proxy/log?name=pageView&type=event&loading=false	http://localhost:8080/activity/xiaozhuo/?spinfocode=0100001001	undefined	
2017/12/26 10:19:14	0100001001	Event	JTZG-VNzDG7NJnRowHPLnNGVY5EvBjmq				pageView						/proxy/log?name=pageView&type=event&loading=false	http://localhost:8080/activity/xiaozhuo/1?spinfocode=0100001001	undefined	
2017/12/26 10:27:32	0100001001	Event	JTZG-VNzDG7NJnRowHPLnNGVY5EvBjmq				pageView						/proxy/log?name=pageView&type=event&loading=false	http://localhost:8080/activity/xiaozhuo/1?spinfocode=0100001001	undefined	
2017/12/26 10:34:40	0100001001	Event	JTZG-VNzDG7NJnRowHPLnNGVY5EvBjmq				pageView						/proxy/log?name=pageView&type=event&loading=false	http://localhost:8080/activity/xiaozhuo/1?spinfocode=0100001001	undefined	
2017/12/26 10:35:49	0100001001	Event	JTZG-VNzDG7NJnRowHPLnNGVY5EvBjmq				pageView						/proxy/log?name=pageView&type=event&loading=false	http://localhost:8080/activity/xiaozhuo/1?spinfocode=0100001001	undefined	
2017/12/26 16:50:10		Event	oN1fi9guweVmOg6Xiwn3BHrIXkwqQtjk				pageView						/proxy/log?name=pageView&type=event&loading=false	http://localhost:8080/	undefined	
2017/12/26 16:50:16	0100001001	Event	AlWcqkKLPe07H-QBbfJ-Ur_B-qMhO_ei				pageView						/proxy/log?name=pageView&type=event&loading=false	http://localhost:8080/activity/xiaozhuo/1?spinfocode=0100001001	undefined	
2017/12/26 16:50:24	0100001001	Event	AlWcqkKLPe07H-QBbfJ-Ur_B-qMhO_ei				pageView						/proxy/log?name=pageView&type=event&loading=false	http://localhost:8080/activity/xiaozhuo/1?spinfocode=0100001001	undefined	
2017/12/26 16:50:25	0100001001	Event	AlWcqkKLPe07H-QBbfJ-Ur_B-qMhO_ei				pageView						/proxy/log?name=pageView&type=event&loading=false	http://localhost:8080/profile	undefined	
2017/12/26 16:50:48	0100001001	Interface	AlWcqkKLPe07H-QBbfJ-Ur_B-qMhO_ei				/api/login/loginmsg	phone=18324490333&fromType=2&spinfoCode=0100001001					/api/login/loginmsg?phone=18324490333&fromType=2&spinfoCode=0100001001	http://localhost:8080/login	undefined	
2017/12/26 16:50:48	0100001001	Event	AlWcqkKLPe07H-QBbfJ-Ur_B-qMhO_ei	92	18324490333		pageView						/proxy/log?name=pageView&type=event&loading=false	http://localhost:8080/login	undefined	
2017/12/26 17:17:38	0100001001	Event	AlWcqkKLPe07H-QBbfJ-Ur_B-qMhO_ei	92	18324490333		pageView						/proxy/log?name=pageView&type=event&loading=false	http://localhost:8080/profile	undefined	
2017/12/26 17:17:38	0100001001	Interface	AlWcqkKLPe07H-QBbfJ-Ur_B-qMhO_ei	92	18324490333		/api/login/loginmsg	phone=18324490333					/api/login/loginmsg?phone=18324490333	http://localhost:8080/profile	undefined	
2017/12/26 17:17:54	0100001001	Interface	AlWcqkKLPe07H-QBbfJ-Ur_B-qMhO_ei	92	18324490333		/api/login/loginmsg	phone=18324490333					/api/login/loginmsg?phone=18324490333	http://localhost:8080/profile	undefined	
2017/12/26 17:18:53	0100001001	Event	AlWcqkKLPe07H-QBbfJ-Ur_B-qMhO_ei	92	18324490333		pageView						/proxy/log?name=pageView&type=event&loading=false	http://localhost:8080/profile	undefined	
2017/12/26 17:18:53	0100001001	Interface	AlWcqkKLPe07H-QBbfJ-Ur_B-qMhO_ei	92	18324490333		/api/login/loginmsg	phone=18324490333					/api/login/loginmsg?phone=18324490333	http://localhost:8080/profile	undefined	
2017/12/26 17:19:31	0100001001	Event	AlWcqkKLPe07H-QBbfJ-Ur_B-qMhO_ei	92	18324490333		pageView						/proxy/log?name=pageView&type=event&loading=false	http://localhost:8080/activity/xiaozhuo/1?spinfocode=0100001001	undefined	
2017/12/26 17:19:32	0100001001	Event	AlWcqkKLPe07H-QBbfJ-Ur_B-qMhO_ei	92	18324490333		pageView						/proxy/log?name=pageView&type=event&loading=false	http://localhost:8080/activity/xiaozhuo/1?spinfocode=0100001001	undefined	
2017/12/26 17:19:32	0100001001	Interface	AlWcqkKLPe07H-QBbfJ-Ur_B-qMhO_ei	92	18324490333		/api/login/loginmsg	phone=18324490333					/api/login/loginmsg?phone=18324490333	http://localhost:8080/profile	undefined	
2017/12/26 17:21:31	0100001001	Interface	AlWcqkKLPe07H-QBbfJ-Ur_B-qMhO_ei	92	18324490333		/api/login/loginmsg	phone=18324490333					/api/login/loginmsg?phone=18324490333	http://localhost:8080/profile	undefined	
2017/12/26 17:22:09	0100001001	Interface	AlWcqkKLPe07H-QBbfJ-Ur_B-qMhO_ei	92	18324490333		/api/login/loginmsg	phone=18324490333					/api/login/loginmsg?phone=18324490333	http://localhost:8080/profile	undefined	
2017/12/26 17:22:17	0100001001	Interface	AlWcqkKLPe07H-QBbfJ-Ur_B-qMhO_ei	92	18324490333		/api/login/loginmsg	phone=18324490333					/api/login/loginmsg?phone=18324490333	http://localhost:8080/profile	undefined	
2017/12/26 17:22:27	0100001001	Interface	AlWcqkKLPe07H-QBbfJ-Ur_B-qMhO_ei	92	18324490333		/api/login/loginmsg	phone=18324490333					/api/login/loginmsg?phone=18324490333	http://localhost:8080/profile	undefined	
2017/12/26 17:25:55	0100001001	Interface	AlWcqkKLPe07H-QBbfJ-Ur_B-qMhO_ei	92	18324490333		/api/login/loginmsg	phone=18324490333					/api/login/loginmsg?phone=18324490333	http://localhost:8080/profile	undefined	
2017/12/26 17:26:57	0100001001	Interface	AlWcqkKLPe07H-QBbfJ-Ur_B-qMhO_ei	92	18324490333		/api/login/loginmsg	phone=18324490333					/api/login/loginmsg?phone=18324490333	http://localhost:8080/profile	undefined	
2017/12/26 17:27:41	0100001001	Event	AlWcqkKLPe07H-QBbfJ-Ur_B-qMhO_ei	92	18324490333		pageView						/proxy/log?name=pageView&type=event&loading=false	http://localhost:8080/activity/xiaozhuo/1?spinfocode=0100001001	undefined	
2017/12/26 17:27:45	0100001001	Event	AlWcqkKLPe07H-QBbfJ-Ur_B-qMhO_ei	92	18324490333		pageView						/proxy/log?name=pageView&type=event&loading=false	http://localhost:8080/activity/xiaozhuo/1?spinfocode=0100001001	undefined	
2017/12/26 17:27:45	0100001001	Interface	AlWcqkKLPe07H-QBbfJ-Ur_B-qMhO_ei	92	18324490333		/api/login/loginmsg	phone=18324490333					/api/login/loginmsg?phone=18324490333	http://localhost:8080/profile	undefined	
2017/12/26 17:29:55	0100001001	Event	AlWcqkKLPe07H-QBbfJ-Ur_B-qMhO_ei	92	18324490333		pageView						/proxy/log?name=pageView&type=event&loading=false	http://localhost:8080/profile	undefined	
2017/12/26 17:29:55	0100001001	Interface	AlWcqkKLPe07H-QBbfJ-Ur_B-qMhO_ei	92	18324490333		/api/login/loginmsg	phone=18324490333					/api/login/loginmsg?phone=18324490333	http://localhost:8080/profile	undefined	
2017/12/26 17:30:32	0100001001	Event	AlWcqkKLPe07H-QBbfJ-Ur_B-qMhO_ei	92	18324490333		pageView						/proxy/log?name=pageView&type=event&loading=false	http://localhost:8080/profile	undefined	
2017/12/26 17:30:34	0100001001	Event	AlWcqkKLPe07H-QBbfJ-Ur_B-qMhO_ei	92	18324490333		pageView						/proxy/log?name=pageView&type=event&loading=false	http://localhost:8080/profile	undefined	
2017/12/26 17:30:34	0100001001	Interface	AlWcqkKLPe07H-QBbfJ-Ur_B-qMhO_ei	92	18324490333		/api/login/loginmsg	phone=18324490333					/api/login/loginmsg?phone=18324490333	http://localhost:8080/profile	undefined	
2017/12/26 17:30:35	0100001001	Event	AlWcqkKLPe07H-QBbfJ-Ur_B-qMhO_ei	92	18324490333		pageView						/proxy/log?name=pageView&type=event&loading=false	http://localhost:8080/activity/xiaozhuo/1?spinfocode=0100001001	undefined	
2017/12/26 17:30:39	0100001001	Event	AlWcqkKLPe07H-QBbfJ-Ur_B-qMhO_ei	92	18324490333		pageView						/proxy/log?name=pageView&type=event&loading=false	http://localhost:8080/activity/xiaozhuo/1?spinfocode=0100001001	undefined	
2017/12/26 17:30:39	0100001001	Interface	AlWcqkKLPe07H-QBbfJ-Ur_B-qMhO_ei	92	18324490333		/api/login/loginmsg	phone=18324490333					/api/login/loginmsg?phone=18324490333	http://localhost:8080/profile	undefined	
2017/12/26 17:33:09	0100001001	Interface	AlWcqkKLPe07H-QBbfJ-Ur_B-qMhO_ei	92	18324490333		/api/login/loginmsg	phone=18324490333					/api/login/loginmsg?phone=18324490333	http://localhost:8080/profile	undefined	
2017/12/26 17:37:17	0100001001	Interface	AlWcqkKLPe07H-QBbfJ-Ur_B-qMhO_ei	92	18324490333		/api/login/loginmsg	phone=18324490333					/api/login/loginmsg?phone=18324490333	http://localhost:8080/profile	undefined	
2017/12/26 17:38:38	0100001001	Interface	AlWcqkKLPe07H-QBbfJ-Ur_B-qMhO_ei	92	18324490333		/api/login/loginmsg	phone=18324490333					/api/login/loginmsg?phone=18324490333	http://localhost:8080/profile	undefined	
2017/12/26 17:38:55	0100001001	Interface	AlWcqkKLPe07H-QBbfJ-Ur_B-qMhO_ei	92	18324490333		/api/login/loginmsg	phone=18324490333					/api/login/loginmsg?phone=18324490333	http://localhost:8080/profile	undefined	
2017/12/26 17:39:09	0100001001	Interface	AlWcqkKLPe07H-QBbfJ-Ur_B-qMhO_ei	92	18324490333		/api/login/loginmsg	phone=18324490333					/api/login/loginmsg?phone=18324490333	http://localhost:8080/profile	undefined	
2017/12/26 17:39:25	0100001001	Interface	AlWcqkKLPe07H-QBbfJ-Ur_B-qMhO_ei	92	18324490333		/api/login/loginmsg	phone=18324490333					/api/login/loginmsg?phone=18324490333	http://localhost:8080/profile	undefined	
2017/12/26 17:42:06	0100001001	Interface	AlWcqkKLPe07H-QBbfJ-Ur_B-qMhO_ei	92	18324490333		/api/login/loginmsg	phone=18324490333					/api/login/loginmsg?phone=18324490333	http://localhost:8080/profile	undefined	
2017/12/26 17:46:20	0100001001	Interface	AlWcqkKLPe07H-QBbfJ-Ur_B-qMhO_ei	92	18324490333		/api/login/loginmsg	phone=18324490333					/api/login/loginmsg?phone=18324490333	http://localhost:8080/profile	undefined	
2017/12/26 17:47:07	0100001001	Interface	AlWcqkKLPe07H-QBbfJ-Ur_B-qMhO_ei	92	18324490333		/api/login/loginmsg	phone=18324490333					/api/login/loginmsg?phone=18324490333	http://localhost:8080/profile	undefined	
2017/12/26 17:47:38	0100001001	Interface	AlWcqkKLPe07H-QBbfJ-Ur_B-qMhO_ei	92	18324490333		/api/login/loginmsg	phone=18324490333					/api/login/loginmsg?phone=18324490333	http://localhost:8080/profile	undefined	
2017/12/26 17:47:52	0100001001	Interface	AlWcqkKLPe07H-QBbfJ-Ur_B-qMhO_ei	92	18324490333		/api/login/loginmsg	phone=18324490333					/api/login/loginmsg?phone=18324490333	http://localhost:8080/profile	undefined	
2017/12/26 17:48:16	0100001001	Interface	AlWcqkKLPe07H-QBbfJ-Ur_B-qMhO_ei	92	18324490333		/api/login/loginmsg	phone=18324490333					/api/login/loginmsg?phone=18324490333	http://localhost:8080/profile	undefined	
2017/12/26 17:51:18	0100001001	Interface	AlWcqkKLPe07H-QBbfJ-Ur_B-qMhO_ei	92	18324490333		/api/login/loginmsg	phone=18324490333					/api/login/loginmsg?phone=18324490333	http://localhost:8080/profile	undefined	
2017/12/26 17:53:21	0100001001	Interface	AlWcqkKLPe07H-QBbfJ-Ur_B-qMhO_ei	92	18324490333		/api/login/loginmsg	phone=18324490333					/api/login/loginmsg?phone=18324490333	http://localhost:8080/profile	undefined	
2017/12/26 17:55:03	0100001001	Interface	AlWcqkKLPe07H-QBbfJ-Ur_B-qMhO_ei	92	18324490333		/api/login/loginmsg	phone=18324490333					/api/login/loginmsg?phone=18324490333	http://localhost:8080/profile	undefined	
2017/12/26 17:56:29		Event	DdjFytp_fTTB7m4db28zKzRG-STozgZH				pageView						/proxy/log?name=pageView&type=event&loading=false	http://localhost:8080/profile	undefined	
2017/12/26 17:56:30		Event	neWQv8NyXN4wrKc_KblBp1DYqF8D8ivo				pageView						/proxy/log?name=pageView&type=event&loading=false	http://localhost:8080/profile	undefined	
2017/12/26 17:56:49		Interface	VqXymk2uNTzH7SPidRUKmvmwdFYGILCY				/api/login/loginmsg	phone=15868416377&fromType=2					/api/login/loginmsg?phone=15868416377&fromType=2	http://localhost:8080/login	undefined	
2017/12/26 17:56:49		Event	VqXymk2uNTzH7SPidRUKmvmwdFYGILCY	29	15868416377		pageView						/proxy/log?name=pageView&type=event&loading=false	http://localhost:8080/login	undefined	
2017/12/26 17:57:06		Event	VqXymk2uNTzH7SPidRUKmvmwdFYGILCY	29	15868416377		nextStep						/proxy/log?name=nextStep&type=event&loading=false	http://localhost:8080/make?process=true	undefined	
2017/12/26 17:57:06		Event	VqXymk2uNTzH7SPidRUKmvmwdFYGILCY	29	15868416377		pageView						/proxy/log?name=pageView&type=event&loading=false	http://localhost:8080/make?process=true	undefined	
2017/12/26 17:57:06		Event	VqXymk2uNTzH7SPidRUKmvmwdFYGILCY	29	15868416377		pageView						/proxy/log?name=pageView&type=event&loading=false	http://localhost:8080/make?process=true	undefined	
2017/12/26 17:57:06		Event	VqXymk2uNTzH7SPidRUKmvmwdFYGILCY	29	15868416377		pageView						/proxy/log?name=pageView&type=event&loading=false	http://localhost:8080/login	undefined	
2017/12/26 17:57:06		Interface	VqXymk2uNTzH7SPidRUKmvmwdFYGILCY	29	15868416377		/api/login/loginmsg	phone=15868416377					/api/login/loginmsg?phone=15868416377	http://localhost:8080/profile	undefined	
2017/12/26 17:57:29		Interface	VqXymk2uNTzH7SPidRUKmvmwdFYGILCY	29	15868416377		/api/login/loginmsg	phone=15868416377					/api/login/loginmsg?phone=15868416377	http://localhost:8080/profile	undefined	
2017/12/26 17:58:09		Interface	VqXymk2uNTzH7SPidRUKmvmwdFYGILCY	29	15868416377		/api/login/loginmsg	phone=15868416377					/api/login/loginmsg?phone=15868416377	http://localhost:8080/profile	undefined	
2017/12/26 17:58:12		Event	VqXymk2uNTzH7SPidRUKmvmwdFYGILCY	29	15868416377		pageView						/proxy/log?name=pageView&type=event&loading=false	http://localhost:8080/profile	undefined	
2017/12/26 17:58:12		Interface	VqXymk2uNTzH7SPidRUKmvmwdFYGILCY	29	15868416377		/api/login/loginmsg	phone=15868416377					/api/login/loginmsg?phone=15868416377	http://localhost:8080/profile	undefined	
2017/12/26 17:59:23		Interface	VqXymk2uNTzH7SPidRUKmvmwdFYGILCY	29	15868416377		/api/login/loginmsg	phone=15868416377					/api/login/loginmsg?phone=15868416377	http://localhost:8080/profile	undefined	
2017/12/26 18:01:56		Interface	VqXymk2uNTzH7SPidRUKmvmwdFYGILCY	29	15868416377		/api/login/loginmsg	phone=15868416377					/api/login/loginmsg?phone=15868416377	http://localhost:8080/profile	undefined	
2017/12/26 18:03:30		Interface	VqXymk2uNTzH7SPidRUKmvmwdFYGILCY	29	15868416377		/api/login/loginmsg	phone=15868416377					/api/login/loginmsg?phone=15868416377	http://localhost:8080/profile	undefined	
2017/12/26 18:03:34		Event	VqXymk2uNTzH7SPidRUKmvmwdFYGILCY	29	15868416377		pageView						/proxy/log?name=pageView&type=event&loading=false	http://localhost:8080/profile	undefined	
2017/12/26 18:03:35		Interface	VqXymk2uNTzH7SPidRUKmvmwdFYGILCY	29	15868416377		/api/login/loginmsg	phone=15868416377					/api/login/loginmsg?phone=15868416377	http://localhost:8080/profile	undefined	
2017/12/26 18:08:07		Interface	VqXymk2uNTzH7SPidRUKmvmwdFYGILCY	29	15868416377		/api/login/loginmsg	phone=15868416377					/api/login/loginmsg?phone=15868416377	http://localhost:8080/profile	undefined	
2017/12/26 18:08:18		Interface	VqXymk2uNTzH7SPidRUKmvmwdFYGILCY	29	15868416377		/api/login/loginmsg	phone=15868416377					/api/login/loginmsg?phone=15868416377	http://localhost:8080/profile	undefined	
2017/12/26 18:08:32		Event	VqXymk2uNTzH7SPidRUKmvmwdFYGILCY	29	15868416377		repay						/proxy/log?name=repay&type=event&loading=false	http://localhost:8080/profile	undefined	
2017/12/26 18:08:32		Event	VqXymk2uNTzH7SPidRUKmvmwdFYGILCY	29	15868416377		pageView						/proxy/log?name=pageView&type=event&loading=false	http://localhost:8080/profile	undefined	
2017/12/26 18:08:40		Event	VqXymk2uNTzH7SPidRUKmvmwdFYGILCY	29	15868416377		pageView						/proxy/log?name=pageView&type=event&loading=false	http://localhost:8080/profile	undefined	
2017/12/26 18:08:40		Interface	VqXymk2uNTzH7SPidRUKmvmwdFYGILCY	29	15868416377		/api/login/loginmsg	phone=15868416377					/api/login/loginmsg?phone=15868416377	http://localhost:8080/profile	undefined	
2017/12/26 18:09:06		Event	cgJ0i1zY6cdSxc41jkiZ_m0ccgOJkB4q				pageView						/proxy/log?name=pageView&type=event&loading=false	http://localhost:8080/profile	undefined	
2017/12/26 18:09:07		Event	ourhfgjVv7V_eHHRODG3XdTs1-pxl49C				pageView						/proxy/log?name=pageView&type=event&loading=false	http://localhost:8080/profile	undefined	
2017/12/26 18:09:36		Interface	FAGBXt_Be0a_3iLGvK2z1Kmegy-IP4x_				/api/login/loginmsg	phone=18324490333&fromType=2					/api/login/loginmsg?phone=18324490333&fromType=2	http://localhost:8080/login	undefined	
2017/12/26 18:09:36		Event	FAGBXt_Be0a_3iLGvK2z1Kmegy-IP4x_	92	18324490333		pageView						/proxy/log?name=pageView&type=event&loading=false	http://localhost:8080/login	undefined	
2017/12/26 18:18:14		Event	q5KI6TSzc9nOFqbb6gxqdEfNfJ9Ty-eI				pageView						/proxy/log?name=pageView&type=event&loading=false	http://localhost:8080/profile	undefined	
2017/12/26 18:18:15		Event	T4c2qeZMUrZwF5oFPU32I7u06iYICtfI				pageView						/proxy/log?name=pageView&type=event&loading=false	http://localhost:8080/make?process=true	undefined	
2017/12/26 18:18:15		Event	ir4KaxS_T47dqA4bWzXqLm1rQ2HMGXEZ				pageView						/proxy/log?name=pageView&type=event&loading=false	http://localhost:8080/make?process=true	undefined	
2017/12/26 18:18:16		Event	9vH_dlQzmqIO2WO4EPlI5SosYPZty6AE				pageView						/proxy/log?name=pageView&type=event&loading=false	http://localhost:8080/make?process=true	undefined	
2017/12/26 18:18:18		Event	8qTTXqL8OvXxPZLgAGwTkipTas7Hka9q				pageView						/proxy/log?name=pageView&type=event&loading=false	http://localhost:8080/profile	undefined	
2017/12/26 18:18:18		Event	3LCYDW2Rfj8cl1LyPbp5c3nMp9xsvIbn				pageView						/proxy/log?name=pageView&type=event&loading=false	http://localhost:8080/activity/xiaozhuo/1?spinfocode=0100001001	undefined	
2017/12/26 18:18:21	0100001001	Event	Reu7XkuGbQ5dKTdn0VvJCm8n7VeeIjgp				pageView						/proxy/log?name=pageView&type=event&loading=false	http://localhost:8080/activity/xiaozhuo/1?spinfocode=0100001001	undefined	
2017/12/26 18:18:22	0100001001	Event	Reu7XkuGbQ5dKTdn0VvJCm8n7VeeIjgp				pageView						/proxy/log?name=pageView&type=event&loading=false	http://localhost:8080/activity/xiaozhuo/1?spinfocode=0100001001	undefined	
2017/12/26 18:18:59	0100001001	Event	Reu7XkuGbQ5dKTdn0VvJCm8n7VeeIjgp				pageView						/proxy/log?name=pageView&type=event&loading=false	http://localhost:8080/profile	undefined	
2017/12/26 18:21:42	0100001001	Event	Reu7XkuGbQ5dKTdn0VvJCm8n7VeeIjgp				pageView						/proxy/log?name=pageView&type=event&loading=false	http://localhost:8080/login	undefined	
2017/12/26 18:34:47	0100001001	Event	Reu7XkuGbQ5dKTdn0VvJCm8n7VeeIjgp				pageView						/proxy/log?name=pageView&type=event&loading=false	http://localhost:8080/profile	undefined	
2017/12/26 18:34:47	0100001001	Event	Reu7XkuGbQ5dKTdn0VvJCm8n7VeeIjgp				pageView						/proxy/log?name=pageView&type=event&loading=false	http://localhost:8080/activity/xiaozhuo/1?spinfocode=0100001001	undefined	
2017/12/26 18:34:49	0100001001	Event	Reu7XkuGbQ5dKTdn0VvJCm8n7VeeIjgp				pageView						/proxy/log?name=pageView&type=event&loading=false	http://localhost:8080/activity/xiaozhuo/1?spinfocode=0100001001	undefined	
2017/12/26 18:34:51	0100001001	Event	Reu7XkuGbQ5dKTdn0VvJCm8n7VeeIjgp				pageView						/proxy/log?name=pageView&type=event&loading=false	http://localhost:8080/profile	undefined	
2017/12/26 18:38:47	0100001001	Interface	Reu7XkuGbQ5dKTdn0VvJCm8n7VeeIjgp				/api/login/loginmsg	phone=18324490333&fromType=2&spinfoCode=0100001001					/api/login/loginmsg?phone=18324490333&fromType=2&spinfoCode=0100001001	http://localhost:8080/login	undefined	
2017/12/26 18:41:41	0100001001	Event	Reu7XkuGbQ5dKTdn0VvJCm8n7VeeIjgp	92	18324490333		pageView						/proxy/log?name=pageView&type=event&loading=false	http://localhost:8080/login	undefined	
2017/12/26 18:41:41	0100001001	Event	Reu7XkuGbQ5dKTdn0VvJCm8n7VeeIjgp	92	18324490333		pageView						/proxy/log?name=pageView&type=event&loading=false	http://localhost:8080/login	undefined	
2017/12/26 18:41:41	0100001001	Interface	Reu7XkuGbQ5dKTdn0VvJCm8n7VeeIjgp	92	18324490333		/api/login/loginmsg	phone=18324490333					/api/login/loginmsg?phone=18324490333	http://localhost:8080/profile	undefined	
2017/12/26 18:41:54	0100001001	Event	Reu7XkuGbQ5dKTdn0VvJCm8n7VeeIjgp	92	18324490333		pageView						/proxy/log?name=pageView&type=event&loading=false	http://localhost:8080/activity/xiaozhuo/1?spinfocode=0100001001	undefined	
2017/12/26 18:41:56	0100001001	Event	Reu7XkuGbQ5dKTdn0VvJCm8n7VeeIjgp	92	18324490333		pageView						/proxy/log?name=pageView&type=event&loading=false	http://localhost:8080/activity/xiaozhuo/1?spinfocode=0100001001	undefined	
2017/12/26 18:41:56	0100001001	Interface	Reu7XkuGbQ5dKTdn0VvJCm8n7VeeIjgp	92	18324490333		/api/login/loginmsg	phone=18324490333					/api/login/loginmsg?phone=18324490333	http://localhost:8080/profile	undefined	
2017/12/26 18:42:01		Event	yJOEks4HKjmmeVfwIE_yu01gXP5IfP1c				pageView						/proxy/log?name=pageView&type=event&loading=false	http://localhost:8080/activity/xiaozhuo/1?spinfocode=0100001001	undefined	
2017/12/26 18:42:03		Event	4z_rrqE7M-AiR-0jsZhXjL00Fh8G1YBA				pageView						/proxy/log?name=pageView&type=event&loading=false	http://localhost:8080/activity/xiaozhuo/1?spinfocode=0100001001	undefined	
2017/12/26 18:42:04		Event	gJO54JdOrs2FFzJCpCOKxx8F36J57LsM				pageView						/proxy/log?name=pageView&type=event&loading=false	http://localhost:8080/profile	undefined	
2017/12/26 18:42:22		Interface	TTfFeVmWvzPMeT77mTxmuIb3FfJvS87z				/api/login/loginmsg	phone=18324490333&fromType=2					/api/login/loginmsg?phone=18324490333&fromType=2	http://localhost:8080/login	undefined	
2017/12/26 18:45:09		Interface	HXfoiaBmZjCEvDRcQog6Cl_MWdeqZjkC				/api/login/loginmsg	phone=18324490333&fromType=2					/api/login/loginmsg?phone=18324490333&fromType=2	http://localhost:8080/login	undefined	
2017/12/26 18:45:26		Event	HXfoiaBmZjCEvDRcQog6Cl_MWdeqZjkC	92	18324490333		pageView						/proxy/log?name=pageView&type=event&loading=false	http://localhost:8080/login	undefined	
2017/12/26 18:50:07		Event	HXfoiaBmZjCEvDRcQog6Cl_MWdeqZjkC	92	18324490333		pageView						/proxy/log?name=pageView&type=event&loading=false	http://localhost:8080/login	undefined	
2017/12/26 18:50:07		Event	HXfoiaBmZjCEvDRcQog6Cl_MWdeqZjkC	92	18324490333		pageView						/proxy/log?name=pageView&type=event&loading=false	http://localhost:8080/login	undefined	
2017/12/26 18:50:08		Interface	HXfoiaBmZjCEvDRcQog6Cl_MWdeqZjkC	92	18324490333		/api/login/loginmsg	phone=18324490333					/api/login/loginmsg?phone=18324490333	http://localhost:8080/profile	undefined	
2017/12/26 18:50:15		Event	2jNgMbcUoPOHVqMC8_a2kI_MarlcMeV9				pageView						/proxy/log?name=pageView&type=event&loading=false	http://localhost:8080/activity/xiaozhuo/1?spinfocode=0100001001	undefined	
2017/12/26 18:50:17		Event	Y94Edub9-ry8l5X0rdTAkQXe4PWyQlwF				pageView						/proxy/log?name=pageView&type=event&loading=false	http://localhost:8080/activity/xiaozhuo/1?spinfocode=0100001001	undefined	
2017/12/26 18:50:18		Event	j136eK0EKU495U5mDvhGofYyuzCqvO1D				pageView						/proxy/log?name=pageView&type=event&loading=false	http://localhost:8080/profile	undefined	
2017/12/26 18:50:38		Interface	AkwslM-ZZfkIyc_ss9DT9vv97L_OlCt4				/api/login/loginmsg	phone=18324490333&fromType=2					/api/login/loginmsg?phone=18324490333&fromType=2	http://localhost:8080/login	undefined	
2017/12/26 18:50:45		Event	AkwslM-ZZfkIyc_ss9DT9vv97L_OlCt4	92	18324490333		pageView						/proxy/log?name=pageView&type=event&loading=false	http://localhost:8080/login	undefined	
2017/12/26 18:51:15		Event	AkwslM-ZZfkIyc_ss9DT9vv97L_OlCt4	92	18324490333		nextStep						/proxy/log?name=nextStep&type=event&loading=false	http://localhost:8080/make?process=true	undefined	
2017/12/26 18:51:15		Interface	AkwslM-ZZfkIyc_ss9DT9vv97L_OlCt4	92	18324490333		/api/user/changecard	uid=92&companyName=%E7%A5%96%E7%8E%9B%E7%A7%91%E6%8A%80&name=&address=%E8%A5%BF%E6%BA%AA%E8%B0%B7%E5%95%86%E5%8A%A1%E4%B8%AD%E5%BF%83					/api/user/changecard?uid=92&companyName=%E7%A5%96%E7%8E%9B%E7%A7%91%E6%8A%80&name=&address=%E8%A5%BF%E6%BA%AA%E8%B0%B7%E5%95%86%E5%8A%A1%E4%B8%AD%E5%BF%83	http://localhost:8080/make?process=true	undefined	
2017/12/26 18:51:15		Event	AkwslM-ZZfkIyc_ss9DT9vv97L_OlCt4	92	18324490333		pageView						/proxy/log?name=pageView&type=event&loading=false	http://localhost:8080/make?process=true	undefined	
2017/12/26 18:51:15		Event	AkwslM-ZZfkIyc_ss9DT9vv97L_OlCt4	92	18324490333		pageView						/proxy/log?name=pageView&type=event&loading=false	http://localhost:8080/make?process=true	undefined	
2017/12/26 18:51:15		Event	AkwslM-ZZfkIyc_ss9DT9vv97L_OlCt4	92	18324490333		pageView						/proxy/log?name=pageView&type=event&loading=false	http://localhost:8080/login	undefined	
2017/12/26 18:51:15		Interface	AkwslM-ZZfkIyc_ss9DT9vv97L_OlCt4	92	18324490333		/api/login/loginmsg	phone=18324490333					/api/login/loginmsg?phone=18324490333	http://localhost:8080/profile	undefined	
2017/12/26 18:54:29		Event	AkwslM-ZZfkIyc_ss9DT9vv97L_OlCt4	92	18324490333		pageView						/proxy/log?name=pageView&type=event&loading=false	http://localhost:8080/pay	undefined	
2017/12/26 18:54:42		Event	AkwslM-ZZfkIyc_ss9DT9vv97L_OlCt4	92	18324490333		pageView						/proxy/log?name=pageView&type=event&loading=false	http://localhost:8080/pay?repay=true	undefined	
2017/12/26 18:54:49		Event	AkwslM-ZZfkIyc_ss9DT9vv97L_OlCt4	92	18324490333		pageView						/proxy/log?name=pageView&type=event&loading=false	http://localhost:8080/pay	undefined	
2017/12/26 18:54:57		Event	AkwslM-ZZfkIyc_ss9DT9vv97L_OlCt4	92	18324490333		pageView						/proxy/log?name=pageView&type=event&loading=false	http://localhost:8080/profile	undefined	
2017/12/26 18:54:58		Interface	AkwslM-ZZfkIyc_ss9DT9vv97L_OlCt4	92	18324490333		/api/login/loginmsg	phone=18324490333					/api/login/loginmsg?phone=18324490333	http://localhost:8080/profile	undefined	
2017/12/26 18:55:08		Event	AkwslM-ZZfkIyc_ss9DT9vv97L_OlCt4	92	18324490333		pageView						/proxy/log?name=pageView&type=event&loading=false	http://localhost:8080/make?process=true	undefined	
2017/12/26 18:55:16		Event	AkwslM-ZZfkIyc_ss9DT9vv97L_OlCt4	92	18324490333		pageView						/proxy/log?name=pageView&type=event&loading=false	http://localhost:8080/login	undefined	
2017/12/26 18:55:16		Event	AkwslM-ZZfkIyc_ss9DT9vv97L_OlCt4	92	18324490333		pageView						/proxy/log?name=pageView&type=event&loading=false	http://localhost:8080/login	undefined	
2017/12/26 18:55:16		Interface	AkwslM-ZZfkIyc_ss9DT9vv97L_OlCt4	92	18324490333		/api/login/loginmsg	phone=18324490333					/api/login/loginmsg?phone=18324490333	http://localhost:8080/profile	undefined	
2017/12/26 18:55:21		Event	AkwslM-ZZfkIyc_ss9DT9vv97L_OlCt4	92	18324490333		pageView						/proxy/log?name=pageView&type=event&loading=false	http://localhost:8080/activity/xiaozhuo/1?spinfocode=0100001001	undefined	
2017/12/26 18:55:23	0100001001	Event	AkwslM-ZZfkIyc_ss9DT9vv97L_OlCt4	92	18324490333		pageView						/proxy/log?name=pageView&type=event&loading=false	http://localhost:8080/activity/xiaozhuo/1?spinfocode=0100001001	undefined	
2017/12/26 18:55:27	0100001001	Event	AkwslM-ZZfkIyc_ss9DT9vv97L_OlCt4	92	18324490333		pageView						/proxy/log?name=pageView&type=event&loading=false	http://localhost:8080/activity/xiaozhuo/1?spinfocode=0100001001	undefined	
2017/12/26 18:55:43	0100001001	Event	AkwslM-ZZfkIyc_ss9DT9vv97L_OlCt4	92	18324490333		pageView						/proxy/log?name=pageView&type=event&loading=false	http://localhost:8080/activity/xiaozhuo/1?spinfocode=0100001001	undefined	
2017/12/26 18:56:49	0100001001	Event	AkwslM-ZZfkIyc_ss9DT9vv97L_OlCt4	92	18324490333		pageView						/proxy/log?name=pageView&type=event&loading=false	http://localhost:8080/activity/xiaozhuo/1?spinfocode=0100001001	undefined	
2017/12/26 18:57:01	0100001001	Event	AkwslM-ZZfkIyc_ss9DT9vv97L_OlCt4	92	18324490333		nextStep						/proxy/log?name=nextStep&type=event&loading=false	http://localhost:8080/make?process=true	undefined	
2017/12/26 18:57:01	0100001001	Event	AkwslM-ZZfkIyc_ss9DT9vv97L_OlCt4	92	18324490333		pageView						/proxy/log?name=pageView&type=event&loading=false	http://localhost:8080/make?process=true	undefined	
2017/12/26 18:57:25	0100001001	Event	AkwslM-ZZfkIyc_ss9DT9vv97L_OlCt4	92	18324490333		pageView						/proxy/log?name=pageView&type=event&loading=false	http://localhost:8080/make?process=true	undefined	
2017/12/26 18:57:26	0100001001	Event	AkwslM-ZZfkIyc_ss9DT9vv97L_OlCt4	92	18324490333		pageView						/proxy/log?name=pageView&type=event&loading=false	http://localhost:8080/activity/xiaozhuo/1?spinfocode=0100001001	undefined	
2017/12/26 18:57:28	0100001001	Event	AkwslM-ZZfkIyc_ss9DT9vv97L_OlCt4	92	18324490333		pageView						/proxy/log?name=pageView&type=event&loading=false	http://localhost:8080/activity/xiaozhuo/1?spinfocode=0100001001	undefined	
2017/12/26 18:57:28	0100001001	Interface	AkwslM-ZZfkIyc_ss9DT9vv97L_OlCt4	92	18324490333		/api/login/loginmsg	phone=18324490333					/api/login/loginmsg?phone=18324490333	http://localhost:8080/profile	undefined	
2017/12/26 18:57:41	0100001001	Event	AkwslM-ZZfkIyc_ss9DT9vv97L_OlCt4	92	18324490333		repay						/proxy/log?name=repay&type=event&loading=false	http://localhost:8080/profile	undefined	
2017/12/26 18:57:41	0100001001	Event	AkwslM-ZZfkIyc_ss9DT9vv97L_OlCt4	92	18324490333		pageView						/proxy/log?name=pageView&type=event&loading=false	http://localhost:8080/profile	undefined	
2017/12/26 18:57:45	0100001001	Event	AkwslM-ZZfkIyc_ss9DT9vv97L_OlCt4	92	18324490333		pageView						/proxy/log?name=pageView&type=event&loading=false	http://localhost:8080/profile	undefined	
2017/12/26 18:57:45	0100001001	Interface	AkwslM-ZZfkIyc_ss9DT9vv97L_OlCt4	92	18324490333		/api/login/loginmsg	phone=18324490333					/api/login/loginmsg?phone=18324490333	http://localhost:8080/profile	undefined	
2017/12/26 18:59:02	0100001001	Interface	AkwslM-ZZfkIyc_ss9DT9vv97L_OlCt4	92	18324490333		/api/login/loginmsg	phone=18324490333					/api/login/loginmsg?phone=18324490333	http://localhost:8080/profile	undefined	
2017/12/26 18:59:27	0100001001	Interface	AkwslM-ZZfkIyc_ss9DT9vv97L_OlCt4	92	18324490333		/api/login/loginmsg	phone=18324490333					/api/login/loginmsg?phone=18324490333	http://localhost:8080/profile	undefined	
2017/12/26 18:59:30	0100001001	Event	AkwslM-ZZfkIyc_ss9DT9vv97L_OlCt4	92	18324490333		pageView						/proxy/log?name=pageView&type=event&loading=false	http://localhost:8080/profile	undefined	
2017/12/26 18:59:31	0100001001	Interface	AkwslM-ZZfkIyc_ss9DT9vv97L_OlCt4	92	18324490333		/api/login/loginmsg	phone=18324490333					/api/login/loginmsg?phone=18324490333	http://localhost:8080/profile	undefined	
2017/12/26 18:59:34	0100001001	Event	AkwslM-ZZfkIyc_ss9DT9vv97L_OlCt4	92	18324490333		startVip						/proxy/log?name=startVip&type=event&loading=false	http://localhost:8080/profile	undefined	
2017/12/26 18:59:34	0100001001	Event	AkwslM-ZZfkIyc_ss9DT9vv97L_OlCt4	92	18324490333		pageView						/proxy/log?name=pageView&type=event&loading=false	http://localhost:8080/profile	undefined	
2017/12/26 18:59:43	0100001001	Event	AkwslM-ZZfkIyc_ss9DT9vv97L_OlCt4	92	18324490333		pageView						/proxy/log?name=pageView&type=event&loading=false	http://localhost:8080/profile	undefined	
2017/12/26 18:59:43	0100001001	Interface	AkwslM-ZZfkIyc_ss9DT9vv97L_OlCt4	92	18324490333		/api/login/loginmsg	phone=18324490333					/api/login/loginmsg?phone=18324490333	http://localhost:8080/profile	undefined	
2017/12/26 18:59:44	0100001001	Event	AkwslM-ZZfkIyc_ss9DT9vv97L_OlCt4	92	18324490333		pageView						/proxy/log?name=pageView&type=event&loading=false	http://localhost:8080/activity/xiaozhuo/1?spinfocode=0100001001	undefined	
2017/12/26 18:59:51	0100001001	Event	AkwslM-ZZfkIyc_ss9DT9vv97L_OlCt4	92	18324490333		pageView						/proxy/log?name=pageView&type=event&loading=false	http://localhost:8080/activity/xiaozhuo/1?spinfocode=0100001001	undefined	
2017/12/26 18:59:51	0100001001	Interface	AkwslM-ZZfkIyc_ss9DT9vv97L_OlCt4	92	18324490333		/api/login/loginmsg	phone=18324490333					/api/login/loginmsg?phone=18324490333	http://localhost:8080/profile	undefined	
2017/12/26 18:59:55	0100001001	Event	AkwslM-ZZfkIyc_ss9DT9vv97L_OlCt4	92	18324490333		pageView						/proxy/log?name=pageView&type=event&loading=false	http://localhost:8080/activity/xiaozhuo/1?spinfocode=0100001001	undefined	
2017/12/26 18:59:57	0100001001	Event	AkwslM-ZZfkIyc_ss9DT9vv97L_OlCt4	92	18324490333		pageView						/proxy/log?name=pageView&type=event&loading=false	http://localhost:8080/activity/xiaozhuo/1?spinfocode=0100001001	undefined	
2017/12/26 18:59:59	0100001001	Event	AkwslM-ZZfkIyc_ss9DT9vv97L_OlCt4	92	18324490333		pageView						/proxy/log?name=pageView&type=event&loading=false	http://localhost:8080/activity/xiaozhuo/1?spinfocode=0100001001	undefined	
2017/12/26 19:00:27	0100001001	Event	VyFvDLPG7FN99-u2wif9wKJoy0kxABEl				pageView						/proxy/log?name=pageView&type=event&loading=false	http://localhost:8080/activity/xiaozhuo/1?spinfocode=0100001001	undefined	
2017/12/26 19:00:32	0100001001	Event	VyFvDLPG7FN99-u2wif9wKJoy0kxABEl				pageView						/proxy/log?name=pageView&type=event&loading=false	http://localhost:8080/activity/xiaozhuo/1?spinfocode=0100001001	undefined	
2017/12/26 19:00:50	0100001001	Interface	VyFvDLPG7FN99-u2wif9wKJoy0kxABEl				/api/login/loginmsg	phone=18324490333&fromType=2&spinfoCode=0100001001					/api/login/loginmsg?phone=18324490333&fromType=2&spinfoCode=0100001001	http://localhost:8080/login	undefined	
2017/12/26 19:01:54	0100001001	Event	VyFvDLPG7FN99-u2wif9wKJoy0kxABEl	92	18324490333		pageView						/proxy/log?name=pageView&type=event&loading=false	http://localhost:8080/activity/xiaozhuo/1?spinfocode=0100001001	undefined	
2017/12/26 19:01:56	0100001001	Event	VyFvDLPG7FN99-u2wif9wKJoy0kxABEl	92	18324490333		pageView						/proxy/log?name=pageView&type=event&loading=false	http://localhost:8080/activity/xiaozhuo/1?spinfocode=0100001001	undefined	
2017/12/26 19:01:56	0100001001	Interface	VyFvDLPG7FN99-u2wif9wKJoy0kxABEl	92	18324490333		/api/login/loginmsg	phone=18324490333					/api/login/loginmsg?phone=18324490333	http://localhost:8080/profile	undefined	
2017/12/26 19:01:57	0100001001	Event	VyFvDLPG7FN99-u2wif9wKJoy0kxABEl	92	18324490333		pageView						/proxy/log?name=pageView&type=event&loading=false	http://localhost:8080/activity/xiaozhuo/1?spinfocode=0100001001	undefined	
2017/12/26 19:02:02		Event	4YUHCv0o_9NQZj68ndVaMKRAXa0Lifel				pageView						/proxy/log?name=pageView&type=event&loading=false	http://localhost:8080/activity/xiaozhuo/1?spinfocode=0100001001	undefined	
2017/12/26 19:02:02		Event	J6Dmwi_mBGp5XY2u50gK7bTCaEBgq7HU				pageView						/proxy/log?name=pageView&type=event&loading=false	http://localhost:8080/activity/xiaozhuo/1?spinfocode=0100001001	undefined	
2017/12/26 19:02:19		Event	wE5xJuq3ZcHQAPRMVgxTus-oOSu347lP				pageView						/proxy/log?name=pageView&type=event&loading=false	http://localhost:8080/activity/xiaozhuo/1?spinfocode=0100001001	undefined	
2017/12/26 19:02:20		Event	o-A1ha4BATTyYF9dpaLGelU9F2qMqc91				pageView						/proxy/log?name=pageView&type=event&loading=false	http://localhost:8080/activity/xiaozhuo/1?spinfocode=0100001001	undefined	
2017/12/26 19:02:23		Event	6y7P1eL5f8KyP4f-fe53pXiWynt08_e3				pageView						/proxy/log?name=pageView&type=event&loading=false	http://localhost:8080/profile	undefined	
2017/12/26 19:02:25		Event	GZVg_Q3_705ZBupRTIZjQ9Z-FswIS_br				pageView						/proxy/log?name=pageView&type=event&loading=false	http://localhost:8080/profile	undefined	
2017/12/26 19:02:25		Event	jcOQYMiqbEYPisr2NSFNGodGQkOiiwgm				pageView						/proxy/log?name=pageView&type=event&loading=false	http://localhost:8080/activity/xiaozhuo/1?spinfocode=0100001001	undefined	
2017/12/26 19:02:27		Event	QIc03qz-6WJzgClkRunkwKdRt_dcDMJi				pageView						/proxy/log?name=pageView&type=event&loading=false	http://localhost:8080/activity/xiaozhuo/1?spinfocode=0100001001	undefined	
2017/12/26 19:02:32		Event	0VTgrykeC1qZbC5zLQwKsIzq4XBfVreA				pageView						/proxy/log?name=pageView&type=event&loading=false	http://localhost:8080/activity/xiaozhuo/1?spinfocode=0100001001	undefined	
2017/12/26 19:02:34		Event	IJRTifIV1TVfZ5w5emMMW74l4NwzsKuM				pageView						/proxy/log?name=pageView&type=event&loading=false	http://localhost:8080/activity/xiaozhuo/1?spinfocode=0100001001	undefined	
2017/12/26 19:02:39		Event	pEg4vWo0MDuLM5ftNXPkJxlCJvF-UfOO				pageView						/proxy/log?name=pageView&type=event&loading=false	http://localhost:8080/activity/xiaozhuo/1?spinfocode=0100001001	undefined	
2017/12/26 19:02:41		Event	IAPkHsKLrVfaHW4O2wg6HKaJsIh4y-P0				pageView						/proxy/log?name=pageView&type=event&loading=false	http://localhost:8080/activity/xiaozhuo/1?spinfocode=0100001001	undefined	
2017/12/26 19:03:28		Event	fl8pLDcNRHvy0Ag-xrEkcZmX-OyA2gIc				pageView						/proxy/log?name=pageView&type=event&loading=false	http://localhost:8080/activity/xiaozhuo/1?spinfocode=0100001001	undefined	
2017/12/26 19:03:54	0100001001	Event	2EFzt7f6lwYl42o9Rk5d6iLTjtz5XlNy				pageView						/proxy/log?name=pageView&type=event&loading=false	http://localhost:8080/activity/xiaozhuo/1?spinfocode=0100001001	undefined	
2017/12/26 19:03:58	0100001001	Event	2EFzt7f6lwYl42o9Rk5d6iLTjtz5XlNy				pageView						/proxy/log?name=pageView&type=event&loading=false	http://localhost:8080/activity/xiaozhuo/1?spinfocode=0100001001	undefined	
2017/12/26 19:04:13	0100001001	Interface	2EFzt7f6lwYl42o9Rk5d6iLTjtz5XlNy				/api/login/loginmsg	phone=18324490333&fromType=2&spinfoCode=0100001001					/api/login/loginmsg?phone=18324490333&fromType=2&spinfoCode=0100001001	http://localhost:8080/login	undefined	
2017/12/26 19:04:13	0100001001	Event	2EFzt7f6lwYl42o9Rk5d6iLTjtz5XlNy	92	18324490333		pageView						/proxy/log?name=pageView&type=event&loading=false	http://localhost:8080/login	undefined	
2017/12/26 19:04:13	0100001001	Interface	2EFzt7f6lwYl42o9Rk5d6iLTjtz5XlNy	92	18324490333		/api/login/loginmsg	phone=18324490333					/api/login/loginmsg?phone=18324490333	http://localhost:8080/profile?process=true	undefined	
2017/12/26 19:06:37	0100001001	Event	2EFzt7f6lwYl42o9Rk5d6iLTjtz5XlNy	92	18324490333		pageView						/proxy/log?name=pageView&type=event&loading=false	http://localhost:8080/activity/xiaozhuo/1?spinfocode=0100001001	undefined	
2017/12/26 19:06:43	0100001001	Event	bgB88IFbrvcNlAekr19-YpgfzWBfejR9				pageView						/proxy/log?name=pageView&type=event&loading=false	http://localhost:8080/activity/xiaozhuo/1?spinfocode=0100001001	undefined	
2017/12/26 19:06:44	0100001001	Event	bgB88IFbrvcNlAekr19-YpgfzWBfejR9				pageView						/proxy/log?name=pageView&type=event&loading=false	http://localhost:8080/activity/xiaozhuo/1?spinfocode=0100001001	undefined	
2017/12/26 19:07:17	0100001001	Interface	bgB88IFbrvcNlAekr19-YpgfzWBfejR9				/api/login/loginmsg	phone=18324490333&fromType=2&spinfoCode=0100001001					/api/login/loginmsg?phone=18324490333&fromType=2&spinfoCode=0100001001	http://localhost:8080/login	undefined	
2017/12/26 19:07:17	0100001001	Event	bgB88IFbrvcNlAekr19-YpgfzWBfejR9	92	18324490333		pageView						/proxy/log?name=pageView&type=event&loading=false	http://localhost:8080/login	undefined	
2017/12/26 19:07:32	0100001001	Event	bgB88IFbrvcNlAekr19-YpgfzWBfejR9	92	18324490333		pageView						/proxy/log?name=pageView&type=event&loading=false	http://localhost:8080/activity/xiaozhuo/1?spinfocode=0100001001	undefined	
2017/12/26 19:07:34	0100001001	Event	bgB88IFbrvcNlAekr19-YpgfzWBfejR9	92	18324490333		pageView						/proxy/log?name=pageView&type=event&loading=false	http://localhost:8080/activity/xiaozhuo/1?spinfocode=0100001001	undefined	
2017/12/26 19:07:34	0100001001	Interface	bgB88IFbrvcNlAekr19-YpgfzWBfejR9	92	18324490333		/api/login/loginmsg	phone=18324490333					/api/login/loginmsg?phone=18324490333	http://localhost:8080/profile	undefined	
2017/12/26 19:07:47	0100001001	Event	bgB88IFbrvcNlAekr19-YpgfzWBfejR9	92	18324490333		pageView						/proxy/log?name=pageView&type=event&loading=false	http://localhost:8080/activity/xiaozhuo/1?spinfocode=0100001001	undefined	
2017/12/26 19:32:16	0100001001	Event	bgB88IFbrvcNlAekr19-YpgfzWBfejR9	92	18324490333		pageView						/proxy/log?name=pageView&type=event&loading=false	http://localhost:8080/activity/xiaozhuo/1?spinfocode=0100001001	undefined	
2017/12/26 19:33:31	0100001001	Event	bgB88IFbrvcNlAekr19-YpgfzWBfejR9	92	18324490333		pageView						/proxy/log?name=pageView&type=event&loading=false	http://localhost:8080/activity/xiaozhuo/1?spinfocode=0100001001	undefined	
