2017/09/05 12:45:33		Event	uV9eNmFjKkewlreBnEo_SMMQqmSRoebW				toMake						/proxy/log?name=toMake&type=event	http://localhost:8080/	::1	
2017/09/05 12:45:33		Event	c63gCiSz7kXUAK007QOvFcQOsqhyZp0l				toMake						/proxy/log?name=toMake&type=event	http://localhost:8080/activity/one?a=BSPVBKEJDKW	::1	
2017/09/05 12:45:36		Event	G-E9O8ELhKT832cHCD1pu6qe8QGRitFv				toMake						/proxy/log?name=toMake&type=event	http://localhost:8080/activity/one?a=BSPVBKEJDKW	::1	
2017/09/05 12:46:22		Event	undefined				toMake						/proxy/log?name=toMake&type=event	http://localhost:8080/activity/one?a=BSPVBKEJDKW	::1	
2017/09/05 12:48:53		Visit	xbjHFl-CH-fvI4ahJI8OS8buNtEQ0_sQ										/?		::1	Mozilla/5.0 (iPhone; CPU iPhone OS 9_1 like Mac OS X) AppleWebKit/601.1.46 (KHTML, like Gecko) Version/9.0 Mobile/13B143 Safari/601.1
2017/09/05 12:54:38		Visit	LB0Ro3n-be59W-ZZIOiKHYBdePUuS9MJ										/?		::1	Mozilla/5.0 (iPhone; CPU iPhone OS 9_1 like Mac OS X) AppleWebKit/601.1.46 (KHTML, like Gecko) Version/9.0 Mobile/13B143 Safari/601.1
2017/09/05 12:54:39		Event	QEtSJbTk52DU8VHx5oyEyRal2mK4WXpw				toMake						/proxy/log?name=toMake&type=event	http://localhost:8060/	::1	
2017/09/05 12:55:09		Event	9Jha9JtH7EB3PRGvL2Js7q_1G_fURJsP				toMake						/proxy/log?name=toMake&type=event	http://localhost:8060/	::1	
2017/09/05 12:56:45		Event	9Jha9JtH7EB3PRGvL2Js7q_1G_fURJsP				toMake						/proxy/log?name=toMake&type=event	http://localhost:8060/	::ffff:127.0.0.1	
2017/09/05 12:57:03		Event	9Jha9JtH7EB3PRGvL2Js7q_1G_fURJsP				toMake						/proxy/log?name=toMake&type=event	http://localhost:8060/	::ffff:127.0.0.1	
2017/09/05 12:57:18		Event	9Jha9JtH7EB3PRGvL2Js7q_1G_fURJsP				toMake						/proxy/log?name=toMake&type=event	http://localhost:8060/	::1	
2017/09/05 12:59:36		Event	9Jha9JtH7EB3PRGvL2Js7q_1G_fURJsP		15555373875		toMake						/proxy/log?name=toMake&type=event	http://localhost:8060/activity/one?a=BSPVBKEJDKW	::1	
2017/09/05 13:00:10		Event	9Jha9JtH7EB3PRGvL2Js7q_1G_fURJsP		15555373875		toMake						/proxy/log?name=toMake&type=event	http://localhost:8080/	::1	
2017/09/05 13:00:21		Event	9Jha9JtH7EB3PRGvL2Js7q_1G_fURJsP		15555373875		toMake						/proxy/log?name=toMake&type=event	http://localhost:8080/activity/one?a=BSPVBKEJDKW	::1	
2017/09/05 13:42:43		Event	fMswLPPeotMbcl9BN98zFSTATGdO5O_Q				toMake						/proxy/log?name=toMake&type=event	http://localhost:8080/make?isfree=true&process=true	::1	
2017/09/05 13:58:05		Event	9T9c0XUlOPDbV0zKTLGboZ-nUEs5gXS2				toMake						/proxy/log?name=toMake&type=event	http://localhost:8080/activity/one?a=BSPVBKEJDKW	::1	
2017/09/05 13:58:35		Event	0v9p6RgMWnAfpI4XBWOt8coq7Q2B17mu				toMake						/proxy/log?name=toMake&type=event	http://localhost:8080/activity/one?a=BSPVBKEJDKW	::1	
2017/09/05 13:59:32		Event	Jnb_Tvz0S6JePwaHupnAzu_KL_rHYErn				toMake						/proxy/log?name=toMake&type=event	http://localhost:8080/	::1	
2017/09/05 13:59:38		Event	ybo4L0_FSyTztPo6e2cm9iR7NF4utmw9				toMake						/proxy/log?name=toMake&type=event	http://localhost:8080/activity/one?a=BSPVBKEJDKW	::1	
2017/09/05 14:00:32		Event	XVFSqM3Ne6oOrMCeV9zcLhb99ccwy3Z8				toMake						/proxy/log?name=toMake&type=event	http://localhost:8080/activity/one?a=BSPVBKEJDKW	::1	
2017/09/05 14:02:52		Event	F8lOqscsm-MPEZVboWb-XGKKyZ916PCA				toMake						/proxy/log?name=toMake&type=event	http://localhost:8080/make?isfree=true&process=true	::1	
2017/09/05 14:04:01		Event	9kLOWd3Z7WDVXmhkxaJYvwYY9UzfZd9R				toMake						/proxy/log?name=toMake&type=event	http://localhost:8080/make?isfree=true&process=true	::1	
2017/09/05 14:06:36		Event	jfBNrChE6UsyS1t3qERUquzoS_sKV9hj				toMake						/proxy/log?name=toMake&type=event	http://localhost:8080/make?isfree=true&process=true	::1	
2017/09/05 14:16:34		Event	4zBO2y0JZvcTLynaEzHMOh4c7pO0Ssmm				toMake						/proxy/log?name=toMake&type=event	http://localhost:8080/make?isfree=true&process=true	::1	
2017/09/05 14:22:57		Event	82fLPXa3f5XDTnwY0IELK9SnFTfgA59W				toMake						/proxy/log?name=toMake&type=event	http://localhost:8080/make?isfree=true&process=true	::1	
2017/09/05 14:25:52		Event	pm36KVwUxZRTnadNxhQAL0DQmjJ8PABf				toMake						/proxy/log?name=toMake&type=event	http://localhost:8080/login?process=true	::1	
2017/09/05 14:26:26		Event	b0fvMpAY2a0PFFeCiYW2-HkBskrctub-				toMake						/proxy/log?name=toMake&type=event	http://localhost:8080/login?process=true	::1	
2017/09/05 14:27:31		Event	b2vo6Gv4I1AYR20Rvby5RFp8Rmjlatl0				toMake						/proxy/log?name=toMake&type=event	http://localhost:8080/login?process=true	::1	
2017/09/05 14:29:09		Event	fqvIXAYDZgfbShIY3-dYBw1pbL2BJr8Z				toMake						/proxy/log?name=toMake&type=event	http://localhost:8080/login?process=true	::1	
2017/09/05 14:30:28		Event	Bq_RbRFXFWbV9BDpK3Xd_aZBr_YlCCcM				toMake						/proxy/log?name=toMake&type=event	http://localhost:8080/pay	::1	
2017/09/05 14:30:31		Event	eaw__MTRaTlmlF7X4-pd18K-ln7Mj3HR				toMake						/proxy/log?name=toMake&type=event	http://localhost:8080/pay?process=true	::1	
2017/09/05 14:33:21		Event	kt7-Ay4NPY0CE9WYKG8qxD8BcOnK8jGW				toMake						/proxy/log?name=toMake&type=event	http://localhost:8080/pay?process=true	::1	
2017/09/05 14:33:22		Event	dAqBgDruvBW7htB8UB_7GSTJPRUP6jaK				toMake						/proxy/log?name=toMake&type=event	http://localhost:8080/pay?process=true	::1	
2017/09/05 14:34:12		Event	CIgskNrJYHaT48leJMqo6s4rQggluydw				toMake						/proxy/log?name=toMake&type=event	http://localhost:8080/pay?process=true	::1	
2017/09/05 14:34:18		Event	qnrLiKrhk6sS0Y4j4BWtG9E3cVAZKCY0				toMake						/proxy/log?name=toMake&type=event	http://localhost:8080/make	::1	
2017/09/05 14:34:54		Event	iEhlCOvVLpTJuYnIWPwnOgCnVcQe1aTa				toMake						/proxy/log?name=toMake&type=event	http://localhost:8080/pay?process=true	::1	
2017/09/05 14:35:58		Event	Dk9YUVC6xxGRLfpzKBfLtFXgWRFQNEY9				toMake						/proxy/log?name=toMake&type=event	http://localhost:8080/activity/one?a=BSPVBKEJDKW	::1	
2017/09/05 14:36:40		Event	_AnBFfFBvBzQGSsHxgDrPxnAQJW_5q9J				toMake						/proxy/log?name=toMake&type=event	http://localhost:8080/activity/one?a=BSPVBKEJDKW	::1	
2017/09/05 14:37:00		Event	x3iqbLZJ8meh4bUX9RgKtPKGDFqVxBYs				toMake						/proxy/log?name=toMake&type=event	http://localhost:8080/	::1	
2017/09/05 14:37:07		Event	WAiGyLI_HkNXS-xgiA43ucRxJdm7UzGn				toMake						/proxy/log?name=toMake&type=event	http://localhost:8080/activity/one?a=BSPVBKEJDKW	::1	
2017/09/05 14:37:07		Event	AQUW4onTgpfvyD7WcMhpyaI5bOzch9aw				toMake						/proxy/log?name=toMake&type=event	http://localhost:8080/pay?process=true	::1	
2017/09/05 14:37:26		Event	J4dc4ouGO4SkgsmhrCwKUc2dZt2_jJlL				toMake						/proxy/log?name=toMake&type=event	http://localhost:8080/activity/one?a=BSPVBKEJDKW	::1	
2017/09/05 15:16:32		Event	E7oDktHMk203OUpmCOPyQkX7gh6e2j_T				toMake						/proxy/log?name=toMake&type=event	http://localhost:8060/	::1	
2017/09/05 15:16:35		Event	E7oDktHMk203OUpmCOPyQkX7gh6e2j_T				toMake						/proxy/log?name=toMake&type=event	http://localhost:8060/	::1	
2017/09/05 15:18:21		Event	E7oDktHMk203OUpmCOPyQkX7gh6e2j_T		15555373875		toMake						/proxy/log?name=toMake&type=event	http://localhost:8060/activity/one?a=BSPVBKEJDKW	::1	
2017/09/05 15:18:39		Event	E7oDktHMk203OUpmCOPyQkX7gh6e2j_T		15555373875		toMake						/proxy/log?name=toMake&type=event	http://localhost:8060/activity/one?a=BSPVBKEJDKW	::1	
