2017/12/05 09:47:21		Event	0pbMnIB3bZx73BeLD2LiMQu_MQ485ilf				pageView						/proxy/log?name=pageView&type=event&loading=false	http://localhost:8080/	::1	
2017/12/05 09:55:02		Event	0pbMnIB3bZx73BeLD2LiMQu_MQ485ilf	82	18368147785		pageView						/proxy/log?name=pageView&type=event&loading=false	http://localhost:8080/activity/4?a=JBHRWASTBZUX	::1	
2017/12/05 09:55:09		Event	0pbMnIB3bZx73BeLD2LiMQu_MQ485ilf	82	18368147785		getCard						/proxy/log?name=getCard&type=event&loading=false	http://localhost:8080/activity/4?a=JBHRWASTBZUX	::1	
2017/12/05 09:55:09		Event	0pbMnIB3bZx73BeLD2LiMQu_MQ485ilf	82	18368147785		pageView						/proxy/log?name=pageView&type=event&loading=false	http://localhost:8080/activity/4?a=JBHRWASTBZUX	::1	
2017/12/05 10:53:13		Event	2jNn5tKe2ja3yY6NRfakYhYN0lVO5FN6				chooseMonth						/proxy/log?name=chooseMonth&type=event&loading=false	http://localhost:8080/newpay	::1	
2017/12/05 10:53:18		Interface	JM38NRWWSRqs-HLzWWKzD0OkMXjtUySy				/api/order/OrderPayALogin	amount=1.50&busineType=1&month=3&phone=18368147785					/api/order/OrderPayALogin?amount=1.50&busineType=1&month=3&phone=18368147785	http://localhost:8080/newpay	::1	
2017/12/05 10:53:21		Event	JM38NRWWSRqs-HLzWWKzD0OkMXjtUySy				pageView						/proxy/log?name=pageView&type=event&loading=false	http://localhost:8080/newpay	::1	
2017/12/05 10:53:30		Event	JM38NRWWSRqs-HLzWWKzD0OkMXjtUySy				pageView						/proxy/log?name=pageView&type=event&loading=false	http://localhost:8080/compelete	::1	
2017/12/05 10:53:34		Event	JM38NRWWSRqs-HLzWWKzD0OkMXjtUySy				pageView						/proxy/log?name=pageView&type=event&loading=false	http://localhost:8080/newpay	::1	
2017/12/05 10:53:35		Event	JM38NRWWSRqs-HLzWWKzD0OkMXjtUySy				pageView						/proxy/log?name=pageView&type=event&loading=false	http://localhost:8080/compelete	::1	
2017/12/05 10:53:47		Event	JM38NRWWSRqs-HLzWWKzD0OkMXjtUySy				pageView						/proxy/log?name=pageView&type=event&loading=false	http://localhost:8080/compelete	::1	
2017/12/05 10:53:54		Event	JM38NRWWSRqs-HLzWWKzD0OkMXjtUySy				pageView						/proxy/log?name=pageView&type=event&loading=false	http://localhost:8080/newpay	::1	
2017/12/05 10:53:56		Event	JM38NRWWSRqs-HLzWWKzD0OkMXjtUySy				pageView						/proxy/log?name=pageView&type=event&loading=false	http://localhost:8080/compelete	::1	
2017/12/05 10:53:58		Event	JM38NRWWSRqs-HLzWWKzD0OkMXjtUySy				pageView						/proxy/log?name=pageView&type=event&loading=false	http://localhost:8080/newpay	::1	
2017/12/05 10:53:59		Event	JM38NRWWSRqs-HLzWWKzD0OkMXjtUySy				pageView						/proxy/log?name=pageView&type=event&loading=false	http://localhost:8080/activity/4?a=JBHRWASTBZUX	::1	
2017/12/05 10:54:02		Event	JM38NRWWSRqs-HLzWWKzD0OkMXjtUySy				getCard						/proxy/log?name=getCard&type=event&loading=false	http://localhost:8080/activity/4?a=JBHRWASTBZUX	::1	
2017/12/05 10:54:02		Event	JM38NRWWSRqs-HLzWWKzD0OkMXjtUySy				pageView						/proxy/log?name=pageView&type=event&loading=false	http://localhost:8080/activity/4?a=JBHRWASTBZUX	::1	
2017/12/05 10:54:03		Event	JM38NRWWSRqs-HLzWWKzD0OkMXjtUySy				chooseMonth						/proxy/log?name=chooseMonth&type=event&loading=false	http://localhost:8080/newpay	::1	
2017/12/05 10:54:03		Interface	JM38NRWWSRqs-HLzWWKzD0OkMXjtUySy				/api/order/OrderPayALogin	amount=1.50&busineType=1&month=3					/api/order/OrderPayALogin?amount=1.50&busineType=1&month=3	http://localhost:8080/newpay	::1	
2017/12/05 10:54:05		Event	JM38NRWWSRqs-HLzWWKzD0OkMXjtUySy				chooseMonth						/proxy/log?name=chooseMonth&type=event&loading=false	http://localhost:8080/newpay	::1	
2017/12/05 10:54:05		Interface	JM38NRWWSRqs-HLzWWKzD0OkMXjtUySy				/api/order/OrderPayALogin	amount=2.70&busineType=1&month=6					/api/order/OrderPayALogin?amount=2.70&busineType=1&month=6	http://localhost:8080/newpay	::1	
2017/12/05 10:54:07		Event	JM38NRWWSRqs-HLzWWKzD0OkMXjtUySy				pageView						/proxy/log?name=pageView&type=event&loading=false	http://localhost:8080/newpay	::1	
2017/12/05 10:54:09		Event	JM38NRWWSRqs-HLzWWKzD0OkMXjtUySy				chooseMonth						/proxy/log?name=chooseMonth&type=event&loading=false	http://localhost:8080/newpay	::1	
2017/12/05 10:54:09		Interface	JM38NRWWSRqs-HLzWWKzD0OkMXjtUySy				/api/order/OrderPayALogin	amount=1.50&busineType=1&month=3					/api/order/OrderPayALogin?amount=1.50&busineType=1&month=3	http://localhost:8080/newpay	::1	
2017/12/05 10:54:12		Event	JM38NRWWSRqs-HLzWWKzD0OkMXjtUySy				pageView						/proxy/log?name=pageView&type=event&loading=false	http://localhost:8080/newpay	::1	
2017/12/05 10:54:15		Event	JM38NRWWSRqs-HLzWWKzD0OkMXjtUySy				pageView						/proxy/log?name=pageView&type=event&loading=false	http://localhost:8080/activity/4?a=JBHRWASTBZUX	::1	
2017/12/05 10:54:17		Event	JM38NRWWSRqs-HLzWWKzD0OkMXjtUySy				getCard						/proxy/log?name=getCard&type=event&loading=false	http://localhost:8080/activity/4?a=JBHRWASTBZUX	::1	
2017/12/05 10:54:17		Event	JM38NRWWSRqs-HLzWWKzD0OkMXjtUySy				pageView						/proxy/log?name=pageView&type=event&loading=false	http://localhost:8080/activity/4?a=JBHRWASTBZUX	::1	
2017/12/05 10:54:19		Event	JM38NRWWSRqs-HLzWWKzD0OkMXjtUySy				chooseMonth						/proxy/log?name=chooseMonth&type=event&loading=false	http://localhost:8080/newpay	::1	
2017/12/05 10:54:19		Interface	JM38NRWWSRqs-HLzWWKzD0OkMXjtUySy				/api/order/OrderPayALogin	amount=1.50&busineType=1&month=3					/api/order/OrderPayALogin?amount=1.50&busineType=1&month=3	http://localhost:8080/newpay	::1	
2017/12/05 10:54:20		Event	JM38NRWWSRqs-HLzWWKzD0OkMXjtUySy				pageView						/proxy/log?name=pageView&type=event&loading=false	http://localhost:8080/activity/4?a=JBHRWASTBZUX	::1	
2017/12/05 10:54:21		Event	JM38NRWWSRqs-HLzWWKzD0OkMXjtUySy	82	18368147785		pageView						/proxy/log?name=pageView&type=event&loading=false	http://localhost:8080/activity/4?a=JBHRWASTBZUX	::1	
2017/12/05 10:54:23		Event	JM38NRWWSRqs-HLzWWKzD0OkMXjtUySy	82	18368147785		getCard						/proxy/log?name=getCard&type=event&loading=false	http://localhost:8080/activity/4?a=JBHRWASTBZUX	::1	
2017/12/05 10:54:23		Event	JM38NRWWSRqs-HLzWWKzD0OkMXjtUySy	82	18368147785		pageView						/proxy/log?name=pageView&type=event&loading=false	http://localhost:8080/activity/4?a=JBHRWASTBZUX	::1	
2017/12/05 10:54:24		Event	JM38NRWWSRqs-HLzWWKzD0OkMXjtUySy	82	18368147785		chooseMonth						/proxy/log?name=chooseMonth&type=event&loading=false	http://localhost:8080/newpay	::1	
2017/12/05 10:54:29		Interface	JM38NRWWSRqs-HLzWWKzD0OkMXjtUySy	82	18368147785		/api/order/OrderPayALogin	amount=1.50&busineType=1&month=3&phone=18368147785					/api/order/OrderPayALogin?amount=1.50&busineType=1&month=3&phone=18368147785	http://localhost:8080/newpay	::1	
2017/12/05 10:54:36		Event	JM38NRWWSRqs-HLzWWKzD0OkMXjtUySy	82	18368147785		pageView						/proxy/log?name=pageView&type=event&loading=false	http://localhost:8080/newpay	::1	
2017/12/05 10:54:48		Event	JM38NRWWSRqs-HLzWWKzD0OkMXjtUySy	82	18368147785		pageView						/proxy/log?name=pageView&type=event&loading=false	http://localhost:8080/newpay	::1	
2017/12/05 11:12:21		Event	JM38NRWWSRqs-HLzWWKzD0OkMXjtUySy	82	18368147785		pageView						/proxy/log?name=pageView&type=event&loading=false	http://localhost:8080/activity/4?a=JBHRWASTBZUX	::1	
2017/12/05 15:49:26		Event	fhQalEAv2u5QTpj0IBzzVwL0Xsq9-VM1	82	18368147785		pageView						/proxy/log?name=pageView&type=event&loading=false	http://localhost:8080/activity/4?a=JBHRWASTBZUX	::1	
