2017/09/30 09:24:40		Event	Pv1R6yoicLWnZkvmUN7rmFlfx1PdTP2J				toLogin						/proxy/log?name=toLogin&type=event	http://localhost:8080/	::1	
2017/09/30 09:25:10		Interface	Pv1R6yoicLWnZkvmUN7rmFlfx1PdTP2J				/api/login/loginmsg	phone=18324490333&fromType=2					/api/login/loginmsg?phone=18324490333&fromType=2	http://localhost:8080/login	::1	
2017/09/30 09:25:11		Interface	Pv1R6yoicLWnZkvmUN7rmFlfx1PdTP2J	20	18324490333		/api/login/loginmsg	phone=18324490333					/api/login/loginmsg?phone=18324490333	http://localhost:8080/profile	::1	
2017/09/30 09:25:16		Event	Pv1R6yoicLWnZkvmUN7rmFlfx1PdTP2J	20	18324490333		goChange						/proxy/log?name=goChange&type=event	http://localhost:8080/profile	::1	
2017/09/30 09:26:48		Interface	Pv1R6yoicLWnZkvmUN7rmFlfx1PdTP2J	20	18324490333		/api/login/loginmsg	phone=18324490333					/api/login/loginmsg?phone=18324490333	http://localhost:8080/profile	::1	
2017/09/30 09:26:50		Event	Pv1R6yoicLWnZkvmUN7rmFlfx1PdTP2J	20	18324490333		goChange						/proxy/log?name=goChange&type=event	http://localhost:8080/profile	::1	
2017/09/30 09:26:54		Interface	Pv1R6yoicLWnZkvmUN7rmFlfx1PdTP2J	20	18324490333		/api/login/loginmsg	phone=18324490333					/api/login/loginmsg?phone=18324490333	http://localhost:8080/profile	::1	
2017/09/30 09:26:56		Event	Pv1R6yoicLWnZkvmUN7rmFlfx1PdTP2J	20	18324490333		goFailed						/proxy/log?name=goFailed&type=event	http://localhost:8080/profile	::1	
2017/09/30 09:26:58		Interface	Pv1R6yoicLWnZkvmUN7rmFlfx1PdTP2J	20	18324490333		/api/login/loginmsg	phone=18324490333					/api/login/loginmsg?phone=18324490333	http://localhost:8080/profile	::1	
2017/09/30 09:26:59		Event	Pv1R6yoicLWnZkvmUN7rmFlfx1PdTP2J	20	18324490333		goChange						/proxy/log?name=goChange&type=event	http://localhost:8080/profile	::1	
2017/09/30 09:27:16		Interface	Pv1R6yoicLWnZkvmUN7rmFlfx1PdTP2J	20	18324490333		/api/user/changecard	uid=20&companyName=%E6%9D%AD%E5%B7%9E%E7%A5%96%E7%8E%9B&name=%E6%9B%B9%E6%99%B6%E6%99%B6&address=%E6%B5%99%E6%B1%9F%E6%9D%AD%E5%B7%9E%E8%A5%BF%E6%B9%96%E5%8C%BA%E7%B4%AB%E9%9C%9E%E8%A1%97					/api/user/changecard?uid=20&companyName=%E6%9D%AD%E5%B7%9E%E7%A5%96%E7%8E%9B&name=%E6%9B%B9%E6%99%B6%E6%99%B6&address=%E6%B5%99%E6%B1%9F%E6%9D%AD%E5%B7%9E%E8%A5%BF%E6%B9%96%E5%8C%BA%E7%B4%AB%E9%9C%9E%E8%A1%97	http://localhost:8080/make?ischange=true	::1	
2017/09/30 09:27:16		Event	Pv1R6yoicLWnZkvmUN7rmFlfx1PdTP2J	20	18324490333		changCard						/proxy/log?name=changCard&type=event	http://localhost:8080/make?ischange=true	::1	
2017/09/30 09:27:16		Interface	Pv1R6yoicLWnZkvmUN7rmFlfx1PdTP2J	20	18324490333		/api/login/loginmsg	phone=18324490333					/api/login/loginmsg?phone=18324490333	http://localhost:8080/profile	::1	
2017/09/30 09:27:50		Event	Pv1R6yoicLWnZkvmUN7rmFlfx1PdTP2J	20	18324490333		reLogin						/proxy/log?name=reLogin&type=event	http://localhost:8080/	::1	
2017/09/30 09:27:51		Interface	Pv1R6yoicLWnZkvmUN7rmFlfx1PdTP2J	20	18324490333		/api/login/loginmsg	phone=18324490333					/api/login/loginmsg?phone=18324490333	http://localhost:8080/profile	::1	
2017/09/30 09:27:52		Event	Pv1R6yoicLWnZkvmUN7rmFlfx1PdTP2J	20	18324490333		repay						/proxy/log?name=repay&type=event	http://localhost:8080/profile	::1	
2017/09/30 09:28:09		Interface	Pv1R6yoicLWnZkvmUN7rmFlfx1PdTP2J	20	18324490333		/api/login/loginmsg	phone=18324490333					/api/login/loginmsg?phone=18324490333	http://localhost:8080/profile	::1	
2017/09/30 09:28:15		Interface	Pv1R6yoicLWnZkvmUN7rmFlfx1PdTP2J	20	18324490333		/api/login/loginmsg	phone=18324490333					/api/login/loginmsg?phone=18324490333	http://localhost:8080/profile	::1	
2017/09/30 09:29:10		Interface	ukz2yaO2_vP6dHbFeyhEJlFHsnGyUDk1				/api/login/loginmsg	phone=18324490333&fromType=2					/api/login/loginmsg?phone=18324490333&fromType=2	http://localhost:8080/login	::1	
2017/09/30 09:29:10		Interface	ukz2yaO2_vP6dHbFeyhEJlFHsnGyUDk1	20	18324490333		/api/login/loginmsg	phone=18324490333					/api/login/loginmsg?phone=18324490333	http://localhost:8080/profile	::1	
2017/09/30 09:29:12		Event	ukz2yaO2_vP6dHbFeyhEJlFHsnGyUDk1	20	18324490333		repay						/proxy/log?name=repay&type=event	http://localhost:8080/profile	::1	
2017/09/30 09:37:58		Interface	LyfY2RhunvSc5uSTqSal_ezdK9kdEF0b				/api/login/loginmsg	phone=18324490333&fromType=2					/api/login/loginmsg?phone=18324490333&fromType=2	http://localhost:8080/login	::1	
2017/09/30 09:37:59		Interface	LyfY2RhunvSc5uSTqSal_ezdK9kdEF0b	20	18324490333		/api/login/loginmsg	phone=18324490333					/api/login/loginmsg?phone=18324490333	http://localhost:8080/profile	::1	
2017/09/30 09:38:19		Event	LyfY2RhunvSc5uSTqSal_ezdK9kdEF0b	20	18324490333		repay						/proxy/log?name=repay&type=event	http://localhost:8080/profile	::1	
2017/09/30 09:46:16		Interface	LyfY2RhunvSc5uSTqSal_ezdK9kdEF0b	20	18324490333		/api/login/loginmsg	phone=18324490333					/api/login/loginmsg?phone=18324490333	http://localhost:8080/profile	::1	
2017/09/30 09:46:17		Interface	LyfY2RhunvSc5uSTqSal_ezdK9kdEF0b	20	18324490333		/api/login/loginmsg	phone=18324490333					/api/login/loginmsg?phone=18324490333	http://localhost:8080/profile	::1	
2017/09/30 10:20:09		Event	3_53EO9Fsw1wJ9fKYtu107UQHqaG5ZUg				toLogin						/proxy/log?name=toLogin&type=event	http://192.168.104.204:8080/	::ffff:192.168.103.230	
