2017/12/25 17:24:50		Event	Hkk60UlAY5INZL_-r40FAi_3n2BV7mJX				pageView						/proxy/log?name=pageView&type=event&loading=false	http://localhost:8080/	::1	
2017/12/25 17:25:13		Event	Hkk60UlAY5INZL_-r40FAi_3n2BV7mJX				pageView						/proxy/log?name=pageView&type=event&loading=false	http://localhost:8080/?spinfcode=0100001001	::1	
2017/12/25 17:25:50		Event	Hkk60UlAY5INZL_-r40FAi_3n2BV7mJX				pageView						/proxy/log?name=pageView&type=event&loading=false	http://localhost:8080/?spinfcode=0100001001	::1	
2017/12/25 17:26:07		Event	Hkk60UlAY5INZL_-r40FAi_3n2BV7mJX				pageView						/proxy/log?name=pageView&type=event&loading=false	http://localhost:8080/?spinfcode=0100001001	::1	
2017/12/25 17:26:30		Event	Hkk60UlAY5INZL_-r40FAi_3n2BV7mJX				pageView						/proxy/log?name=pageView&type=event&loading=false	http://localhost:8080/?spinfcode=0100001001	::1	
2017/12/25 17:26:46		Event	Hkk60UlAY5INZL_-r40FAi_3n2BV7mJX				pageView						/proxy/log?name=pageView&type=event&loading=false	http://localhost:8080/?spinfcode=0100001001&a=3	::1	
2017/12/25 17:27:03		Event	Hkk60UlAY5INZL_-r40FAi_3n2BV7mJX				pageView						/proxy/log?name=pageView&type=event&loading=false	http://localhost:8080/?spinfcode=0100001001&a=3	::1	
2017/12/25 17:27:18		Event	Hkk60UlAY5INZL_-r40FAi_3n2BV7mJX				pageView						/proxy/log?name=pageView&type=event&loading=false	http://localhost:8080/?spinfcode=0100001001&a=3	::1	
2017/12/25 17:27:46		Event	Hkk60UlAY5INZL_-r40FAi_3n2BV7mJX				pageView						/proxy/log?name=pageView&type=event&loading=false	http://localhost:8080/?spinfcode=0100001001&a=3	::1	
2017/12/25 17:27:49		Event	Hkk60UlAY5INZL_-r40FAi_3n2BV7mJX				pageView						/proxy/log?name=pageView&type=event&loading=false	http://localhost:8080/?spinfcode=0100001001&a=3	::1	
2017/12/25 17:27:56		Event	Hkk60UlAY5INZL_-r40FAi_3n2BV7mJX				pageView						/proxy/log?name=pageView&type=event&loading=false	http://localhost:8080/?spinfcode=0100001001&a=3	::1	
2017/12/25 17:28:02		Event	Hkk60UlAY5INZL_-r40FAi_3n2BV7mJX				pageView						/proxy/log?name=pageView&type=event&loading=false	http://localhost:8080/?spinfcode=0100001001&a=3	::1	
2017/12/25 17:33:38		Event	Hkk60UlAY5INZL_-r40FAi_3n2BV7mJX				pageView						/proxy/log?name=pageView&type=event&loading=false	http://localhost:8080/?spinfcode=0100001001	::1	
2017/12/25 17:41:56		Event	Hkk60UlAY5INZL_-r40FAi_3n2BV7mJX				pageView						/proxy/log?name=pageView&type=event&loading=false	http://localhost:8080/?spinfcode=0100001001	::1	
2017/12/25 17:42:02		Event	Hkk60UlAY5INZL_-r40FAi_3n2BV7mJX				pageView						/proxy/log?name=pageView&type=event&loading=false	http://localhost:8080/?spinfcode=0100001001	::1	
2017/12/25 17:42:04		Event	Hkk60UlAY5INZL_-r40FAi_3n2BV7mJX				pageView						/proxy/log?name=pageView&type=event&loading=false	http://localhost:8080/?spinfcode=0100001001&a=3	::1	
2017/12/25 17:42:05		Event	Hkk60UlAY5INZL_-r40FAi_3n2BV7mJX				pageView						/proxy/log?name=pageView&type=event&loading=false	http://localhost:8080/?spinfcode=0100001001	::1	
2017/12/25 17:42:17		Event	Hkk60UlAY5INZL_-r40FAi_3n2BV7mJX				pageView						/proxy/log?name=pageView&type=event&loading=false	http://localhost:8080/activity/xiaozhuo/?spinfcode=0100001001	::1	
2017/12/25 17:43:12		Event	Hkk60UlAY5INZL_-r40FAi_3n2BV7mJX				pageView						/proxy/log?name=pageView&type=event&loading=false	http://localhost:8080/activity/xiaozhuo/?spinfcode=0100001001	::1	
2017/12/25 17:50:06		Visit	Hkk60UlAY5INZL_-r40FAi_3n2BV7mJX										/activity/xiaozhuo/?spinfcode=0100001001		::1	Mozilla/5.0 (iPhone; CPU iPhone OS 10_3 like Mac OS X) AppleWebKit/602.1.50 (KHTML, like Gecko) CriOS/56.0.2924.75 Mobile/14E5239e Safari/602.1
2017/12/25 17:50:06		Event	Hkk60UlAY5INZL_-r40FAi_3n2BV7mJX				pageView						/proxy/log?name=pageView&type=event&loading=false	http://localhost:3008/activity/xiaozhuo/?spinfcode=0100001001	::1	
2017/12/25 17:51:14		Event	Hkk60UlAY5INZL_-r40FAi_3n2BV7mJX				pageView						/proxy/log?name=pageView&type=event&loading=false	http://localhost:3008/activity/xiaozhuo/?spinfcode=0100001001	::1	
2017/12/25 17:53:24		Event	Hkk60UlAY5INZL_-r40FAi_3n2BV7mJX				pageView						/proxy/log?name=pageView&type=event&loading=false	http://localhost:3008/activity/xiaozhuo/?spinfcode=0100001001	::1	
2017/12/25 17:54:23		Event	Hkk60UlAY5INZL_-r40FAi_3n2BV7mJX				pageView						/proxy/log?name=pageView&type=event&loading=false	http://localhost:3008/activity/xiaozhuo/?spinfcode=0100001001	::1	
2017/12/25 17:54:47		Event	Hkk60UlAY5INZL_-r40FAi_3n2BV7mJX				pageView						/proxy/log?name=pageView&type=event&loading=false	http://localhost:3008/activity/xiaozhuo/?spinfcode=0100001001	::1	
2017/12/25 17:55:15		Event	Hkk60UlAY5INZL_-r40FAi_3n2BV7mJX				pageView						/proxy/log?name=pageView&type=event&loading=false	http://localhost:3008/activity/xiaozhuo/?spinfcode=0100001001	::1	
2017/12/25 17:56:47		Event	Hkk60UlAY5INZL_-r40FAi_3n2BV7mJX				pageView						/proxy/log?name=pageView&type=event&loading=false	http://localhost:3008/activity/xiaozhuo/?spinfcode=0100001001	::1	
2017/12/25 18:03:12		Event	Hkk60UlAY5INZL_-r40FAi_3n2BV7mJX				pageView						/proxy/log?name=pageView&type=event&loading=false	http://localhost:3008/activity/xiaozhuo/?spinfcode=0100001001	::1	
2017/12/25 18:07:32		Event	Hkk60UlAY5INZL_-r40FAi_3n2BV7mJX				pageView						/proxy/log?name=pageView&type=event&loading=false	http://localhost:3008/activity/xiaozhuo/?spinfcode=0100001001	::1	
2017/12/25 18:08:01		Event	Hkk60UlAY5INZL_-r40FAi_3n2BV7mJX				pageView						/proxy/log?name=pageView&type=event&loading=false	http://localhost:3008/activity/xiaozhuo/?spinfcode=0100001001	::1	
2017/12/25 18:08:27		Event	Hkk60UlAY5INZL_-r40FAi_3n2BV7mJX				pageView						/proxy/log?name=pageView&type=event&loading=false	http://localhost:3008/activity/xiaozhuo/?spinfcode=0100001001	::1	
2017/12/25 18:08:55		Event	Hkk60UlAY5INZL_-r40FAi_3n2BV7mJX				pageView						/proxy/log?name=pageView&type=event&loading=false	http://localhost:3008/activity/xiaozhuo/?spinfcode=0100001001	::1	
2017/12/25 18:09:24		Event	Hkk60UlAY5INZL_-r40FAi_3n2BV7mJX				pageView						/proxy/log?name=pageView&type=event&loading=false	http://localhost:3008/activity/xiaozhuo/?spinfcode=0100001001	::1	
2017/12/25 18:09:48		Event	Hkk60UlAY5INZL_-r40FAi_3n2BV7mJX				pageView						/proxy/log?name=pageView&type=event&loading=false	http://localhost:3008/activity/xiaozhuo/?spinfcode=0100001001	::1	
2017/12/25 18:10:08		Event	Hkk60UlAY5INZL_-r40FAi_3n2BV7mJX				pageView						/proxy/log?name=pageView&type=event&loading=false	http://localhost:3008/activity/xiaozhuo/?spinfcode=0100001001	::1	
2017/12/25 18:10:23		Event	Hkk60UlAY5INZL_-r40FAi_3n2BV7mJX				pageView						/proxy/log?name=pageView&type=event&loading=false	http://localhost:3008/activity/xiaozhuo/?spinfcode=0100001001	::1	
2017/12/25 18:10:39		Event	Hkk60UlAY5INZL_-r40FAi_3n2BV7mJX				pageView						/proxy/log?name=pageView&type=event&loading=false	http://localhost:3008/activity/xiaozhuo/?spinfcode=0100001001	::1	
2017/12/25 18:10:49		Event	Hkk60UlAY5INZL_-r40FAi_3n2BV7mJX				pageView						/proxy/log?name=pageView&type=event&loading=false	http://localhost:3008/activity/xiaozhuo/?spinfcode=0100001001	::1	
2017/12/25 18:11:04		Event	Hkk60UlAY5INZL_-r40FAi_3n2BV7mJX				pageView						/proxy/log?name=pageView&type=event&loading=false	http://localhost:3008/activity/xiaozhuo/?spinfcode=0100001001	::1	
2017/12/25 18:11:39		Event	Hkk60UlAY5INZL_-r40FAi_3n2BV7mJX				pageView						/proxy/log?name=pageView&type=event&loading=false	http://localhost:3008/activity/xiaozhuo/?spinfcode=0100001001	::1	
2017/12/25 18:12:08		Event	Hkk60UlAY5INZL_-r40FAi_3n2BV7mJX				pageView						/proxy/log?name=pageView&type=event&loading=false	http://localhost:3008/activity/xiaozhuo/?spinfcode=0100001001	::1	
2017/12/25 18:12:41		Event	Hkk60UlAY5INZL_-r40FAi_3n2BV7mJX				pageView						/proxy/log?name=pageView&type=event&loading=false	http://localhost:3008/activity/xiaozhuo/?spinfcode=0100001001	::1	
2017/12/25 18:13:58		Event	Hkk60UlAY5INZL_-r40FAi_3n2BV7mJX				pageView						/proxy/log?name=pageView&type=event&loading=false	http://localhost:3008/activity/xiaozhuo/?spinfocode=0100001001	::1	
2017/12/25 18:14:34		Event	Hkk60UlAY5INZL_-r40FAi_3n2BV7mJX				pageView						/proxy/log?name=pageView&type=event&loading=false	http://localhost:3008/activity/xiaozhuo/?spinfocode=0100001001	::1	
2017/12/25 18:14:51		Event	Hkk60UlAY5INZL_-r40FAi_3n2BV7mJX				pageView						/proxy/log?name=pageView&type=event&loading=false	http://localhost:3008/activity/xiaozhuo/?spinfocode=0100001001	::1	
2017/12/25 18:15:12		Event	Hkk60UlAY5INZL_-r40FAi_3n2BV7mJX				pageView						/proxy/log?name=pageView&type=event&loading=false	http://localhost:3008/activity/xiaozhuo/?spinfocode=0100001001	::1	
2017/12/25 18:15:53		Event	Hkk60UlAY5INZL_-r40FAi_3n2BV7mJX				pageView						/proxy/log?name=pageView&type=event&loading=false	http://localhost:3008/activity/xiaozhuo/?spinfocode=0100001001	::1	
2017/12/25 18:16:41		Event	Hkk60UlAY5INZL_-r40FAi_3n2BV7mJX				pageView						/proxy/log?name=pageView&type=event&loading=false	http://localhost:3008/activity/xiaozhuo/?spinfocode=0100001001	::1	
2017/12/25 18:17:20		Event	Hkk60UlAY5INZL_-r40FAi_3n2BV7mJX				pageView						/proxy/log?name=pageView&type=event&loading=false	http://localhost:3008/activity/xiaozhuo/?spinfocode=0100001001	::1	
2017/12/25 18:17:31		Event	Hkk60UlAY5INZL_-r40FAi_3n2BV7mJX				pageView						/proxy/log?name=pageView&type=event&loading=false	http://localhost:3008/activity/xiaozhuo/?spinfocode=0100001001	::1	
2017/12/25 18:17:36		Event	Hkk60UlAY5INZL_-r40FAi_3n2BV7mJX				pageView						/proxy/log?name=pageView&type=event&loading=false	http://localhost:3008/activity/xiaozhuo/?spinfocode=0100001001	::1	
2017/12/25 18:18:02		Event	Hkk60UlAY5INZL_-r40FAi_3n2BV7mJX				pageView						/proxy/log?name=pageView&type=event&loading=false	http://localhost:3008/activity/xiaozhuo/?spinfocode=0100001001	::1	
2017/12/25 18:19:25		Event	Hkk60UlAY5INZL_-r40FAi_3n2BV7mJX				pageView						/proxy/log?name=pageView&type=event&loading=false	http://localhost:3008/activity/xiaozhuo/0100001001	::1	
2017/12/25 18:19:32		Event	Hkk60UlAY5INZL_-r40FAi_3n2BV7mJX				pageView						/proxy/log?name=pageView&type=event&loading=false	http://localhost:3008/activity/xiaozhuo/?spinfocode=0100001001	::1	
2017/12/25 18:26:10		Event	Hkk60UlAY5INZL_-r40FAi_3n2BV7mJX				pageView						/proxy/log?name=pageView&type=event&loading=false	http://localhost:3008/?spinfocode=0100001001	::1	
2017/12/25 18:26:34		Event	Hkk60UlAY5INZL_-r40FAi_3n2BV7mJX				pageView						/proxy/log?name=pageView&type=event&loading=false	http://localhost:3008/activity/xiaozhuo/?spinfocode=0100001001	::1	
2017/12/25 18:26:44		Event	Hkk60UlAY5INZL_-r40FAi_3n2BV7mJX				pageView						/proxy/log?name=pageView&type=event&loading=false	http://localhost:3008/activity/xiaozhuo/?spinfocode=0100001001	::1	
2017/12/25 18:29:59		Event	Hkk60UlAY5INZL_-r40FAi_3n2BV7mJX				pageView						/proxy/log?name=pageView&type=event&loading=false	http://localhost:3008/activity/xiaozhuo/?spinfocode=0100001001	::1	
2017/12/25 18:30:51		Event	Hkk60UlAY5INZL_-r40FAi_3n2BV7mJX				pageView						/proxy/log?name=pageView&type=event&loading=false	http://localhost:3008/activity/xiaozhuo/?spinfocode=0100001001	undefined	
2017/12/25 18:33:28	0100001001	Event	Hkk60UlAY5INZL_-r40FAi_3n2BV7mJX				pageView						/proxy/log?name=pageView&type=event&loading=false	http://localhost:3008/activity/xiaozhuo/?spinfocode=0100001001	undefined	
2017/12/25 18:34:36	0100001001	Event	Hkk60UlAY5INZL_-r40FAi_3n2BV7mJX				pageView						/proxy/log?name=pageView&type=event&loading=false	http://localhost:3008/activity/xiaozhuo/?spinfocode=0100001001	undefined	
2017/12/25 18:34:38	0100001001	Event	Hkk60UlAY5INZL_-r40FAi_3n2BV7mJX				pageView						/proxy/log?name=pageView&type=event&loading=false	http://localhost:3008/profile	undefined	
2017/12/25 18:37:44	0100001001	Interface	Hkk60UlAY5INZL_-r40FAi_3n2BV7mJX				/api/login/loginmsg	phone=18324490333&fromType=2&spinfoCode=10					/api/login/loginmsg?phone=18324490333&fromType=2&spinfoCode=10	http://localhost:3008/login	undefined	
2017/12/25 18:37:44	0100001001	Event	Hkk60UlAY5INZL_-r40FAi_3n2BV7mJX				pageView						/proxy/log?name=pageView&type=event&loading=false	http://localhost:3008/login	undefined	
2017/12/25 18:37:44	0100001001	Interface	Hkk60UlAY5INZL_-r40FAi_3n2BV7mJX				/api/login/loginmsg	phone=18324490333					/api/login/loginmsg?phone=18324490333	http://localhost:3008/profile	undefined	
2017/12/25 18:38:43	0100001001	Event	Hkk60UlAY5INZL_-r40FAi_3n2BV7mJX				pageView						/proxy/log?name=pageView&type=event&loading=false	http://localhost:3008/activity/xiaozhuo/?spinfocode=0100001001	undefined	
2017/12/25 18:38:49	0100001001	Event	Hkk60UlAY5INZL_-r40FAi_3n2BV7mJX	20	18324490333		pageView						/proxy/log?name=pageView&type=event&loading=false	http://localhost:8080/activity/xiaozhuo/?spinfocode=0100001001	undefined	
2017/12/25 18:38:52	0100001001	Event	Hkk60UlAY5INZL_-r40FAi_3n2BV7mJX	20	18324490333		pageView						/proxy/log?name=pageView&type=event&loading=false	http://localhost:8080/activity/xiaozhuo/?spinfocode=0100001001	undefined	
2017/12/25 18:38:53	0100001001	Interface	Hkk60UlAY5INZL_-r40FAi_3n2BV7mJX	20	18324490333		/api/login/loginmsg	phone=18324490333					/api/login/loginmsg?phone=18324490333	http://localhost:8080/profile	undefined	
2017/12/25 18:40:03	0100001001	Event	Hkk60UlAY5INZL_-r40FAi_3n2BV7mJX	20	18324490333		pageView						/proxy/log?name=pageView&type=event&loading=false	http://localhost:8080/profile	undefined	
2017/12/25 18:40:03	0100001001	Interface	Hkk60UlAY5INZL_-r40FAi_3n2BV7mJX	20	18324490333		/api/login/loginmsg	phone=18324490333					/api/login/loginmsg?phone=18324490333	http://localhost:8080/profile	undefined	
2017/12/25 18:40:04	0100001001	Event	Hkk60UlAY5INZL_-r40FAi_3n2BV7mJX	20	18324490333		pageView						/proxy/log?name=pageView&type=event&loading=false	http://localhost:8080/activity/xiaozhuo/?spinfocode=0100001001	undefined	
2017/12/25 18:40:21	0100001001	Event	Hkk60UlAY5INZL_-r40FAi_3n2BV7mJX	20	18324490333		pageView						/proxy/log?name=pageView&type=event&loading=false	http://localhost:8080/activity/xiaozhuo/?spinfocode=0100001001	undefined	
2017/12/25 18:41:20	0100001001	Event	LjnznOdmI8ZYD31TdXPlfH2fNZ-p5Glb				pageView						/proxy/log?name=pageView&type=event&loading=false	http://localhost:8080/activity/xiaozhuo/?spinfocode=0100001001	undefined	
2017/12/25 18:41:25	0100001001	Event	LjnznOdmI8ZYD31TdXPlfH2fNZ-p5Glb				pageView						/proxy/log?name=pageView&type=event&loading=false	http://localhost:8080/activity/xiaozhuo/?spinfocode=0100001001	undefined	
2017/12/25 18:41:26	0100001001	Event	LjnznOdmI8ZYD31TdXPlfH2fNZ-p5Glb				pageView						/proxy/log?name=pageView&type=event&loading=false	http://localhost:8080/profile	undefined	
2017/12/25 18:41:52	0100001001	Interface	LjnznOdmI8ZYD31TdXPlfH2fNZ-p5Glb				/api/login/loginmsg	phone=18324490333&fromType=2&spinfoCode=10					/api/login/loginmsg?phone=18324490333&fromType=2&spinfoCode=10	http://localhost:8080/login	undefined	
2017/12/25 18:41:52	0100001001	Event	LjnznOdmI8ZYD31TdXPlfH2fNZ-p5Glb	20	18324490333		pageView						/proxy/log?name=pageView&type=event&loading=false	http://localhost:8080/login	undefined	
2017/12/25 18:41:52	0100001001	Interface	LjnznOdmI8ZYD31TdXPlfH2fNZ-p5Glb	20	18324490333		/api/login/loginmsg	phone=18324490333					/api/login/loginmsg?phone=18324490333	http://localhost:8080/profile	undefined	
2017/12/25 18:42:14	0100001001	Event	LjnznOdmI8ZYD31TdXPlfH2fNZ-p5Glb	20	18324490333		pageView						/proxy/log?name=pageView&type=event&loading=false	http://localhost:8080/profile	undefined	
2017/12/25 18:42:15	0100001001	Interface	LjnznOdmI8ZYD31TdXPlfH2fNZ-p5Glb	20	18324490333		/api/login/loginmsg	phone=18324490333					/api/login/loginmsg?phone=18324490333	http://localhost:8080/profile	undefined	
2017/12/25 18:42:25	0100001001	Event	sBDnN1LFwfqohvagQ8wRwwfYWEf5igrE				pageView						/proxy/log?name=pageView&type=event&loading=false	http://localhost:8080/activity/xiaozhuo/?spinfocode=0100001001	undefined	
2017/12/25 18:42:26	0100001001	Event	sBDnN1LFwfqohvagQ8wRwwfYWEf5igrE				pageView						/proxy/log?name=pageView&type=event&loading=false	http://localhost:8080/activity/xiaozhuo/?spinfocode=0100001001	undefined	
2017/12/25 18:42:27	0100001001	Event	sBDnN1LFwfqohvagQ8wRwwfYWEf5igrE				pageView						/proxy/log?name=pageView&type=event&loading=false	http://localhost:8080/profile	undefined	
2017/12/25 18:42:48	0100001001	Interface	sBDnN1LFwfqohvagQ8wRwwfYWEf5igrE				/api/login/loginmsg	phone=18324490333&fromType=2&spinfoCode=0100001001					/api/login/loginmsg?phone=18324490333&fromType=2&spinfoCode=0100001001	http://localhost:8080/login	undefined	
2017/12/25 18:42:48	0100001001	Event	sBDnN1LFwfqohvagQ8wRwwfYWEf5igrE	20	18324490333		pageView						/proxy/log?name=pageView&type=event&loading=false	http://localhost:8080/login	undefined	
2017/12/25 18:42:49	0100001001	Interface	sBDnN1LFwfqohvagQ8wRwwfYWEf5igrE	20	18324490333		/api/login/loginmsg	phone=18324490333					/api/login/loginmsg?phone=18324490333	http://localhost:8080/profile	undefined	
2017/12/25 18:45:18	0100001001	Event	fccgcPCvSM9VVXLOrgbOhOItXajYIMjt				pageView						/proxy/log?name=pageView&type=event&loading=false	http://localhost:8080/activity/xiaozhuo/?spinfocode=0100001001	undefined	
2017/12/25 18:45:26	0100001001	Event	fccgcPCvSM9VVXLOrgbOhOItXajYIMjt				pageView						/proxy/log?name=pageView&type=event&loading=false	http://localhost:8080/activity/xiaozhuo/?spinfocode=0100001001	undefined	
2017/12/25 18:50:48	0100001001	Interface	fccgcPCvSM9VVXLOrgbOhOItXajYIMjt				/api/login/loginmsg	phone=18324490333&fromType=2&spinfoCode=0100001001					/api/login/loginmsg?phone=18324490333&fromType=2&spinfoCode=0100001001	http://localhost:8080/login	undefined	
2017/12/25 18:50:48	0100001001	Event	fccgcPCvSM9VVXLOrgbOhOItXajYIMjt	92	18324490333		pageView						/proxy/log?name=pageView&type=event&loading=false	http://localhost:8080/login	undefined	
2017/12/25 18:53:09	0100001001	Event	fccgcPCvSM9VVXLOrgbOhOItXajYIMjt	92	18324490333		pageView						/proxy/log?name=pageView&type=event&loading=false	http://localhost:8080/	undefined	
2017/12/25 18:54:02	0100001001	Event	fccgcPCvSM9VVXLOrgbOhOItXajYIMjt	92	18324490333		pageView						/proxy/log?name=pageView&type=event&loading=false	http://localhost:8080/	undefined	
2017/12/25 18:54:02	0100001001	Interface	fccgcPCvSM9VVXLOrgbOhOItXajYIMjt	92	18324490333		/api/login/loginmsg	phone=18324490333					/api/login/loginmsg?phone=18324490333	http://localhost:8080/profile	undefined	
2017/12/25 18:54:05	0100001001	Event	fccgcPCvSM9VVXLOrgbOhOItXajYIMjt	92	18324490333		pageView						/proxy/log?name=pageView&type=event&loading=false	http://localhost:8080/	undefined	
2017/12/25 18:54:29	0100001001	Event	fccgcPCvSM9VVXLOrgbOhOItXajYIMjt	92	18324490333		pageView						/proxy/log?name=pageView&type=event&loading=false	http://localhost:8080/make?process=true	undefined	
2017/12/25 18:56:31	0100001001	Event	fccgcPCvSM9VVXLOrgbOhOItXajYIMjt	92	18324490333		pageView						/proxy/log?name=pageView&type=event&loading=false	http://localhost:8080/activity/xiaozhuo/?spinfocode=0100001001	undefined	
2017/12/25 18:56:34	0100001001	Event	fccgcPCvSM9VVXLOrgbOhOItXajYIMjt	92	18324490333		pageView						/proxy/log?name=pageView&type=event&loading=false	http://localhost:8080/activity/xiaozhuo/?spinfocode=0100001001	undefined	
2017/12/25 18:57:14	0100001001	Event	fccgcPCvSM9VVXLOrgbOhOItXajYIMjt	92	18324490333		pageView						/proxy/log?name=pageView&type=event&loading=false	http://localhost:8080/activity/xiaozhuo/?spinfocode=0100001001	undefined	
2017/12/25 18:57:18	0100001001	Event	fccgcPCvSM9VVXLOrgbOhOItXajYIMjt	92	18324490333		pageView						/proxy/log?name=pageView&type=event&loading=false	http://localhost:8080/?spinfocode=0100001001	undefined	
2017/12/25 18:57:19	0100001001	Visit	fccgcPCvSM9VVXLOrgbOhOItXajYIMjt										/static/js/manifest.9bc01eca6a94547b6c9b.js?	http://localhost:3008/activity/xiaozhuo/?spinfocode=0100001001	undefined	Mozilla/5.0 (iPhone; CPU iPhone OS 10_3 like Mac OS X) AppleWebKit/602.1.50 (KHTML, like Gecko) CriOS/56.0.2924.75 Mobile/14E5239e Safari/602.1
2017/12/25 18:57:19	0100001001	Visit	fccgcPCvSM9VVXLOrgbOhOItXajYIMjt										/static/js/app.bf4ae0a04eb43922ea0e.js?	http://localhost:3008/activity/xiaozhuo/?spinfocode=0100001001	undefined	Mozilla/5.0 (iPhone; CPU iPhone OS 10_3 like Mac OS X) AppleWebKit/602.1.50 (KHTML, like Gecko) CriOS/56.0.2924.75 Mobile/14E5239e Safari/602.1
2017/12/25 18:57:24	0100001001	Event	fccgcPCvSM9VVXLOrgbOhOItXajYIMjt				pageView						/proxy/log?name=pageView&type=event&loading=false	http://localhost:3008/activity/xiaozhuo/1?spinfocode=0100001001	undefined	
2017/12/25 18:57:38	0100001001	Event	fccgcPCvSM9VVXLOrgbOhOItXajYIMjt	92	18324490333		pageView						/proxy/log?name=pageView&type=event&loading=false	http://localhost:8080/activity/xiaozhuo/1?spinfocode=0100001001	undefined	
2017/12/25 18:57:56	0100001001	Event	PhJ1DvLNrGGfYaM4oaNYeVqslAMyBzxN				pageView						/proxy/log?name=pageView&type=event&loading=false	http://localhost:8080/activity/xiaozhuo/1?spinfocode=0100001001	undefined	
2017/12/25 18:57:59	0100001001	Event	PhJ1DvLNrGGfYaM4oaNYeVqslAMyBzxN				pageView						/proxy/log?name=pageView&type=event&loading=false	http://localhost:8080/activity/xiaozhuo/1?spinfocode=0100001001	undefined	
2017/12/25 18:58:04	0100001001	Event	PhJ1DvLNrGGfYaM4oaNYeVqslAMyBzxN				pageView						/proxy/log?name=pageView&type=event&loading=false	http://localhost:8080/profile	undefined	
2017/12/25 18:58:10	0100001001	Event	PhJ1DvLNrGGfYaM4oaNYeVqslAMyBzxN				pageView						/proxy/log?name=pageView&type=event&loading=false	http://localhost:8080/profile	undefined	
2017/12/25 18:58:11	0100001001	Event	PhJ1DvLNrGGfYaM4oaNYeVqslAMyBzxN				pageView						/proxy/log?name=pageView&type=event&loading=false	http://localhost:8080/activity/xiaozhuo/1?spinfocode=0100001001	undefined	
2017/12/25 18:58:13	0100001001	Event	PhJ1DvLNrGGfYaM4oaNYeVqslAMyBzxN				pageView						/proxy/log?name=pageView&type=event&loading=false	http://localhost:8080/activity/xiaozhuo/1?spinfocode=0100001001	undefined	
2017/12/25 18:58:28	0100001001	Interface	PhJ1DvLNrGGfYaM4oaNYeVqslAMyBzxN				/api/login/loginmsg	phone=18324490333&fromType=2&spinfoCode=0100001001					/api/login/loginmsg?phone=18324490333&fromType=2&spinfoCode=0100001001	http://localhost:8080/login	undefined	
2017/12/25 18:58:28	0100001001	Event	PhJ1DvLNrGGfYaM4oaNYeVqslAMyBzxN	92	18324490333		pageView						/proxy/log?name=pageView&type=event&loading=false	http://localhost:8080/login	undefined	
2017/12/25 18:58:37	0100001001	Event	PhJ1DvLNrGGfYaM4oaNYeVqslAMyBzxN	92	18324490333		pageView						/proxy/log?name=pageView&type=event&loading=false	http://localhost:8080/activity/xiaozhuo/1?spinfocode=0100001001	undefined	
2017/12/25 18:58:38	0100001001	Event	PhJ1DvLNrGGfYaM4oaNYeVqslAMyBzxN	92	18324490333		pageView						/proxy/log?name=pageView&type=event&loading=false	http://localhost:8080/activity/xiaozhuo/1?spinfocode=0100001001	undefined	
2017/12/25 18:58:39	0100001001	Interface	PhJ1DvLNrGGfYaM4oaNYeVqslAMyBzxN	92	18324490333		/api/login/loginmsg	phone=18324490333					/api/login/loginmsg?phone=18324490333	http://localhost:8080/profile	undefined	
2017/12/25 18:59:15	0100001001	Interface	PhJ1DvLNrGGfYaM4oaNYeVqslAMyBzxN	92	18324490333		/api/login/loginmsg	phone=18324490333					/api/login/loginmsg?phone=18324490333	http://localhost:8080/profile	undefined	
2017/12/25 18:59:16	0100001001	Event	PhJ1DvLNrGGfYaM4oaNYeVqslAMyBzxN	92	18324490333		goChange						/proxy/log?name=goChange&type=event&loading=false	http://localhost:8080/profile	undefined	
2017/12/25 18:59:16	0100001001	Event	PhJ1DvLNrGGfYaM4oaNYeVqslAMyBzxN	92	18324490333		pageView						/proxy/log?name=pageView&type=event&loading=false	http://localhost:8080/profile	undefined	
2017/12/25 18:59:21	0100001001	Event	PhJ1DvLNrGGfYaM4oaNYeVqslAMyBzxN	92	18324490333		pageView						/proxy/log?name=pageView&type=event&loading=false	http://localhost:8080/profile	undefined	
2017/12/25 18:59:21	0100001001	Interface	PhJ1DvLNrGGfYaM4oaNYeVqslAMyBzxN	92	18324490333		/api/login/loginmsg	phone=18324490333					/api/login/loginmsg?phone=18324490333	http://localhost:8080/profile	undefined	
2017/12/25 19:00:17	0100001001	Interface	PhJ1DvLNrGGfYaM4oaNYeVqslAMyBzxN	92	18324490333		/api/login/loginmsg	phone=18324490333					/api/login/loginmsg?phone=18324490333	http://localhost:8080/profile	undefined	
2017/12/25 19:00:18	0100001001	Event	PhJ1DvLNrGGfYaM4oaNYeVqslAMyBzxN	92	18324490333		goChange						/proxy/log?name=goChange&type=event&loading=false	http://localhost:8080/profile	undefined	
2017/12/25 19:00:18	0100001001	Event	PhJ1DvLNrGGfYaM4oaNYeVqslAMyBzxN	92	18324490333		pageView						/proxy/log?name=pageView&type=event&loading=false	http://localhost:8080/profile	undefined	
2017/12/25 19:00:19	0100001001	Event	PhJ1DvLNrGGfYaM4oaNYeVqslAMyBzxN	92	18324490333		pageView						/proxy/log?name=pageView&type=event&loading=false	http://localhost:8080/profile	undefined	
2017/12/25 19:00:20	0100001001	Interface	PhJ1DvLNrGGfYaM4oaNYeVqslAMyBzxN	92	18324490333		/api/login/loginmsg	phone=18324490333					/api/login/loginmsg?phone=18324490333	http://localhost:8080/profile	undefined	
2017/12/25 19:00:35	0100001001	Interface	PhJ1DvLNrGGfYaM4oaNYeVqslAMyBzxN	92	18324490333		/api/login/loginmsg	phone=18324490333					/api/login/loginmsg?phone=18324490333	http://localhost:8080/profile	undefined	
2017/12/25 19:00:36	0100001001	Event	PhJ1DvLNrGGfYaM4oaNYeVqslAMyBzxN	92	18324490333		goChange						/proxy/log?name=goChange&type=event&loading=false	http://localhost:8080/profile	undefined	
2017/12/25 19:00:36	0100001001	Event	PhJ1DvLNrGGfYaM4oaNYeVqslAMyBzxN	92	18324490333		pageView						/proxy/log?name=pageView&type=event&loading=false	http://localhost:8080/profile	undefined	
2017/12/25 19:00:38	0100001001	Event	PhJ1DvLNrGGfYaM4oaNYeVqslAMyBzxN	92	18324490333		pageView						/proxy/log?name=pageView&type=event&loading=false	http://localhost:8080/profile	undefined	
2017/12/25 19:00:38	0100001001	Interface	PhJ1DvLNrGGfYaM4oaNYeVqslAMyBzxN	92	18324490333		/api/login/loginmsg	phone=18324490333					/api/login/loginmsg?phone=18324490333	http://localhost:8080/profile	undefined	
2017/12/25 19:00:50	0100001001	Interface	PhJ1DvLNrGGfYaM4oaNYeVqslAMyBzxN	92	18324490333		/api/login/loginmsg	phone=18324490333					/api/login/loginmsg?phone=18324490333	http://localhost:8080/profile	undefined	
