2017/12/01 09:32:05		Event	8tkp5qdsA1EmTy2eIfntohIWKt6-nEa8	82	18368147785		getCard						/proxy/log?name=getCard&type=event&loading=false	http://localhost:8080/activity/3?a=JBHRWASTBZUX	::1	
2017/12/01 09:33:41		Event	8tkp5qdsA1EmTy2eIfntohIWKt6-nEa8	82	18368147785		getVip						/proxy/log?name=getVip&type=event&loading=false	http://localhost:8080/activity/3?a=JBHRWASTBZUX	::1	
2017/12/01 09:33:43		Event	8tkp5qdsA1EmTy2eIfntohIWKt6-nEa8	82	18368147785		getVip						/proxy/log?name=getVip&type=event&loading=false	http://localhost:8080/activity/3?a=JBHRWASTBZUX	::1	
2017/12/01 09:34:18		Event	8tkp5qdsA1EmTy2eIfntohIWKt6-nEa8	82	18368147785		getVip						/proxy/log?name=getVip&type=event&loading=false	http://localhost:8080/activity/3?a=JBHRWASTBZUX	::1	
2017/12/01 09:34:23		Interface	8tkp5qdsA1EmTy2eIfntohIWKt6-nEa8	82	18368147785		/api/order/OrderPayALogin	amount=0.5&busineType=1&month=1&phone=18368147785					/api/order/OrderPayALogin?amount=0.5&busineType=1&month=1&phone=18368147785	http://localhost:8080/activity/3?a=JBHRWASTBZUX	::1	
2017/12/01 09:34:36		Event	8tkp5qdsA1EmTy2eIfntohIWKt6-nEa8	82	18368147785		getCard						/proxy/log?name=getCard&type=event&loading=false	http://localhost:8080/activity/4?a=JBHRWASTBZUX	::1	
2017/12/01 09:39:43		Event	8tkp5qdsA1EmTy2eIfntohIWKt6-nEa8	82	18368147785		chooseMonth						/proxy/log?name=chooseMonth&type=event&loading=false	http://localhost:8080/newpay	::1	
2017/12/01 09:39:53		Error	8tkp5qdsA1EmTy2eIfntohIWKt6-nEa8	82	18368147785		/api/order/OrderPayALogin	amount=1.50&busineType=1&month=3&phone=18368147785	{"code":"ESOCKETTIMEDOUT","connect":false}				/api/order/OrderPayALogin?amount=1.50&busineType=1&month=3&phone=18368147785	http://localhost:8080/newpay	::1	
2017/12/01 09:40:49		Event	8tkp5qdsA1EmTy2eIfntohIWKt6-nEa8	82	18368147785		chooseMonth						/proxy/log?name=chooseMonth&type=event&loading=false	http://localhost:8080/newpay	::1	
2017/12/01 09:40:54		Interface	8tkp5qdsA1EmTy2eIfntohIWKt6-nEa8	82	18368147785		/api/order/OrderPayALogin	amount=1.50&busineType=1&month=3&phone=18368147785					/api/order/OrderPayALogin?amount=1.50&busineType=1&month=3&phone=18368147785	http://localhost:8080/newpay	::1	
2017/12/01 09:55:03		Event	8tkp5qdsA1EmTy2eIfntohIWKt6-nEa8	82	18368147785		pageView						/proxy/log?name=pageView&type=event&loading=false	http://localhost:8080/newpay	::1	
2017/12/01 09:59:56		Event	8tkp5qdsA1EmTy2eIfntohIWKt6-nEa8	82	18368147785		pageView						/proxy/log?name=pageView&type=event&loading=false	http://localhost:8080/newpay	::1	
2017/12/01 10:07:20		Event	8tkp5qdsA1EmTy2eIfntohIWKt6-nEa8	82	18368147785		pageView						/proxy/log?name=pageView&type=event&loading=false	http://localhost:8080/newpay	::1	
2017/12/01 10:07:55		Event	8tkp5qdsA1EmTy2eIfntohIWKt6-nEa8	82	18368147785		pageView						/proxy/log?name=pageView&type=event&loading=false	http://localhost:8080/newpay	::1	
2017/12/01 10:09:00		Event	8tkp5qdsA1EmTy2eIfntohIWKt6-nEa8	82	18368147785		pageView						/proxy/log?name=pageView&type=event&loading=false	http://localhost:8080/newpay	::1	
2017/12/01 10:11:35		Event	8tkp5qdsA1EmTy2eIfntohIWKt6-nEa8	82	18368147785		pageView						/proxy/log?name=pageView&type=event&loading=false	http://localhost:8080/newpay	::1	
2017/12/01 10:18:52		Event	8tkp5qdsA1EmTy2eIfntohIWKt6-nEa8	82	18368147785		pageView						/proxy/log?name=pageView&type=event&loading=false	http://localhost:8080/activity/4?a=JBHRWASTBZUX	::1	
2017/12/01 10:25:37		Event	8tkp5qdsA1EmTy2eIfntohIWKt6-nEa8	82	18368147785		pageView						/proxy/log?name=pageView&type=event&loading=false	http://localhost:8080/activity/4?a=JBHRWASTBZUX	::1	
2017/12/01 10:25:41		Event	8tkp5qdsA1EmTy2eIfntohIWKt6-nEa8	82	18368147785		getCard						/proxy/log?name=getCard&type=event&loading=false	http://localhost:8080/activity/4?a=JBHRWASTBZUX	::1	
2017/12/01 10:25:41		Event	8tkp5qdsA1EmTy2eIfntohIWKt6-nEa8	82	18368147785		pageView						/proxy/log?name=pageView&type=event&loading=false	http://localhost:8080/activity/4?a=JBHRWASTBZUX	::1	
2017/12/01 10:25:50		Event	8tkp5qdsA1EmTy2eIfntohIWKt6-nEa8	82	18368147785		pageView						/proxy/log?name=pageView&type=event&loading=false	http://localhost:8080/activity/4?a=JBHRWASTBZUX	::1	
2017/12/01 10:26:47		Event	8tkp5qdsA1EmTy2eIfntohIWKt6-nEa8	82	18368147785		getCard						/proxy/log?name=getCard&type=event&loading=false	http://localhost:8080/activity/4?a=JBHRWASTBZUX	::1	
2017/12/01 10:26:47		Event	8tkp5qdsA1EmTy2eIfntohIWKt6-nEa8	82	18368147785		pageView						/proxy/log?name=pageView&type=event&loading=false	http://localhost:8080/activity/4?a=JBHRWASTBZUX	::1	
2017/12/01 10:26:59		Event	8tkp5qdsA1EmTy2eIfntohIWKt6-nEa8	82	18368147785		pageView						/proxy/log?name=pageView&type=event&loading=false	http://localhost:8080/newpay	::1	
2017/12/01 10:27:05		Event	8tkp5qdsA1EmTy2eIfntohIWKt6-nEa8	82	18368147785		pageView						/proxy/log?name=pageView&type=event&loading=false	http://localhost:8080/compelete?ispay=1	::1	
2017/12/01 10:27:06		Interface	8tkp5qdsA1EmTy2eIfntohIWKt6-nEa8	82	18368147785		/api/login/loginmsg	phone=18368147785					/api/login/loginmsg?phone=18368147785	http://localhost:8080/compelete?ispay=1	::1	
2017/12/01 10:27:32		Event	8tkp5qdsA1EmTy2eIfntohIWKt6-nEa8	82	18368147785		pageView						/proxy/log?name=pageView&type=event&loading=false	http://localhost:8080/compelete?ispay=1	::1	
2017/12/01 10:27:33		Event	8tkp5qdsA1EmTy2eIfntohIWKt6-nEa8	82	18368147785		pageView						/proxy/log?name=pageView&type=event&loading=false	http://localhost:8080/compelete?ispay=1	::1	
2017/12/01 10:27:34		Interface	8tkp5qdsA1EmTy2eIfntohIWKt6-nEa8	82	18368147785		/api/login/loginmsg	phone=18368147785					/api/login/loginmsg?phone=18368147785	http://localhost:8080/compelete?ispay=1	::1	
2017/12/01 10:29:36		Event	8tkp5qdsA1EmTy2eIfntohIWKt6-nEa8	82	18368147785		pageView						/proxy/log?name=pageView&type=event&loading=false	http://localhost:8080/compelete?ispay=1	::1	
2017/12/01 10:29:37		Interface	8tkp5qdsA1EmTy2eIfntohIWKt6-nEa8	82	18368147785		/api/login/loginmsg	phone=18368147785					/api/login/loginmsg?phone=18368147785	http://localhost:8080/compelete?ispay=1	::1	
2017/12/01 10:31:45		Event	8tkp5qdsA1EmTy2eIfntohIWKt6-nEa8	82	18368147785		pageView						/proxy/log?name=pageView&type=event&loading=false	http://localhost:8080/compelete?ispay=1	::1	
2017/12/01 10:31:47		Interface	8tkp5qdsA1EmTy2eIfntohIWKt6-nEa8	82	18368147785		/api/login/loginmsg	phone=18368147785					/api/login/loginmsg?phone=18368147785	http://localhost:8080/compelete?ispay=1	::1	
2017/12/01 10:33:31		Event	8tkp5qdsA1EmTy2eIfntohIWKt6-nEa8	82	18368147785		pageView						/proxy/log?name=pageView&type=event&loading=false	http://localhost:8080/compelete?ispay=1	::1	
2017/12/01 10:33:32		Interface	8tkp5qdsA1EmTy2eIfntohIWKt6-nEa8	82	18368147785		/api/login/loginmsg	phone=18368147785					/api/login/loginmsg?phone=18368147785	http://localhost:8080/compelete?ispay=1	::1	
2017/12/01 10:33:59		Event	8tkp5qdsA1EmTy2eIfntohIWKt6-nEa8	82	18368147785		pageView						/proxy/log?name=pageView&type=event&loading=false	http://localhost:8080/compelete?ispay=1	::1	
2017/12/01 10:34:01		Interface	8tkp5qdsA1EmTy2eIfntohIWKt6-nEa8	82	18368147785		/api/login/loginmsg	phone=18368147785					/api/login/loginmsg?phone=18368147785	http://localhost:8080/compelete?ispay=1	::1	
2017/12/01 10:34:03		Event	8tkp5qdsA1EmTy2eIfntohIWKt6-nEa8	82	18368147785		pageView						/proxy/log?name=pageView&type=event&loading=false	http://localhost:8080/compelete?ispay=1	::1	
2017/12/01 10:34:04		Interface	8tkp5qdsA1EmTy2eIfntohIWKt6-nEa8	82	18368147785		/api/login/loginmsg	phone=18368147785					/api/login/loginmsg?phone=18368147785	http://localhost:8080/compelete?ispay=1	::1	
2017/12/01 10:34:38		Event	8tkp5qdsA1EmTy2eIfntohIWKt6-nEa8	82	18368147785		pageView						/proxy/log?name=pageView&type=event&loading=false	http://localhost:8080/compelete?ispay=1	::1	
2017/12/01 10:34:39		Interface	8tkp5qdsA1EmTy2eIfntohIWKt6-nEa8	82	18368147785		/api/login/loginmsg	phone=18368147785					/api/login/loginmsg?phone=18368147785	http://localhost:8080/compelete?ispay=1	::1	
2017/12/01 10:34:49		Event	8tkp5qdsA1EmTy2eIfntohIWKt6-nEa8	82	18368147785		pageView						/proxy/log?name=pageView&type=event&loading=false	http://localhost:8080/compelete?ispay=1	::1	
2017/12/01 10:34:50		Interface	8tkp5qdsA1EmTy2eIfntohIWKt6-nEa8	82	18368147785		/api/login/loginmsg	phone=18368147785					/api/login/loginmsg?phone=18368147785	http://localhost:8080/compelete?ispay=1	::1	
2017/12/01 10:35:44		Event	8tkp5qdsA1EmTy2eIfntohIWKt6-nEa8	82	18368147785		pageView						/proxy/log?name=pageView&type=event&loading=false	http://localhost:8080/compelete?ispay=1	::1	
2017/12/01 10:35:45		Interface	8tkp5qdsA1EmTy2eIfntohIWKt6-nEa8	82	18368147785		/api/login/loginmsg	phone=18368147785					/api/login/loginmsg?phone=18368147785	http://localhost:8080/compelete?ispay=1	::1	
2017/12/01 10:35:45		Event	8tkp5qdsA1EmTy2eIfntohIWKt6-nEa8	82	18368147785		pageView						/proxy/log?name=pageView&type=event&loading=false	http://localhost:8080/compelete?ispay=1	::1	
2017/12/01 10:35:45		Event	8tkp5qdsA1EmTy2eIfntohIWKt6-nEa8	82	18368147785		pageView						/proxy/log?name=pageView&type=event&loading=false	http://localhost:8080/compelete?ispay=1	::1	
2017/12/01 10:35:45		Event	8tkp5qdsA1EmTy2eIfntohIWKt6-nEa8	82	18368147785		pageView						/proxy/log?name=pageView&type=event&loading=false	http://localhost:8080/login	::1	
2017/12/01 10:35:45		Interface	8tkp5qdsA1EmTy2eIfntohIWKt6-nEa8	82	18368147785		/api/login/loginmsg	phone=18368147785					/api/login/loginmsg?phone=18368147785	http://localhost:8080/profile	::1	
2017/12/01 10:36:13		Event	8tkp5qdsA1EmTy2eIfntohIWKt6-nEa8	82	18368147785		pageView						/proxy/log?name=pageView&type=event&loading=false	http://localhost:8080/profile	::1	
2017/12/01 10:36:13		Interface	8tkp5qdsA1EmTy2eIfntohIWKt6-nEa8	82	18368147785		/api/login/loginmsg	phone=18368147785					/api/login/loginmsg?phone=18368147785	http://localhost:8080/profile	::1	
2017/12/01 10:36:15		Event	8tkp5qdsA1EmTy2eIfntohIWKt6-nEa8	82	18368147785		pageView						/proxy/log?name=pageView&type=event&loading=false	http://localhost:8080/compelete?ispay=1	::1	
2017/12/01 10:36:16		Interface	8tkp5qdsA1EmTy2eIfntohIWKt6-nEa8	82	18368147785		/api/login/loginmsg	phone=18368147785					/api/login/loginmsg?phone=18368147785	http://localhost:8080/compelete?ispay=1	::1	
2017/12/01 10:36:18		Event	8tkp5qdsA1EmTy2eIfntohIWKt6-nEa8	82	18368147785		pageView						/proxy/log?name=pageView&type=event&loading=false	http://localhost:8080/compelete?ispay=1	::1	
2017/12/01 10:36:19		Interface	8tkp5qdsA1EmTy2eIfntohIWKt6-nEa8	82	18368147785		/api/login/loginmsg	phone=18368147785					/api/login/loginmsg?phone=18368147785	http://localhost:8080/compelete?ispay=1	::1	
2017/12/01 10:36:19		Event	8tkp5qdsA1EmTy2eIfntohIWKt6-nEa8	82	18368147785		pageView						/proxy/log?name=pageView&type=event&loading=false	http://localhost:8080/compelete?ispay=1	::1	
2017/12/01 10:36:19		Event	8tkp5qdsA1EmTy2eIfntohIWKt6-nEa8	82	18368147785		pageView						/proxy/log?name=pageView&type=event&loading=false	http://localhost:8080/compelete?ispay=1	::1	
2017/12/01 10:36:19		Event	8tkp5qdsA1EmTy2eIfntohIWKt6-nEa8	82	18368147785		pageView						/proxy/log?name=pageView&type=event&loading=false	http://localhost:8080/login	::1	
2017/12/01 10:36:20		Interface	8tkp5qdsA1EmTy2eIfntohIWKt6-nEa8	82	18368147785		/api/login/loginmsg	phone=18368147785					/api/login/loginmsg?phone=18368147785	http://localhost:8080/profile	::1	
2017/12/01 10:36:45		Event	8tkp5qdsA1EmTy2eIfntohIWKt6-nEa8	82	18368147785		pageView						/proxy/log?name=pageView&type=event&loading=false	http://localhost:8080/profile	::1	
2017/12/01 10:36:45		Interface	8tkp5qdsA1EmTy2eIfntohIWKt6-nEa8	82	18368147785		/api/login/loginmsg	phone=18368147785					/api/login/loginmsg?phone=18368147785	http://localhost:8080/profile	::1	
2017/12/01 10:36:46		Event	8tkp5qdsA1EmTy2eIfntohIWKt6-nEa8	82	18368147785		pageView						/proxy/log?name=pageView&type=event&loading=false	http://localhost:8080/compelete?ispay=1	::1	
2017/12/01 10:36:48		Interface	8tkp5qdsA1EmTy2eIfntohIWKt6-nEa8	82	18368147785		/api/login/loginmsg	phone=18368147785					/api/login/loginmsg?phone=18368147785	http://localhost:8080/compelete?ispay=1	::1	
2017/12/01 10:36:48		Event	8tkp5qdsA1EmTy2eIfntohIWKt6-nEa8	82	18368147785		pageView						/proxy/log?name=pageView&type=event&loading=false	http://localhost:8080/compelete?ispay=1	::1	
2017/12/01 10:36:48		Event	8tkp5qdsA1EmTy2eIfntohIWKt6-nEa8	82	18368147785		pageView						/proxy/log?name=pageView&type=event&loading=false	http://localhost:8080/compelete?ispay=1	::1	
2017/12/01 10:36:48		Event	8tkp5qdsA1EmTy2eIfntohIWKt6-nEa8	82	18368147785		pageView						/proxy/log?name=pageView&type=event&loading=false	http://localhost:8080/login	::1	
2017/12/01 10:36:48		Interface	8tkp5qdsA1EmTy2eIfntohIWKt6-nEa8	82	18368147785		/api/login/loginmsg	phone=18368147785					/api/login/loginmsg?phone=18368147785	http://localhost:8080/profile	::1	
2017/12/01 10:36:49		Event	8tkp5qdsA1EmTy2eIfntohIWKt6-nEa8	82	18368147785		pageView						/proxy/log?name=pageView&type=event&loading=false	http://localhost:8080/profile	::1	
2017/12/01 10:36:49		Interface	8tkp5qdsA1EmTy2eIfntohIWKt6-nEa8	82	18368147785		/api/login/loginmsg	phone=18368147785					/api/login/loginmsg?phone=18368147785	http://localhost:8080/profile	::1	
2017/12/01 10:36:50		Event	8tkp5qdsA1EmTy2eIfntohIWKt6-nEa8	82	18368147785		pageView						/proxy/log?name=pageView&type=event&loading=false	http://localhost:8080/compelete?ispay=1	::1	
2017/12/01 10:36:51		Interface	8tkp5qdsA1EmTy2eIfntohIWKt6-nEa8	82	18368147785		/api/login/loginmsg	phone=18368147785					/api/login/loginmsg?phone=18368147785	http://localhost:8080/compelete?ispay=1	::1	
2017/12/01 10:36:51		Event	8tkp5qdsA1EmTy2eIfntohIWKt6-nEa8	82	18368147785		pageView						/proxy/log?name=pageView&type=event&loading=false	http://localhost:8080/compelete?ispay=1	::1	
2017/12/01 10:36:51		Event	8tkp5qdsA1EmTy2eIfntohIWKt6-nEa8	82	18368147785		pageView						/proxy/log?name=pageView&type=event&loading=false	http://localhost:8080/compelete?ispay=1	::1	
2017/12/01 10:36:51		Event	8tkp5qdsA1EmTy2eIfntohIWKt6-nEa8	82	18368147785		pageView						/proxy/log?name=pageView&type=event&loading=false	http://localhost:8080/login	::1	
2017/12/01 10:36:51		Interface	8tkp5qdsA1EmTy2eIfntohIWKt6-nEa8	82	18368147785		/api/login/loginmsg	phone=18368147785					/api/login/loginmsg?phone=18368147785	http://localhost:8080/profile	::1	
2017/12/01 10:39:12		Event	8tkp5qdsA1EmTy2eIfntohIWKt6-nEa8	82	18368147785		pageView						/proxy/log?name=pageView&type=event&loading=false	http://localhost:8080/profile	::1	
2017/12/01 10:39:12		Interface	8tkp5qdsA1EmTy2eIfntohIWKt6-nEa8	82	18368147785		/api/login/loginmsg	phone=18368147785					/api/login/loginmsg?phone=18368147785	http://localhost:8080/profile	::1	
2017/12/01 10:39:17		Event	8tkp5qdsA1EmTy2eIfntohIWKt6-nEa8	82	18368147785		pageView						/proxy/log?name=pageView&type=event&loading=false	http://localhost:8080/compelete?ispay=1	::1	
2017/12/01 10:39:18		Interface	8tkp5qdsA1EmTy2eIfntohIWKt6-nEa8	82	18368147785		/api/login/loginmsg	phone=18368147785					/api/login/loginmsg?phone=18368147785	http://localhost:8080/compelete?ispay=1	::1	
2017/12/01 10:39:18		Event	8tkp5qdsA1EmTy2eIfntohIWKt6-nEa8	82	18368147785		pageView						/proxy/log?name=pageView&type=event&loading=false	http://localhost:8080/compelete?ispay=1	::1	
2017/12/01 10:39:18		Event	8tkp5qdsA1EmTy2eIfntohIWKt6-nEa8	82	18368147785		pageView						/proxy/log?name=pageView&type=event&loading=false	http://localhost:8080/compelete?ispay=1	::1	
2017/12/01 10:39:18		Event	8tkp5qdsA1EmTy2eIfntohIWKt6-nEa8	82	18368147785		pageView						/proxy/log?name=pageView&type=event&loading=false	http://localhost:8080/login	::1	
2017/12/01 10:39:18		Interface	8tkp5qdsA1EmTy2eIfntohIWKt6-nEa8	82	18368147785		/api/login/loginmsg	phone=18368147785					/api/login/loginmsg?phone=18368147785	http://localhost:8080/profile	::1	
2017/12/01 10:39:23		Event	8tkp5qdsA1EmTy2eIfntohIWKt6-nEa8	82	18368147785		pageView						/proxy/log?name=pageView&type=event&loading=false	http://localhost:8080/compelete?ispay=1	::1	
2017/12/01 10:39:24		Interface	8tkp5qdsA1EmTy2eIfntohIWKt6-nEa8	82	18368147785		/api/login/loginmsg	phone=18368147785					/api/login/loginmsg?phone=18368147785	http://localhost:8080/compelete?ispay=1	::1	
2017/12/01 10:39:24		Event	8tkp5qdsA1EmTy2eIfntohIWKt6-nEa8	82	18368147785		pageView						/proxy/log?name=pageView&type=event&loading=false	http://localhost:8080/compelete?ispay=1	::1	
2017/12/01 10:39:24		Event	8tkp5qdsA1EmTy2eIfntohIWKt6-nEa8	82	18368147785		pageView						/proxy/log?name=pageView&type=event&loading=false	http://localhost:8080/compelete?ispay=1	::1	
2017/12/01 10:39:24		Event	8tkp5qdsA1EmTy2eIfntohIWKt6-nEa8	82	18368147785		pageView						/proxy/log?name=pageView&type=event&loading=false	http://localhost:8080/login	::1	
2017/12/01 10:39:24		Interface	8tkp5qdsA1EmTy2eIfntohIWKt6-nEa8	82	18368147785		/api/login/loginmsg	phone=18368147785					/api/login/loginmsg?phone=18368147785	http://localhost:8080/profile	::1	
2017/12/01 10:39:49		Event	8tkp5qdsA1EmTy2eIfntohIWKt6-nEa8	82	18368147785		pageView						/proxy/log?name=pageView&type=event&loading=false	http://localhost:8080/compelete?ispay=1	::1	
2017/12/01 10:39:50		Event	8tkp5qdsA1EmTy2eIfntohIWKt6-nEa8	82	18368147785		pageView						/proxy/log?name=pageView&type=event&loading=false	http://localhost:8080/compelete?ispay=1	::1	
2017/12/01 10:39:51		Interface	8tkp5qdsA1EmTy2eIfntohIWKt6-nEa8	82	18368147785		/api/login/loginmsg	phone=18368147785					/api/login/loginmsg?phone=18368147785	http://localhost:8080/compelete?ispay=1	::1	
2017/12/01 10:39:51		Event	8tkp5qdsA1EmTy2eIfntohIWKt6-nEa8	82	18368147785		pageView						/proxy/log?name=pageView&type=event&loading=false	http://localhost:8080/compelete?ispay=1	::1	
2017/12/01 10:39:51		Event	8tkp5qdsA1EmTy2eIfntohIWKt6-nEa8	82	18368147785		pageView						/proxy/log?name=pageView&type=event&loading=false	http://localhost:8080/compelete?ispay=1	::1	
2017/12/01 10:39:51		Event	8tkp5qdsA1EmTy2eIfntohIWKt6-nEa8	82	18368147785		pageView						/proxy/log?name=pageView&type=event&loading=false	http://localhost:8080/login	::1	
2017/12/01 10:39:51		Interface	8tkp5qdsA1EmTy2eIfntohIWKt6-nEa8	82	18368147785		/api/login/loginmsg	phone=18368147785					/api/login/loginmsg?phone=18368147785	http://localhost:8080/profile	::1	
2017/12/01 10:39:55		Event	8tkp5qdsA1EmTy2eIfntohIWKt6-nEa8	82	18368147785		pageView						/proxy/log?name=pageView&type=event&loading=false	http://localhost:8080/compelete?ispay=1	::1	
2017/12/01 10:39:56		Interface	8tkp5qdsA1EmTy2eIfntohIWKt6-nEa8	82	18368147785		/api/login/loginmsg	phone=18368147785					/api/login/loginmsg?phone=18368147785	http://localhost:8080/compelete?ispay=1	::1	
2017/12/01 10:39:56		Event	8tkp5qdsA1EmTy2eIfntohIWKt6-nEa8	82	18368147785		pageView						/proxy/log?name=pageView&type=event&loading=false	http://localhost:8080/compelete?ispay=1	::1	
2017/12/01 10:39:56		Event	8tkp5qdsA1EmTy2eIfntohIWKt6-nEa8	82	18368147785		pageView						/proxy/log?name=pageView&type=event&loading=false	http://localhost:8080/compelete?ispay=1	::1	
2017/12/01 10:39:56		Event	8tkp5qdsA1EmTy2eIfntohIWKt6-nEa8	82	18368147785		pageView						/proxy/log?name=pageView&type=event&loading=false	http://localhost:8080/login	::1	
2017/12/01 10:39:56		Interface	8tkp5qdsA1EmTy2eIfntohIWKt6-nEa8	82	18368147785		/api/login/loginmsg	phone=18368147785					/api/login/loginmsg?phone=18368147785	http://localhost:8080/profile	::1	
2017/12/01 10:40:05		Event	8tkp5qdsA1EmTy2eIfntohIWKt6-nEa8	82	18368147785		pageView						/proxy/log?name=pageView&type=event&loading=false	http://localhost:8080/profile	::1	
2017/12/01 10:40:05		Interface	8tkp5qdsA1EmTy2eIfntohIWKt6-nEa8	82	18368147785		/api/login/loginmsg	phone=18368147785					/api/login/loginmsg?phone=18368147785	http://localhost:8080/profile	::1	
2017/12/01 10:40:05		Event	8tkp5qdsA1EmTy2eIfntohIWKt6-nEa8	82	18368147785		pageView						/proxy/log?name=pageView&type=event&loading=false	http://localhost:8080/compelete?ispay=1	::1	
2017/12/01 10:40:06		Interface	8tkp5qdsA1EmTy2eIfntohIWKt6-nEa8	82	18368147785		/api/login/loginmsg	phone=18368147785					/api/login/loginmsg?phone=18368147785	http://localhost:8080/compelete?ispay=1	::1	
2017/12/01 10:40:06		Event	8tkp5qdsA1EmTy2eIfntohIWKt6-nEa8	82	18368147785		pageView						/proxy/log?name=pageView&type=event&loading=false	http://localhost:8080/compelete?ispay=1	::1	
2017/12/01 10:40:06		Event	8tkp5qdsA1EmTy2eIfntohIWKt6-nEa8	82	18368147785		pageView						/proxy/log?name=pageView&type=event&loading=false	http://localhost:8080/compelete?ispay=1	::1	
2017/12/01 10:40:06		Event	8tkp5qdsA1EmTy2eIfntohIWKt6-nEa8	82	18368147785		pageView						/proxy/log?name=pageView&type=event&loading=false	http://localhost:8080/login	::1	
2017/12/01 10:40:06		Interface	8tkp5qdsA1EmTy2eIfntohIWKt6-nEa8	82	18368147785		/api/login/loginmsg	phone=18368147785					/api/login/loginmsg?phone=18368147785	http://localhost:8080/profile	::1	
2017/12/01 10:40:08		Event	8tkp5qdsA1EmTy2eIfntohIWKt6-nEa8	82	18368147785		pageView						/proxy/log?name=pageView&type=event&loading=false	http://localhost:8080/compelete?ispay=1	::1	
2017/12/01 10:40:09		Interface	8tkp5qdsA1EmTy2eIfntohIWKt6-nEa8	82	18368147785		/api/login/loginmsg	phone=18368147785					/api/login/loginmsg?phone=18368147785	http://localhost:8080/compelete?ispay=1	::1	
2017/12/01 10:40:09		Event	8tkp5qdsA1EmTy2eIfntohIWKt6-nEa8	82	18368147785		pageView						/proxy/log?name=pageView&type=event&loading=false	http://localhost:8080/compelete?ispay=1	::1	
2017/12/01 10:40:09		Event	8tkp5qdsA1EmTy2eIfntohIWKt6-nEa8	82	18368147785		pageView						/proxy/log?name=pageView&type=event&loading=false	http://localhost:8080/compelete?ispay=1	::1	
2017/12/01 10:40:09		Event	8tkp5qdsA1EmTy2eIfntohIWKt6-nEa8	82	18368147785		pageView						/proxy/log?name=pageView&type=event&loading=false	http://localhost:8080/login	::1	
2017/12/01 10:40:09		Interface	8tkp5qdsA1EmTy2eIfntohIWKt6-nEa8	82	18368147785		/api/login/loginmsg	phone=18368147785					/api/login/loginmsg?phone=18368147785	http://localhost:8080/profile	::1	
2017/12/01 10:40:10		Event	8tkp5qdsA1EmTy2eIfntohIWKt6-nEa8	82	18368147785		pageView						/proxy/log?name=pageView&type=event&loading=false	http://localhost:8080/compelete?ispay=1	::1	
2017/12/01 10:40:11		Event	8tkp5qdsA1EmTy2eIfntohIWKt6-nEa8	82	18368147785		pageView						/proxy/log?name=pageView&type=event&loading=false	http://localhost:8080/compelete?ispay=1	::1	
2017/12/01 10:40:12		Interface	8tkp5qdsA1EmTy2eIfntohIWKt6-nEa8	82	18368147785		/api/login/loginmsg	phone=18368147785					/api/login/loginmsg?phone=18368147785	http://localhost:8080/compelete?ispay=1	::1	
2017/12/01 10:40:12		Event	8tkp5qdsA1EmTy2eIfntohIWKt6-nEa8	82	18368147785		pageView						/proxy/log?name=pageView&type=event&loading=false	http://localhost:8080/compelete?ispay=1	::1	
2017/12/01 10:40:12		Event	8tkp5qdsA1EmTy2eIfntohIWKt6-nEa8	82	18368147785		pageView						/proxy/log?name=pageView&type=event&loading=false	http://localhost:8080/compelete?ispay=1	::1	
2017/12/01 10:40:13		Event	8tkp5qdsA1EmTy2eIfntohIWKt6-nEa8	82	18368147785		pageView						/proxy/log?name=pageView&type=event&loading=false	http://localhost:8080/login	::1	
2017/12/01 10:40:13		Interface	8tkp5qdsA1EmTy2eIfntohIWKt6-nEa8	82	18368147785		/api/login/loginmsg	phone=18368147785					/api/login/loginmsg?phone=18368147785	http://localhost:8080/profile	::1	
2017/12/01 10:40:24		Event	8tkp5qdsA1EmTy2eIfntohIWKt6-nEa8	82	18368147785		pageView						/proxy/log?name=pageView&type=event&loading=false	http://localhost:8080/compelete?ispay=1	::1	
2017/12/01 10:40:25		Interface	8tkp5qdsA1EmTy2eIfntohIWKt6-nEa8	82	18368147785		/api/login/loginmsg	phone=18368147785					/api/login/loginmsg?phone=18368147785	http://localhost:8080/compelete?ispay=1	::1	
2017/12/01 10:40:25		Event	8tkp5qdsA1EmTy2eIfntohIWKt6-nEa8	82	18368147785		pageView						/proxy/log?name=pageView&type=event&loading=false	http://localhost:8080/compelete?ispay=1	::1	
2017/12/01 10:40:25		Event	8tkp5qdsA1EmTy2eIfntohIWKt6-nEa8	82	18368147785		pageView						/proxy/log?name=pageView&type=event&loading=false	http://localhost:8080/compelete?ispay=1	::1	
2017/12/01 10:40:25		Event	8tkp5qdsA1EmTy2eIfntohIWKt6-nEa8	82	18368147785		pageView						/proxy/log?name=pageView&type=event&loading=false	http://localhost:8080/login	::1	
2017/12/01 10:40:25		Interface	8tkp5qdsA1EmTy2eIfntohIWKt6-nEa8	82	18368147785		/api/login/loginmsg	phone=18368147785					/api/login/loginmsg?phone=18368147785	http://localhost:8080/profile	::1	
2017/12/01 10:40:26		Event	8tkp5qdsA1EmTy2eIfntohIWKt6-nEa8	82	18368147785		pageView						/proxy/log?name=pageView&type=event&loading=false	http://localhost:8080/compelete?ispay=1	::1	
2017/12/01 10:40:27		Interface	8tkp5qdsA1EmTy2eIfntohIWKt6-nEa8	82	18368147785		/api/login/loginmsg	phone=18368147785					/api/login/loginmsg?phone=18368147785	http://localhost:8080/compelete?ispay=1	::1	
2017/12/01 10:40:27		Event	8tkp5qdsA1EmTy2eIfntohIWKt6-nEa8	82	18368147785		pageView						/proxy/log?name=pageView&type=event&loading=false	http://localhost:8080/compelete?ispay=1	::1	
2017/12/01 10:40:27		Event	8tkp5qdsA1EmTy2eIfntohIWKt6-nEa8	82	18368147785		pageView						/proxy/log?name=pageView&type=event&loading=false	http://localhost:8080/compelete?ispay=1	::1	
2017/12/01 10:40:27		Event	8tkp5qdsA1EmTy2eIfntohIWKt6-nEa8	82	18368147785		pageView						/proxy/log?name=pageView&type=event&loading=false	http://localhost:8080/login	::1	
2017/12/01 10:40:27		Interface	8tkp5qdsA1EmTy2eIfntohIWKt6-nEa8	82	18368147785		/api/login/loginmsg	phone=18368147785					/api/login/loginmsg?phone=18368147785	http://localhost:8080/profile	::1	
2017/12/01 10:40:27		Event	8tkp5qdsA1EmTy2eIfntohIWKt6-nEa8	82	18368147785		pageView						/proxy/log?name=pageView&type=event&loading=false	http://localhost:8080/compelete?ispay=1	::1	
2017/12/01 10:40:27		Event	8tkp5qdsA1EmTy2eIfntohIWKt6-nEa8	82	18368147785		pageView						/proxy/log?name=pageView&type=event&loading=false	http://localhost:8080/newpay	::1	
2017/12/01 10:40:28		Event	8tkp5qdsA1EmTy2eIfntohIWKt6-nEa8	82	18368147785		pageView						/proxy/log?name=pageView&type=event&loading=false	http://localhost:8080/activity/3?a=JBHRWASTBZUX	::1	
2017/12/01 10:40:28		Event	8tkp5qdsA1EmTy2eIfntohIWKt6-nEa8	82	18368147785		pageView						/proxy/log?name=pageView&type=event&loading=false	http://localhost:8080/	::1	
2017/12/01 10:40:29		Event	8tkp5qdsA1EmTy2eIfntohIWKt6-nEa8	82	18368147785		pageView						/proxy/log?name=pageView&type=event&loading=false	http://localhost:8080/activity/3?a=JBHRWASTBZUX	::1	
2017/12/01 10:40:30		Event	8tkp5qdsA1EmTy2eIfntohIWKt6-nEa8	82	18368147785		pageView						/proxy/log?name=pageView&type=event&loading=false	http://localhost:8080/newpay	::1	
2017/12/01 10:40:35		Event	8tkp5qdsA1EmTy2eIfntohIWKt6-nEa8	82	18368147785		pageView						/proxy/log?name=pageView&type=event&loading=false	http://localhost:8080/compelete?ispay=1	::1	
2017/12/01 10:40:37		Interface	8tkp5qdsA1EmTy2eIfntohIWKt6-nEa8	82	18368147785		/api/login/loginmsg	phone=18368147785					/api/login/loginmsg?phone=18368147785	http://localhost:8080/compelete?ispay=1	::1	
2017/12/01 10:40:37		Event	8tkp5qdsA1EmTy2eIfntohIWKt6-nEa8	82	18368147785		pageView						/proxy/log?name=pageView&type=event&loading=false	http://localhost:8080/compelete?ispay=1	::1	
2017/12/01 10:40:37		Event	8tkp5qdsA1EmTy2eIfntohIWKt6-nEa8	82	18368147785		pageView						/proxy/log?name=pageView&type=event&loading=false	http://localhost:8080/compelete?ispay=1	::1	
2017/12/01 10:40:37		Event	8tkp5qdsA1EmTy2eIfntohIWKt6-nEa8	82	18368147785		pageView						/proxy/log?name=pageView&type=event&loading=false	http://localhost:8080/login	::1	
2017/12/01 10:40:37		Interface	8tkp5qdsA1EmTy2eIfntohIWKt6-nEa8	82	18368147785		/api/login/loginmsg	phone=18368147785					/api/login/loginmsg?phone=18368147785	http://localhost:8080/profile	::1	
2017/12/01 10:41:18		Event	8tkp5qdsA1EmTy2eIfntohIWKt6-nEa8	82	18368147785		pageView						/proxy/log?name=pageView&type=event&loading=false	http://localhost:8080/profile	::1	
2017/12/01 10:41:19		Interface	8tkp5qdsA1EmTy2eIfntohIWKt6-nEa8	82	18368147785		/api/login/loginmsg	phone=18368147785					/api/login/loginmsg?phone=18368147785	http://localhost:8080/profile	::1	
2017/12/01 10:41:19		Event	8tkp5qdsA1EmTy2eIfntohIWKt6-nEa8	82	18368147785		pageView						/proxy/log?name=pageView&type=event&loading=false	http://localhost:8080/compelete?ispay=1	::1	
2017/12/01 10:41:20		Interface	8tkp5qdsA1EmTy2eIfntohIWKt6-nEa8	82	18368147785		/api/login/loginmsg	phone=18368147785					/api/login/loginmsg?phone=18368147785	http://localhost:8080/compelete?ispay=1	::1	
2017/12/01 10:41:23		Event	8tkp5qdsA1EmTy2eIfntohIWKt6-nEa8	82	18368147785		pageView						/proxy/log?name=pageView&type=event&loading=false	http://localhost:8080/compelete?ispay=1	::1	
2017/12/01 10:41:24		Interface	8tkp5qdsA1EmTy2eIfntohIWKt6-nEa8	82	18368147785		/api/login/loginmsg	phone=18368147785					/api/login/loginmsg?phone=18368147785	http://localhost:8080/compelete?ispay=1	::1	
2017/12/01 10:41:50		Event	8tkp5qdsA1EmTy2eIfntohIWKt6-nEa8	82	18368147785		pageView						/proxy/log?name=pageView&type=event&loading=false	http://localhost:8080/compelete?ispay=1	::1	
2017/12/01 10:41:52		Interface	8tkp5qdsA1EmTy2eIfntohIWKt6-nEa8	82	18368147785		/api/login/loginmsg	phone=18368147785					/api/login/loginmsg?phone=18368147785	http://localhost:8080/compelete?ispay=1	::1	
2017/12/01 10:42:25		Event	8tkp5qdsA1EmTy2eIfntohIWKt6-nEa8	82	18368147785		pageView						/proxy/log?name=pageView&type=event&loading=false	http://localhost:8080/compelete?ispay=1	::1	
2017/12/01 10:42:26		Interface	8tkp5qdsA1EmTy2eIfntohIWKt6-nEa8	82	18368147785		/api/login/loginmsg	phone=18368147785					/api/login/loginmsg?phone=18368147785	http://localhost:8080/compelete?ispay=1	::1	
2017/12/01 10:42:41		Event	8tkp5qdsA1EmTy2eIfntohIWKt6-nEa8	82	18368147785		pageView						/proxy/log?name=pageView&type=event&loading=false	http://localhost:8080/compelete?ispay=1	::1	
2017/12/01 10:42:42		Interface	8tkp5qdsA1EmTy2eIfntohIWKt6-nEa8	82	18368147785		/api/login/loginmsg	phone=18368147785					/api/login/loginmsg?phone=18368147785	http://localhost:8080/compelete?ispay=1	::1	
2017/12/01 10:43:50		Event	8tkp5qdsA1EmTy2eIfntohIWKt6-nEa8	82	18368147785		pageView						/proxy/log?name=pageView&type=event&loading=false	http://localhost:8080/compelete?ispay=1	::1	
2017/12/01 10:43:52		Interface	8tkp5qdsA1EmTy2eIfntohIWKt6-nEa8	82	18368147785		/api/login/loginmsg	phone=18368147785					/api/login/loginmsg?phone=18368147785	http://localhost:8080/compelete?ispay=1	::1	
2017/12/01 10:44:22		Event	8tkp5qdsA1EmTy2eIfntohIWKt6-nEa8	82	18368147785		pageView						/proxy/log?name=pageView&type=event&loading=false	http://localhost:8080/compelete?ispay=1	::1	
2017/12/01 10:44:23		Interface	8tkp5qdsA1EmTy2eIfntohIWKt6-nEa8	82	18368147785		/api/login/loginmsg	phone=18368147785					/api/login/loginmsg?phone=18368147785	http://localhost:8080/compelete?ispay=1	::1	
2017/12/01 10:44:37		Event	8tkp5qdsA1EmTy2eIfntohIWKt6-nEa8	82	18368147785		pageView						/proxy/log?name=pageView&type=event&loading=false	http://localhost:8080/compelete?ispay=1	::1	
2017/12/01 10:44:38		Interface	8tkp5qdsA1EmTy2eIfntohIWKt6-nEa8	82	18368147785		/api/login/loginmsg	phone=18368147785					/api/login/loginmsg?phone=18368147785	http://localhost:8080/compelete?ispay=1	::1	
2017/12/01 10:44:38		Event	8tkp5qdsA1EmTy2eIfntohIWKt6-nEa8	82	18368147785		pageView						/proxy/log?name=pageView&type=event&loading=false	http://localhost:8080/compelete?ispay=1	::1	
2017/12/01 10:47:04		Event	8tkp5qdsA1EmTy2eIfntohIWKt6-nEa8	82	18368147785		chooseMonth						/proxy/log?name=chooseMonth&type=event&loading=false	http://localhost:8080/newpay	::1	
2017/12/01 10:47:09		Interface	8tkp5qdsA1EmTy2eIfntohIWKt6-nEa8	82	18368147785		/api/order/OrderPayALogin	amount=2.70&busineType=1&month=6&phone=18368147785					/api/order/OrderPayALogin?amount=2.70&busineType=1&month=6&phone=18368147785	http://localhost:8080/newpay	::1	
2017/12/01 10:47:15		Event	8tkp5qdsA1EmTy2eIfntohIWKt6-nEa8	82	18368147785		pageView						/proxy/log?name=pageView&type=event&loading=false	http://localhost:8080/newpay	::1	
2017/12/01 10:47:17		Event	8tkp5qdsA1EmTy2eIfntohIWKt6-nEa8	82	18368147785		pageView						/proxy/log?name=pageView&type=event&loading=false	http://localhost:8080/compelete?ispay=1	::1	
2017/12/01 10:47:19		Interface	8tkp5qdsA1EmTy2eIfntohIWKt6-nEa8	82	18368147785		/api/login/loginmsg	phone=18368147785					/api/login/loginmsg?phone=18368147785	http://localhost:8080/compelete?ispay=1	::1	
2017/12/01 10:47:20		Event	8tkp5qdsA1EmTy2eIfntohIWKt6-nEa8	82	18368147785		pageView						/proxy/log?name=pageView&type=event&loading=false	http://localhost:8080/newpay	::1	
2017/12/01 10:47:22		Event	8tkp5qdsA1EmTy2eIfntohIWKt6-nEa8	82	18368147785		pageView						/proxy/log?name=pageView&type=event&loading=false	http://localhost:8080/activity/3?a=JBHRWASTBZUX	::1	
2017/12/01 10:51:30		Visit	8tkp5qdsA1EmTy2eIfntohIWKt6-nEa8	82	18368147785								/activity/4?a=JBHRWASTBZUX		::1	Mozilla/5.0 (iPhone; CPU iPhone OS 9_1 like Mac OS X) AppleWebKit/601.1.46 (KHTML, like Gecko) Version/9.0 Mobile/13B143 Safari/601.1
2017/12/01 10:51:31		Event	8tkp5qdsA1EmTy2eIfntohIWKt6-nEa8	82	18368147785		pageView						/proxy/log?name=pageView&type=event&loading=false	http://localhost:3008/activity/4?a=JBHRWASTBZUX	::1	
2017/12/01 10:55:08		Event	8tkp5qdsA1EmTy2eIfntohIWKt6-nEa8	82	18368147785		getCard						/proxy/log?name=getCard&type=event&loading=false	http://localhost:3008/activity/4?a=JBHRWASTBZUX	::1	
2017/12/01 10:55:08		Event	8tkp5qdsA1EmTy2eIfntohIWKt6-nEa8	82	18368147785		pageView						/proxy/log?name=pageView&type=event&loading=false	http://localhost:3008/activity/4?a=JBHRWASTBZUX	::1	
2017/12/01 10:55:36		Event	z3qIumZ0Hif84nA2X6dnbP2BaTbVnxFR				pageView						/proxy/log?name=pageView&type=event&loading=false	http://localhost:8080/	::1	
2017/12/01 10:56:45		Event	J20Oo_yjHrkbeNHsORiQeKA7WDaBnrhJ	82	18368147785		pageView						/proxy/log?name=pageView&type=event&loading=false	http://192.168.104.204:8080/activity/4?a=JBHRWASTBZUX	::ffff:192.168.103.183	
2017/12/01 10:56:51		Event	J20Oo_yjHrkbeNHsORiQeKA7WDaBnrhJ	82	18368147785		getCard						/proxy/log?name=getCard&type=event&loading=false	http://192.168.104.204:8080/activity/4?a=JBHRWASTBZUX	::ffff:192.168.103.183	
2017/12/01 10:56:51		Event	J20Oo_yjHrkbeNHsORiQeKA7WDaBnrhJ	82	18368147785		pageView						/proxy/log?name=pageView&type=event&loading=false	http://192.168.104.204:8080/activity/4?a=JBHRWASTBZUX	::ffff:192.168.103.183	
2017/12/01 10:57:39		Event	J20Oo_yjHrkbeNHsORiQeKA7WDaBnrhJ	82	18368147785		pageView						/proxy/log?name=pageView&type=event&loading=false	http://192.168.104.204:8080/activity/4?a=JBHRWASTBZUX	::ffff:192.168.103.183	
2017/12/01 11:06:13		Event	8tkp5qdsA1EmTy2eIfntohIWKt6-nEa8	82	18368147785		pageView						/proxy/log?name=pageView&type=event&loading=false	http://localhost:3008/activity/4?a=JBHRWASTBZUX	::1	
2017/12/01 11:06:20		Event	8tkp5qdsA1EmTy2eIfntohIWKt6-nEa8	82	18368147785		getCard						/proxy/log?name=getCard&type=event&loading=false	http://localhost:3008/activity/4?a=JBHRWASTBZUX	::1	
2017/12/01 11:06:20		Event	8tkp5qdsA1EmTy2eIfntohIWKt6-nEa8	82	18368147785		pageView						/proxy/log?name=pageView&type=event&loading=false	http://localhost:3008/activity/4?a=JBHRWASTBZUX	::1	
2017/12/01 11:06:22		Event	8tkp5qdsA1EmTy2eIfntohIWKt6-nEa8	82	18368147785		chooseMonth						/proxy/log?name=chooseMonth&type=event&loading=false	http://localhost:3008/newpay	::1	
2017/12/01 11:06:28		Interface	8tkp5qdsA1EmTy2eIfntohIWKt6-nEa8	82	18368147785		/api/order/OrderPayALogin	amount=1.50&busineType=1&month=3&phone=18368147785					/api/order/OrderPayALogin?amount=1.50&busineType=1&month=3&phone=18368147785	http://localhost:3008/newpay	::1	
2017/12/01 11:06:38		Event	8tkp5qdsA1EmTy2eIfntohIWKt6-nEa8	82	18368147785		pageView						/proxy/log?name=pageView&type=event&loading=false	http://localhost:3008/newpay	::1	
2017/12/01 11:06:50		Event	8tkp5qdsA1EmTy2eIfntohIWKt6-nEa8	82	18368147785		pageView						/proxy/log?name=pageView&type=event&loading=false	http://localhost:8080/compelete?ispay=1	::1	
2017/12/01 11:06:52		Interface	8tkp5qdsA1EmTy2eIfntohIWKt6-nEa8	82	18368147785		/api/login/loginmsg	phone=18368147785					/api/login/loginmsg?phone=18368147785	http://localhost:8080/compelete?ispay=1	::1	
2017/12/01 11:06:52		Event	8tkp5qdsA1EmTy2eIfntohIWKt6-nEa8	82	18368147785		pageView						/proxy/log?name=pageView&type=event&loading=false	http://localhost:8080/compelete?ispay=1	::1	
2017/12/01 11:07:20		Event	8tkp5qdsA1EmTy2eIfntohIWKt6-nEa8	82	18368147785		pageView						/proxy/log?name=pageView&type=event&loading=false	http://localhost:8080/newpay	::1	
2017/12/01 11:07:23		Event	8tkp5qdsA1EmTy2eIfntohIWKt6-nEa8	82	18368147785		pageView						/proxy/log?name=pageView&type=event&loading=false	http://localhost:8080/compelete?ispay=1	::1	
2017/12/01 11:07:24		Interface	8tkp5qdsA1EmTy2eIfntohIWKt6-nEa8	82	18368147785		/api/login/loginmsg	phone=18368147785					/api/login/loginmsg?phone=18368147785	http://localhost:8080/compelete?ispay=1	::1	
2017/12/01 11:08:58		Event	8tkp5qdsA1EmTy2eIfntohIWKt6-nEa8	82	18368147785		pageView						/proxy/log?name=pageView&type=event&loading=false	http://localhost:8080/newpay	::1	
2017/12/01 11:14:58		Event	8tkp5qdsA1EmTy2eIfntohIWKt6-nEa8	82	18368147785		pageView						/proxy/log?name=pageView&type=event&loading=false	http://localhost:3008/newpay	::1	
2017/12/01 11:15:06		Event	8tkp5qdsA1EmTy2eIfntohIWKt6-nEa8	82	18368147785		pageView						/proxy/log?name=pageView&type=event&loading=false	http://localhost:8080/newpay	::1	
2017/12/01 14:22:14		Event	084PMs34UbMDEHVTi9BqgaYwMGN5Pb4H				pageView						/proxy/log?name=pageView&type=event&loading=false	http://localhost:3008/newpay	::1	
2017/12/01 14:22:15		Event	084PMs34UbMDEHVTi9BqgaYwMGN5Pb4H				pageView						/proxy/log?name=pageView&type=event&loading=false	http://localhost:3008/activity/4?a=JBHRWASTBZUX	::1	
2017/12/01 14:22:20		Visit	084PMs34UbMDEHVTi9BqgaYwMGN5Pb4H	82	18368147785								/activity/4?a=JBHRWASTBZUX		::1	Mozilla/5.0 (iPhone; CPU iPhone OS 9_1 like Mac OS X) AppleWebKit/601.1.46 (KHTML, like Gecko) Version/9.0 Mobile/13B143 Safari/601.1
2017/12/01 14:22:20		Event	084PMs34UbMDEHVTi9BqgaYwMGN5Pb4H	82	18368147785		pageView						/proxy/log?name=pageView&type=event&loading=false	http://localhost:3008/activity/4?a=JBHRWASTBZUX	::1	
