2017/11/21 11:36:21		Event	EtenIHMxXuoThJYBY5_8ezjhIlHu93gw				getVip						/proxy/log?name=getVip&type=event&loading=false	http://localhost:8080/	::1	
2017/11/21 11:36:34		Event	EtenIHMxXuoThJYBY5_8ezjhIlHu93gw				closeBox						/proxy/log?name=closeBox&type=event&loading=false	http://localhost:8080/	::1	
2017/11/21 11:42:10		Event	EtenIHMxXuoThJYBY5_8ezjhIlHu93gw				getVip						/proxy/log?name=getVip&type=event&loading=false	http://localhost:8080/	::1	
2017/11/21 11:42:30		Event	EtenIHMxXuoThJYBY5_8ezjhIlHu93gw				getVip						/proxy/log?name=getVip&type=event&loading=false	http://localhost:8080/	::1	
2017/11/21 12:37:27		Event	fWPQONrRPB6sWpeGXDRfwfUWY5j4D5cp				getVip						/proxy/log?name=getVip&type=event&loading=false	http://localhost:8080/	::1	
2017/11/21 12:41:31		Event	fWPQONrRPB6sWpeGXDRfwfUWY5j4D5cp				getVip						/proxy/log?name=getVip&type=event&loading=false	http://localhost:8080/	::1	
2017/11/21 12:41:56		Event	fWPQONrRPB6sWpeGXDRfwfUWY5j4D5cp				getVip						/proxy/log?name=getVip&type=event&loading=false	http://localhost:8080/	::1	
2017/11/21 12:44:08		Event	fWPQONrRPB6sWpeGXDRfwfUWY5j4D5cp				getVip						/proxy/log?name=getVip&type=event&loading=false	http://localhost:8080/	::1	
2017/11/21 12:44:13		Event	fWPQONrRPB6sWpeGXDRfwfUWY5j4D5cp				getVip						/proxy/log?name=getVip&type=event&loading=false	http://localhost:8080/	::1	
2017/11/21 12:53:44		Event	fWPQONrRPB6sWpeGXDRfwfUWY5j4D5cp				getVip						/proxy/log?name=getVip&type=event&loading=false	http://localhost:8080/	::1	
2017/11/21 12:53:44		Interface	fWPQONrRPB6sWpeGXDRfwfUWY5j4D5cp				/api/order/OrderPayALogin	amount=5&busineType=1&month=1&phone=18324490333					/api/order/OrderPayALogin?amount=5&busineType=1&month=1&phone=18324490333	http://localhost:8080/	::1	
2017/11/21 12:54:41		Event	fWPQONrRPB6sWpeGXDRfwfUWY5j4D5cp				getVip						/proxy/log?name=getVip&type=event&loading=false	http://localhost:8080/	::1	
2017/11/21 12:54:47		Interface	fWPQONrRPB6sWpeGXDRfwfUWY5j4D5cp				/api/order/OrderPayALogin	amount=0.5&busineType=1&month=1&phone=18324490333					/api/order/OrderPayALogin?amount=0.5&busineType=1&month=1&phone=18324490333	http://localhost:8080/	::1	
2017/11/21 13:00:19		Event	fWPQONrRPB6sWpeGXDRfwfUWY5j4D5cp				getVip						/proxy/log?name=getVip&type=event&loading=false	http://localhost:8080/	::1	
2017/11/21 13:00:24		Interface	fWPQONrRPB6sWpeGXDRfwfUWY5j4D5cp				/api/order/OrderPayALogin	amount=0.5&busineType=1&month=1&phone=18324490333					/api/order/OrderPayALogin?amount=0.5&busineType=1&month=1&phone=18324490333	http://localhost:8080/	::1	
2017/11/21 13:02:07		Event	fWPQONrRPB6sWpeGXDRfwfUWY5j4D5cp				getVip						/proxy/log?name=getVip&type=event&loading=false	http://localhost:8080/	::1	
2017/11/21 13:02:13		Interface	fWPQONrRPB6sWpeGXDRfwfUWY5j4D5cp				/api/order/OrderPayALogin	amount=0.5&busineType=1&month=1&phone=18324490333					/api/order/OrderPayALogin?amount=0.5&busineType=1&month=1&phone=18324490333	http://localhost:8080/	::1	
2017/11/21 13:29:31		Visit	fWPQONrRPB6sWpeGXDRfwfUWY5j4D5cp										/?		::1	Mozilla/5.0 (Windows NT 10.0; Win64; x64) AppleWebKit/537.36 (KHTML, like Gecko) Chrome/62.0.3202.94 Safari/537.36
2017/11/21 13:32:00		Event	fWPQONrRPB6sWpeGXDRfwfUWY5j4D5cp	9	18324490323		getVip						/proxy/log?name=getVip&type=event&loading=false	http://localhost:8080/activity/one?a=TCXGMCRMDMRV	::1	
2017/11/21 13:32:00		Interface	fWPQONrRPB6sWpeGXDRfwfUWY5j4D5cp	9	18324490323		/api/order/OrderPayALogin	amount=0.5&busineType=1&month=1					/api/order/OrderPayALogin?amount=0.5&busineType=1&month=1	http://localhost:8080/activity/one?a=TCXGMCRMDMRV	::1	
2017/11/21 13:32:30		Event	fWPQONrRPB6sWpeGXDRfwfUWY5j4D5cp	9	18324490323		getVip						/proxy/log?name=getVip&type=event&loading=false	http://localhost:8080/activity/one?a=TCXGMCRMDMRV	::1	
2017/11/21 13:32:35		Interface	fWPQONrRPB6sWpeGXDRfwfUWY5j4D5cp	9	18324490323		/api/order/OrderPayALogin	amount=0.5&busineType=1&month=1&phone=18324490323					/api/order/OrderPayALogin?amount=0.5&busineType=1&month=1&phone=18324490323	http://localhost:8080/activity/one?a=TCXGMCRMDMRV	::1	
2017/11/21 13:34:06		Event	deCrZg2D0Rf9SFjTiIag_6eDhQ7UrLkj	9	18324490323		getVip						/proxy/log?name=getVip&type=event&loading=false	http://192.168.104.204:8080/activity/one?a=TCXGMCRMDMRV	::ffff:192.168.103.183	
2017/11/21 13:34:12		Interface	deCrZg2D0Rf9SFjTiIag_6eDhQ7UrLkj	9	18324490323		/api/order/OrderPayALogin	amount=0.5&busineType=1&month=1&phone=18324490323					/api/order/OrderPayALogin?amount=0.5&busineType=1&month=1&phone=18324490323	http://192.168.104.204:8080/activity/one?a=TCXGMCRMDMRV	::ffff:192.168.103.183	
2017/11/21 13:50:07		Event	fWPQONrRPB6sWpeGXDRfwfUWY5j4D5cp	9	18324490323		getVip						/proxy/log?name=getVip&type=event&loading=false	http://localhost:8080/activity/one?a=TCXGMCRMDMRV	::1	
2017/11/21 13:50:12		Interface	fWPQONrRPB6sWpeGXDRfwfUWY5j4D5cp	9	18324490323		/api/order/OrderPayALogin	amount=0.5&busineType=1&month=1&phone=18324490323					/api/order/OrderPayALogin?amount=0.5&busineType=1&month=1&phone=18324490323	http://localhost:8080/activity/one?a=TCXGMCRMDMRV	::1	
2017/11/21 14:10:33		Event	fWPQONrRPB6sWpeGXDRfwfUWY5j4D5cp	9	18324490323		getVip						/proxy/log?name=getVip&type=event&loading=false	http://localhost:8080/activity/one?a=TCXGMCRMDMRV	::1	
2017/11/21 14:40:53		Event	fWPQONrRPB6sWpeGXDRfwfUWY5j4D5cp	9	18324490323		getVip						/proxy/log?name=getVip&type=event&loading=false	http://localhost:8080/	::1	
2017/11/21 14:40:53		Interface	fWPQONrRPB6sWpeGXDRfwfUWY5j4D5cp	9	18324490323		/api/order/OrderPayALogin	amount=0.5&busineType=1&month=1&phone=17710066646					/api/order/OrderPayALogin?amount=0.5&busineType=1&month=1&phone=17710066646	http://localhost:8080/	::1	
2017/11/21 14:40:57		Event	fWPQONrRPB6sWpeGXDRfwfUWY5j4D5cp	9	18324490323		getVip						/proxy/log?name=getVip&type=event&loading=false	http://localhost:8080/	::1	
2017/11/21 14:40:57		Interface	fWPQONrRPB6sWpeGXDRfwfUWY5j4D5cp	9	18324490323		/api/order/OrderPayALogin	amount=0.5&busineType=1&month=1&phone=17710066646					/api/order/OrderPayALogin?amount=0.5&busineType=1&month=1&phone=17710066646	http://localhost:8080/	::1	
2017/11/21 14:41:00		Event	fWPQONrRPB6sWpeGXDRfwfUWY5j4D5cp	9	18324490323		getVip						/proxy/log?name=getVip&type=event&loading=false	http://localhost:8080/	::1	
2017/11/21 14:41:00		Interface	fWPQONrRPB6sWpeGXDRfwfUWY5j4D5cp	9	18324490323		/api/order/OrderPayALogin	amount=0.5&busineType=1&month=1&phone=17710066646					/api/order/OrderPayALogin?amount=0.5&busineType=1&month=1&phone=17710066646	http://localhost:8080/	::1	
2017/11/21 14:46:55		Event	fWPQONrRPB6sWpeGXDRfwfUWY5j4D5cp	9	18324490323		getVip						/proxy/log?name=getVip&type=event&loading=false	http://localhost:3008/activity/one?a=TCXGMCRMDMRV	::1	
2017/11/21 14:47:00		Interface	fWPQONrRPB6sWpeGXDRfwfUWY5j4D5cp	9	18324490323		/api/order/OrderPayALogin	amount=0.5&busineType=1&month=1&phone=18324490323					/api/order/OrderPayALogin?amount=0.5&busineType=1&month=1&phone=18324490323	http://localhost:3008/activity/one?a=TCXGMCRMDMRV	::1	
2017/11/21 14:49:00		Event	fWPQONrRPB6sWpeGXDRfwfUWY5j4D5cp	9	18324490323		getVip						/proxy/log?name=getVip&type=event&loading=false	http://localhost:3008/activity/one?a=TCXGMCRMDMRV	::1	
2017/11/21 14:49:05		Interface	fWPQONrRPB6sWpeGXDRfwfUWY5j4D5cp	9	18324490323		/api/order/OrderPayALogin	amount=0.5&busineType=1&month=1&phone=18324490323					/api/order/OrderPayALogin?amount=0.5&busineType=1&month=1&phone=18324490323	http://localhost:3008/activity/one?a=TCXGMCRMDMRV	::1	
