2017/09/12 09:58:08		Event	2EdY3yrcAQt6sDkkcec7e7jA9l03lLi9				toMake						/proxy/log?name=toMake&type=event	http://localhost:8080/	::1	
2017/09/12 10:06:39		Event	BavPpK-8cDrJDdK8Zd8KNvWeSc6gTpPB				nextStep						/proxy/log?name=nextStep&type=event	http://localhost:8080/make?process=true	::1	
2017/09/12 10:09:42		Event	CZADDv2rc0_pI3U_ylCI5zvVoH9alSzb				nextStep						/proxy/log?name=nextStep&type=event	http://localhost:8080/make?process=true	::1	
2017/09/12 10:11:18		Event	xbVhixh_60NZV4Y13u1eReuydGTjlaMO				nextStep						/proxy/log?name=nextStep&type=event	http://localhost:8080/make?process=true	::1	
2017/09/12 10:17:32		Event	hbwSPmLCEYI3kQc4s-08XObs14vyzqqD				toMake						/proxy/log?name=toMake&type=event	http://localhost:3008/	::1	
2017/09/12 10:17:32		Interface	hbwSPmLCEYI3kQc4s-08XObs14vyzqqD				/api/template/gettemplate						/api/template/gettemplate?	http://localhost:3008/make?process=true	::1	
2017/09/12 10:25:25		Interface	hbwSPmLCEYI3kQc4s-08XObs14vyzqqD				/api/template/gettemplate						/api/template/gettemplate?	http://localhost:3008/make?process=true	::1	
2017/09/12 10:55:46		Event	hbwSPmLCEYI3kQc4s-08XObs14vyzqqD				toMake						/proxy/log?name=toMake&type=event	http://localhost:8080/	::1	
2017/09/12 11:25:52		Event	FRbFn3RzdFtypn4U-Xzw36Iw9g6aqAMR				toMake						/proxy/log?name=toMake&type=event	http://192.168.104.204:8080/	::ffff:192.168.103.204	
2017/09/12 11:26:01		Event	rMXszJvjmR1OCF6diEWh4tuGQ-uncFX3				nextStep						/proxy/log?name=nextStep&type=event	http://192.168.104.204:8080/make?process=true	::ffff:192.168.103.204	
2017/09/12 11:34:00		Event	sghzEO5FB0C6d9u7qzs9Zici9-92fPvN				toMake						/proxy/log?name=toMake&type=event	http://192.168.104.204:8080/	::ffff:192.168.103.204	
2017/09/12 13:04:59		Event	MX5XTYPv9oBEU99r9skeq7PBOL7WY4K5		18324490323		getVip						/proxy/log?name=getVip&type=event	http://localhost:3008/profile	::1	
2017/09/12 13:06:04		Event	MX5XTYPv9oBEU99r9skeq7PBOL7WY4K5		18324490323		getVip						/proxy/log?name=getVip&type=event	http://localhost:3008/profile	::1	
2017/09/12 13:07:11		Event	MX5XTYPv9oBEU99r9skeq7PBOL7WY4K5		18324490323		repay						/proxy/log?name=repay&type=event	http://localhost:8080/profile	::1	
2017/09/12 13:09:28		Event	MX5XTYPv9oBEU99r9skeq7PBOL7WY4K5		18324490323		toMake						/proxy/log?name=toMake&type=event	http://localhost:8080/	::1	
2017/09/12 13:09:51		Event	MX5XTYPv9oBEU99r9skeq7PBOL7WY4K5		18324490323		nextStep						/proxy/log?name=nextStep&type=event	http://localhost:8080/make?process=true	::1	
2017/09/12 15:35:47		Interface	Gz61G6WhgK7Njh4tDmNiaXFoncJEZHi0		15922444160		/api/order/pay	busineType=2&uid=27					/api/order/pay?busineType=2&uid=27	http://localhost:8070/activity/one?a=HBYRGBRJTKAT	::1	
2017/09/12 16:12:51		Interface	Gz61G6WhgK7Njh4tDmNiaXFoncJEZHi0		15922444160		/api/order/pay	busineType=2&uid=27					/api/order/pay?busineType=2&uid=27	http://localhost:8070/activity/one?a=HBYRGBRJTKAT	::1	
2017/09/12 16:14:06		Event	Gz61G6WhgK7Njh4tDmNiaXFoncJEZHi0		15922444160		nextStep						/proxy/log?name=nextStep&type=event	http://localhost:8070/make?process=true	::1	
2017/09/12 16:14:06		Interface	Gz61G6WhgK7Njh4tDmNiaXFoncJEZHi0		15922444160		/api/user/changecard	uid=27&companyName=%E6%B5%8B%E8%AF%95%E4%BF%AE%E6%94%B9&name=3333&address=4444					/api/user/changecard?uid=27&companyName=%E6%B5%8B%E8%AF%95%E4%BF%AE%E6%94%B9&name=3333&address=4444	http://localhost:8070/make?process=true	::1	
2017/09/12 16:20:28		Interface	Gz61G6WhgK7Njh4tDmNiaXFoncJEZHi0		18324460333		/api/order/pay	busineType=2&uid=11					/api/order/pay?busineType=2&uid=11	http://localhost:8070/activity/one?a=ZPNPFWCMUHE	::1	
2017/09/12 16:21:12		Event	Gz61G6WhgK7Njh4tDmNiaXFoncJEZHi0		18324460333		nextStep						/proxy/log?name=nextStep&type=event	http://localhost:8070/make?process=true	::1	
2017/09/12 16:21:22		Interface	Gz61G6WhgK7Njh4tDmNiaXFoncJEZHi0		18324460333		/api/user/changecard	uid=11&companyName=%E5%A1%AB%E4%BA%86%E4%BF%A1%E6%81%AF%E5%90%8E0%E5%85%83%E8%AF%95%E7%94%A8&name=%E6%B5%8B%E8%AF%95&address=%E6%B5%8B%E8%AF%95					/api/user/changecard?uid=11&companyName=%E5%A1%AB%E4%BA%86%E4%BF%A1%E6%81%AF%E5%90%8E0%E5%85%83%E8%AF%95%E7%94%A8&name=%E6%B5%8B%E8%AF%95&address=%E6%B5%8B%E8%AF%95	http://localhost:8070/pay?process=true	::1	
2017/09/12 16:23:40		Interface	Gz61G6WhgK7Njh4tDmNiaXFoncJEZHi0		18324460333		/api/order/pay	busineType=2&uid=11					/api/order/pay?busineType=2&uid=11	http://localhost:8070/activity/one?a=ZPNPFWCMUHE	::1	
2017/09/12 16:24:01		Event	Gz61G6WhgK7Njh4tDmNiaXFoncJEZHi0		18324460333		nextStep						/proxy/log?name=nextStep&type=event	http://localhost:8070/make?process=true	::1	
2017/09/12 16:27:25		Interface	Gz61G6WhgK7Njh4tDmNiaXFoncJEZHi0		18324460333		/api/order/pay	busineType=2&uid=11					/api/order/pay?busineType=2&uid=11	http://localhost:8070/activity/one?a=ZPNPFWCMUHE	::1	
2017/09/12 16:28:36		Interface	Gz61G6WhgK7Njh4tDmNiaXFoncJEZHi0		18324460333		/api/order/pay	busineType=2&uid=11					/api/order/pay?busineType=2&uid=11	http://localhost:8070/activity/one?a=ZPNPFWCMUHE	::1	
2017/09/12 17:07:45		Event	YwKWBRhOCTA_I-sTFAW-Q_7K__NWYUsA				toMake						/proxy/log?name=toMake&type=event	http://localhost:8080/	::1	
2017/09/12 17:07:55		Event	mq53Jz5keviExFH7BfIAaY_ot8WzNQXE				toMake						/proxy/log?name=toMake&type=event	http://192.168.104.204:8080/	::ffff:192.168.103.230	
2017/09/12 18:09:11		Event	kAegrS0wNwG2YMj9f_CZALdnjMJYIMCs				toMake						/proxy/log?name=toMake&type=event	http://localhost:8080/	::1	
2017/09/12 18:09:23		Event	vd9Cw5hx6NBn-FEU7O_3z21R33FqgUTp				nextStep						/proxy/log?name=nextStep&type=event	http://localhost:8080/make?process=true	::1	
2017/09/12 19:27:24		Event	S0yfJTAKhOyLKIFS7In0gSa5uEQebAra				toMake						/proxy/log?name=toMake&type=event	http://localhost:8080/	::1	
2017/09/12 19:36:21		Event	aN5aTsCTr4aaTbs7iZAb_rJwLNWtRPgW				toLogin						/proxy/log?name=toLogin&type=event	http://localhost:8080/	::1	
2017/09/12 19:37:03		Interface	QdTzazckSlH-2za2Oo1XezgAJoe9Zpk_				/api/login/loginmsg	phone=18324490333&fromType=2					/api/login/loginmsg?phone=18324490333&fromType=2	http://localhost:8080/login	::1	
2017/09/12 19:37:03		Interface	QdTzazckSlH-2za2Oo1XezgAJoe9Zpk_		18324490333		/api/user/changecard	uid=20&companyName=6&name=&address=6					/api/user/changecard?uid=20&companyName=6&name=&address=6	http://localhost:8080/login	::1	
2017/09/12 19:41:30		Event	EWAqTNX9_swI32qQIqyEhvB66YmIqgZR				toLogin						/proxy/log?name=toLogin&type=event	http://localhost:8080/	::1	
2017/09/12 19:48:44		Interface	01t-Gdzm0gUH-yOIYYsXOfYM-0vmTku5				/api/login/loginmsg	phone=15755501595&fromType=2					/api/login/loginmsg?phone=15755501595&fromType=2	http://localhost:8080/login	::1	
2017/09/12 19:58:29		Event	01t-Gdzm0gUH-yOIYYsXOfYM-0vmTku5		15755501595		nextStep						/proxy/log?name=nextStep&type=event	http://localhost:8080/make?process=true	::1	
2017/09/12 20:02:48		Event	01t-Gdzm0gUH-yOIYYsXOfYM-0vmTku5		15755501595		nextStep						/proxy/log?name=nextStep&type=event	http://localhost:8080/make?process=true	::1	
2017/09/12 20:03:11		Event	01t-Gdzm0gUH-yOIYYsXOfYM-0vmTku5		15755501595		nextStep						/proxy/log?name=nextStep&type=event	http://localhost:8080/make?process=true	::1	
2017/09/12 20:03:24		Event	01t-Gdzm0gUH-yOIYYsXOfYM-0vmTku5		15755501595		nextStep						/proxy/log?name=nextStep&type=event	http://localhost:8080/make?process=true	::1	
2017/09/12 20:03:48		Event	01t-Gdzm0gUH-yOIYYsXOfYM-0vmTku5		15755501595		nextStep						/proxy/log?name=nextStep&type=event	http://localhost:8080/make?process=true	::1	
2017/09/12 20:03:54		Event	01t-Gdzm0gUH-yOIYYsXOfYM-0vmTku5		15755501595		nextStep						/proxy/log?name=nextStep&type=event	http://localhost:8080/make?process=true	::1	
2017/09/12 20:04:29		Event	01t-Gdzm0gUH-yOIYYsXOfYM-0vmTku5		15755501595		nextStep						/proxy/log?name=nextStep&type=event	http://localhost:8080/make?process=true	::1	
2017/09/12 20:04:29		Interface	01t-Gdzm0gUH-yOIYYsXOfYM-0vmTku5		15755501595		/api/user/changecard	uid=3&companyName=%E6%9D%AD%E5%B7%9E%E7%A5%96%E7%8E%9B%E7%A7%91%E6%8A%80%E6%9C%89%E9%99%90%E5%85%AC%E5%8F%B8&name=%E6%AE%B5%E7%A7%80%E8%8F%A0&address=%E6%9D%AD%E5%B7%9E%E5%B8%82%E8%A5%BF%E6%B9%96%E5%8C%BA%E7%99%BB%E6%96%B0%E5%85%AC%E5%AF%93					/api/user/changecard?uid=3&companyName=%E6%9D%AD%E5%B7%9E%E7%A5%96%E7%8E%9B%E7%A7%91%E6%8A%80%E6%9C%89%E9%99%90%E5%85%AC%E5%8F%B8&name=%E6%AE%B5%E7%A7%80%E8%8F%A0&address=%E6%9D%AD%E5%B7%9E%E5%B8%82%E8%A5%BF%E6%B9%96%E5%8C%BA%E7%99%BB%E6%96%B0%E5%85%AC%E5%AF%93	http://localhost:8080/make?process=true	::1	
2017/09/12 20:05:31		Event	01t-Gdzm0gUH-yOIYYsXOfYM-0vmTku5		15755501595		getVip						/proxy/log?name=getVip&type=event	http://localhost:8080/profile	::1	
2017/09/12 20:28:41		Interface	01t-Gdzm0gUH-yOIYYsXOfYM-0vmTku5		18324460333		/api/order/pay	busineType=2&uid=11					/api/order/pay?busineType=2&uid=11	http://localhost:8080/activity/one?a=BSPVBKEJDKW	::1	
