2018/01/25 09:31:44		Event	L4vLNx5Ws6V06yMw0KXps1a1NbE66xph				pageView						/proxy/log?name=pageView&type=event&loading=false	http://localhost:8080/	undefined	
2018/01/25 09:31:56		Error	bOKEZoGgn9ZkVjaoUcX9REtNl6NloBTs				/api/template/getTemplate		{"code":"ESOCKETTIMEDOUT","connect":false}				/api/template/getTemplate?	http://localhost:8080/	undefined	
2018/01/25 09:33:29		Event	0bxybDeItYHl0DRDWRuM-XjhpWG9xFU7				pageView						/proxy/log?name=pageView&type=event&loading=false	http://localhost:8080/	undefined	
2018/01/25 09:33:35		Event	SQEEnRQOeFctRCWTxKnSKqzAbRcXdgDj				pageView						/proxy/log?name=pageView&type=event&loading=false	http://localhost:8080/	undefined	
2018/01/25 09:33:39		Event	Aj1Lct-vtDuO06nssvO-fBechodfOC-0				pageView						/proxy/log?name=pageView&type=event&loading=false	http://localhost:8080/	undefined	
2018/01/25 09:46:14		Event	uG1gp9RWojaGC6bshvF6TUTx45_JLoi5				pageView						/proxy/log?name=pageView&type=event&loading=false	http://192.168.103.172:8080/	undefined	
2018/01/25 09:46:19		Event	84j3M3UCcGxjyB1x0XgyXOzI_usGsJCt				pageView						/proxy/log?name=pageView&type=event&loading=false	http://192.168.103.172:8080/	undefined	
2018/01/25 09:46:41		Event	BjtVAn3DwIhWpRrqXQY_VCin6tFMotm_				submit						/proxy/log?name=submit&type=event&loading=false	http://192.168.103.172:8080/make/20180122184722	undefined	
2018/01/25 09:46:41		Event	sXBzo6vrg6R4AkplQqBoPQWr7bzDjYOa				pageView						/proxy/log?name=pageView&type=event&loading=false	http://192.168.103.172:8080/	undefined	
2018/01/25 09:47:12		Event	WCzDih15Kih2dKp9Cl3527i_Yv__09Z8				submit						/proxy/log?name=submit&type=event&loading=false	http://localhost:8080/make/20180122184722	undefined	
2018/01/25 09:47:12		Event	RRQ51c2gs6cAKRUVtDHD466EbLlRL5uE				pageView						/proxy/log?name=pageView&type=event&loading=false	http://localhost:8080/make/20180122184722	undefined	
2018/01/25 09:47:32		Error	JHWRkIsfDhjYRI4G5w-LWZlYJJYCyT2m				/api/login/sendmsgcode	phone=18324490333&loading=false	{"code":"ESOCKETTIMEDOUT","connect":false}				/api/login/sendmsgcode?phone=18324490333&loading=false	http://localhost:8080/login	undefined	
2018/01/25 09:48:14		Interface	WNnZ5iX--6QsBbsrPy23LJqdnh2AYcxM				/api/login/loginmsg	phone=18324490333&fromType=2					/api/login/loginmsg?phone=18324490333&fromType=2	http://localhost:8080/login	undefined	
2018/01/25 09:48:14		Event	WNnZ5iX--6QsBbsrPy23LJqdnh2AYcxM	92	18324490333		pageView						/proxy/log?name=pageView&type=event&loading=false	http://localhost:8080/login	undefined	
2018/01/25 09:49:50		Event	c_k25mxhe46XurZGMtJ-bgAkXiNRFh-s				pageView						/proxy/log?name=pageView&type=event&loading=false	http://localhost:8080/	undefined	
2018/01/25 09:49:50		Event	q9hh85xLiqOPEacH5bNiMf1kh64tJqpe				pageView						/proxy/log?name=pageView&type=event&loading=false	http://localhost:8080/	undefined	
2018/01/25 09:50:30		Event	_oz2UXdGWCaELDn_ydj6VBk8D5VGTJtR				pageView						/proxy/log?name=pageView&type=event&loading=false	http://localhost:8080/	undefined	
2018/01/25 09:50:38		Event	dIbxAYBa5BvahKuhSq69gpBo2foozXsK				pageView						/proxy/log?name=pageView&type=event&loading=false	http://localhost:8080/	undefined	
2018/01/25 09:50:41		Event	gc6UWq8tCj9Pdj_VfbSnXMYa7lDEEHtT				pageView						/proxy/log?name=pageView&type=event&loading=false	http://localhost:8080/	undefined	
2018/01/25 09:51:16		Event	E0kHyS9vyhQt43INSwg-dhvqzmPhFSau				submit						/proxy/log?name=submit&type=event&loading=false	http://localhost:8080/make/20180122184722	undefined	
2018/01/25 09:51:16		Event	QXCk25ts0PZVihshoxbNYY0xtUoZkvxz				pageView						/proxy/log?name=pageView&type=event&loading=false	http://localhost:8080/make/20180122184722	undefined	
2018/01/25 09:51:58		Interface	NBI8-z7pjpZW_RbBgDW7h_EtjYvP8fXO				/api/login/loginmsg	phone=18324490333&fromType=2					/api/login/loginmsg?phone=18324490333&fromType=2	http://localhost:8080/login	undefined	
2018/01/25 09:51:58		Event	NBI8-z7pjpZW_RbBgDW7h_EtjYvP8fXO	92	18324490333		pageView						/proxy/log?name=pageView&type=event&loading=false	http://localhost:8080/login	undefined	
2018/01/25 09:55:16		Event	NBI8-z7pjpZW_RbBgDW7h_EtjYvP8fXO	92	18324490333		pageView						/proxy/log?name=pageView&type=event&loading=false	http://localhost:8080/make/20180122184722	undefined	
2018/01/25 09:55:17		Event	NBI8-z7pjpZW_RbBgDW7h_EtjYvP8fXO	92	18324490333		pageView						/proxy/log?name=pageView&type=event&loading=false	http://localhost:8080/make/20180122184722	undefined	
2018/01/25 09:55:26		Error	NBI8-z7pjpZW_RbBgDW7h_EtjYvP8fXO	92	18324490333		/api/template/getTemplate	groupId=20180122184722	{"code":"ETIMEDOUT","connect":true}				/api/template/getTemplate?groupId=20180122184722	http://localhost:8080/make/20180122184722	undefined	
2018/01/25 09:55:28		Error	NBI8-z7pjpZW_RbBgDW7h_EtjYvP8fXO	92	18324490333		/api/template/getTemplate	groupId=20180122184722	{"code":"ETIMEDOUT","connect":true}				/api/template/getTemplate?groupId=20180122184722	http://localhost:8080/make/20180122184722	undefined	
2018/01/25 09:58:11		Error	KViAz04wOSaqiS-HhED1YmxVKDDW3s5R				/api/template/getTemplate	groupId=20180122184722	{"code":"ECONNREFUSED","errno":"ECONNREFUSED","syscall":"connect","address":"192.168.2.189","port":8070}				/api/template/getTemplate?groupId=20180122184722	http://localhost:8080/make/20180122184722	undefined	
2018/01/25 09:58:15		Event	efnrRFkmjCnqoflUg7x9LDWczNAzdz3I				pageView						/proxy/log?name=pageView&type=event&loading=false	http://localhost:8080/	undefined	
2018/01/25 09:58:16		Error	y3p_GWR_cmoC-Ix1JTEXq9AeYFuk2iRK				/api/template/getTemplate		{"code":"ECONNREFUSED","errno":"ECONNREFUSED","syscall":"connect","address":"192.168.2.189","port":8070}				/api/template/getTemplate?	http://localhost:8080/	undefined	
2018/01/25 09:58:27		Event	DQypbTVj7onPXK2Y9qiyXYlV0f3cF9fd				pageView						/proxy/log?name=pageView&type=event&loading=false	http://localhost:8080/	undefined	
2018/01/25 09:58:28		Error	x5yKejItXL1xuFgw9K_WcBtRgBZfCbX6				/api/template/getTemplate		{"code":"ECONNREFUSED","errno":"ECONNREFUSED","syscall":"connect","address":"192.168.2.189","port":8070}				/api/template/getTemplate?	http://localhost:8080/	undefined	
2018/01/25 10:05:14		Event	bto1LHRLPuwChEwqa0eweCG-24B0TvLD				pageView						/proxy/log?name=pageView&type=event&loading=false	http://localhost:8080/	undefined	
2018/01/25 10:05:16		Error	v7smMpA9fV_6nlCWwhs76pdVx39ap130				/api/template/getTemplate		{"code":"ECONNREFUSED","errno":"ECONNREFUSED","syscall":"connect","address":"192.168.2.189","port":8070}				/api/template/getTemplate?	http://localhost:8080/	undefined	
2018/01/25 10:27:25		Event	RPBgSCFRHWXWUaOS8cEeJ7zcH1gopWTC				pageView						/proxy/log?name=pageView&type=event&loading=false	http://localhost:8080/	undefined	
2018/01/25 10:27:26		Error	yuiO19obXLKXAf_ll4llqZ9w21ejLkqs				/api/template/getTemplate		{"code":"ECONNREFUSED","errno":"ECONNREFUSED","syscall":"connect","address":"192.168.2.189","port":8070}				/api/template/getTemplate?	http://localhost:8080/	undefined	
2018/01/25 10:27:37		Event	xv1fYJJ_BplbykUeH-HxUe4TamwWWX0S				pageView						/proxy/log?name=pageView&type=event&loading=false	http://localhost:8080/	undefined	
2018/01/25 10:27:37		Event	INMXxe9tMS_FNcGFKzGyew7khrIyNByh				pageView						/proxy/log?name=pageView&type=event&loading=false	http://localhost:8080/	undefined	
2018/01/25 10:27:55		Event	d8Db0BxYKb9jL8gsJgS7FOOpwN25dHxD				pageView						/proxy/log?name=pageView&type=event&loading=false	http://localhost:8080/	undefined	
2018/01/25 10:27:56		Error	rwnNfiBXu1bghAAAiY7ABY-ssS7R34-i				/api/template/getTemplate		{"code":"ECONNREFUSED","errno":"ECONNREFUSED","syscall":"connect","address":"192.168.2.189","port":8070}				/api/template/getTemplate?	http://localhost:8080/	undefined	
2018/01/25 10:30:28		Error	cfyDY0g6ByXXGor_NdjrudfEuRUbJR7W				/api/template/getTemplate		{"code":"ECONNREFUSED","errno":"ECONNREFUSED","syscall":"connect","address":"192.168.2.189","port":8070}				/api/template/getTemplate?	http://localhost:8080/	undefined	
2018/01/25 10:30:58		Error	G_tFaWYkp5i6Wg8HPYc4A53L9PlIZR5y				/api/template/getTemplate		{"code":"ECONNREFUSED","errno":"ECONNREFUSED","syscall":"connect","address":"192.168.2.189","port":8070}				/api/template/getTemplate?	http://localhost:8080/	undefined	
2018/01/25 10:32:23		Event	ibCs8B_EWQ-PfoUGmuPGbQv1xiWFHxXx				pageView						/proxy/log?name=pageView&type=event&loading=false	http://localhost:8080/compelete	undefined	
2018/01/25 10:45:42		Event	81lR94UPP7qAZA7AklBCyeP4U-vN8dPV				pageView						/proxy/log?name=pageView&type=event&loading=false	http://localhost:8080/	undefined	
2018/01/25 10:46:13		Event	08A2gZvx3ncrvpNRJKUTVFcTCtNd3Eoe				pageView						/proxy/log?name=pageView&type=event&loading=false	http://localhost:8080/make/20180122184722	undefined	
2018/01/25 10:46:17		Event	cTh3IHpJIVWmIozWfrncT8OygIkmq9Lh				pageView						/proxy/log?name=pageView&type=event&loading=false	http://localhost:8080/	undefined	
2018/01/25 10:46:19		Event	3BzgYfzg3O6ktkjgEaxPHGpT6d7IXZ0l				pageView						/proxy/log?name=pageView&type=event&loading=false	http://localhost:8080/compelete	undefined	
2018/01/25 10:46:52		Event	Y3ehSP7gF0m9HHj2fxEJkHSpWRnlVsSs				pageView						/proxy/log?name=pageView&type=event&loading=false	http://localhost:8080/	undefined	
2018/01/25 10:46:53		Event	983cjErOkUNz1kGk31i5dhERBChYRbc5				pageView						/proxy/log?name=pageView&type=event&loading=false	http://localhost:8080/	undefined	
2018/01/25 10:47:34		Event	XGg9W8cbvLcTa5MbF2QgCQIwjZOaCQrc				pageView						/proxy/log?name=pageView&type=event&loading=false	http://localhost:8080/	undefined	
2018/01/25 10:47:34		Event	MQoXrIYacCK_bXOxAnnIOhRmAdFxjxVR				pageView						/proxy/log?name=pageView&type=event&loading=false	http://localhost:8080/make/20180122184722	undefined	
2018/01/25 10:47:35		Event	VyTMggCguB7qfvPeNe6ty6yDCzGPYfJc				pageView						/proxy/log?name=pageView&type=event&loading=false	http://localhost:8080/	undefined	
2018/01/25 10:47:36		Event	sPdvWjsME-4mG4NoYKkjt4fpHmthU2oP				pageView						/proxy/log?name=pageView&type=event&loading=false	http://localhost:8080/make/20180122184722	undefined	
2018/01/25 10:47:37		Event	FbLhMhtEsc3U5Ly0dhhA-I5AZv5rXHt-				pageView						/proxy/log?name=pageView&type=event&loading=false	http://localhost:8080/	undefined	
2018/01/25 10:47:37		Event	ce8ww_yQYDL8eO3PuaZRYsYbDLGu6qGA				pageView						/proxy/log?name=pageView&type=event&loading=false	http://localhost:8080/make/20180122184722	undefined	
2018/01/25 10:47:44		Event	RyBBaHmWaX6PuMG5l3xed2-_EJV-h3QY				pageView						/proxy/log?name=pageView&type=event&loading=false	http://localhost:8080/compelete	undefined	
2018/01/25 10:51:37		Event	dJ8rwfnkbaOI9xbh7W9NhvpuCeCnhwHD				pageView						/proxy/log?name=pageView&type=event&loading=false	http://localhost:8080/make/20180122184722	undefined	
2018/01/25 10:53:25		Event	ESiQdHKYhQ_mWVQvfwUM6Yk1z7g3Usnn				pageView						/proxy/log?name=pageView&type=event&loading=false	http://localhost:8080/	undefined	
2018/01/25 10:53:26		Event	jLoDEpvm3c-4A-m2nVP2nolLmnnvAh1m				pageView						/proxy/log?name=pageView&type=event&loading=false	http://localhost:8080/make/20180122184722	undefined	
2018/01/25 10:53:27		Event	TmKekEPfz-KMar4oNmO9Pcg123n7q7ep				pageView						/proxy/log?name=pageView&type=event&loading=false	http://localhost:8080/compelete	undefined	
2018/01/25 10:57:32		Event	xcx31DBxF_DyBOGcByD1n-ReI1FcvN8h				pageView						/proxy/log?name=pageView&type=event&loading=false	http://localhost:8080/compelete?repay	undefined	
2018/01/25 10:58:50		Event	YpvPN9QsRjRTJAhminYZHzQzyVQ3cetR				pageView						/proxy/log?name=pageView&type=event&loading=false	http://localhost:8080/compelete?repay=true	undefined	
2018/01/25 11:01:14		Event	sD1Zy3EyqLP-eJUVlk0HIevf2KARAtGj				pageView						/proxy/log?name=pageView&type=event&loading=false	http://localhost:8080/compelete	undefined	
2018/01/25 11:01:24		Event	75FvojG4r2PKcvBF8_d8L63FSPU0I0Qk				pageView						/proxy/log?name=pageView&type=event&loading=false	http://localhost:8080/compelete?repay=true	undefined	
2018/01/25 11:01:25		Event	Z_Grja1DjNjpbhRl97pMVE1rrNgvL-3g				pageView						/proxy/log?name=pageView&type=event&loading=false	http://localhost:8080/compelete?repay	undefined	
2018/01/25 11:01:28		Event	XjiaHSeCs2CzwqZVQfiN7PrultPW0bcv				pageView						/proxy/log?name=pageView&type=event&loading=false	http://localhost:8080/pay	undefined	
2018/01/25 11:08:29		Event	tkFFLoglyATvT12VV8dyXgs4IGHlghj3				pageView						/proxy/log?name=pageView&type=event&loading=false	http://192.168.103.172:8080/make/20180122184722	undefined	
2018/01/25 11:08:42		Event	m9SFp5xCGtoIa8TxpPMlq0MXrSMHkf9t				pageView						/proxy/log?name=pageView&type=event&loading=false	http://192.168.103.172:8080/make/20180122184722	undefined	
2018/01/25 11:08:46		Event	F1UHZgYjBMZXiNVSGAMFtAs6TpYVL1qJ				pageView						/proxy/log?name=pageView&type=event&loading=false	http://192.168.103.172:8080/make/20180122184722	undefined	
2018/01/25 11:08:51		Event	oVezy5dF8BAfrQb7dj-agDKQ4y5CPp22				pageView						/proxy/log?name=pageView&type=event&loading=false	http://192.168.103.172:8080/make/20180122184722	undefined	
2018/01/25 11:12:35		Event	ob2rXO26435ILrFdmqt46t93M8LeLF_B				pageView						/proxy/log?name=pageView&type=event&loading=false	http://localhost:8080/pay	undefined	
2018/01/25 11:15:01		Event	yvP7B4YYQ2C3ZKQwYq7oisuL1EH_Zhtc				pageView						/proxy/log?name=pageView&type=event&loading=false	http://localhost:8080/pay	undefined	
2018/01/25 13:45:55		Event	GLQB_ou9S-zph8bcDhXhReDr3EPXt6M9				pageView						/proxy/log?name=pageView&type=event&loading=false	http://localhost:8080/pay	undefined	
2018/01/25 13:50:53		Event	04xNR9l8IyNu8P5QbHmrVES-DUfuKsEx				pageView						/proxy/log?name=pageView&type=event&loading=false	http://192.168.103.172:8080/	undefined	
2018/01/25 13:51:02		Event	V4EGmfYSJcjc_NtRhppioRzTOzfW_Fx9				pageView						/proxy/log?name=pageView&type=event&loading=false	http://192.168.103.172:8080/	undefined	
2018/01/25 13:51:06		Event	bVCtjXlE2NSHag3LFF9OGq8Dy4GAsseF				pageView						/proxy/log?name=pageView&type=event&loading=false	http://192.168.103.172:8080/pay	undefined	
2018/01/25 13:53:00		Event	XvDRw_o9X21MO-ILzVz-H56fe8N-0Wy6				pageView						/proxy/log?name=pageView&type=event&loading=false	http://192.168.103.172:8080/pay	undefined	
2018/01/25 13:55:03		Event	uKm71PIvgQ4_Voj5E30Za6d2yJY8MAom				pageView						/proxy/log?name=pageView&type=event&loading=false	http://localhost:8080/pay	undefined	
2018/01/25 13:55:24		Event	cZjqrdK5C0VFXvdBITOL_D0v5XhJ2nXY				pageView						/proxy/log?name=pageView&type=event&loading=false	http://localhost:8080/pay	undefined	
2018/01/25 14:01:22		Event	0nMjE6JK9CuBaXsKFO18FhkBxsiafL-g				pageView						/proxy/log?name=pageView&type=event&loading=false	http://localhost:8080/pay	undefined	
2018/01/25 14:01:30		Event	pWW7S0KFBd0s4Ufq6e5aQINZ7PO5hdpc				pageView						/proxy/log?name=pageView&type=event&loading=false	http://localhost:8080/pay	undefined	
2018/01/25 14:02:28		Event	U-HEVcG63NaqQ9RbL0L_2wkHmqRt-Hgi				pageView						/proxy/log?name=pageView&type=event&loading=false	http://localhost:8080/pay	undefined	
2018/01/25 14:03:45		Event	J485X4wy8X8ZXlueKIODNVZvVuN2oOx1				pageView						/proxy/log?name=pageView&type=event&loading=false	http://192.168.103.172:8080/pay	undefined	
2018/01/25 14:03:47		Event	vazpVpotNxmqCSERrjkzCsfS6xUjUxt3				pageView						/proxy/log?name=pageView&type=event&loading=false	http://192.168.103.172:8080/pay	undefined	
2018/01/25 14:04:52		Event	Ir-Vc2txECiD7Xkp2u995yoHqqLrJ2V7				pageView						/proxy/log?name=pageView&type=event&loading=false	http://localhost:8080/pay?repay=true	undefined	
2018/01/25 14:05:12		Event	1CHZEHxOrf0DmYj9ztQfpa6pTPh1y1vO				pageView						/proxy/log?name=pageView&type=event&loading=false	http://localhost:8080/pay	undefined	
2018/01/25 14:05:18		Event	rAyP0gCsXo3k4AHlXky3evSztOnPzTjj				pageView						/proxy/log?name=pageView&type=event&loading=false	http://localhost:8080/	undefined	
2018/01/25 14:05:20		Event	-LTAzH_E1C5bqPiJpun1s1ziibvUOeRr				pageView						/proxy/log?name=pageView&type=event&loading=false	http://localhost:8080/	undefined	
2018/01/25 14:05:35		Event	hg3iGIEeTFZ7OyhTjESmp7xUPPcdhRQL				submit						/proxy/log?name=submit&type=event&loading=false	http://localhost:8080/make/20180122184722	undefined	
2018/01/25 14:05:35		Event	9iGoFuZX5bIPuKGEE7euwicXsbtxmsDq				pageView						/proxy/log?name=pageView&type=event&loading=false	http://localhost:8080/make/20180122184722	undefined	
2018/01/25 14:06:07		Interface	ADyVn7Pf2ap0ajiUcCvFZMqthY9v8G27				/api/login/loginmsg	phone=18324490333&fromType=2					/api/login/loginmsg?phone=18324490333&fromType=2	http://localhost:8080/login	undefined	
2018/01/25 14:06:07		Event	ADyVn7Pf2ap0ajiUcCvFZMqthY9v8G27	92	18324490333		pageView						/proxy/log?name=pageView&type=event&loading=false	http://localhost:8080/login	undefined	
2018/01/25 14:09:32		Event	ADyVn7Pf2ap0ajiUcCvFZMqthY9v8G27	92	18324490333		pageView						/proxy/log?name=pageView&type=event&loading=false	http://localhost:8080/	undefined	
2018/01/25 14:09:32		Interface	ADyVn7Pf2ap0ajiUcCvFZMqthY9v8G27	92	18324490333		/api/login/loginmsg	phone=18324490333					/api/login/loginmsg?phone=18324490333	http://localhost:8080/profile	undefined	
2018/01/25 14:09:34		Event	ADyVn7Pf2ap0ajiUcCvFZMqthY9v8G27	92	18324490333		pageView						/proxy/log?name=pageView&type=event&loading=false	http://localhost:8080/profile	undefined	
2018/01/25 14:09:34		Interface	ADyVn7Pf2ap0ajiUcCvFZMqthY9v8G27	92	18324490333		/api/login/loginmsg	phone=18324490333					/api/login/loginmsg?phone=18324490333	http://localhost:8080/profile	undefined	
2018/01/25 14:09:40		Event	ADyVn7Pf2ap0ajiUcCvFZMqthY9v8G27	92	18324490333		pageView						/proxy/log?name=pageView&type=event&loading=false	http://localhost:8080/profile	undefined	
2018/01/25 14:09:41		Interface	ADyVn7Pf2ap0ajiUcCvFZMqthY9v8G27	92	18324490333		/api/login/loginmsg	phone=18324490333					/api/login/loginmsg?phone=18324490333	http://localhost:8080/profile	undefined	
2018/01/25 14:09:45		Event	ADyVn7Pf2ap0ajiUcCvFZMqthY9v8G27	92	18324490333		pageView						/proxy/log?name=pageView&type=event&loading=false	http://localhost:8080/	undefined	
2018/01/25 14:09:48		Event	ADyVn7Pf2ap0ajiUcCvFZMqthY9v8G27	92	18324490333		pageView						/proxy/log?name=pageView&type=event&loading=false	http://localhost:8080/	undefined	
2018/01/25 14:09:56		Event	ADyVn7Pf2ap0ajiUcCvFZMqthY9v8G27	92	18324490333		submit						/proxy/log?name=submit&type=event&loading=false	http://localhost:8080/make/20180122184722	undefined	
2018/01/25 14:10:12		Event	Ay2SWSPtGEdDa51Zwok2MQ10ls3C01Jd				pageView						/proxy/log?name=pageView&type=event&loading=false	http://localhost:8080/make/20180122184722	undefined	
2018/01/25 14:10:18		Event	CMc8O5Ojzk_XK5v658t6R0BvdAmPrYmp				submit						/proxy/log?name=submit&type=event&loading=false	http://localhost:8080/make/20180122184722	undefined	
2018/01/25 14:10:18		Event	rcBflc1-3nWNSEs6jE-yb1_q8UDPSWwz				pageView						/proxy/log?name=pageView&type=event&loading=false	http://localhost:8080/make/20180122184722	undefined	
2018/01/25 14:10:46		Interface	V4vskh97GKBYT2sLNYeO2fg9zkdZ4gom				/api/login/loginmsg	phone=18324490333&fromType=2					/api/login/loginmsg?phone=18324490333&fromType=2	http://localhost:8080/login	undefined	
2018/01/25 14:10:46		Event	V4vskh97GKBYT2sLNYeO2fg9zkdZ4gom	92	18324490333		pageView						/proxy/log?name=pageView&type=event&loading=false	http://localhost:8080/login	undefined	
2018/01/25 14:12:48		Event	V4vskh97GKBYT2sLNYeO2fg9zkdZ4gom	92	18324490333		pageView						/proxy/log?name=pageView&type=event&loading=false	http://localhost:8080/make/20180122184722	undefined	
2018/01/25 14:14:20		Event	V4vskh97GKBYT2sLNYeO2fg9zkdZ4gom	92	18324490333		submit						/proxy/log?name=submit&type=event&loading=false	http://localhost:8080/make/20180122184722	undefined	
2018/01/25 14:15:45		Event	v58IG1KQgZd5ePxi88TnO2wKPg6cBMsl				pageView						/proxy/log?name=pageView&type=event&loading=false	http://localhost:8080/make/20180122184722	undefined	
2018/01/25 14:15:55		Event	B5neid6RR-VX9E4gR3DuViExTpuY5Yhf				submit						/proxy/log?name=submit&type=event&loading=false	http://localhost:8080/make/20180122184722	undefined	
2018/01/25 14:15:55		Event	NmnktUe_eKse3-IInxymb8X0Ytwbs8Ci				pageView						/proxy/log?name=pageView&type=event&loading=false	http://localhost:8080/make/20180122184722	undefined	
2018/01/25 14:16:54		Event	l7HQqTvc_2m4ouvt6J5FyPi4MVfWsnaV				pageView						/proxy/log?name=pageView&type=event&loading=false	http://localhost:8080/make/20180122184722	undefined	
2018/01/25 14:17:17		Event	VD-VJf_dIT_0VOwXVyH0vAIUYipmMNn7				pageView						/proxy/log?name=pageView&type=event&loading=false	http://localhost:8080/make/20180122184722	undefined	
2018/01/25 14:17:26		Event	wb8pkZKjZacXaozCk2h6rUzENhXRbvkm				submit						/proxy/log?name=submit&type=event&loading=false	http://localhost:8080/make/20180122184722	undefined	
2018/01/25 14:17:26		Event	B8rRtPvHLxyzCC-bgRdnjTR_0s6XjWQk				pageView						/proxy/log?name=pageView&type=event&loading=false	http://localhost:8080/make/20180122184722	undefined	
2018/01/25 14:17:52		Interface	w7a8NUUifGISgZIaq26dL0epoApE48x9				/api/login/loginmsg	phone=18324490333&fromType=2					/api/login/loginmsg?phone=18324490333&fromType=2	http://localhost:8080/login	undefined	
2018/01/25 14:17:52		Event	w7a8NUUifGISgZIaq26dL0epoApE48x9	92	18324490333		pageView						/proxy/log?name=pageView&type=event&loading=false	http://localhost:8080/login	undefined	
2018/01/25 14:36:28		Event	j2W_PEjkjkMntavDGj48AIq3qQNegluE				pageView						/proxy/log?name=pageView&type=event&loading=false	http://localhost:8080/	undefined	
2018/01/25 14:36:31		Event	w7a8NUUifGISgZIaq26dL0epoApE48x9	92	18324490333		pageView						/proxy/log?name=pageView&type=event&loading=false	http://localhost:8080/make/20180122184722	undefined	
2018/01/25 14:52:04		Event	w7a8NUUifGISgZIaq26dL0epoApE48x9	92	18324490333		pageView						/proxy/log?name=pageView&type=event&loading=false	http://localhost:8080/make/20180122184722	undefined	
2018/01/25 14:52:49		Event	w7a8NUUifGISgZIaq26dL0epoApE48x9	92	18324490333		submit						/proxy/log?name=submit&type=event&loading=false	http://localhost:8080/make/20180122184722	undefined	
2018/01/25 14:53:25		Event	w7a8NUUifGISgZIaq26dL0epoApE48x9	92	18324490333		submit						/proxy/log?name=submit&type=event&loading=false	http://localhost:8080/make/20180122184722	undefined	
2018/01/25 14:53:25		Interface	w7a8NUUifGISgZIaq26dL0epoApE48x9	92	18324490333		/api/user/changecard	uid=92&companyName=345%E9%97%AE%E9%97%AE%E4%BB%96%E8%AE%A4%E4%B8%BA&name=%E9%97%AE%E9%A2%98&groupId=20180122184722					/api/user/changecard?uid=92&companyName=345%E9%97%AE%E9%97%AE%E4%BB%96%E8%AE%A4%E4%B8%BA&name=%E9%97%AE%E9%A2%98&groupId=20180122184722	http://localhost:8080/make/20180122184722	undefined	
2018/01/25 14:53:25		Event	w7a8NUUifGISgZIaq26dL0epoApE48x9	92	18324490333		pageView						/proxy/log?name=pageView&type=event&loading=false	http://localhost:8080/make/20180122184722	undefined	
2018/01/25 14:55:16		Interface	w7a8NUUifGISgZIaq26dL0epoApE48x9	92	18324490333		/api/order/pay	amount=0.50&busineType=1&month=1&uid=92&payType=1					/api/order/pay?amount=0.50&busineType=1&month=1&uid=92&payType=1	http://localhost:8080/pay	undefined	
2018/01/25 14:55:19		Event	w7a8NUUifGISgZIaq26dL0epoApE48x9	92	18324490333		pageView						/proxy/log?name=pageView&type=event&loading=false	http://localhost:8080/make/20180122184722	undefined	
2018/01/25 14:55:31		Event	w7a8NUUifGISgZIaq26dL0epoApE48x9	92	18324490333		pageView						/proxy/log?name=pageView&type=event&loading=false	http://localhost:8080/	undefined	
2018/01/25 14:57:40		Event	w7a8NUUifGISgZIaq26dL0epoApE48x9	92	18324490333		pageView						/proxy/log?name=pageView&type=event&loading=false	http://localhost:8080/compelete	undefined	
2018/01/25 14:57:40		Event	w7a8NUUifGISgZIaq26dL0epoApE48x9	92	18324490333		pageView						/proxy/log?name=pageView&type=event&loading=false	http://localhost:8080/compelete	undefined	
2018/01/25 14:57:40		Event	w7a8NUUifGISgZIaq26dL0epoApE48x9	92	18324490333		pageView						/proxy/log?name=pageView&type=event&loading=false	http://localhost:8080/login	undefined	
2018/01/25 14:57:40		Interface	w7a8NUUifGISgZIaq26dL0epoApE48x9	92	18324490333		/api/login/loginmsg	phone=18324490333					/api/login/loginmsg?phone=18324490333	http://localhost:8080/profile	undefined	
2018/01/25 15:00:20		Event	w7a8NUUifGISgZIaq26dL0epoApE48x9	92	18324490333		pageView						/proxy/log?name=pageView&type=event&loading=false	http://localhost:8080/profile	undefined	
2018/01/25 15:00:20		Interface	w7a8NUUifGISgZIaq26dL0epoApE48x9	92	18324490333		/api/login/loginmsg	phone=18324490333					/api/login/loginmsg?phone=18324490333	http://localhost:8080/profile	undefined	
2018/01/25 15:00:21		Event	w7a8NUUifGISgZIaq26dL0epoApE48x9	92	18324490333		pageView						/proxy/log?name=pageView&type=event&loading=false	http://localhost:8080/compelete	undefined	
2018/01/25 15:27:27		Interface	w7a8NUUifGISgZIaq26dL0epoApE48x9	92	18324490333		/api/login/loginmsg	phone=18324490333&fromType=2					/api/login/loginmsg?phone=18324490333&fromType=2	http://localhost:8080/compelete	undefined	
2018/01/25 15:29:29		Event	w7a8NUUifGISgZIaq26dL0epoApE48x9	92	18324490333		pageView						/proxy/log?name=pageView&type=event&loading=false	http://localhost:8080/compelete	undefined	
2018/01/25 15:29:30		Interface	w7a8NUUifGISgZIaq26dL0epoApE48x9	92	18324490333		/api/login/loginmsg	phone=18324490333&fromType=2					/api/login/loginmsg?phone=18324490333&fromType=2	http://localhost:8080/compelete	undefined	
2018/01/25 15:31:15		Interface	w7a8NUUifGISgZIaq26dL0epoApE48x9	92	18324490333		/api/login/loginmsg	phone=18324490333&fromType=2					/api/login/loginmsg?phone=18324490333&fromType=2	http://localhost:8080/compelete	undefined	
2018/01/25 15:31:56		Interface	w7a8NUUifGISgZIaq26dL0epoApE48x9	92	18324490333		/api/login/loginmsg	phone=18324490333&fromType=2					/api/login/loginmsg?phone=18324490333&fromType=2	http://localhost:8080/compelete	undefined	
2018/01/25 15:35:22		Event	w7a8NUUifGISgZIaq26dL0epoApE48x9	92	18324490333		pageView						/proxy/log?name=pageView&type=event&loading=false	http://localhost:8080/compelete	undefined	
2018/01/25 15:35:23		Interface	w7a8NUUifGISgZIaq26dL0epoApE48x9	92	18324490333		/api/login/loginmsg	phone=18324490333&fromType=2					/api/login/loginmsg?phone=18324490333&fromType=2	http://localhost:8080/compelete	undefined	
2018/01/25 15:35:26		Event	w7a8NUUifGISgZIaq26dL0epoApE48x9	92	18324490333		pageView						/proxy/log?name=pageView&type=event&loading=false	http://localhost:8080/compelete	undefined	
2018/01/25 15:35:26		Interface	w7a8NUUifGISgZIaq26dL0epoApE48x9	92	18324490333		/api/login/loginmsg	phone=18324490333&fromType=2					/api/login/loginmsg?phone=18324490333&fromType=2	http://localhost:8080/compelete	undefined	
2018/01/25 15:35:33		Event	w7a8NUUifGISgZIaq26dL0epoApE48x9	92	18324490333		pageView						/proxy/log?name=pageView&type=event&loading=false	http://localhost:8080/compelete	undefined	
2018/01/25 15:35:34		Interface	w7a8NUUifGISgZIaq26dL0epoApE48x9	92	18324490333		/api/login/loginmsg	phone=18324490333&fromType=2					/api/login/loginmsg?phone=18324490333&fromType=2	http://localhost:8080/compelete	undefined	
2018/01/25 15:35:50		Interface	w7a8NUUifGISgZIaq26dL0epoApE48x9	92	18324490333		/api/login/loginmsg	phone=18324490333&fromType=2					/api/login/loginmsg?phone=18324490333&fromType=2	http://localhost:8080/compelete	undefined	
2018/01/25 15:35:50		Event	w7a8NUUifGISgZIaq26dL0epoApE48x9	92	18324490333		pageView						/proxy/log?name=pageView&type=event&loading=false	http://localhost:8080/compelete	undefined	
2018/01/25 15:37:34		Event	w7a8NUUifGISgZIaq26dL0epoApE48x9	92	18324490333		pageView						/proxy/log?name=pageView&type=event&loading=false	http://localhost:8080/compelete	undefined	
2018/01/25 15:37:35		Interface	w7a8NUUifGISgZIaq26dL0epoApE48x9	92	18324490333		/api/login/loginmsg	phone=18324490333&fromType=2					/api/login/loginmsg?phone=18324490333&fromType=2	http://localhost:8080/compelete	undefined	
2018/01/25 15:37:35		Event	w7a8NUUifGISgZIaq26dL0epoApE48x9	92	18324490333		pageView						/proxy/log?name=pageView&type=event&loading=false	http://localhost:8080/compelete	undefined	
2018/01/25 15:37:36		Interface	w7a8NUUifGISgZIaq26dL0epoApE48x9	92	18324490333		/api/login/loginmsg	phone=18324490333&fromType=2					/api/login/loginmsg?phone=18324490333&fromType=2	http://localhost:8080/pay?repay=true	undefined	
2018/01/25 15:37:44		Event	w7a8NUUifGISgZIaq26dL0epoApE48x9	92	18324490333		pageView						/proxy/log?name=pageView&type=event&loading=false	http://localhost:8080/compelete	undefined	
2018/01/25 15:37:44		Interface	w7a8NUUifGISgZIaq26dL0epoApE48x9	92	18324490333		/api/login/loginmsg	phone=18324490333&fromType=2					/api/login/loginmsg?phone=18324490333&fromType=2	http://localhost:8080/compelete	undefined	
2018/01/25 15:37:44		Event	w7a8NUUifGISgZIaq26dL0epoApE48x9	92	18324490333		pageView						/proxy/log?name=pageView&type=event&loading=false	http://localhost:8080/compelete	undefined	
2018/01/25 15:37:52		Event	w7a8NUUifGISgZIaq26dL0epoApE48x9	92	18324490333		pageView						/proxy/log?name=pageView&type=event&loading=false	http://localhost:8080/pay?repay=true	undefined	
2018/01/25 15:37:53		Event	w7a8NUUifGISgZIaq26dL0epoApE48x9	92	18324490333		pageView						/proxy/log?name=pageView&type=event&loading=false	http://localhost:8080/profile	undefined	
2018/01/25 15:37:53		Interface	w7a8NUUifGISgZIaq26dL0epoApE48x9	92	18324490333		/api/login/loginmsg	phone=18324490333					/api/login/loginmsg?phone=18324490333	http://localhost:8080/profile	undefined	
2018/01/25 15:37:56		Event	w7a8NUUifGISgZIaq26dL0epoApE48x9	92	18324490333		pageView						/proxy/log?name=pageView&type=event&loading=false	http://localhost:8080/compelete	undefined	
2018/01/25 15:37:57		Interface	w7a8NUUifGISgZIaq26dL0epoApE48x9	92	18324490333		/api/login/loginmsg	phone=18324490333&fromType=2					/api/login/loginmsg?phone=18324490333&fromType=2	http://localhost:8080/compelete	undefined	
2018/01/25 15:37:57		Event	w7a8NUUifGISgZIaq26dL0epoApE48x9	92	18324490333		pageView						/proxy/log?name=pageView&type=event&loading=false	http://localhost:8080/compelete	undefined	
2018/01/25 15:37:59		Event	w7a8NUUifGISgZIaq26dL0epoApE48x9	92	18324490333		pageView						/proxy/log?name=pageView&type=event&loading=false	http://localhost:8080/	undefined	
2018/01/25 15:38:20		Event	w7a8NUUifGISgZIaq26dL0epoApE48x9	92	18324490333		pageView						/proxy/log?name=pageView&type=event&loading=false	http://localhost:8080/	undefined	
2018/01/25 15:38:28		Event	w7a8NUUifGISgZIaq26dL0epoApE48x9	92	18324490333		pageView						/proxy/log?name=pageView&type=event&loading=false	http://localhost:8080/	undefined	
2018/01/25 15:39:22		Event	w7a8NUUifGISgZIaq26dL0epoApE48x9	92	18324490333		pageView						/proxy/log?name=pageView&type=event&loading=false	http://localhost:8080/	undefined	
2018/01/25 15:40:31		Event	w7a8NUUifGISgZIaq26dL0epoApE48x9	92	18324490333		pageView						/proxy/log?name=pageView&type=event&loading=false	http://localhost:8080/	undefined	
2018/01/25 15:44:20		Event	95VD0zLSR3d75a62pfWLqaKiQiMHc2fy				pageView						/proxy/log?name=pageView&type=event&loading=false	http://192.168.103.172:8080/pay	undefined	
2018/01/25 15:44:24		Event	5UYg4uTrUi6hotIsQlvolF4pfI6TfuRx				pageView						/proxy/log?name=pageView&type=event&loading=false	http://192.168.103.172:8080/pay	undefined	
2018/01/25 15:44:26		Event	P3WEqSzxhkVcyQgP4L1r6ssk9rsktSAy				pageView						/proxy/log?name=pageView&type=event&loading=false	http://192.168.103.172:8080/	undefined	
2018/01/25 15:44:26		Event	b0UkxFUjIIODlpOyvsASibt9tpGMRot3				pageView						/proxy/log?name=pageView&type=event&loading=false	http://192.168.103.172:8080/	undefined	
2018/01/25 15:44:27		Event	pASGp9ACjOWEqwqLnJ14yN7ILLQkqDeT				pageView						/proxy/log?name=pageView&type=event&loading=false	http://192.168.103.172:8080/	undefined	
2018/01/25 15:47:50		Event	w7a8NUUifGISgZIaq26dL0epoApE48x9	92	18324490333		pageView						/proxy/log?name=pageView&type=event&loading=false	http://localhost:8080/	undefined	
2018/01/25 15:49:27		Event	w7a8NUUifGISgZIaq26dL0epoApE48x9	92	18324490333		pageView						/proxy/log?name=pageView&type=event&loading=false	http://localhost:8080/	undefined	
2018/01/25 15:57:56		Event	w7a8NUUifGISgZIaq26dL0epoApE48x9	92	18324490333		pageView						/proxy/log?name=pageView&type=event&loading=false	http://localhost:8080/	undefined	
2018/01/25 15:59:15		Event	w7a8NUUifGISgZIaq26dL0epoApE48x9	92	18324490333		pageView						/proxy/log?name=pageView&type=event&loading=false	http://localhost:8080/	undefined	
2018/01/25 16:00:01		Event	w7a8NUUifGISgZIaq26dL0epoApE48x9	92	18324490333		pageView						/proxy/log?name=pageView&type=event&loading=false	http://localhost:8080/	undefined	
2018/01/25 16:15:55		Event	w7a8NUUifGISgZIaq26dL0epoApE48x9	92	18324490333		pageView						/proxy/log?name=pageView&type=event&loading=false	http://localhost:8080/	undefined	
2018/01/25 16:16:57		Event	w7a8NUUifGISgZIaq26dL0epoApE48x9	92	18324490333		pageView						/proxy/log?name=pageView&type=event&loading=false	http://localhost:8080/	undefined	
2018/01/25 16:17:35		Event	w7a8NUUifGISgZIaq26dL0epoApE48x9	92	18324490333		pageView						/proxy/log?name=pageView&type=event&loading=false	http://localhost:8080/	undefined	
2018/01/25 16:19:00		Event	w7a8NUUifGISgZIaq26dL0epoApE48x9	92	18324490333		pageView						/proxy/log?name=pageView&type=event&loading=false	http://localhost:8080/	undefined	
2018/01/25 16:25:10		Event	w7a8NUUifGISgZIaq26dL0epoApE48x9	92	18324490333		pageView						/proxy/log?name=pageView&type=event&loading=false	http://localhost:8080/	undefined	
2018/01/25 16:26:15		Event	w7a8NUUifGISgZIaq26dL0epoApE48x9	92	18324490333		pageView						/proxy/log?name=pageView&type=event&loading=false	http://localhost:8080/	undefined	
2018/01/25 16:26:38		Event	VDoBPsM7o2OkUBLDEYa88mfTOEjxaDWG				pageView						/proxy/log?name=pageView&type=event&loading=false	http://192.168.103.172:8080/	undefined	
2018/01/25 16:35:47		Event	QUl2P7FENZWgCVWoQxIb8PHJA1XxES3F				pageView						/proxy/log?name=pageView&type=event&loading=false	http://localhost:8080/	undefined	
2018/01/25 16:35:47		Event	w7a8NUUifGISgZIaq26dL0epoApE48x9	92	18324490333		pageView						/proxy/log?name=pageView&type=event&loading=false	http://localhost:8080/	undefined	
2018/01/25 16:36:01		Event	w7a8NUUifGISgZIaq26dL0epoApE48x9	92	18324490333		pageView						/proxy/log?name=pageView&type=event&loading=false	http://localhost:8080/	undefined	
2018/01/25 16:37:20		Event	w7a8NUUifGISgZIaq26dL0epoApE48x9	92	18324490333		pageView						/proxy/log?name=pageView&type=event&loading=false	http://localhost:8080/	undefined	
2018/01/25 16:37:59		Event	w7a8NUUifGISgZIaq26dL0epoApE48x9	92	18324490333		pageView						/proxy/log?name=pageView&type=event&loading=false	http://localhost:8080/	undefined	
2018/01/25 16:45:08		Event	w7a8NUUifGISgZIaq26dL0epoApE48x9	92	18324490333		pageView						/proxy/log?name=pageView&type=event&loading=false	http://localhost:8080/	undefined	
2018/01/25 16:46:51		Event	w7a8NUUifGISgZIaq26dL0epoApE48x9	92	18324490333		pageView						/proxy/log?name=pageView&type=event&loading=false	http://localhost:8080/	undefined	
2018/01/25 16:47:06		Event	w7a8NUUifGISgZIaq26dL0epoApE48x9	92	18324490333		pageView						/proxy/log?name=pageView&type=event&loading=false	http://localhost:8080/	undefined	
2018/01/25 16:49:01		Event	w7a8NUUifGISgZIaq26dL0epoApE48x9	92	18324490333		pageView						/proxy/log?name=pageView&type=event&loading=false	http://localhost:8080/	undefined	
2018/01/25 16:52:10		Event	w7a8NUUifGISgZIaq26dL0epoApE48x9	92	18324490333		pageView						/proxy/log?name=pageView&type=event&loading=false	http://localhost:8080/	undefined	
2018/01/25 16:52:12		Event	w7a8NUUifGISgZIaq26dL0epoApE48x9	92	18324490333		pageView						/proxy/log?name=pageView&type=event&loading=false	http://localhost:8080/	undefined	
2018/01/25 16:52:45		Event	w7a8NUUifGISgZIaq26dL0epoApE48x9	92	18324490333		pageView						/proxy/log?name=pageView&type=event&loading=false	http://localhost:8080/	undefined	
2018/01/25 16:58:30		Event	w7a8NUUifGISgZIaq26dL0epoApE48x9	92	18324490333		pageView						/proxy/log?name=pageView&type=event&loading=false	http://localhost:8080/	undefined	
2018/01/25 17:06:42		Event	w7a8NUUifGISgZIaq26dL0epoApE48x9	92	18324490333		pageView						/proxy/log?name=pageView&type=event&loading=false	http://localhost:8080/	undefined	
2018/01/25 17:07:06		Event	w7a8NUUifGISgZIaq26dL0epoApE48x9	92	18324490333		pageView						/proxy/log?name=pageView&type=event&loading=false	http://localhost:8080/	undefined	
2018/01/25 17:07:30		Event	AVUDEJAB3PiygIhY7SYpBw615pIKycUN				pageView						/proxy/log?name=pageView&type=event&loading=false	http://192.168.103.172:8080/	undefined	
2018/01/25 17:07:41		Event	S1pUuw040hRPu0xaLPYsMZPZvC9J7i34				pageView						/proxy/log?name=pageView&type=event&loading=false	http://192.168.103.172:8080/	undefined	
2018/01/25 17:09:10		Event	w7a8NUUifGISgZIaq26dL0epoApE48x9	92	18324490333		pageView						/proxy/log?name=pageView&type=event&loading=false	http://localhost:8080/	undefined	
2018/01/25 17:09:58		Event	w7a8NUUifGISgZIaq26dL0epoApE48x9	92	18324490333		pageView						/proxy/log?name=pageView&type=event&loading=false	http://localhost:8080/	undefined	
2018/01/25 17:10:06		Event	6JKooY1E_CJdIktj1mCCxrJGEkDFY0rH				pageView						/proxy/log?name=pageView&type=event&loading=false	http://192.168.103.172:8080/	undefined	
2018/01/25 17:10:07		Event	He-fQiMRDd89FNpzUKWslVcjzmT2kT1i				pageView						/proxy/log?name=pageView&type=event&loading=false	http://192.168.103.172:8080/	undefined	
2018/01/25 17:11:00		Event	WXVNF5YlgbBKRh9qmwJSJJ4Bc8ltZhLf				pageView						/proxy/log?name=pageView&type=event&loading=false	http://192.168.103.172:8080/	undefined	
2018/01/25 17:11:58		Event	P3v57sq__QnvD-OZrQGo9LOx4KwNa1lo				pageView						/proxy/log?name=pageView&type=event&loading=false	http://192.168.103.172:8080/	undefined	
2018/01/25 17:13:14		Event	w7a8NUUifGISgZIaq26dL0epoApE48x9	92	18324490333		pageView						/proxy/log?name=pageView&type=event&loading=false	http://localhost:8080/	undefined	
2018/01/25 17:16:06		Event	K1JB7jORc5xoH8q8cELgcLovauKi-PG1				pageView						/proxy/log?name=pageView&type=event&loading=false	http://192.168.103.172:8080/	undefined	
2018/01/25 17:20:05		Event	w7a8NUUifGISgZIaq26dL0epoApE48x9	92	18324490333		pageView						/proxy/log?name=pageView&type=event&loading=false	http://localhost:8080/	undefined	
2018/01/25 17:22:39		Event	0upKYgVCewm9p-eBcaQFK4Vv8PssvVb9				pageView						/proxy/log?name=pageView&type=event&loading=false	http://192.168.103.172:8080/	undefined	
2018/01/25 17:25:24		Event	QWgwlmy2iwTUjuuGHF4rmJGwaZzaDPzl				pageView						/proxy/log?name=pageView&type=event&loading=false	http://192.168.103.172:8080/	undefined	
2018/01/25 17:25:27		Event	7fBbVoMxez8loCV8VPkFnq4FeMG7geTA				pageView						/proxy/log?name=pageView&type=event&loading=false	http://192.168.103.172:8080/	undefined	
2018/01/25 17:28:39		Event	PHmeN-GXVOvXVu5REOaCK6KM62YkVL8f				pageView						/proxy/log?name=pageView&type=event&loading=false	http://192.168.103.172:8080/	undefined	
2018/01/25 17:28:41		Event	82T22TL9-2VPmiuy4nJCLTThC8d_Hwt9				pageView						/proxy/log?name=pageView&type=event&loading=false	http://192.168.103.172:8080/	undefined	
2018/01/25 17:32:42		Event	w7a8NUUifGISgZIaq26dL0epoApE48x9	92	18324490333		pageView						/proxy/log?name=pageView&type=event&loading=false	http://localhost:8080/	undefined	
2018/01/25 17:33:33		Event	w7a8NUUifGISgZIaq26dL0epoApE48x9	92	18324490333		pageView						/proxy/log?name=pageView&type=event&loading=false	http://localhost:8080/	undefined	
2018/01/25 17:33:37		Event	w7a8NUUifGISgZIaq26dL0epoApE48x9	92	18324490333		pageView						/proxy/log?name=pageView&type=event&loading=false	http://localhost:8080/	undefined	
2018/01/25 17:33:39		Event	w7a8NUUifGISgZIaq26dL0epoApE48x9	92	18324490333		pageView						/proxy/log?name=pageView&type=event&loading=false	http://localhost:8080/	undefined	
2018/01/25 17:38:27		Event	w7a8NUUifGISgZIaq26dL0epoApE48x9	92	18324490333		pageView						/proxy/log?name=pageView&type=event&loading=false	http://localhost:8080/	undefined	
2018/01/25 17:42:50		Event	w7a8NUUifGISgZIaq26dL0epoApE48x9	92	18324490333		pageView						/proxy/log?name=pageView&type=event&loading=false	http://localhost:8080/	undefined	
2018/01/25 17:42:50		Interface	w7a8NUUifGISgZIaq26dL0epoApE48x9	92	18324490333		/api/login/loginmsg	phone=18324490333					/api/login/loginmsg?phone=18324490333	http://localhost:8080/profile	undefined	
2018/01/25 17:44:31		Interface	w7a8NUUifGISgZIaq26dL0epoApE48x9	92	18324490333		/api/login/loginmsg	phone=18324490333					/api/login/loginmsg?phone=18324490333	http://localhost:8080/profile	undefined	
2018/01/25 17:44:59		Event	w7a8NUUifGISgZIaq26dL0epoApE48x9	92	18324490333		pageView						/proxy/log?name=pageView&type=event&loading=false	http://localhost:8080/profile	undefined	
2018/01/25 17:45:00		Interface	w7a8NUUifGISgZIaq26dL0epoApE48x9	92	18324490333		/api/login/loginmsg	phone=18324490333					/api/login/loginmsg?phone=18324490333	http://localhost:8080/profile	undefined	
2018/01/25 17:46:37		Interface	w7a8NUUifGISgZIaq26dL0epoApE48x9	92	18324490333		/api/login/loginmsg	phone=18324490333					/api/login/loginmsg?phone=18324490333	http://localhost:8080/profile	undefined	
2018/01/25 17:46:41		Event	w7a8NUUifGISgZIaq26dL0epoApE48x9	92	18324490333		pageView						/proxy/log?name=pageView&type=event&loading=false	http://localhost:8080/profile	undefined	
2018/01/25 17:46:41		Interface	w7a8NUUifGISgZIaq26dL0epoApE48x9	92	18324490333		/api/login/loginmsg	phone=18324490333					/api/login/loginmsg?phone=18324490333	http://localhost:8080/profile	undefined	
2018/01/25 17:47:26		Interface	w7a8NUUifGISgZIaq26dL0epoApE48x9	92	18324490333		/api/login/loginmsg	phone=18324490333					/api/login/loginmsg?phone=18324490333	http://localhost:8080/profile	undefined	
2018/01/25 17:48:09		Event	w7a8NUUifGISgZIaq26dL0epoApE48x9	92	18324490333		pageView						/proxy/log?name=pageView&type=event&loading=false	http://localhost:8080/profile	undefined	
2018/01/25 17:48:09		Interface	w7a8NUUifGISgZIaq26dL0epoApE48x9	92	18324490333		/api/login/loginmsg	phone=18324490333					/api/login/loginmsg?phone=18324490333	http://localhost:8080/profile	undefined	
2018/01/25 17:48:26		Interface	w7a8NUUifGISgZIaq26dL0epoApE48x9	92	18324490333		/api/login/loginmsg	phone=18324490333					/api/login/loginmsg?phone=18324490333	http://localhost:8080/profile	undefined	
2018/01/25 17:48:28		Event	w7a8NUUifGISgZIaq26dL0epoApE48x9	92	18324490333		pageView						/proxy/log?name=pageView&type=event&loading=false	http://localhost:8080/profile	undefined	
2018/01/25 17:48:28		Interface	w7a8NUUifGISgZIaq26dL0epoApE48x9	92	18324490333		/api/login/loginmsg	phone=18324490333					/api/login/loginmsg?phone=18324490333	http://localhost:8080/profile	undefined	
2018/01/25 17:58:19		Event	w7a8NUUifGISgZIaq26dL0epoApE48x9	92	18324490333		pageView						/proxy/log?name=pageView&type=event&loading=false	http://localhost:8080/profile	undefined	
2018/01/25 17:58:19		Interface	w7a8NUUifGISgZIaq26dL0epoApE48x9	92	18324490333		/api/login/loginmsg	phone=18324490333					/api/login/loginmsg?phone=18324490333	http://localhost:8080/profile	undefined	
2018/01/25 18:06:39		Event	w7a8NUUifGISgZIaq26dL0epoApE48x9	92	18324490333		pageView						/proxy/log?name=pageView&type=event&loading=false	http://localhost:8080/profile	undefined	
2018/01/25 18:06:39		Interface	w7a8NUUifGISgZIaq26dL0epoApE48x9	92	18324490333		/api/login/loginmsg	phone=18324490333					/api/login/loginmsg?phone=18324490333	http://localhost:8080/profile	undefined	
2018/01/25 18:09:09		Event	w7a8NUUifGISgZIaq26dL0epoApE48x9	92	18324490333		pageView						/proxy/log?name=pageView&type=event&loading=false	http://localhost:8080/	undefined	
2018/01/25 18:09:14		Event	w7a8NUUifGISgZIaq26dL0epoApE48x9	92	18324490333		pageView						/proxy/log?name=pageView&type=event&loading=false	http://localhost:8080/	undefined	
2018/01/25 18:09:25		Event	w7a8NUUifGISgZIaq26dL0epoApE48x9	92	18324490333		pageView						/proxy/log?name=pageView&type=event&loading=false	http://localhost:8080/	undefined	
2018/01/25 18:09:26		Event	w7a8NUUifGISgZIaq26dL0epoApE48x9	92	18324490333		pageView						/proxy/log?name=pageView&type=event&loading=false	http://localhost:8080/make/20180122184722	undefined	
2018/01/25 18:09:31		Event	w7a8NUUifGISgZIaq26dL0epoApE48x9	92	18324490333		pageView						/proxy/log?name=pageView&type=event&loading=false	http://localhost:8080/pay	undefined	
2018/01/25 18:09:36		Event	w7a8NUUifGISgZIaq26dL0epoApE48x9	92	18324490333		pageView						/proxy/log?name=pageView&type=event&loading=false	http://localhost:8080/profile	undefined	
2018/01/25 18:09:36		Interface	w7a8NUUifGISgZIaq26dL0epoApE48x9	92	18324490333		/api/login/loginmsg	phone=18324490333					/api/login/loginmsg?phone=18324490333	http://localhost:8080/profile	undefined	
2018/01/25 18:31:36		Event	w7a8NUUifGISgZIaq26dL0epoApE48x9	92	18324490333		pageView						/proxy/log?name=pageView&type=event&loading=false	http://localhost:8080/	undefined	
2018/01/25 18:31:38		Event	w7a8NUUifGISgZIaq26dL0epoApE48x9	92	18324490333		pageView						/proxy/log?name=pageView&type=event&loading=false	http://localhost:8080/	undefined	
2018/01/25 18:31:43		Event	w7a8NUUifGISgZIaq26dL0epoApE48x9	92	18324490333		pageView						/proxy/log?name=pageView&type=event&loading=false	http://localhost:8080/make/20180122184722?type=1	undefined	
2018/01/25 18:33:42		Event	w7a8NUUifGISgZIaq26dL0epoApE48x9	92	18324490333		pageView						/proxy/log?name=pageView&type=event&loading=false	http://localhost:8080/profile	undefined	
2018/01/25 18:33:43		Interface	w7a8NUUifGISgZIaq26dL0epoApE48x9	92	18324490333		/api/login/loginmsg	phone=18324490333					/api/login/loginmsg?phone=18324490333	http://localhost:8080/profile	undefined	
2018/01/25 18:34:11		Event	w7a8NUUifGISgZIaq26dL0epoApE48x9	92	18324490333		pageView						/proxy/log?name=pageView&type=event&loading=false	http://localhost:8080/profile	undefined	
2018/01/25 18:34:12		Interface	w7a8NUUifGISgZIaq26dL0epoApE48x9	92	18324490333		/api/login/loginmsg	phone=18324490333					/api/login/loginmsg?phone=18324490333	http://localhost:8080/profile	undefined	
2018/01/25 18:41:44		Event	w7a8NUUifGISgZIaq26dL0epoApE48x9	92	18324490333		pageView						/proxy/log?name=pageView&type=event&loading=false	http://localhost:8080/profile	undefined	
2018/01/25 18:41:44		Interface	w7a8NUUifGISgZIaq26dL0epoApE48x9	92	18324490333		/api/login/loginmsg	phone=18324490333					/api/login/loginmsg?phone=18324490333	http://localhost:8080/profile	undefined	
