2018/01/29 09:38:14		Event	n_zKVDANScy5YMvMGHHsqmOghRfIxNhM				pageView						/proxy/log?name=pageView&type=event&loading=false	http://localhost:8080/	undefined	
2018/01/29 09:54:00		Event	VLEjDP1C51Gq9UidQbD3sEq-r-7sBuFw				pageView						/proxy/log?name=pageView&type=event&loading=false	http://localhost:8080/	undefined	
2018/01/29 09:54:02		Event	hjnpS5JMB0QwXlnxydnG1WeOM5ffLP2O				pageView						/proxy/log?name=pageView&type=event&loading=false	http://localhost:8080/	undefined	
2018/01/29 09:54:25		Event	uTpY4Hj55GRKgNPEs1scP8Z46P5kEBDm				pageView						/proxy/log?name=pageView&type=event&loading=false	http://localhost:8080/	undefined	
2018/01/29 09:54:25		Event	sGTe4qo-OkF03Lg7P3yuQvOL2i9KHnNo				pageView						/proxy/log?name=pageView&type=event&loading=false	http://localhost:8080/	undefined	
2018/01/29 09:57:25		Interface	6hykDFQRFkQe8qJv4gZsb5xxtrkH74tt				/api/login/loginmsg	phone=18368147785&fromType=2					/api/login/loginmsg?phone=18368147785&fromType=2	http://localhost:8080/login	undefined	
2018/01/29 09:57:25		Event	6hykDFQRFkQe8qJv4gZsb5xxtrkH74tt	82	18368147785		pageView						/proxy/log?name=pageView&type=event&loading=false	http://localhost:8080/login	undefined	
2018/01/29 09:57:26		Interface	6hykDFQRFkQe8qJv4gZsb5xxtrkH74tt	82	18368147785		/api/login/loginmsg	phone=18368147785					/api/login/loginmsg?phone=18368147785	http://localhost:8080/profile	undefined	
2018/01/29 09:57:46		Event	6hykDFQRFkQe8qJv4gZsb5xxtrkH74tt	82	18368147785		pageView						/proxy/log?name=pageView&type=event&loading=false	http://localhost:8080/profile	undefined	
2018/01/29 09:57:46		Interface	6hykDFQRFkQe8qJv4gZsb5xxtrkH74tt	82	18368147785		/api/login/loginmsg	phone=18368147785					/api/login/loginmsg?phone=18368147785	http://localhost:8080/profile	undefined	
2018/01/29 10:04:37		Event	KiDWnsWM711r9aMpuMM1li880yzCHtfI				pageView						/proxy/log?name=pageView&type=event&loading=false	http://localhost:8080/	undefined	
2018/01/29 10:04:59		Event	ZkseJUYO0242yHBZCzV7kY89jcCi0A8b				pageView						/proxy/log?name=pageView&type=event&loading=false	http://localhost:8080/	undefined	
2018/01/29 10:05:04		Event	RvJlyPanRzDLLCQahg7YLeE6Bq_2Ekik				pageView						/proxy/log?name=pageView&type=event&loading=false	http://localhost:8080/	undefined	
2018/01/29 10:05:12		Event	9JeiSc0O5ugQjV8iEANpSdAiWjUzN2LF				pageView						/proxy/log?name=pageView&type=event&loading=false	http://localhost:8080/	undefined	
2018/01/29 10:05:12		Event	N9hngrgq7ZayWJ8LmrTntw2nKKAwq439				pageView						/proxy/log?name=pageView&type=event&loading=false	http://localhost:8080/	undefined	
2018/01/29 10:05:36		Interface	YsWQCWMxUPH_i33qBJncszIIhOv0jziV				/api/login/loginmsg	phone=18324490333&fromType=2					/api/login/loginmsg?phone=18324490333&fromType=2	http://localhost:8080/login	undefined	
2018/01/29 10:05:36		Event	YsWQCWMxUPH_i33qBJncszIIhOv0jziV	92	18324490333		pageView						/proxy/log?name=pageView&type=event&loading=false	http://localhost:8080/login	undefined	
2018/01/29 10:05:36		Interface	YsWQCWMxUPH_i33qBJncszIIhOv0jziV	92	18324490333		/api/login/loginmsg	phone=18324490333					/api/login/loginmsg?phone=18324490333	http://localhost:8080/profile	undefined	
2018/01/29 10:05:50		Event	YsWQCWMxUPH_i33qBJncszIIhOv0jziV	92	18324490333		pageView						/proxy/log?name=pageView&type=event&loading=false	http://localhost:8080/profile	undefined	
2018/01/29 10:05:56		Interface	YsWQCWMxUPH_i33qBJncszIIhOv0jziV	92	18324490333		/api/login/loginmsg	phone=18324490333					/api/login/loginmsg?phone=18324490333	http://localhost:8080/profile	undefined	
2018/01/29 10:07:53		Event	YsWQCWMxUPH_i33qBJncszIIhOv0jziV	92	18324490333		pageView						/proxy/log?name=pageView&type=event&loading=false	http://localhost:8080/profile	undefined	
2018/01/29 10:07:59		Interface	YsWQCWMxUPH_i33qBJncszIIhOv0jziV	92	18324490333		/api/login/loginmsg	phone=18324490333					/api/login/loginmsg?phone=18324490333	http://localhost:8080/profile	undefined	
2018/01/29 10:08:18		Event	YsWQCWMxUPH_i33qBJncszIIhOv0jziV	92	18324490333		pageView						/proxy/log?name=pageView&type=event&loading=false	http://localhost:8080/profile	undefined	
2018/01/29 10:08:50		Event	YsWQCWMxUPH_i33qBJncszIIhOv0jziV	92	18324490333		pageView						/proxy/log?name=pageView&type=event&loading=false	http://localhost:8080/profile	undefined	
2018/01/29 10:08:51		Interface	YsWQCWMxUPH_i33qBJncszIIhOv0jziV	92	18324490333		/api/login/loginmsg	phone=18324490333					/api/login/loginmsg?phone=18324490333	http://localhost:8080/profile	undefined	
2018/01/29 10:09:02		Event	YsWQCWMxUPH_i33qBJncszIIhOv0jziV	92	18324490333		pageView						/proxy/log?name=pageView&type=event&loading=false	http://localhost:8080/profile	undefined	
2018/01/29 10:09:33		Event	YsWQCWMxUPH_i33qBJncszIIhOv0jziV	92	18324490333		pageView						/proxy/log?name=pageView&type=event&loading=false	http://localhost:8080/change/227?type=2	undefined	
2018/01/29 10:09:49		Event	YsWQCWMxUPH_i33qBJncszIIhOv0jziV	92	18324490333		pageView						/proxy/log?name=pageView&type=event&loading=false	http://localhost:8080/change/227?type=2	undefined	
2018/01/29 10:10:04		Event	YsWQCWMxUPH_i33qBJncszIIhOv0jziV	92	18324490333		pageView						/proxy/log?name=pageView&type=event&loading=false	http://localhost:8080/profile	undefined	
2018/01/29 10:10:04		Interface	YsWQCWMxUPH_i33qBJncszIIhOv0jziV	92	18324490333		/api/login/loginmsg	phone=18324490333					/api/login/loginmsg?phone=18324490333	http://localhost:8080/profile	undefined	
2018/01/29 10:10:11		Event	YsWQCWMxUPH_i33qBJncszIIhOv0jziV	92	18324490333		pageView						/proxy/log?name=pageView&type=event&loading=false	http://localhost:8080/profile	undefined	
2018/01/29 10:22:12		Event	6hykDFQRFkQe8qJv4gZsb5xxtrkH74tt	82	18368147785		pageView						/proxy/log?name=pageView&type=event&loading=false	http://localhost:8080/profile	undefined	
2018/01/29 10:22:12		Interface	6hykDFQRFkQe8qJv4gZsb5xxtrkH74tt	82	18368147785		/api/login/loginmsg	phone=18368147785					/api/login/loginmsg?phone=18368147785	http://localhost:8080/profile	undefined	
2018/01/29 10:22:19		Event	6hykDFQRFkQe8qJv4gZsb5xxtrkH74tt	82	18368147785		pageView						/proxy/log?name=pageView&type=event&loading=false	http://localhost:8080/profile	undefined	
2018/01/29 10:22:31		Event	6hykDFQRFkQe8qJv4gZsb5xxtrkH74tt	82	18368147785		pageView						/proxy/log?name=pageView&type=event&loading=false	http://localhost:8080/	undefined	
2018/01/29 10:22:31		Interface	6hykDFQRFkQe8qJv4gZsb5xxtrkH74tt	82	18368147785		/api/login/loginmsg	phone=18368147785					/api/login/loginmsg?phone=18368147785	http://localhost:8080/profile	undefined	
2018/01/29 10:22:59		Event	6hykDFQRFkQe8qJv4gZsb5xxtrkH74tt	82	18368147785		pageView						/proxy/log?name=pageView&type=event&loading=false	http://localhost:8080/profile	undefined	
2018/01/29 10:23:01		Event	6hykDFQRFkQe8qJv4gZsb5xxtrkH74tt	82	18368147785		pageView						/proxy/log?name=pageView&type=event&loading=false	http://localhost:8080/	undefined	
2018/01/29 10:23:04		Event	6hykDFQRFkQe8qJv4gZsb5xxtrkH74tt	82	18368147785		submit						/proxy/log?name=submit&type=event&loading=false	http://localhost:8080/make/20180122184722	undefined	
2018/01/29 10:23:13		Event	6hykDFQRFkQe8qJv4gZsb5xxtrkH74tt	82	18368147785		submit						/proxy/log?name=submit&type=event&loading=false	http://localhost:8080/make/20180122184722	undefined	
2018/01/29 10:23:14		Event	6hykDFQRFkQe8qJv4gZsb5xxtrkH74tt	82	18368147785		pageView						/proxy/log?name=pageView&type=event&loading=false	http://localhost:8080/make/20180122184722	undefined	
2018/01/29 10:23:14		Interface	6hykDFQRFkQe8qJv4gZsb5xxtrkH74tt	82	18368147785		/api/login/loginmsg	phone=18368147785					/api/login/loginmsg?phone=18368147785	http://localhost:8080/profile	undefined	
2018/01/29 10:25:29		Event	YsWQCWMxUPH_i33qBJncszIIhOv0jziV	92	18324490333		pageView						/proxy/log?name=pageView&type=event&loading=false	http://localhost:8080/profile	undefined	
2018/01/29 10:25:29		Interface	YsWQCWMxUPH_i33qBJncszIIhOv0jziV	92	18324490333		/api/login/loginmsg	phone=18324490333					/api/login/loginmsg?phone=18324490333	http://localhost:8080/profile	undefined	
2018/01/29 10:25:31		Event	YsWQCWMxUPH_i33qBJncszIIhOv0jziV	92	18324490333		pageView						/proxy/log?name=pageView&type=event&loading=false	http://localhost:8080/profile	undefined	
2018/01/29 10:25:34		Interface	YsWQCWMxUPH_i33qBJncszIIhOv0jziV	92	18324490333		/api/login/loginmsg	phone=18324490333					/api/login/loginmsg?phone=18324490333	http://localhost:8080/profile	undefined	
2018/01/29 10:42:23		Event	6hykDFQRFkQe8qJv4gZsb5xxtrkH74tt	82	18368147785		pageView						/proxy/log?name=pageView&type=event&loading=false	http://localhost:8080/profile	undefined	
2018/01/29 10:42:23		Interface	6hykDFQRFkQe8qJv4gZsb5xxtrkH74tt	82	18368147785		/api/login/loginmsg	phone=18368147785					/api/login/loginmsg?phone=18368147785	http://localhost:8080/profile	undefined	
2018/01/29 10:42:29		Event	YsWQCWMxUPH_i33qBJncszIIhOv0jziV	92	18324490333		pageView						/proxy/log?name=pageView&type=event&loading=false	http://localhost:8080/profile	undefined	
2018/01/29 10:42:32		Interface	YsWQCWMxUPH_i33qBJncszIIhOv0jziV	92	18324490333		/api/login/loginmsg	phone=18324490333					/api/login/loginmsg?phone=18324490333	http://localhost:8080/profile	undefined	
2018/01/29 10:42:37		Event	YsWQCWMxUPH_i33qBJncszIIhOv0jziV	92	18324490333		pageView						/proxy/log?name=pageView&type=event&loading=false	http://localhost:8080/profile	undefined	
2018/01/29 10:42:39		Event	YsWQCWMxUPH_i33qBJncszIIhOv0jziV	92	18324490333		pageView						/proxy/log?name=pageView&type=event&loading=false	http://localhost:8080/profile	undefined	
2018/01/29 10:42:39		Interface	YsWQCWMxUPH_i33qBJncszIIhOv0jziV	92	18324490333		/api/login/loginmsg	phone=18324490333					/api/login/loginmsg?phone=18324490333	http://localhost:8080/profile	undefined	
2018/01/29 10:44:14		Event	YsWQCWMxUPH_i33qBJncszIIhOv0jziV	92	18324490333		pageView						/proxy/log?name=pageView&type=event&loading=false	http://localhost:8080/profile	undefined	
2018/01/29 10:44:19		Event	YsWQCWMxUPH_i33qBJncszIIhOv0jziV	92	18324490333		changCard						/proxy/log?name=changCard&type=event&loading=false	http://localhost:8080/change/227?type=2	undefined	
2018/01/29 10:44:41		Event	YsWQCWMxUPH_i33qBJncszIIhOv0jziV	92	18324490333		pageView						/proxy/log?name=pageView&type=event&loading=false	http://localhost:8080/profile	undefined	
2018/01/29 10:44:44		Interface	YsWQCWMxUPH_i33qBJncszIIhOv0jziV	92	18324490333		/api/login/loginmsg	phone=18324490333					/api/login/loginmsg?phone=18324490333	http://localhost:8080/profile	undefined	
2018/01/29 10:44:47		Event	YsWQCWMxUPH_i33qBJncszIIhOv0jziV	92	18324490333		pageView						/proxy/log?name=pageView&type=event&loading=false	http://localhost:8080/profile	undefined	
2018/01/29 10:44:49		Event	YsWQCWMxUPH_i33qBJncszIIhOv0jziV	92	18324490333		pageView						/proxy/log?name=pageView&type=event&loading=false	http://localhost:8080/	undefined	
2018/01/29 10:44:55		Event	YsWQCWMxUPH_i33qBJncszIIhOv0jziV	92	18324490333		submit						/proxy/log?name=submit&type=event&loading=false	http://localhost:8080/make/20180122184722	undefined	
2018/01/29 10:45:18		Event	YsWQCWMxUPH_i33qBJncszIIhOv0jziV	92	18324490333		pageView						/proxy/log?name=pageView&type=event&loading=false	http://localhost:8080/	undefined	
2018/01/29 10:46:14		Event	6hykDFQRFkQe8qJv4gZsb5xxtrkH74tt	82	18368147785		pageView						/proxy/log?name=pageView&type=event&loading=false	http://localhost:8080/failed	undefined	
2018/01/29 10:50:05		Event	6hykDFQRFkQe8qJv4gZsb5xxtrkH74tt	82	18368147785		pageView						/proxy/log?name=pageView&type=event&loading=false	http://localhost:8080/failed	undefined	
2018/01/29 10:50:06		Event	YsWQCWMxUPH_i33qBJncszIIhOv0jziV	92	18324490333		pageView						/proxy/log?name=pageView&type=event&loading=false	http://localhost:8080/	undefined	
2018/01/29 10:50:08		Event	6hykDFQRFkQe8qJv4gZsb5xxtrkH74tt	82	18368147785		pageView						/proxy/log?name=pageView&type=event&loading=false	http://localhost:8080/profile	undefined	
2018/01/29 10:50:09		Interface	6hykDFQRFkQe8qJv4gZsb5xxtrkH74tt	82	18368147785		/api/login/loginmsg	phone=18368147785					/api/login/loginmsg?phone=18368147785	http://localhost:8080/profile	undefined	
2018/01/29 10:50:13		Event	6hykDFQRFkQe8qJv4gZsb5xxtrkH74tt	82	18368147785		pageView						/proxy/log?name=pageView&type=event&loading=false	http://localhost:8080/failed	undefined	
2018/01/29 10:50:26		Event	6hykDFQRFkQe8qJv4gZsb5xxtrkH74tt	82	18368147785		pageView						/proxy/log?name=pageView&type=event&loading=false	http://localhost:8080/failed/227	undefined	
2018/01/29 10:55:26		Event	6hykDFQRFkQe8qJv4gZsb5xxtrkH74tt	82	18368147785		pageView						/proxy/log?name=pageView&type=event&loading=false	http://localhost:8080/failed/227	undefined	
2018/01/29 10:59:33		Event	6hykDFQRFkQe8qJv4gZsb5xxtrkH74tt	82	18368147785		pageView						/proxy/log?name=pageView&type=event&loading=false	http://localhost:8080/failed/227	undefined	
2018/01/29 10:59:36		Event	6hykDFQRFkQe8qJv4gZsb5xxtrkH74tt	82	18368147785		pageView						/proxy/log?name=pageView&type=event&loading=false	http://localhost:8080/	undefined	
2018/01/29 10:59:37		Event	6hykDFQRFkQe8qJv4gZsb5xxtrkH74tt	82	18368147785		pageView						/proxy/log?name=pageView&type=event&loading=false	http://localhost:8080/	undefined	
2018/01/29 11:03:56		Event	6hykDFQRFkQe8qJv4gZsb5xxtrkH74tt	82	18368147785		pageView						/proxy/log?name=pageView&type=event&loading=false	http://localhost:8080/	undefined	
2018/01/29 11:03:56		Interface	6hykDFQRFkQe8qJv4gZsb5xxtrkH74tt	82	18368147785		/api/login/loginmsg	phone=18368147785					/api/login/loginmsg?phone=18368147785	http://localhost:8080/profile	undefined	
2018/01/29 11:20:35		Event	6hykDFQRFkQe8qJv4gZsb5xxtrkH74tt	82	18368147785		pageView						/proxy/log?name=pageView&type=event&loading=false	http://localhost:8080/profile	undefined	
2018/01/29 11:23:13		Event	6hykDFQRFkQe8qJv4gZsb5xxtrkH74tt	82	18368147785		pageView						/proxy/log?name=pageView&type=event&loading=false	http://localhost:8080/pay?repay=true	undefined	
2018/01/29 11:27:49		Event	6hykDFQRFkQe8qJv4gZsb5xxtrkH74tt	82	18368147785		pageView						/proxy/log?name=pageView&type=event&loading=false	http://localhost:8080/profile	undefined	
2018/01/29 11:27:49		Interface	6hykDFQRFkQe8qJv4gZsb5xxtrkH74tt	82	18368147785		/api/login/loginmsg	phone=18368147785					/api/login/loginmsg?phone=18368147785	http://localhost:8080/profile	undefined	
2018/01/29 11:27:50		Event	6hykDFQRFkQe8qJv4gZsb5xxtrkH74tt	82	18368147785		pageView						/proxy/log?name=pageView&type=event&loading=false	http://localhost:8080/profile	undefined	
2018/01/29 11:27:51		Event	6hykDFQRFkQe8qJv4gZsb5xxtrkH74tt	82	18368147785		pageView						/proxy/log?name=pageView&type=event&loading=false	http://localhost:8080/	undefined	
2018/01/29 11:29:05		Event	6hykDFQRFkQe8qJv4gZsb5xxtrkH74tt	82	18368147785		pageView						/proxy/log?name=pageView&type=event&loading=false	http://localhost:8080/	undefined	
2018/01/29 11:29:32		Event	6hykDFQRFkQe8qJv4gZsb5xxtrkH74tt	82	18368147785		pageView						/proxy/log?name=pageView&type=event&loading=false	http://localhost:8080/	undefined	
2018/01/29 11:29:41		Event	6hykDFQRFkQe8qJv4gZsb5xxtrkH74tt	82	18368147785		pageView						/proxy/log?name=pageView&type=event&loading=false	http://localhost:8080/	undefined	
2018/01/29 11:29:42		Event	6hykDFQRFkQe8qJv4gZsb5xxtrkH74tt	82	18368147785		pageView						/proxy/log?name=pageView&type=event&loading=false	http://localhost:8080/	undefined	
2018/01/29 11:29:47		Event	6hykDFQRFkQe8qJv4gZsb5xxtrkH74tt	82	18368147785		pageView						/proxy/log?name=pageView&type=event&loading=false	http://localhost:8080/	undefined	
2018/01/29 11:29:48		Interface	6hykDFQRFkQe8qJv4gZsb5xxtrkH74tt	82	18368147785		/api/login/loginmsg	phone=18368147785					/api/login/loginmsg?phone=18368147785	http://localhost:8080/profile	undefined	
2018/01/29 11:36:37		Event	wr6CPVhUpsJPAC4-3ol7ZeuUvfa-9iOR				pageView						/proxy/log?name=pageView&type=event&loading=false	http://192.168.103.172:8080/	undefined	
2018/01/29 11:36:49		Event	6hykDFQRFkQe8qJv4gZsb5xxtrkH74tt	82	18368147785		pageView						/proxy/log?name=pageView&type=event&loading=false	http://localhost:8080/profile	undefined	
2018/01/29 11:36:49		Event	YsWQCWMxUPH_i33qBJncszIIhOv0jziV	92	18324490333		pageView						/proxy/log?name=pageView&type=event&loading=false	http://localhost:8080/	undefined	
2018/01/29 11:36:51		Interface	6hykDFQRFkQe8qJv4gZsb5xxtrkH74tt	82	18368147785		/api/login/loginmsg	phone=18368147785					/api/login/loginmsg?phone=18368147785	http://localhost:8080/profile	undefined	
2018/01/29 11:36:54		Event	Ywl7MYwZUecoLDHZTRYaBnt5RT98pY5O				pageView						/proxy/log?name=pageView&type=event&loading=false	http://localhost:8080/	undefined	
2018/01/29 11:37:36		Event	6hykDFQRFkQe8qJv4gZsb5xxtrkH74tt	82	18368147785		pageView						/proxy/log?name=pageView&type=event&loading=false	http://localhost:8080/compelete	undefined	
2018/01/29 11:37:37		Event	6hykDFQRFkQe8qJv4gZsb5xxtrkH74tt	82	18368147785		pageView						/proxy/log?name=pageView&type=event&loading=false	http://localhost:8080/compelete	undefined	
2018/01/29 11:37:37		Event	6hykDFQRFkQe8qJv4gZsb5xxtrkH74tt	82	18368147785		pageView						/proxy/log?name=pageView&type=event&loading=false	http://localhost:8080/login	undefined	
2018/01/29 11:37:37		Interface	6hykDFQRFkQe8qJv4gZsb5xxtrkH74tt	82	18368147785		/api/login/loginmsg	phone=18368147785					/api/login/loginmsg?phone=18368147785	http://localhost:8080/profile	undefined	
2018/01/29 11:37:42		Event	6hykDFQRFkQe8qJv4gZsb5xxtrkH74tt	82	18368147785		pageView						/proxy/log?name=pageView&type=event&loading=false	http://localhost:8080/compelete?repay	undefined	
2018/01/29 11:37:42		Event	6hykDFQRFkQe8qJv4gZsb5xxtrkH74tt	82	18368147785		pageView						/proxy/log?name=pageView&type=event&loading=false	http://localhost:8080/compelete?repay	undefined	
2018/01/29 11:37:42		Event	6hykDFQRFkQe8qJv4gZsb5xxtrkH74tt	82	18368147785		pageView						/proxy/log?name=pageView&type=event&loading=false	http://localhost:8080/login	undefined	
2018/01/29 11:37:42		Interface	6hykDFQRFkQe8qJv4gZsb5xxtrkH74tt	82	18368147785		/api/login/loginmsg	phone=18368147785					/api/login/loginmsg?phone=18368147785	http://localhost:8080/profile	undefined	
2018/01/29 11:37:45		Event	6hykDFQRFkQe8qJv4gZsb5xxtrkH74tt	82	18368147785		pageView						/proxy/log?name=pageView&type=event&loading=false	http://localhost:8080/compelete?ispay=1	undefined	
2018/01/29 11:37:45		Interface	6hykDFQRFkQe8qJv4gZsb5xxtrkH74tt	82	18368147785		/api/login/loginmsg	phone=18368147785&fromType=2					/api/login/loginmsg?phone=18368147785&fromType=2	http://localhost:8080/compelete?ispay=1	undefined	
2018/01/29 11:37:45		Event	6hykDFQRFkQe8qJv4gZsb5xxtrkH74tt	82	18368147785		pageView						/proxy/log?name=pageView&type=event&loading=false	http://localhost:8080/compelete?ispay=1	undefined	
2018/01/29 11:37:46		Interface	6hykDFQRFkQe8qJv4gZsb5xxtrkH74tt	82	18368147785		/api/login/loginmsg	phone=18368147785					/api/login/loginmsg?phone=18368147785	http://localhost:8080/pay?repay=true	undefined	
2018/01/29 11:39:05		Event	6hykDFQRFkQe8qJv4gZsb5xxtrkH74tt	82	18368147785		pageView						/proxy/log?name=pageView&type=event&loading=false	http://localhost:8080/compelete	undefined	
2018/01/29 11:39:05		Event	6hykDFQRFkQe8qJv4gZsb5xxtrkH74tt	82	18368147785		pageView						/proxy/log?name=pageView&type=event&loading=false	http://localhost:8080/compelete	undefined	
2018/01/29 11:39:05		Event	6hykDFQRFkQe8qJv4gZsb5xxtrkH74tt	82	18368147785		pageView						/proxy/log?name=pageView&type=event&loading=false	http://localhost:8080/login	undefined	
2018/01/29 11:39:05		Interface	6hykDFQRFkQe8qJv4gZsb5xxtrkH74tt	82	18368147785		/api/login/loginmsg	phone=18368147785					/api/login/loginmsg?phone=18368147785	http://localhost:8080/profile	undefined	
2018/01/29 11:39:08		Event	6hykDFQRFkQe8qJv4gZsb5xxtrkH74tt	82	18368147785		pageView						/proxy/log?name=pageView&type=event&loading=false	http://localhost:8080/	undefined	
2018/01/29 11:42:57		Event	6hykDFQRFkQe8qJv4gZsb5xxtrkH74tt	82	18368147785		pageView						/proxy/log?name=pageView&type=event&loading=false	http://localhost:8080/	undefined	
2018/01/29 11:42:57		Interface	6hykDFQRFkQe8qJv4gZsb5xxtrkH74tt	82	18368147785		/api/login/loginmsg	phone=18368147785					/api/login/loginmsg?phone=18368147785	http://localhost:8080/profile	undefined	
2018/01/29 11:43:30		Event	6hykDFQRFkQe8qJv4gZsb5xxtrkH74tt	82	18368147785		pageView						/proxy/log?name=pageView&type=event&loading=false	http://localhost:8080/profile	undefined	
2018/01/29 11:44:12		Event	6hykDFQRFkQe8qJv4gZsb5xxtrkH74tt	82	18368147785		pageView						/proxy/log?name=pageView&type=event&loading=false	http://localhost:8080/	undefined	
2018/01/29 11:44:12		Interface	6hykDFQRFkQe8qJv4gZsb5xxtrkH74tt	82	18368147785		/api/login/loginmsg	phone=18368147785					/api/login/loginmsg?phone=18368147785	http://localhost:8080/profile	undefined	
2018/01/29 11:44:18		Event	YsWQCWMxUPH_i33qBJncszIIhOv0jziV	92	18324490333		pageView						/proxy/log?name=pageView&type=event&loading=false	http://localhost:8080/	undefined	
2018/01/29 11:44:18		Interface	YsWQCWMxUPH_i33qBJncszIIhOv0jziV	92	18324490333		/api/login/loginmsg	phone=18324490333					/api/login/loginmsg?phone=18324490333	http://localhost:8080/profile	undefined	
2018/01/29 11:45:09		Event	6hykDFQRFkQe8qJv4gZsb5xxtrkH74tt	82	18368147785		pageView						/proxy/log?name=pageView&type=event&loading=false	http://localhost:8080/profile	undefined	
2018/01/29 11:45:10		Interface	6hykDFQRFkQe8qJv4gZsb5xxtrkH74tt	82	18368147785		/api/login/loginmsg	phone=18368147785					/api/login/loginmsg?phone=18368147785	http://localhost:8080/profile	undefined	
2018/01/29 11:51:23		Event	6hykDFQRFkQe8qJv4gZsb5xxtrkH74tt	82	18368147785		pageView						/proxy/log?name=pageView&type=event&loading=false	http://localhost:8080/profile	undefined	
2018/01/29 13:25:49		Event	fqiIpZDGOs3FK8uAHfxOEAeKKIee8w3V				pageView						/proxy/log?name=pageView&type=event&loading=false	http://localhost:8080/pay?repay=true	undefined	
2018/01/29 13:25:49		Event	D1Dzp4sHMcidCLk-OFg3o0i_2_x5xtZ3				pageView						/proxy/log?name=pageView&type=event&loading=false	http://localhost:8080/pay?repay=true	undefined	
2018/01/29 13:26:22		Interface	OQsawbKbFs2inUNlCmR466VTewkBrEGE				/api/login/loginmsg	phone=18324490333&fromType=2					/api/login/loginmsg?phone=18324490333&fromType=2	http://localhost:8080/login	undefined	
2018/01/29 13:26:22		Event	OQsawbKbFs2inUNlCmR466VTewkBrEGE	92	18324490333		pageView						/proxy/log?name=pageView&type=event&loading=false	http://localhost:8080/login	undefined	
2018/01/29 13:26:32		Event	OQsawbKbFs2inUNlCmR466VTewkBrEGE	92	18324490333		pageView						/proxy/log?name=pageView&type=event&loading=false	http://localhost:8080/	undefined	
2018/01/29 13:26:37		Event	OQsawbKbFs2inUNlCmR466VTewkBrEGE	92	18324490333		pageView						/proxy/log?name=pageView&type=event&loading=false	http://localhost:8080/	undefined	
2018/01/29 13:26:51		Event	OQsawbKbFs2inUNlCmR466VTewkBrEGE	92	18324490333		pageView						/proxy/log?name=pageView&type=event&loading=false	http://localhost:8080/	undefined	
2018/01/29 13:26:51		Interface	OQsawbKbFs2inUNlCmR466VTewkBrEGE	92	18324490333		/api/login/loginmsg	phone=18324490333					/api/login/loginmsg?phone=18324490333	http://localhost:8080/profile	undefined	
2018/01/29 13:27:35		Event	eeFV1ac57_orQbQKeEB_Gywq_fZZ11kn				pageView						/proxy/log?name=pageView&type=event&loading=false	http://192.168.103.172:8080/	undefined	
2018/01/29 13:27:46		Event	FJB-tS99M3Y1suJuEVjJ1iybC3-8mhGd				pageView						/proxy/log?name=pageView&type=event&loading=false	http://192.168.103.172:8080/	undefined	
2018/01/29 13:27:57		Event	-phwATtW-WdymjIefIU7xgOBJ1VybjgR				pageView						/proxy/log?name=pageView&type=event&loading=false	http://192.168.103.172:8080/	undefined	
2018/01/29 13:27:57		Event	65HOxo4Bj6hVF-E5OvSFmToILtquHDYe				submit						/proxy/log?name=submit&type=event&loading=false	http://192.168.103.172:8080/make/20180122184722	undefined	
2018/01/29 13:28:30		Interface	YIegFW609iOko7TkSiNvlDiY3PBATSSN				/api/login/loginmsg	phone=18324490333&fromType=2					/api/login/loginmsg?phone=18324490333&fromType=2	http://192.168.103.172:8080/login	undefined	
2018/01/29 13:28:30		Event	YIegFW609iOko7TkSiNvlDiY3PBATSSN	92	18324490333		pageView						/proxy/log?name=pageView&type=event&loading=false	http://192.168.103.172:8080/	undefined	
2018/01/29 13:28:36		Event	YIegFW609iOko7TkSiNvlDiY3PBATSSN	92	18324490333		pageView						/proxy/log?name=pageView&type=event&loading=false	http://192.168.103.172:8080/	undefined	
2018/01/29 13:28:36		Interface	YIegFW609iOko7TkSiNvlDiY3PBATSSN	92	18324490333		/api/login/loginmsg	phone=18324490333					/api/login/loginmsg?phone=18324490333	http://192.168.103.172:8080/profile	undefined	
2018/01/29 13:29:33		Event	YIegFW609iOko7TkSiNvlDiY3PBATSSN	92	18324490333		pageView						/proxy/log?name=pageView&type=event&loading=false	http://192.168.103.172:8080/profile	undefined	
2018/01/29 13:29:34		Event	YIegFW609iOko7TkSiNvlDiY3PBATSSN	92	18324490333		pageView						/proxy/log?name=pageView&type=event&loading=false	http://192.168.103.172:8080/	undefined	
2018/01/29 13:29:34		Interface	YIegFW609iOko7TkSiNvlDiY3PBATSSN	92	18324490333		/api/login/loginmsg	phone=18324490333					/api/login/loginmsg?phone=18324490333	http://192.168.103.172:8080/profile	undefined	
2018/01/29 13:30:33		Event	YIegFW609iOko7TkSiNvlDiY3PBATSSN	92	18324490333		pageView						/proxy/log?name=pageView&type=event&loading=false	http://192.168.103.172:8080/	undefined	
2018/01/29 13:30:40		Event	YIegFW609iOko7TkSiNvlDiY3PBATSSN	92	18324490333		pageView						/proxy/log?name=pageView&type=event&loading=false	http://192.168.103.172:8080/	undefined	
2018/01/29 13:30:40		Interface	YIegFW609iOko7TkSiNvlDiY3PBATSSN	92	18324490333		/api/login/loginmsg	phone=18324490333					/api/login/loginmsg?phone=18324490333	http://192.168.103.172:8080/profile	undefined	
2018/01/29 13:30:44		Event	YIegFW609iOko7TkSiNvlDiY3PBATSSN	92	18324490333		pageView						/proxy/log?name=pageView&type=event&loading=false	http://192.168.103.172:8080/	undefined	
2018/01/29 13:30:47		Event	YIegFW609iOko7TkSiNvlDiY3PBATSSN	92	18324490333		pageView						/proxy/log?name=pageView&type=event&loading=false	http://192.168.103.172:8080/	undefined	
2018/01/29 13:30:47		Interface	YIegFW609iOko7TkSiNvlDiY3PBATSSN	92	18324490333		/api/login/loginmsg	phone=18324490333					/api/login/loginmsg?phone=18324490333	http://192.168.103.172:8080/profile	undefined	
2018/01/29 13:31:16		Event	YIegFW609iOko7TkSiNvlDiY3PBATSSN	92	18324490333		pageView						/proxy/log?name=pageView&type=event&loading=false	http://192.168.103.172:8080/	undefined	
2018/01/29 13:31:20		Event	YIegFW609iOko7TkSiNvlDiY3PBATSSN	92	18324490333		pageView						/proxy/log?name=pageView&type=event&loading=false	http://192.168.103.172:8080/	undefined	
2018/01/29 13:31:22		Event	YIegFW609iOko7TkSiNvlDiY3PBATSSN	92	18324490333		pageView						/proxy/log?name=pageView&type=event&loading=false	http://192.168.103.172:8080/	undefined	
2018/01/29 13:31:37		Event	YIegFW609iOko7TkSiNvlDiY3PBATSSN	92	18324490333		pageView						/proxy/log?name=pageView&type=event&loading=false	http://192.168.103.172:8080/	undefined	
2018/01/29 13:31:43		Event	YIegFW609iOko7TkSiNvlDiY3PBATSSN	92	18324490333		pageView						/proxy/log?name=pageView&type=event&loading=false	http://192.168.103.172:8080/	undefined	
2018/01/29 13:32:05		Event	YIegFW609iOko7TkSiNvlDiY3PBATSSN	92	18324490333		pageView						/proxy/log?name=pageView&type=event&loading=false	http://192.168.103.172:8080/	undefined	
2018/01/29 13:32:05		Interface	YIegFW609iOko7TkSiNvlDiY3PBATSSN	92	18324490333		/api/login/loginmsg	phone=18324490333					/api/login/loginmsg?phone=18324490333	http://192.168.103.172:8080/profile	undefined	
2018/01/29 13:48:23		Event	OQsawbKbFs2inUNlCmR466VTewkBrEGE	92	18324490333		pageView						/proxy/log?name=pageView&type=event&loading=false	http://localhost:8080/profile	undefined	
2018/01/29 13:48:23		Event	WryTKQm-NWQFyVmv5j5pixWBUJylqaok				pageView						/proxy/log?name=pageView&type=event&loading=false	http://localhost:8080/profile	undefined	
2018/01/29 13:48:23		Interface	OQsawbKbFs2inUNlCmR466VTewkBrEGE	92	18324490333		/api/login/loginmsg	phone=18324490333					/api/login/loginmsg?phone=18324490333	http://localhost:8080/profile	undefined	
2018/01/29 13:48:26		Event	IN_282tL166phR14EGWXXzAYz6AH0HhO				pageView						/proxy/log?name=pageView&type=event&loading=false	http://localhost:8080/profile	undefined	
2018/01/29 14:22:03		Event	4nmdu0U4iB9tD0VZ0HuEaAIlRrVzK10g				pageView						/proxy/log?name=pageView&type=event&loading=false	http://localhost:8080/profile	undefined	
2018/01/29 14:22:03		Event	XKsHKlUthdG4wZDAXuebWjnJDHOGSk7k				pageView						/proxy/log?name=pageView&type=event&loading=false	http://localhost:8080/profile	undefined	
2018/01/29 14:22:38		Interface	mubaC_cKfogZSo94V7JrWLEvv-BCfMve				/api/login/loginmsg	phone=18324490333&fromType=2					/api/login/loginmsg?phone=18324490333&fromType=2	http://localhost:8080/login	undefined	
2018/01/29 14:22:38		Event	mubaC_cKfogZSo94V7JrWLEvv-BCfMve	92	18324490333		pageView						/proxy/log?name=pageView&type=event&loading=false	http://localhost:8080/login	undefined	
2018/01/29 14:22:38		Interface	mubaC_cKfogZSo94V7JrWLEvv-BCfMve	92	18324490333		/api/login/loginmsg	phone=18324490333					/api/login/loginmsg?phone=18324490333	http://localhost:8080/profile	undefined	
2018/01/29 14:23:14		Event	mubaC_cKfogZSo94V7JrWLEvv-BCfMve	92	18324490333		pageView						/proxy/log?name=pageView&type=event&loading=false	http://localhost:8080/login	undefined	
2018/01/29 14:23:15		Event	mubaC_cKfogZSo94V7JrWLEvv-BCfMve	92	18324490333		pageView						/proxy/log?name=pageView&type=event&loading=false	http://localhost:8080/login	undefined	
2018/01/29 14:23:15		Interface	mubaC_cKfogZSo94V7JrWLEvv-BCfMve	92	18324490333		/api/login/loginmsg	phone=18324490333					/api/login/loginmsg?phone=18324490333	http://localhost:8080/profile	undefined	
2018/01/29 14:23:33		Event	mubaC_cKfogZSo94V7JrWLEvv-BCfMve	92	18324490333		pageView						/proxy/log?name=pageView&type=event&loading=false	http://localhost:8080/login	undefined	
2018/01/29 14:25:17		Event	mubaC_cKfogZSo94V7JrWLEvv-BCfMve	92	18324490333		pageView						/proxy/log?name=pageView&type=event&loading=false	http://localhost:8080/login	undefined	
2018/01/29 14:25:44		Event	mubaC_cKfogZSo94V7JrWLEvv-BCfMve	92	18324490333		pageView						/proxy/log?name=pageView&type=event&loading=false	http://localhost:8080/login	undefined	
2018/01/29 14:25:44		Interface	mubaC_cKfogZSo94V7JrWLEvv-BCfMve	92	18324490333		/api/login/loginmsg	phone=18324490333					/api/login/loginmsg?phone=18324490333	http://localhost:8080/profile	undefined	
2018/01/29 14:27:03		Event	mubaC_cKfogZSo94V7JrWLEvv-BCfMve	92	18324490333		pageView						/proxy/log?name=pageView&type=event&loading=false	http://localhost:8080/profile	undefined	
2018/01/29 14:27:03		Interface	mubaC_cKfogZSo94V7JrWLEvv-BCfMve	92	18324490333		/api/login/loginmsg	phone=18324490333					/api/login/loginmsg?phone=18324490333	http://localhost:8080/profile	undefined	
2018/01/29 14:27:21		Event	mubaC_cKfogZSo94V7JrWLEvv-BCfMve	92	18324490333		pageView						/proxy/log?name=pageView&type=event&loading=false	http://localhost:8080/profile	undefined	
2018/01/29 14:27:26		Event	mubaC_cKfogZSo94V7JrWLEvv-BCfMve	92	18324490333		pageView						/proxy/log?name=pageView&type=event&loading=false	http://localhost:8080/profile	undefined	
2018/01/29 14:27:26		Interface	mubaC_cKfogZSo94V7JrWLEvv-BCfMve	92	18324490333		/api/login/loginmsg	phone=18324490333					/api/login/loginmsg?phone=18324490333	http://localhost:8080/profile	undefined	
2018/01/29 14:49:15		Event	mubaC_cKfogZSo94V7JrWLEvv-BCfMve	92	18324490333		pageView						/proxy/log?name=pageView&type=event&loading=false	http://localhost:8080/profile	undefined	
2018/01/29 14:49:15		Interface	mubaC_cKfogZSo94V7JrWLEvv-BCfMve	92	18324490333		/api/login/loginmsg	phone=18324490333					/api/login/loginmsg?phone=18324490333	http://localhost:8080/profile	undefined	
2018/01/29 15:32:27		Event	yqJ2Jzm2lh6vMrm8OOF6QmcNFE-1QEuj				pageView						/proxy/log?name=pageView&type=event&loading=false	http://192.168.103.172:8080/pay?repay=true	undefined	
2018/01/29 15:32:27		Event	GCfjBjyhk19LCrJbVJRJMrsqT0GPJhrc				pageView						/proxy/log?name=pageView&type=event&loading=false	http://192.168.103.172:8080/pay?repay=true	undefined	
2018/01/29 15:34:30		Event	_nHSHtvhZo4JX5EJs44ZMIxeQ4FSXHUs				pageView						/proxy/log?name=pageView&type=event&loading=false	http://localhost:8080/profile	undefined	
2018/01/29 15:34:31		Event	kwkRt7xSXhmS11x63MG25ya9689h5HlJ				pageView						/proxy/log?name=pageView&type=event&loading=false	http://localhost:8080/profile	undefined	
2018/01/29 15:35:33		Interface	mFP3lBQG-5wHIjnhyGuas2g5eHyfMDJW				/api/login/loginmsg	phone=18324490333&fromType=2					/api/login/loginmsg?phone=18324490333&fromType=2	http://localhost:8080/login	undefined	
2018/01/29 15:35:33		Event	mFP3lBQG-5wHIjnhyGuas2g5eHyfMDJW	92	18324490333		pageView						/proxy/log?name=pageView&type=event&loading=false	http://localhost:8080/login	undefined	
2018/01/29 15:35:33		Interface	mFP3lBQG-5wHIjnhyGuas2g5eHyfMDJW	92	18324490333		/api/login/loginmsg	phone=18324490333					/api/login/loginmsg?phone=18324490333	http://localhost:8080/profile	undefined	
2018/01/29 15:59:58		Event	mFP3lBQG-5wHIjnhyGuas2g5eHyfMDJW	92	18324490333		pageView						/proxy/log?name=pageView&type=event&loading=false	http://localhost:8080/profile	undefined	
2018/01/29 15:59:58		Interface	mFP3lBQG-5wHIjnhyGuas2g5eHyfMDJW	92	18324490333		/api/login/loginmsg	phone=18324490333					/api/login/loginmsg?phone=18324490333	http://localhost:8080/profile	undefined	
2018/01/29 16:04:22		Event	Xc4eNtXeylMoIOO64p2uxhvSdvqw8hsy				pageView						/proxy/log?name=pageView&type=event&loading=false	http://localhost:8080/	undefined	
2018/01/29 16:04:39		Event	mFP3lBQG-5wHIjnhyGuas2g5eHyfMDJW	92	18324490333		pageView						/proxy/log?name=pageView&type=event&loading=false	http://localhost:8080/compelete	undefined	
2018/01/29 16:04:40		Interface	mFP3lBQG-5wHIjnhyGuas2g5eHyfMDJW	92	18324490333		/api/login/loginmsg	phone=18324490333&fromType=2					/api/login/loginmsg?phone=18324490333&fromType=2	http://localhost:8080/compelete	undefined	
2018/01/29 16:07:23		Event	gEakgvS3wuXP9myOtaBPsDyJgWq6_zO_				pageView						/proxy/log?name=pageView&type=event&loading=false	http://localhost:8080/	undefined	
2018/01/29 16:07:23		Event	mFP3lBQG-5wHIjnhyGuas2g5eHyfMDJW	92	18324490333		pageView						/proxy/log?name=pageView&type=event&loading=false	http://localhost:8080/profile	undefined	
2018/01/29 16:07:24		Interface	mFP3lBQG-5wHIjnhyGuas2g5eHyfMDJW	92	18324490333		/api/login/loginmsg	phone=18324490333					/api/login/loginmsg?phone=18324490333	http://localhost:8080/profile	undefined	
2018/01/29 16:07:32		Event	mFP3lBQG-5wHIjnhyGuas2g5eHyfMDJW	92	18324490333		pageView						/proxy/log?name=pageView&type=event&loading=false	http://localhost:8080/profile	undefined	
2018/01/29 16:07:33		Event	mFP3lBQG-5wHIjnhyGuas2g5eHyfMDJW	92	18324490333		pageView						/proxy/log?name=pageView&type=event&loading=false	http://localhost:8080/	undefined	
2018/01/29 16:07:36		Event	mFP3lBQG-5wHIjnhyGuas2g5eHyfMDJW	92	18324490333		submit						/proxy/log?name=submit&type=event&loading=false	http://localhost:8080/make/20180122184722	undefined	
2018/01/29 16:07:37		Event	mFP3lBQG-5wHIjnhyGuas2g5eHyfMDJW	92	18324490333		pageView						/proxy/log?name=pageView&type=event&loading=false	http://localhost:8080/make/20180122184722	undefined	
2018/01/29 16:07:37		Interface	mFP3lBQG-5wHIjnhyGuas2g5eHyfMDJW	92	18324490333		/api/login/loginmsg	phone=18324490333					/api/login/loginmsg?phone=18324490333	http://localhost:8080/profile	undefined	
2018/01/29 16:07:45		Event	mFP3lBQG-5wHIjnhyGuas2g5eHyfMDJW	92	18324490333		pageView						/proxy/log?name=pageView&type=event&loading=false	http://localhost:8080/profile	undefined	
2018/01/29 16:07:46		Event	mFP3lBQG-5wHIjnhyGuas2g5eHyfMDJW	92	18324490333		pageView						/proxy/log?name=pageView&type=event&loading=false	http://localhost:8080/	undefined	
2018/01/29 16:07:56		Event	mFP3lBQG-5wHIjnhyGuas2g5eHyfMDJW	92	18324490333		submit						/proxy/log?name=submit&type=event&loading=false	http://localhost:8080/make/20180122184722	undefined	
2018/01/29 16:09:21		Event	mFP3lBQG-5wHIjnhyGuas2g5eHyfMDJW	92	18324490333		pageView						/proxy/log?name=pageView&type=event&loading=false	http://localhost:8080/	undefined	
2018/01/29 16:10:01		Event	mFP3lBQG-5wHIjnhyGuas2g5eHyfMDJW	92	18324490333		pageView						/proxy/log?name=pageView&type=event&loading=false	http://localhost:8080/	undefined	
2018/01/29 16:10:01		Interface	mFP3lBQG-5wHIjnhyGuas2g5eHyfMDJW	92	18324490333		/api/login/loginmsg	phone=18324490333					/api/login/loginmsg?phone=18324490333	http://localhost:8080/profile	undefined	
2018/01/29 16:10:03		Event	mFP3lBQG-5wHIjnhyGuas2g5eHyfMDJW	92	18324490333		pageView						/proxy/log?name=pageView&type=event&loading=false	http://localhost:8080/profile	undefined	
2018/01/29 16:10:52		Event	mFP3lBQG-5wHIjnhyGuas2g5eHyfMDJW	92	18324490333		pageView						/proxy/log?name=pageView&type=event&loading=false	http://localhost:8080/	undefined	
2018/01/29 16:10:52		Interface	mFP3lBQG-5wHIjnhyGuas2g5eHyfMDJW	92	18324490333		/api/login/loginmsg	phone=18324490333					/api/login/loginmsg?phone=18324490333	http://localhost:8080/profile	undefined	
2018/01/29 16:10:59		Event	mFP3lBQG-5wHIjnhyGuas2g5eHyfMDJW	92	18324490333		pageView						/proxy/log?name=pageView&type=event&loading=false	http://localhost:8080/profile	undefined	
2018/01/29 16:11:58		Event	mFP3lBQG-5wHIjnhyGuas2g5eHyfMDJW	92	18324490333		pageView						/proxy/log?name=pageView&type=event&loading=false	http://localhost:8080/	undefined	
2018/01/29 16:11:58		Interface	mFP3lBQG-5wHIjnhyGuas2g5eHyfMDJW	92	18324490333		/api/login/loginmsg	phone=18324490333					/api/login/loginmsg?phone=18324490333	http://localhost:8080/profile	undefined	
2018/01/29 16:11:59		Event	mFP3lBQG-5wHIjnhyGuas2g5eHyfMDJW	92	18324490333		pageView						/proxy/log?name=pageView&type=event&loading=false	http://localhost:8080/profile	undefined	
2018/01/29 16:12:42		Event	mFP3lBQG-5wHIjnhyGuas2g5eHyfMDJW	92	18324490333		pageView						/proxy/log?name=pageView&type=event&loading=false	http://localhost:8080/	undefined	
2018/01/29 16:12:42		Interface	mFP3lBQG-5wHIjnhyGuas2g5eHyfMDJW	92	18324490333		/api/login/loginmsg	phone=18324490333					/api/login/loginmsg?phone=18324490333	http://localhost:8080/profile	undefined	
2018/01/29 16:13:26		Event	mFP3lBQG-5wHIjnhyGuas2g5eHyfMDJW	92	18324490333		pageView						/proxy/log?name=pageView&type=event&loading=false	http://localhost:8080/profile	undefined	
2018/01/29 16:13:26		Interface	mFP3lBQG-5wHIjnhyGuas2g5eHyfMDJW	92	18324490333		/api/login/loginmsg	phone=18324490333					/api/login/loginmsg?phone=18324490333	http://localhost:8080/profile	undefined	
2018/01/29 16:14:16		Event	mFP3lBQG-5wHIjnhyGuas2g5eHyfMDJW	92	18324490333		pageView						/proxy/log?name=pageView&type=event&loading=false	http://localhost:8080/profile	undefined	
2018/01/29 16:14:17		Interface	mFP3lBQG-5wHIjnhyGuas2g5eHyfMDJW	92	18324490333		/api/login/loginmsg	phone=18324490333					/api/login/loginmsg?phone=18324490333	http://localhost:8080/profile	undefined	
2018/01/29 16:17:59		Interface	mFP3lBQG-5wHIjnhyGuas2g5eHyfMDJW	92	18324490333		/api/login/loginmsg	phone=18324490333					/api/login/loginmsg?phone=18324490333	http://localhost:8080/profile	undefined	
2018/01/29 16:18:00		Event	mFP3lBQG-5wHIjnhyGuas2g5eHyfMDJW	92	18324490333		pageView						/proxy/log?name=pageView&type=event&loading=false	http://localhost:8080/profile	undefined	
2018/01/29 16:18:00		Interface	mFP3lBQG-5wHIjnhyGuas2g5eHyfMDJW	92	18324490333		/api/login/loginmsg	phone=18324490333					/api/login/loginmsg?phone=18324490333	http://localhost:8080/profile	undefined	
2018/01/29 16:18:16		Interface	mFP3lBQG-5wHIjnhyGuas2g5eHyfMDJW	92	18324490333		/api/login/loginmsg	phone=18324490333					/api/login/loginmsg?phone=18324490333	http://localhost:8080/profile	undefined	
2018/01/29 16:18:35		Event	mFP3lBQG-5wHIjnhyGuas2g5eHyfMDJW	92	18324490333		pageView						/proxy/log?name=pageView&type=event&loading=false	http://localhost:8080/profile	undefined	
2018/01/29 16:18:35		Interface	mFP3lBQG-5wHIjnhyGuas2g5eHyfMDJW	92	18324490333		/api/login/loginmsg	phone=18324490333					/api/login/loginmsg?phone=18324490333	http://localhost:8080/profile	undefined	
2018/01/29 16:18:41		Event	mFP3lBQG-5wHIjnhyGuas2g5eHyfMDJW	92	18324490333		pageView						/proxy/log?name=pageView&type=event&loading=false	http://localhost:8080/profile	undefined	
2018/01/29 16:20:11		Event	mFP3lBQG-5wHIjnhyGuas2g5eHyfMDJW	92	18324490333		pageView						/proxy/log?name=pageView&type=event&loading=false	http://localhost:8080/failed/233/1?type=1	undefined	
2018/01/29 16:20:20		Event	mFP3lBQG-5wHIjnhyGuas2g5eHyfMDJW	92	18324490333		pageView						/proxy/log?name=pageView&type=event&loading=false	http://localhost:8080/failed/233/1	undefined	
2018/01/29 16:20:47		Event	mFP3lBQG-5wHIjnhyGuas2g5eHyfMDJW	92	18324490333		pageView						/proxy/log?name=pageView&type=event&loading=false	http://localhost:8080/failed/233/1	undefined	
2018/01/29 16:21:31		Event	mFP3lBQG-5wHIjnhyGuas2g5eHyfMDJW	92	18324490333		pageView						/proxy/log?name=pageView&type=event&loading=false	http://localhost:8080/failed/233/1	undefined	
2018/01/29 16:22:54		Event	mFP3lBQG-5wHIjnhyGuas2g5eHyfMDJW	92	18324490333		pageView						/proxy/log?name=pageView&type=event&loading=false	http://localhost:8080/failed/233/1	undefined	
2018/01/29 16:22:56		Event	mFP3lBQG-5wHIjnhyGuas2g5eHyfMDJW	92	18324490333		pageView						/proxy/log?name=pageView&type=event&loading=false	http://localhost:8080/failed/233/1	undefined	
2018/01/29 16:23:04		Event	mFP3lBQG-5wHIjnhyGuas2g5eHyfMDJW	92	18324490333		pageView						/proxy/log?name=pageView&type=event&loading=false	http://localhost:8080/failed/233/1?type=1	undefined	
2018/01/29 16:23:06		Event	mFP3lBQG-5wHIjnhyGuas2g5eHyfMDJW	92	18324490333		pageView						/proxy/log?name=pageView&type=event&loading=false	http://localhost:8080/profile	undefined	
2018/01/29 16:23:06		Interface	mFP3lBQG-5wHIjnhyGuas2g5eHyfMDJW	92	18324490333		/api/login/loginmsg	phone=18324490333					/api/login/loginmsg?phone=18324490333	http://localhost:8080/profile	undefined	
2018/01/29 16:23:09		Event	mFP3lBQG-5wHIjnhyGuas2g5eHyfMDJW	92	18324490333		pageView						/proxy/log?name=pageView&type=event&loading=false	http://localhost:8080/profile	undefined	
2018/01/29 16:23:10		Interface	mFP3lBQG-5wHIjnhyGuas2g5eHyfMDJW	92	18324490333		/api/login/loginmsg	phone=18324490333					/api/login/loginmsg?phone=18324490333	http://localhost:8080/profile	undefined	
2018/01/29 16:23:14		Event	mFP3lBQG-5wHIjnhyGuas2g5eHyfMDJW	92	18324490333		pageView						/proxy/log?name=pageView&type=event&loading=false	http://localhost:8080/profile	undefined	
2018/01/29 16:23:17		Event	mFP3lBQG-5wHIjnhyGuas2g5eHyfMDJW	92	18324490333		pageView						/proxy/log?name=pageView&type=event&loading=false	http://localhost:8080/failed/233/1?type=1	undefined	
2018/01/29 16:23:26		Event	mFP3lBQG-5wHIjnhyGuas2g5eHyfMDJW	92	18324490333		pageView						/proxy/log?name=pageView&type=event&loading=false	http://localhost:8080/profile	undefined	
2018/01/29 16:23:27		Interface	mFP3lBQG-5wHIjnhyGuas2g5eHyfMDJW	92	18324490333		/api/login/loginmsg	phone=18324490333					/api/login/loginmsg?phone=18324490333	http://localhost:8080/profile	undefined	
2018/01/29 16:24:03		Event	mFP3lBQG-5wHIjnhyGuas2g5eHyfMDJW	92	18324490333		pageView						/proxy/log?name=pageView&type=event&loading=false	http://localhost:8080/compelete	undefined	
2018/01/29 16:24:04		Interface	mFP3lBQG-5wHIjnhyGuas2g5eHyfMDJW	92	18324490333		/api/login/loginmsg	phone=18324490333&fromType=2					/api/login/loginmsg?phone=18324490333&fromType=2	http://localhost:8080/compelete	undefined	
2018/01/29 16:24:04		Event	mFP3lBQG-5wHIjnhyGuas2g5eHyfMDJW	92	18324490333		pageView						/proxy/log?name=pageView&type=event&loading=false	http://localhost:8080/compelete	undefined	
2018/01/29 16:24:39		Event	mFP3lBQG-5wHIjnhyGuas2g5eHyfMDJW	92	18324490333		pageView						/proxy/log?name=pageView&type=event&loading=false	http://localhost:8080/profile	undefined	
2018/01/29 16:24:39		Interface	mFP3lBQG-5wHIjnhyGuas2g5eHyfMDJW	92	18324490333		/api/login/loginmsg	phone=18324490333					/api/login/loginmsg?phone=18324490333	http://localhost:8080/profile	undefined	
2018/01/29 16:24:53		Event	mFP3lBQG-5wHIjnhyGuas2g5eHyfMDJW	92	18324490333		pageView						/proxy/log?name=pageView&type=event&loading=false	http://localhost:8080/profile	undefined	
2018/01/29 16:24:57		Event	mFP3lBQG-5wHIjnhyGuas2g5eHyfMDJW	92	18324490333		pageView						/proxy/log?name=pageView&type=event&loading=false	http://localhost:8080/failed/233/1?type=1	undefined	
2018/01/29 16:25:18		Event	mFP3lBQG-5wHIjnhyGuas2g5eHyfMDJW	92	18324490333		pageView						/proxy/log?name=pageView&type=event&loading=false	http://localhost:8080/profile	undefined	
2018/01/29 16:25:18		Interface	mFP3lBQG-5wHIjnhyGuas2g5eHyfMDJW	92	18324490333		/api/login/loginmsg	phone=18324490333					/api/login/loginmsg?phone=18324490333	http://localhost:8080/profile	undefined	
2018/01/29 16:25:48		Event	mFP3lBQG-5wHIjnhyGuas2g5eHyfMDJW	92	18324490333		pageView						/proxy/log?name=pageView&type=event&loading=false	http://localhost:8080/profile	undefined	
2018/01/29 16:25:51		Event	mFP3lBQG-5wHIjnhyGuas2g5eHyfMDJW	92	18324490333		pageView						/proxy/log?name=pageView&type=event&loading=false	http://localhost:8080/profile	undefined	
2018/01/29 16:25:51		Interface	mFP3lBQG-5wHIjnhyGuas2g5eHyfMDJW	92	18324490333		/api/login/loginmsg	phone=18324490333					/api/login/loginmsg?phone=18324490333	http://localhost:8080/profile	undefined	
2018/01/29 16:26:39		Event	mFP3lBQG-5wHIjnhyGuas2g5eHyfMDJW	92	18324490333		pageView						/proxy/log?name=pageView&type=event&loading=false	http://localhost:8080/profile	undefined	
2018/01/29 16:26:42		Event	mFP3lBQG-5wHIjnhyGuas2g5eHyfMDJW	92	18324490333		pageView						/proxy/log?name=pageView&type=event&loading=false	http://localhost:8080/	undefined	
2018/01/29 16:27:02		Event	mFP3lBQG-5wHIjnhyGuas2g5eHyfMDJW	92	18324490333		pageView						/proxy/log?name=pageView&type=event&loading=false	http://localhost:8080/	undefined	
2018/01/29 16:27:02		Interface	mFP3lBQG-5wHIjnhyGuas2g5eHyfMDJW	92	18324490333		/api/login/loginmsg	phone=18324490333					/api/login/loginmsg?phone=18324490333	http://localhost:8080/profile	undefined	
2018/01/29 16:27:06		Event	mFP3lBQG-5wHIjnhyGuas2g5eHyfMDJW	92	18324490333		pageView						/proxy/log?name=pageView&type=event&loading=false	http://localhost:8080/profile	undefined	
2018/01/29 16:27:06		Interface	mFP3lBQG-5wHIjnhyGuas2g5eHyfMDJW	92	18324490333		/api/login/loginmsg	phone=18324490333					/api/login/loginmsg?phone=18324490333	http://localhost:8080/profile	undefined	
2018/01/29 16:27:33		Event	mFP3lBQG-5wHIjnhyGuas2g5eHyfMDJW	92	18324490333		pageView						/proxy/log?name=pageView&type=event&loading=false	http://localhost:8080/profile	undefined	
2018/01/29 16:27:34		Interface	mFP3lBQG-5wHIjnhyGuas2g5eHyfMDJW	92	18324490333		/api/login/loginmsg	phone=18324490333					/api/login/loginmsg?phone=18324490333	http://localhost:8080/profile	undefined	
2018/01/29 16:28:08		Event	mFP3lBQG-5wHIjnhyGuas2g5eHyfMDJW	92	18324490333		pageView						/proxy/log?name=pageView&type=event&loading=false	http://localhost:8080/profile	undefined	
2018/01/29 16:28:08		Interface	mFP3lBQG-5wHIjnhyGuas2g5eHyfMDJW	92	18324490333		/api/login/loginmsg	phone=18324490333					/api/login/loginmsg?phone=18324490333	http://localhost:8080/profile	undefined	
2018/01/29 16:29:02		Event	mFP3lBQG-5wHIjnhyGuas2g5eHyfMDJW	92	18324490333		pageView						/proxy/log?name=pageView&type=event&loading=false	http://localhost:8080/	undefined	
2018/01/29 16:29:04		Event	mFP3lBQG-5wHIjnhyGuas2g5eHyfMDJW	92	18324490333		pageView						/proxy/log?name=pageView&type=event&loading=false	http://localhost:8080/	undefined	
2018/01/29 16:29:06		Event	mFP3lBQG-5wHIjnhyGuas2g5eHyfMDJW	92	18324490333		pageView						/proxy/log?name=pageView&type=event&loading=false	http://localhost:8080/	undefined	
2018/01/29 16:29:08		Event	mFP3lBQG-5wHIjnhyGuas2g5eHyfMDJW	92	18324490333		pageView						/proxy/log?name=pageView&type=event&loading=false	http://localhost:8080/	undefined	
2018/01/29 16:29:14		Event	mFP3lBQG-5wHIjnhyGuas2g5eHyfMDJW	92	18324490333		pageView						/proxy/log?name=pageView&type=event&loading=false	http://localhost:8080/profile	undefined	
2018/01/29 16:29:14		Interface	mFP3lBQG-5wHIjnhyGuas2g5eHyfMDJW	92	18324490333		/api/login/loginmsg	phone=18324490333					/api/login/loginmsg?phone=18324490333	http://localhost:8080/profile	undefined	
2018/01/29 16:29:16		Event	mFP3lBQG-5wHIjnhyGuas2g5eHyfMDJW	92	18324490333		pageView						/proxy/log?name=pageView&type=event&loading=false	http://localhost:8080/profile	undefined	
2018/01/29 16:29:16		Interface	mFP3lBQG-5wHIjnhyGuas2g5eHyfMDJW	92	18324490333		/api/login/loginmsg	phone=18324490333					/api/login/loginmsg?phone=18324490333	http://localhost:8080/profile	undefined	
2018/01/29 16:31:10		Event	mFP3lBQG-5wHIjnhyGuas2g5eHyfMDJW	92	18324490333		pageView						/proxy/log?name=pageView&type=event&loading=false	http://localhost:8080/profile	undefined	
2018/01/29 16:31:10		Interface	mFP3lBQG-5wHIjnhyGuas2g5eHyfMDJW	92	18324490333		/api/login/loginmsg	phone=18324490333					/api/login/loginmsg?phone=18324490333	http://localhost:8080/profile	undefined	
2018/01/29 16:31:18		Event	mFP3lBQG-5wHIjnhyGuas2g5eHyfMDJW	92	18324490333		pageView						/proxy/log?name=pageView&type=event&loading=false	http://localhost:8080/profile	undefined	
2018/01/29 16:31:20		Event	mFP3lBQG-5wHIjnhyGuas2g5eHyfMDJW	92	18324490333		pageView						/proxy/log?name=pageView&type=event&loading=false	http://localhost:8080/	undefined	
2018/01/29 16:31:25		Event	mFP3lBQG-5wHIjnhyGuas2g5eHyfMDJW	92	18324490333		pageView						/proxy/log?name=pageView&type=event&loading=false	http://localhost:8080/	undefined	
2018/01/29 16:31:25		Interface	mFP3lBQG-5wHIjnhyGuas2g5eHyfMDJW	92	18324490333		/api/login/loginmsg	phone=18324490333					/api/login/loginmsg?phone=18324490333	http://localhost:8080/profile	undefined	
2018/01/29 16:31:42		Event	mFP3lBQG-5wHIjnhyGuas2g5eHyfMDJW	92	18324490333		pageView						/proxy/log?name=pageView&type=event&loading=false	http://localhost:8080/profile	undefined	
2018/01/29 16:31:43		Event	mFP3lBQG-5wHIjnhyGuas2g5eHyfMDJW	92	18324490333		pageView						/proxy/log?name=pageView&type=event&loading=false	http://localhost:8080/	undefined	
2018/01/29 16:31:57		Event	mFP3lBQG-5wHIjnhyGuas2g5eHyfMDJW	92	18324490333		submit						/proxy/log?name=submit&type=event&loading=false	http://localhost:8080/make/20180122184820	undefined	
2018/01/29 16:31:57		Interface	mFP3lBQG-5wHIjnhyGuas2g5eHyfMDJW	92	18324490333		/api/user/changecard	uid=92&companyName=%E5%BF%AB%E9%A9%B0%E7%A7%91%E6%8A%80&name=%E5%B7%B4%E6%8B%89%E5%B7%B4%E6%8B%89&groupId=20180122184820					/api/user/changecard?uid=92&companyName=%E5%BF%AB%E9%A9%B0%E7%A7%91%E6%8A%80&name=%E5%B7%B4%E6%8B%89%E5%B7%B4%E6%8B%89&groupId=20180122184820	http://localhost:8080/make/20180122184820	undefined	
2018/01/29 16:31:57		Event	mFP3lBQG-5wHIjnhyGuas2g5eHyfMDJW	92	18324490333		pageView						/proxy/log?name=pageView&type=event&loading=false	http://localhost:8080/make/20180122184820	undefined	
2018/01/29 16:35:16		Event	mFP3lBQG-5wHIjnhyGuas2g5eHyfMDJW	92	18324490333		pageView						/proxy/log?name=pageView&type=event&loading=false	http://localhost:8080/make/20180122184820	undefined	
2018/01/29 16:42:56		Event	mFP3lBQG-5wHIjnhyGuas2g5eHyfMDJW	92	18324490333		pageView						/proxy/log?name=pageView&type=event&loading=false	http://localhost:8080/compelete	undefined	
2018/01/29 16:42:57		Interface	mFP3lBQG-5wHIjnhyGuas2g5eHyfMDJW	92	18324490333		/api/login/loginmsg	phone=18324490333&fromType=2					/api/login/loginmsg?phone=18324490333&fromType=2	http://localhost:8080/compelete	undefined	
2018/01/29 16:44:41		Event	mFP3lBQG-5wHIjnhyGuas2g5eHyfMDJW	92	18324490333		pageView						/proxy/log?name=pageView&type=event&loading=false	http://localhost:8080/compelete	undefined	
2018/01/29 16:44:42		Interface	mFP3lBQG-5wHIjnhyGuas2g5eHyfMDJW	92	18324490333		/api/login/loginmsg	phone=18324490333&fromType=2					/api/login/loginmsg?phone=18324490333&fromType=2	http://localhost:8080/compelete	undefined	
2018/01/29 16:44:45		Event	mFP3lBQG-5wHIjnhyGuas2g5eHyfMDJW	92	18324490333		pageView						/proxy/log?name=pageView&type=event&loading=false	http://localhost:8080/compelete	undefined	
2018/01/29 16:44:46		Interface	mFP3lBQG-5wHIjnhyGuas2g5eHyfMDJW	92	18324490333		/api/login/loginmsg	phone=18324490333&fromType=2					/api/login/loginmsg?phone=18324490333&fromType=2	http://localhost:8080/compelete	undefined	
2018/01/29 16:45:59		Interface	mFP3lBQG-5wHIjnhyGuas2g5eHyfMDJW	92	18324490333		/api/login/loginmsg	phone=18324490333&fromType=2					/api/login/loginmsg?phone=18324490333&fromType=2	http://localhost:8080/compelete	undefined	
2018/01/29 16:45:59		Event	mFP3lBQG-5wHIjnhyGuas2g5eHyfMDJW	92	18324490333		pageView						/proxy/log?name=pageView&type=event&loading=false	http://localhost:8080/compelete	undefined	
2018/01/29 16:46:01		Event	mFP3lBQG-5wHIjnhyGuas2g5eHyfMDJW	92	18324490333		pageView						/proxy/log?name=pageView&type=event&loading=false	http://localhost:8080/make/20180122184820	undefined	
2018/01/29 16:46:16		Event	mFP3lBQG-5wHIjnhyGuas2g5eHyfMDJW	92	18324490333		pageView						/proxy/log?name=pageView&type=event&loading=false	http://localhost:8080/	undefined	
2018/01/29 16:46:21		Event	mFP3lBQG-5wHIjnhyGuas2g5eHyfMDJW	92	18324490333		pageView						/proxy/log?name=pageView&type=event&loading=false	http://localhost:8080/compelete	undefined	
2018/01/29 16:46:22		Interface	mFP3lBQG-5wHIjnhyGuas2g5eHyfMDJW	92	18324490333		/api/login/loginmsg	phone=18324490333&fromType=2					/api/login/loginmsg?phone=18324490333&fromType=2	http://localhost:8080/compelete	undefined	
2018/01/29 16:46:22		Event	mFP3lBQG-5wHIjnhyGuas2g5eHyfMDJW	92	18324490333		pageView						/proxy/log?name=pageView&type=event&loading=false	http://localhost:8080/compelete	undefined	
2018/01/29 16:47:26		Event	mFP3lBQG-5wHIjnhyGuas2g5eHyfMDJW	92	18324490333		pageView						/proxy/log?name=pageView&type=event&loading=false	http://localhost:8080/	undefined	
2018/01/29 16:47:28		Event	mFP3lBQG-5wHIjnhyGuas2g5eHyfMDJW	92	18324490333		pageView						/proxy/log?name=pageView&type=event&loading=false	http://localhost:8080/	undefined	
2018/01/29 17:01:03		Event	gJExihCK3Q239M_V3UK5xxUyh6YcrevI				pageView						/proxy/log?name=pageView&type=event&loading=false	http://localhost:8080/	undefined	
2018/01/29 17:01:03		Event	mFP3lBQG-5wHIjnhyGuas2g5eHyfMDJW	92	18324490333		pageView						/proxy/log?name=pageView&type=event&loading=false	http://localhost:8080/	undefined	
2018/01/29 17:01:12		Event	mFP3lBQG-5wHIjnhyGuas2g5eHyfMDJW	92	18324490333		pageView						/proxy/log?name=pageView&type=event&loading=false	http://localhost:8080/	undefined	
2018/01/29 17:01:13		Event	mFP3lBQG-5wHIjnhyGuas2g5eHyfMDJW	92	18324490333		pageView						/proxy/log?name=pageView&type=event&loading=false	http://localhost:8080/	undefined	
2018/01/29 17:01:13		Interface	mFP3lBQG-5wHIjnhyGuas2g5eHyfMDJW	92	18324490333		/api/login/loginmsg	phone=18324490333					/api/login/loginmsg?phone=18324490333	http://localhost:8080/profile	undefined	
2018/01/29 17:01:21		Event	mFP3lBQG-5wHIjnhyGuas2g5eHyfMDJW	92	18324490333		pageView						/proxy/log?name=pageView&type=event&loading=false	http://localhost:8080/compelete	undefined	
2018/01/29 17:01:22		Interface	mFP3lBQG-5wHIjnhyGuas2g5eHyfMDJW	92	18324490333		/api/login/loginmsg	phone=18324490333&fromType=2					/api/login/loginmsg?phone=18324490333&fromType=2	http://localhost:8080/compelete	undefined	
2018/01/29 17:02:21		Interface	mFP3lBQG-5wHIjnhyGuas2g5eHyfMDJW	92	18324490333		/api/login/loginmsg	phone=18324490333&fromType=2					/api/login/loginmsg?phone=18324490333&fromType=2	http://localhost:8080/compelete	undefined	
2018/01/29 17:03:42		Event	mFP3lBQG-5wHIjnhyGuas2g5eHyfMDJW	92	18324490333		pageView						/proxy/log?name=pageView&type=event&loading=false	http://localhost:8080/compelete	undefined	
2018/01/29 17:03:42		Interface	mFP3lBQG-5wHIjnhyGuas2g5eHyfMDJW	92	18324490333		/api/login/loginmsg	phone=18324490333					/api/login/loginmsg?phone=18324490333	http://localhost:8080/profile	undefined	
2018/01/29 17:03:47		Event	mFP3lBQG-5wHIjnhyGuas2g5eHyfMDJW	92	18324490333		pageView						/proxy/log?name=pageView&type=event&loading=false	http://localhost:8080/profile	undefined	
2018/01/29 17:03:48		Interface	mFP3lBQG-5wHIjnhyGuas2g5eHyfMDJW	92	18324490333		/api/login/loginmsg	phone=18324490333					/api/login/loginmsg?phone=18324490333	http://localhost:8080/profile	undefined	
2018/01/29 17:04:58		Event	mFP3lBQG-5wHIjnhyGuas2g5eHyfMDJW	92	18324490333		pageView						/proxy/log?name=pageView&type=event&loading=false	http://localhost:8080/?allShow=true	undefined	
2018/01/29 17:10:59		Event	Z79J35X7XyqpnVzOLHyL4REBqD2ekSNE				pageView						/proxy/log?name=pageView&type=event&loading=false	http://localhost:8080/	undefined	
2018/01/29 17:11:00		Event	mFP3lBQG-5wHIjnhyGuas2g5eHyfMDJW	92	18324490333		pageView						/proxy/log?name=pageView&type=event&loading=false	http://localhost:8080/?allShow=true	undefined	
2018/01/29 17:11:30		Event	mFP3lBQG-5wHIjnhyGuas2g5eHyfMDJW	92	18324490333		pageView						/proxy/log?name=pageView&type=event&loading=false	http://localhost:8080/?allShow=true	undefined	
2018/01/29 17:11:30		Interface	mFP3lBQG-5wHIjnhyGuas2g5eHyfMDJW	92	18324490333		/api/login/loginmsg	phone=18324490333					/api/login/loginmsg?phone=18324490333	http://localhost:8080/profile	undefined	
2018/01/29 17:11:31		Event	mFP3lBQG-5wHIjnhyGuas2g5eHyfMDJW	92	18324490333		pageView						/proxy/log?name=pageView&type=event&loading=false	http://localhost:8080/profile	undefined	
2018/01/29 17:12:37		Event	lgiMyzK0YxoOnYE7v12LA17YUpoPJpQt				pageView						/proxy/log?name=pageView&type=event&loading=false	http://192.168.103.172:8080/	undefined	
2018/01/29 17:12:57		Event	mFP3lBQG-5wHIjnhyGuas2g5eHyfMDJW	92	18324490333		pageView						/proxy/log?name=pageView&type=event&loading=false	http://localhost:8080/pay?repay=true	undefined	
2018/01/29 17:12:57		Event	X2c6eRwDxagx7DWWu5gUgsFig0XxTKWI				pageView						/proxy/log?name=pageView&type=event&loading=false	http://192.168.103.172:8080/	undefined	
2018/01/29 17:13:00		Event	fTK8Uny1lXCSlW99oUhINyhXZND3ie1u				pageView						/proxy/log?name=pageView&type=event&loading=false	http://192.168.103.172:8080/	undefined	
2018/01/29 17:13:00		Event	x5BHPbQtmGlu0ibRmSMO_xxhKIBNvC5a				pageView						/proxy/log?name=pageView&type=event&loading=false	http://192.168.103.172:8080/	undefined	
2018/01/29 17:13:17		Event	IDFo219Yw6aQrMtrQxtHDHyi4zCrGsgt				pageView						/proxy/log?name=pageView&type=event&loading=false	http://192.168.103.172:8080/	undefined	
2018/01/29 17:13:52		Interface	ZLNo2MBtrVSP-tyGNpqi5-pjkl4SB-ct				/api/login/loginmsg	phone=18324490333&fromType=2					/api/login/loginmsg?phone=18324490333&fromType=2	http://192.168.103.172:8080/login	undefined	
2018/01/29 17:13:52		Event	ZLNo2MBtrVSP-tyGNpqi5-pjkl4SB-ct	92	18324490333		pageView						/proxy/log?name=pageView&type=event&loading=false	http://192.168.103.172:8080/	undefined	
2018/01/29 17:13:53		Interface	ZLNo2MBtrVSP-tyGNpqi5-pjkl4SB-ct	92	18324490333		/api/login/loginmsg	phone=18324490333					/api/login/loginmsg?phone=18324490333	http://192.168.103.172:8080/profile	undefined	
2018/01/29 17:13:54		Event	ZLNo2MBtrVSP-tyGNpqi5-pjkl4SB-ct	92	18324490333		pageView						/proxy/log?name=pageView&type=event&loading=false	http://192.168.103.172:8080/	undefined	
2018/01/29 17:14:40		Event	ZLNo2MBtrVSP-tyGNpqi5-pjkl4SB-ct	92	18324490333		repay						/proxy/log?name=repay&type=event&loading=false	http://192.168.103.172:8080/pay?repay=true	undefined	
2018/01/29 17:14:42		Event	ZLNo2MBtrVSP-tyGNpqi5-pjkl4SB-ct	92	18324490333		pageView						/proxy/log?name=pageView&type=event&loading=false	http://192.168.103.172:8080/	undefined	
2018/01/29 17:14:42		Interface	ZLNo2MBtrVSP-tyGNpqi5-pjkl4SB-ct	92	18324490333		/api/login/loginmsg	phone=18324490333					/api/login/loginmsg?phone=18324490333	http://192.168.103.172:8080/profile	undefined	
2018/01/29 17:14:45		Interface	ZLNo2MBtrVSP-tyGNpqi5-pjkl4SB-ct	92	18324490333		/api/order/pay	amount=0.50&busineType=1&month=1&uid=92&payType=1					/api/order/pay?amount=0.50&busineType=1&month=1&uid=92&payType=1	http://192.168.103.172:8080/pay?repay=true	undefined	
2018/01/29 17:14:54		Event	ZLNo2MBtrVSP-tyGNpqi5-pjkl4SB-ct	92	18324490333		pageView						/proxy/log?name=pageView&type=event&loading=false	http://192.168.103.172:8080/	undefined	
2018/01/29 17:15:08		Event	mFP3lBQG-5wHIjnhyGuas2g5eHyfMDJW	92	18324490333		pageView						/proxy/log?name=pageView&type=event&loading=false	http://localhost:8080/profile	undefined	
2018/01/29 17:15:09		Interface	mFP3lBQG-5wHIjnhyGuas2g5eHyfMDJW	92	18324490333		/api/login/loginmsg	phone=18324490333					/api/login/loginmsg?phone=18324490333	http://localhost:8080/profile	undefined	
2018/01/29 17:15:10		Event	mFP3lBQG-5wHIjnhyGuas2g5eHyfMDJW	92	18324490333		pageView						/proxy/log?name=pageView&type=event&loading=false	http://localhost:8080/profile	undefined	
2018/01/29 17:15:11		Event	mFP3lBQG-5wHIjnhyGuas2g5eHyfMDJW	92	18324490333		pageView						/proxy/log?name=pageView&type=event&loading=false	http://localhost:8080/	undefined	
2018/01/29 17:15:44		Event	ZLNo2MBtrVSP-tyGNpqi5-pjkl4SB-ct	92	18324490333		pageView						/proxy/log?name=pageView&type=event&loading=false	http://192.168.103.172:8080/	undefined	
2018/01/29 17:16:20		Event	ZLNo2MBtrVSP-tyGNpqi5-pjkl4SB-ct	92	18324490333		pageView						/proxy/log?name=pageView&type=event&loading=false	http://192.168.103.172:8080/	undefined	
2018/01/29 17:16:22		Event	ZLNo2MBtrVSP-tyGNpqi5-pjkl4SB-ct	92	18324490333		pageView						/proxy/log?name=pageView&type=event&loading=false	http://192.168.103.172:8080/	undefined	
2018/01/29 17:16:22		Interface	ZLNo2MBtrVSP-tyGNpqi5-pjkl4SB-ct	92	18324490333		/api/login/loginmsg	phone=18324490333					/api/login/loginmsg?phone=18324490333	http://192.168.103.172:8080/profile	undefined	
2018/01/29 17:16:24		Event	ZLNo2MBtrVSP-tyGNpqi5-pjkl4SB-ct	92	18324490333		pageView						/proxy/log?name=pageView&type=event&loading=false	http://192.168.103.172:8080/	undefined	
2018/01/29 17:16:27		Event	ZLNo2MBtrVSP-tyGNpqi5-pjkl4SB-ct	92	18324490333		pageView						/proxy/log?name=pageView&type=event&loading=false	http://192.168.103.172:8080/	undefined	
2018/01/29 17:16:30		Event	ZLNo2MBtrVSP-tyGNpqi5-pjkl4SB-ct	92	18324490333		pageView						/proxy/log?name=pageView&type=event&loading=false	http://192.168.103.172:8080/	undefined	
2018/01/29 17:16:31		Event	ZLNo2MBtrVSP-tyGNpqi5-pjkl4SB-ct	92	18324490333		pageView						/proxy/log?name=pageView&type=event&loading=false	http://192.168.103.172:8080/	undefined	
2018/01/29 17:16:31		Interface	ZLNo2MBtrVSP-tyGNpqi5-pjkl4SB-ct	92	18324490333		/api/login/loginmsg	phone=18324490333					/api/login/loginmsg?phone=18324490333	http://192.168.103.172:8080/profile	undefined	
