2018/02/01 10:25:08		Event	Cue79G7oa14wXeuSxGsjrN3dFKrKtYOl				pageView						/proxy/log?name=pageView&type=event&loading=false	http://localhost:8080/	undefined	
2018/02/01 10:25:11		Event	4ffcivh6NtgNSNrbnZucWp51rzCaGNch				pageView						/proxy/log?name=pageView&type=event&loading=false	http://localhost:8080/	undefined	
2018/02/01 10:25:15		Event	-sdlnHClCNI4I-8m4OO_my2Xpoyaq01c				viewAll						/proxy/log?name=viewAll&type=event&loading=false	http://localhost:8080/	undefined	
2018/02/01 10:26:05		Event	S3XitjMsr45c-4cVmTgH8vOvVdD01kV7				pageView						/proxy/log?name=pageView&type=event&loading=false	http://localhost:8080/	undefined	
2018/02/01 10:26:07		Event	tRYsYAjvGGC-8yof-yiqcvQotDleovY6				viewAll						/proxy/log?name=viewAll&type=event&loading=false	http://localhost:8080/	undefined	
2018/02/01 10:26:18		Event	dypa1xGGMOPKKWBl0EzfXgKHx2KaWM1H				pageView						/proxy/log?name=pageView&type=event&loading=false	http://localhost:8080/	undefined	
2018/02/01 10:26:18		Event	yltbGHguG0uLC8UfnfAeU5VcUcUuruCt				pageView						/proxy/log?name=pageView&type=event&loading=false	http://localhost:8080/	undefined	
2018/02/01 10:26:49		Interface	JX2bwXvsie-xaRudx0sNaorDg-fqRa6l				/api/login/loginmsg	phone=18324490333&fromType=2					/api/login/loginmsg?phone=18324490333&fromType=2	http://localhost:8080/login	undefined	
2018/02/01 10:26:49		Event	JX2bwXvsie-xaRudx0sNaorDg-fqRa6l	97	18324490333		pageView						/proxy/log?name=pageView&type=event&loading=false	http://localhost:8080/login	undefined	
2018/02/01 10:26:49		Interface	JX2bwXvsie-xaRudx0sNaorDg-fqRa6l	97	18324490333		/api/login/loginmsg	phone=18324490333					/api/login/loginmsg?phone=18324490333	http://localhost:8080/profile	undefined	
2018/02/01 10:29:30		Event	JX2bwXvsie-xaRudx0sNaorDg-fqRa6l	97	18324490333		pageView						/proxy/log?name=pageView&type=event&loading=false	http://localhost:8080/profile	undefined	
2018/02/01 10:29:45		Event	JX2bwXvsie-xaRudx0sNaorDg-fqRa6l	97	18324490333		viewAll						/proxy/log?name=viewAll&type=event&loading=false	http://localhost:8080/	undefined	
2018/02/01 10:34:41		Event	JX2bwXvsie-xaRudx0sNaorDg-fqRa6l	97	18324490333		pageView						/proxy/log?name=pageView&type=event&loading=false	http://localhost:8080/	undefined	
2018/02/01 10:34:41		Interface	JX2bwXvsie-xaRudx0sNaorDg-fqRa6l	97	18324490333		/api/login/loginmsg	phone=18324490333					/api/login/loginmsg?phone=18324490333	http://localhost:8080/profile	undefined	
2018/02/01 10:34:44		Event	JX2bwXvsie-xaRudx0sNaorDg-fqRa6l	97	18324490333		pageView						/proxy/log?name=pageView&type=event&loading=false	http://localhost:8080/profile	undefined	
2018/02/01 10:35:03		Event	JX2bwXvsie-xaRudx0sNaorDg-fqRa6l	97	18324490333		pageView						/proxy/log?name=pageView&type=event&loading=false	http://localhost:8080/	undefined	
2018/02/01 10:35:03		Interface	JX2bwXvsie-xaRudx0sNaorDg-fqRa6l	97	18324490333		/api/login/loginmsg	phone=18324490333					/api/login/loginmsg?phone=18324490333	http://localhost:8080/profile	undefined	
2018/02/01 10:39:01		Event	JX2bwXvsie-xaRudx0sNaorDg-fqRa6l	97	18324490333		pageView						/proxy/log?name=pageView&type=event&loading=false	http://localhost:8080/profile	undefined	
2018/02/01 10:39:03		Event	JX2bwXvsie-xaRudx0sNaorDg-fqRa6l	97	18324490333		pageView						/proxy/log?name=pageView&type=event&loading=false	http://localhost:8080/	undefined	
2018/02/01 10:39:03		Interface	JX2bwXvsie-xaRudx0sNaorDg-fqRa6l	97	18324490333		/api/login/loginmsg	phone=18324490333					/api/login/loginmsg?phone=18324490333	http://localhost:8080/profile	undefined	
2018/02/01 10:53:25		Event	JX2bwXvsie-xaRudx0sNaorDg-fqRa6l	97	18324490333		pageView						/proxy/log?name=pageView&type=event&loading=false	http://localhost:8080/profile	undefined	
2018/02/01 10:53:45		Event	JX2bwXvsie-xaRudx0sNaorDg-fqRa6l	97	18324490333		viewAll						/proxy/log?name=viewAll&type=event&loading=false	http://localhost:8080/	undefined	
2018/02/01 10:54:18		Event	JX2bwXvsie-xaRudx0sNaorDg-fqRa6l	97	18324490333		pageView						/proxy/log?name=pageView&type=event&loading=false	http://localhost:8080/	undefined	
2018/02/01 10:54:26		Event	JX2bwXvsie-xaRudx0sNaorDg-fqRa6l	97	18324490333		pageView						/proxy/log?name=pageView&type=event&loading=false	http://localhost:8080/	undefined	
2018/02/01 10:54:27		Event	JX2bwXvsie-xaRudx0sNaorDg-fqRa6l	97	18324490333		pageView						/proxy/log?name=pageView&type=event&loading=false	http://localhost:8080/	undefined	
2018/02/01 10:54:28		Interface	JX2bwXvsie-xaRudx0sNaorDg-fqRa6l	97	18324490333		/api/login/loginmsg	phone=18324490333					/api/login/loginmsg?phone=18324490333	http://localhost:8080/profile	undefined	
2018/02/01 10:54:29		Event	JX2bwXvsie-xaRudx0sNaorDg-fqRa6l	97	18324490333		pageView						/proxy/log?name=pageView&type=event&loading=false	http://localhost:8080/profile	undefined	
2018/02/01 10:54:35		Event	JX2bwXvsie-xaRudx0sNaorDg-fqRa6l	97	18324490333		viewAll						/proxy/log?name=viewAll&type=event&loading=false	http://localhost:8080/	undefined	
2018/02/01 10:54:41		Event	JX2bwXvsie-xaRudx0sNaorDg-fqRa6l	97	18324490333		pageView						/proxy/log?name=pageView&type=event&loading=false	http://localhost:8080/	undefined	
2018/02/01 10:54:41		Interface	JX2bwXvsie-xaRudx0sNaorDg-fqRa6l	97	18324490333		/api/login/loginmsg	phone=18324490333					/api/login/loginmsg?phone=18324490333	http://localhost:8080/profile	undefined	
2018/02/01 10:54:43		Event	JX2bwXvsie-xaRudx0sNaorDg-fqRa6l	97	18324490333		pageView						/proxy/log?name=pageView&type=event&loading=false	http://localhost:8080/profile	undefined	
2018/02/01 10:54:50		Event	JX2bwXvsie-xaRudx0sNaorDg-fqRa6l	97	18324490333		pageView						/proxy/log?name=pageView&type=event&loading=false	http://localhost:8080/	undefined	
2018/02/01 10:54:50		Interface	JX2bwXvsie-xaRudx0sNaorDg-fqRa6l	97	18324490333		/api/login/loginmsg	phone=18324490333					/api/login/loginmsg?phone=18324490333	http://localhost:8080/profile	undefined	
2018/02/01 10:54:54		Event	JX2bwXvsie-xaRudx0sNaorDg-fqRa6l	97	18324490333		pageView						/proxy/log?name=pageView&type=event&loading=false	http://localhost:8080/profile	undefined	
2018/02/01 10:55:07		Event	JX2bwXvsie-xaRudx0sNaorDg-fqRa6l	97	18324490333		pageView						/proxy/log?name=pageView&type=event&loading=false	http://localhost:8080/	undefined	
2018/02/01 10:55:09		Event	JX2bwXvsie-xaRudx0sNaorDg-fqRa6l	97	18324490333		pageView						/proxy/log?name=pageView&type=event&loading=false	http://localhost:8080/	undefined	
2018/02/01 10:55:10		Event	JX2bwXvsie-xaRudx0sNaorDg-fqRa6l	97	18324490333		pageView						/proxy/log?name=pageView&type=event&loading=false	http://localhost:8080/	undefined	
2018/02/01 10:55:10		Interface	JX2bwXvsie-xaRudx0sNaorDg-fqRa6l	97	18324490333		/api/login/loginmsg	phone=18324490333					/api/login/loginmsg?phone=18324490333	http://localhost:8080/profile	undefined	
2018/02/01 10:55:26		Event	JX2bwXvsie-xaRudx0sNaorDg-fqRa6l	97	18324490333		pageView						/proxy/log?name=pageView&type=event&loading=false	http://localhost:8080/profile	undefined	
2018/02/01 10:55:26		Interface	JX2bwXvsie-xaRudx0sNaorDg-fqRa6l	97	18324490333		/api/login/loginmsg	phone=18324490333					/api/login/loginmsg?phone=18324490333	http://localhost:8080/profile	undefined	
2018/02/01 10:55:39		Event	JX2bwXvsie-xaRudx0sNaorDg-fqRa6l	97	18324490333		pageView						/proxy/log?name=pageView&type=event&loading=false	http://localhost:8080/profile	undefined	
2018/02/01 10:55:39		Interface	JX2bwXvsie-xaRudx0sNaorDg-fqRa6l	97	18324490333		/api/login/loginmsg	phone=18324490333					/api/login/loginmsg?phone=18324490333	http://localhost:8080/profile	undefined	
2018/02/01 10:55:41		Event	JX2bwXvsie-xaRudx0sNaorDg-fqRa6l	97	18324490333		pageView						/proxy/log?name=pageView&type=event&loading=false	http://localhost:8080/profile	undefined	
2018/02/01 11:40:51		Event	bzxHMdNnlm3yXIxLPXvuBimB8IqvL4uc				pageView						/proxy/log?name=pageView&type=event&loading=false	http://localhost:8080/	undefined	
2018/02/01 11:40:52		Event	Y3hp1F2DNX_66aCnBtaM5RK7SallJiLa				pageView						/proxy/log?name=pageView&type=event&loading=false	http://localhost:8080/?allShow=true	undefined	
2018/02/01 11:41:04		Event	B_O8s0GHW-MprUYARJGqYL_1bR4jFE52				pageView						/proxy/log?name=pageView&type=event&loading=false	http://localhost:8080/?allShow=true	undefined	
2018/02/01 13:37:17		Event	aCohgpXMiL7kSKkSmdXzOkYQqQ0kmTM4				pageView						/proxy/log?name=pageView&type=event&loading=false	http://localhost:8080/?allShow=true	undefined	
2018/02/01 13:37:24		Event	U-pyLPMdS0QZgQCYcKhQqlGjD_fpdjzO				pageView						/proxy/log?name=pageView&type=event&loading=false	http://localhost:8080/?allShow=true	undefined	
2018/02/01 13:37:29		Event	OiwLvt_PdhURun7CJw_qrJYC5P85WC-x				viewAll						/proxy/log?name=viewAll&type=event&loading=false	http://localhost:8080/?allShow=true	undefined	
2018/02/01 13:37:32		Event	M4cd0pT8pNZ9XAjoRYOhZ6iV7HC_rRe0				pageView						/proxy/log?name=pageView&type=event&loading=false	http://localhost:8080/?allShow=true	undefined	
2018/02/01 13:37:32		Event	V9IWWpYSS424TZCd3dDp_w26pFJvR2fO				pageView						/proxy/log?name=pageView&type=event&loading=false	http://localhost:8080/?allShow=true	undefined	
2018/02/01 14:16:02		Visit	nDKQeU65HY3omhDcScFrPZvK2tZ0hSGU										/?		undefined	Mozilla/5.0 (Windows NT 6.2; WOW64) AppleWebKit/538.1 (KHTML, like Gecko) PhantomJS/2.1.1 Safari/538.1
