2018/01/22 14:25:04		Event	jKmGZVgaC7ZxURkoB43ydxYCvIR1VsCR				pageView						/proxy/log?name=pageView&type=event&loading=false	http://localhost:8080/	undefined	
2018/01/22 14:36:20		Event	UrHyB7mHfm6ScccFerS1sCpbEAQ_vS20				pageView						/proxy/log?name=pageView&type=event&loading=false	http://localhost:8080/	undefined	
2018/01/22 14:37:15		Event	E0JqBPd_XfTPe1uUJg0VxXbF0KHOKVO7				pageView						/proxy/log?name=pageView&type=event&loading=false	http://localhost:8080/	undefined	
2018/01/22 14:37:40		Event	o2bpZrb9SUHLP0Z1K6ulbYZouWx95Nqi				pageView						/proxy/log?name=pageView&type=event&loading=false	http://localhost:8080/	undefined	
2018/01/22 14:37:44		Event	L0HPDMHp30Jcon74P5Ym-0nDaOTythPT				pageView						/proxy/log?name=pageView&type=event&loading=false	http://localhost:8080/	undefined	
2018/01/22 14:37:44		Event	eVI1rHiMuKhBbtast1sS7fjCeaDlno9s				pageView						/proxy/log?name=pageView&type=event&loading=false	http://localhost:8080/	undefined	
2018/01/22 14:38:17		Event	bwJ-RMa9qljYuatbXN1uoIPHbw9nz2AY				pageView						/proxy/log?name=pageView&type=event&loading=false	http://localhost:8080/	undefined	
2018/01/22 14:38:18		Event	hPpC_TOBSAnFkmrvwFKdX4CYpUERwlq5				pageView						/proxy/log?name=pageView&type=event&loading=false	http://localhost:8080/	undefined	
2018/01/22 14:38:41		Event	fYIGrD64kZEOWr3_SYO_m1AQK4_1o2Bl				pageView						/proxy/log?name=pageView&type=event&loading=false	http://localhost:8080/modules	undefined	
2018/01/22 14:55:14		Event	iXVL28eyohVTRcQZpHjHTb3QCA6B7XmT				pageView						/proxy/log?name=pageView&type=event&loading=false	http://localhost:8080/modules	undefined	
2018/01/22 14:56:02		Error	SiFvtoNJGPGawqleDbk0r1THUGV1CB7b				/api/template/gettemplate						/api/template/gettemplate?	http://localhost:8080/modules	undefined	
2018/01/22 14:58:40		Event	x8K14M0JOB4Oq3-8A5T21l_GHpaWn6WR				pageView						/proxy/log?name=pageView&type=event&loading=false	http://localhost:8080/modules	undefined	
2018/01/22 14:58:40		Error	ynV8hn-Qi2uJ-ZOMq46Ke2h2--_Yi_jC				/api/template/gettemplate						/api/template/gettemplate?	http://localhost:8080/modules	undefined	
2018/01/22 15:03:18		Visit	YsBCBnSEeYgjNjla6daMbRvT863wlLgA										/?		undefined	Mozilla/5.0 (Windows NT 10.0; Win64; x64) AppleWebKit/537.36 (KHTML, like Gecko) Chrome/63.0.3239.132 Safari/537.36
2018/01/22 15:03:25		Event	YsBCBnSEeYgjNjla6daMbRvT863wlLgA				pageView						/proxy/log?name=pageView&type=event&loading=false	http://localhost:3008/	undefined	
2018/01/22 15:03:27		Event	YsBCBnSEeYgjNjla6daMbRvT863wlLgA				pageView						/proxy/log?name=pageView&type=event&loading=false	http://localhost:3008/	undefined	
2018/01/22 15:07:39		Event	YsBCBnSEeYgjNjla6daMbRvT863wlLgA				pageView						/proxy/log?name=pageView&type=event&loading=false	http://localhost:8080/modules	undefined	
2018/01/22 15:07:39		Error	YsBCBnSEeYgjNjla6daMbRvT863wlLgA				/api/template/getTemplate						/api/template/getTemplate?	http://localhost:8080/modules	undefined	
2018/01/22 15:07:54		Error	YsBCBnSEeYgjNjla6daMbRvT863wlLgA				/api/template/gettemplate						/api/template/gettemplate?	http://localhost:8080/modules	undefined	
2018/01/22 15:15:06		Error	YsBCBnSEeYgjNjla6daMbRvT863wlLgA				/api/template/getTemplate						/api/template/getTemplate?	http://localhost:8080/modules	undefined	
2018/01/22 15:17:46		Event	YsBCBnSEeYgjNjla6daMbRvT863wlLgA				pageView						/proxy/log?name=pageView&type=event&loading=false	http://localhost:8080/modules	undefined	
2018/01/22 15:17:46		Error	YsBCBnSEeYgjNjla6daMbRvT863wlLgA				/api/template/getTemplate						/api/template/getTemplate?	http://localhost:8080/modules	undefined	
2018/01/22 15:19:59		Event	YsBCBnSEeYgjNjla6daMbRvT863wlLgA				pageView						/proxy/log?name=pageView&type=event&loading=false	http://localhost:8080/modules	undefined	
2018/01/22 15:19:59		Event	4n7FlkA7TmCFeiv3dqFPpT_iLqTzcV8p				pageView						/proxy/log?name=pageView&type=event&loading=false	http://localhost:8080/	undefined	
2018/01/22 15:19:59		Error	YsBCBnSEeYgjNjla6daMbRvT863wlLgA				/api/template/getTemplate						/api/template/getTemplate?	http://localhost:8080/modules	undefined	
2018/01/22 15:20:17		Event	YsBCBnSEeYgjNjla6daMbRvT863wlLgA				pageView						/proxy/log?name=pageView&type=event&loading=false	http://localhost:8080/modules	undefined	
2018/01/22 15:20:17		Error	YsBCBnSEeYgjNjla6daMbRvT863wlLgA				/api/template/getTemplate						/api/template/getTemplate?	http://localhost:8080/modules	undefined	
2018/01/22 15:20:49		Event	YsBCBnSEeYgjNjla6daMbRvT863wlLgA				pageView						/proxy/log?name=pageView&type=event&loading=false	http://localhost:8080/modules	undefined	
2018/01/22 15:20:49		Error	YsBCBnSEeYgjNjla6daMbRvT863wlLgA				/api/template/getTemplate						/api/template/getTemplate?	http://localhost:8080/modules	undefined	
2018/01/22 15:22:16		Event	YsBCBnSEeYgjNjla6daMbRvT863wlLgA				pageView						/proxy/log?name=pageView&type=event&loading=false	http://localhost:8080/modules	undefined	
2018/01/22 15:22:16		Error	YsBCBnSEeYgjNjla6daMbRvT863wlLgA				/api/template/getTemplate						/api/template/getTemplate?	http://localhost:8080/modules	undefined	
2018/01/22 15:22:43		Event	YsBCBnSEeYgjNjla6daMbRvT863wlLgA				pageView						/proxy/log?name=pageView&type=event&loading=false	http://localhost:8080/modules	undefined	
2018/01/22 15:22:43		Error	YsBCBnSEeYgjNjla6daMbRvT863wlLgA				/api/template/getTemplate						/api/template/getTemplate?	http://localhost:8080/modules	undefined	
2018/01/22 15:24:14		Event	YsBCBnSEeYgjNjla6daMbRvT863wlLgA				pageView						/proxy/log?name=pageView&type=event&loading=false	http://localhost:3008/	undefined	
2018/01/22 15:24:16		Event	YsBCBnSEeYgjNjla6daMbRvT863wlLgA				pageView						/proxy/log?name=pageView&type=event&loading=false	http://localhost:3008/	undefined	
2018/01/22 15:24:26		Error	YsBCBnSEeYgjNjla6daMbRvT863wlLgA				/api/template/getTemplate		{"code":"ETIMEDOUT","connect":true}				/api/template/getTemplate?	http://localhost:3008/modules	undefined	
2018/01/22 15:25:07		Event	YsBCBnSEeYgjNjla6daMbRvT863wlLgA				pageView						/proxy/log?name=pageView&type=event&loading=false	http://localhost:3008/modules	undefined	
2018/01/22 15:25:17		Error	YsBCBnSEeYgjNjla6daMbRvT863wlLgA				/api/template/getTemplate		{"code":"ETIMEDOUT","connect":true}				/api/template/getTemplate?	http://localhost:3008/modules	undefined	
2018/01/22 15:25:46		Event	YsBCBnSEeYgjNjla6daMbRvT863wlLgA				pageView						/proxy/log?name=pageView&type=event&loading=false	http://localhost:3008/modules	undefined	
2018/01/22 15:25:56		Error	YsBCBnSEeYgjNjla6daMbRvT863wlLgA				/api/template/getTemplate		{"code":"ETIMEDOUT","connect":true}				/api/template/getTemplate?	http://localhost:3008/modules	undefined	
2018/01/22 15:26:31		Event	YsBCBnSEeYgjNjla6daMbRvT863wlLgA				pageView						/proxy/log?name=pageView&type=event&loading=false	http://localhost:3008/modules	undefined	
2018/01/22 15:26:41		Error	YsBCBnSEeYgjNjla6daMbRvT863wlLgA				/api/template/getTemplate		{"code":"ETIMEDOUT","connect":true}				/api/template/getTemplate?	http://localhost:3008/modules	undefined	
2018/01/22 15:27:28		Event	YsBCBnSEeYgjNjla6daMbRvT863wlLgA				pageView						/proxy/log?name=pageView&type=event&loading=false	http://localhost:3008/modules	undefined	
2018/01/22 15:27:33		Event	YsBCBnSEeYgjNjla6daMbRvT863wlLgA				pageView						/proxy/log?name=pageView&type=event&loading=false	http://localhost:8080/modules	undefined	
2018/01/22 15:27:38		Error	YsBCBnSEeYgjNjla6daMbRvT863wlLgA				/api/template/getTemplate		{"code":"ETIMEDOUT","connect":true}				/api/template/getTemplate?	http://localhost:3008/modules	undefined	
2018/01/22 15:38:01		Event	YsBCBnSEeYgjNjla6daMbRvT863wlLgA				pageView						/proxy/log?name=pageView&type=event&loading=false	http://localhost:8080/modules	undefined	
2018/01/22 15:38:03		Event	YsBCBnSEeYgjNjla6daMbRvT863wlLgA				pageView						/proxy/log?name=pageView&type=event&loading=false	http://localhost:8080/modules	undefined	
2018/01/22 15:41:48		Event	YsBCBnSEeYgjNjla6daMbRvT863wlLgA				pageView						/proxy/log?name=pageView&type=event&loading=false	http://localhost:8080/modules	undefined	
2018/01/22 15:46:25		Event	YsBCBnSEeYgjNjla6daMbRvT863wlLgA				pageView						/proxy/log?name=pageView&type=event&loading=false	http://localhost:8080/modules	undefined	
2018/01/22 15:49:42		Event	YsBCBnSEeYgjNjla6daMbRvT863wlLgA				pageView						/proxy/log?name=pageView&type=event&loading=false	http://localhost:8080/	undefined	
2018/01/22 15:50:10		Event	YsBCBnSEeYgjNjla6daMbRvT863wlLgA				pageView						/proxy/log?name=pageView&type=event&loading=false	http://localhost:8080/	undefined	
2018/01/22 15:50:10		Event	YsBCBnSEeYgjNjla6daMbRvT863wlLgA				pageView						/proxy/log?name=pageView&type=event&loading=false	http://localhost:8080/	undefined	
2018/01/22 15:50:12		Event	YsBCBnSEeYgjNjla6daMbRvT863wlLgA				pageView						/proxy/log?name=pageView&type=event&loading=false	http://localhost:8080/	undefined	
2018/01/22 15:50:53		Event	YsBCBnSEeYgjNjla6daMbRvT863wlLgA				pageView						/proxy/log?name=pageView&type=event&loading=false	http://localhost:8080/	undefined	
2018/01/22 15:50:55		Event	YsBCBnSEeYgjNjla6daMbRvT863wlLgA				pageView						/proxy/log?name=pageView&type=event&loading=false	http://localhost:8080/	undefined	
2018/01/22 15:50:57		Event	YsBCBnSEeYgjNjla6daMbRvT863wlLgA				pageView						/proxy/log?name=pageView&type=event&loading=false	http://localhost:8080/	undefined	
2018/01/22 15:50:57		Event	YsBCBnSEeYgjNjla6daMbRvT863wlLgA				pageView						/proxy/log?name=pageView&type=event&loading=false	http://localhost:8080/	undefined	
2018/01/22 15:50:59		Event	YsBCBnSEeYgjNjla6daMbRvT863wlLgA				pageView						/proxy/log?name=pageView&type=event&loading=false	http://localhost:8080/	undefined	
2018/01/22 15:51:56		Event	YsBCBnSEeYgjNjla6daMbRvT863wlLgA				pageView						/proxy/log?name=pageView&type=event&loading=false	http://localhost:8080/	undefined	
2018/01/22 15:51:57		Event	YsBCBnSEeYgjNjla6daMbRvT863wlLgA				pageView						/proxy/log?name=pageView&type=event&loading=false	http://localhost:8080/	undefined	
2018/01/22 15:53:24		Event	YsBCBnSEeYgjNjla6daMbRvT863wlLgA				pageView						/proxy/log?name=pageView&type=event&loading=false	http://localhost:8080/	undefined	
2018/01/22 17:07:36		Event	OLQVhtATUnkevmyz-tj2dFkI0P6U-VRn				pageView						/proxy/log?name=pageView&type=event&loading=false	http://localhost:8080/	undefined	
2018/01/22 17:11:52		Event	lF5Q1FsKhRnBoIdTfZB_Mj8khZbL-3L8				pageView						/proxy/log?name=pageView&type=event&loading=false	http://localhost:8080/	undefined	
2018/01/22 17:13:25		Event	IgYAgPlOs21FqY0d8pg4BSfoHf3ihUrL				pageView						/proxy/log?name=pageView&type=event&loading=false	http://localhost:8080/	undefined	
2018/01/22 17:13:27		Event	GxF8EjQJNU0Md00kW6zYUCzu7XUyPNcN				pageView						/proxy/log?name=pageView&type=event&loading=false	http://localhost:8080/	undefined	
2018/01/22 17:17:10		Event	6nYCH32VTPGqP7fcD54wgdhXG_J1evld				pageView						/proxy/log?name=pageView&type=event&loading=false	http://localhost:8080/	undefined	
2018/01/22 17:19:30		Event	Lbo_vRwOEzke_ujnvxC8a816LIx33Tgg				pageView						/proxy/log?name=pageView&type=event&loading=false	http://192.168.103.172:8080/	undefined	
2018/01/22 18:13:43		Event	q5zHmpTVbUSgZaW5k842KaRV-CgHXRGG				pageView						/proxy/log?name=pageView&type=event&loading=false	http://localhost:8080/	undefined	
2018/01/22 18:18:09		Event	AzTvK1fYyCA3hxfHBxxSODn92jQbc6Mb				pageView						/proxy/log?name=pageView&type=event&loading=false	http://localhost:8080/	undefined	
2018/01/22 18:30:40		Event	QOpkRZ9YE-zbOXWxtGmYCJ9PYq2Jh8tK				pageView						/proxy/log?name=pageView&type=event&loading=false	http://192.168.103.172:8080/	undefined	
2018/01/22 18:35:41		Event	B7SFPx4AhxqiPXi6R75XKYX5bIXg8aRF				pageView						/proxy/log?name=pageView&type=event&loading=false	http://localhost:8080/	undefined	
2018/01/22 18:45:59		Event	DWRggynIrwu2lmdbahRlCSDutibOtJ6S				pageView						/proxy/log?name=pageView&type=event&loading=false	http://localhost:8080/	undefined	
2018/01/22 18:54:54		Event	yaoZ477fbtDgYlp406npq-VzskrNcs9s				pageView						/proxy/log?name=pageView&type=event&loading=false	http://192.168.103.172:8080/	undefined	
2018/01/22 18:54:55		Event	971Mlov0ONI4Z49TNdYqD2legXXUDwvz				pageView						/proxy/log?name=pageView&type=event&loading=false	http://192.168.103.172:8080/	undefined	
2018/01/22 18:55:05		Event	J8KB_-8PW0hocojtv2_bOwoFEKJYWY2d				pageView						/proxy/log?name=pageView&type=event&loading=false	http://localhost:8080/	undefined	
2018/01/22 18:59:39		Event	OhpDPjYTd_71vfKS_7CUHabv1noTuNiF				pageView						/proxy/log?name=pageView&type=event&loading=false	http://localhost:8080/	undefined	
2018/01/22 19:00:39		Event	rDdcDTchU2DCciSdcet_llxrf4AdPjWk				pageView						/proxy/log?name=pageView&type=event&loading=false	http://localhost:8080/	undefined	
2018/01/22 19:00:45		Event	tQfpb76NvClMs6PEWaRkQTVKzp-1k2_Q				pageView						/proxy/log?name=pageView&type=event&loading=false	http://localhost:8080/	undefined	
2018/01/22 19:02:40		Event	LjHKOknMmRT8-QrstS0QHKn--3sgvAQW				pageView						/proxy/log?name=pageView&type=event&loading=false	http://192.168.103.172:8080/	undefined	
2018/01/22 19:02:43		Event	8roOvM_zvbQzKxy_13dt1Io-VRlOIi1r				pageView						/proxy/log?name=pageView&type=event&loading=false	http://192.168.103.172:8080/	undefined	
2018/01/22 19:03:35		Event	ZeKweqc9GajsK_ym8sBOmJPpJ3UGIDvk				pageView						/proxy/log?name=pageView&type=event&loading=false	http://localhost:8080/	undefined	
2018/01/22 19:06:20		Event	QOanENvQvM4MvGtiCryytxkctTOksFDV				pageView						/proxy/log?name=pageView&type=event&loading=false	http://localhost:8080/modules/20180122185000	undefined	
2018/01/22 19:08:03		Event	xdv5qBaOyIJO3ebWbTKibnsBVDIzbc67				pageView						/proxy/log?name=pageView&type=event&loading=false	http://localhost:8080/modules/20180122185000	undefined	
2018/01/22 19:10:10		Event	-g9lpUAsJEr8YadNGVK_3MxvOQ4I_tH_				pageView						/proxy/log?name=pageView&type=event&loading=false	http://localhost:8080/modules/20180122185000	undefined	
2018/01/22 19:12:26		Event	cTAuI1GWMVAnHKl-dlq-UmDuy3si1OcF				pageView						/proxy/log?name=pageView&type=event&loading=false	http://localhost:8080/modules/20180122185000	undefined	
2018/01/22 19:12:31		Event	bWpSamSxjIS4VEy_qzplD4skNAuyJaEw				pageView						/proxy/log?name=pageView&type=event&loading=false	http://localhost:8080/	undefined	
2018/01/22 19:12:32		Event	eoX4CuzuFrEacWMVDa9vVatBnAMods2w				pageView						/proxy/log?name=pageView&type=event&loading=false	http://localhost:8080/	undefined	
2018/01/22 19:12:59		Event	Nirkx26swQWigr182kGaakKaxGnqhHb4				pageView						/proxy/log?name=pageView&type=event&loading=false	http://localhost:8080/	undefined	
2018/01/22 19:13:01		Event	cr69fvJ0qcy2kNeDyuEAEYpxyIyb-rZc				pageView						/proxy/log?name=pageView&type=event&loading=false	http://localhost:8080/	undefined	
2018/01/22 19:13:03		Event	IDMXNwjly4DDYPsvYgQlc77xL_sO7kh6				pageView						/proxy/log?name=pageView&type=event&loading=false	http://localhost:8080/	undefined	
2018/01/22 19:13:05		Event	3nnblRjmTLjDkAtX9YCw0ZuMVMUYezqN				pageView						/proxy/log?name=pageView&type=event&loading=false	http://localhost:8080/	undefined	
2018/01/22 19:13:06		Event	nfkPUO32QQ6FCWfaasVaM-DJHwa3b5f5				pageView						/proxy/log?name=pageView&type=event&loading=false	http://localhost:8080/	undefined	
2018/01/22 19:13:08		Event	fUB5YjyQhLjrarePSJd6qHp6X6TreSQE				pageView						/proxy/log?name=pageView&type=event&loading=false	http://localhost:8080/	undefined	
2018/01/22 19:13:09		Event	pm_Obm7cW3rPM5lMSB-WU1ynohiVPcqM				pageView						/proxy/log?name=pageView&type=event&loading=false	http://localhost:8080/	undefined	
