2018/01/31 10:09:26		Event	-pdr3naljgkWyXnRlGDZr6IzGsUAZvv5				pageView						/proxy/log?name=pageView&type=event&loading=false	http://localhost:8080/	undefined	
2018/01/31 10:09:29		Event	GU5NsUOLqMMV4WnYhLc9qPwVIx07ES5R				pageView						/proxy/log?name=pageView&type=event&loading=false	http://localhost:8080/	undefined	
2018/01/31 10:09:30		Event	VkWGG1TuS8kbM-Pjz3LoCoGQ5NyWKP2z				pageView						/proxy/log?name=pageView&type=event&loading=false	http://localhost:8080/	undefined	
2018/01/31 10:09:30		Event	EOMOPgy_EOZgZLmt3c_LGnP5lIThYWsv				pageView						/proxy/log?name=pageView&type=event&loading=false	http://localhost:8080/	undefined	
2018/01/31 10:10:08		Interface	xKrS7dZVNvJBodZeK8mEIIIWJakXXPk6				/api/login/loginmsg	phone=18324490333&fromType=2					/api/login/loginmsg?phone=18324490333&fromType=2	http://localhost:8080/login	undefined	
2018/01/31 10:10:08		Event	xKrS7dZVNvJBodZeK8mEIIIWJakXXPk6	97	18324490333		pageView						/proxy/log?name=pageView&type=event&loading=false	http://localhost:8080/login	undefined	
2018/01/31 10:10:08		Interface	xKrS7dZVNvJBodZeK8mEIIIWJakXXPk6	97	18324490333		/api/login/loginmsg	phone=18324490333					/api/login/loginmsg?phone=18324490333	http://localhost:8080/profile	undefined	
2018/01/31 10:26:54		Event	xKrS7dZVNvJBodZeK8mEIIIWJakXXPk6	97	18324490333		pageView						/proxy/log?name=pageView&type=event&loading=false	http://localhost:8080/profile	undefined	
2018/01/31 10:26:55		Interface	xKrS7dZVNvJBodZeK8mEIIIWJakXXPk6	97	18324490333		/api/login/loginmsg	phone=18324490333					/api/login/loginmsg?phone=18324490333	http://localhost:8080/profile	undefined	
2018/01/31 10:29:11		Event	xKrS7dZVNvJBodZeK8mEIIIWJakXXPk6	97	18324490333		pageView						/proxy/log?name=pageView&type=event&loading=false	http://localhost:8080/profile	undefined	
2018/01/31 10:29:12		Interface	xKrS7dZVNvJBodZeK8mEIIIWJakXXPk6	97	18324490333		/api/login/loginmsg	phone=18324490333					/api/login/loginmsg?phone=18324490333	http://localhost:8080/profile	undefined	
2018/01/31 10:33:49		Event	xKrS7dZVNvJBodZeK8mEIIIWJakXXPk6	97	18324490333		pageView						/proxy/log?name=pageView&type=event&loading=false	http://localhost:8080/profile	undefined	
2018/01/31 10:33:49		Interface	xKrS7dZVNvJBodZeK8mEIIIWJakXXPk6	97	18324490333		/api/login/loginmsg	phone=18324490333					/api/login/loginmsg?phone=18324490333	http://localhost:8080/profile	undefined	
2018/01/31 10:33:53		Event	xKrS7dZVNvJBodZeK8mEIIIWJakXXPk6	97	18324490333		changeCard						/proxy/log?name=changeCard&type=event&params=%7B%22id%22%3A280%7D&loading=false	http://localhost:8080/profile	undefined	
2018/01/31 10:33:53		Event	xKrS7dZVNvJBodZeK8mEIIIWJakXXPk6	97	18324490333		pageView						/proxy/log?name=pageView&type=event&loading=false	http://localhost:8080/profile	undefined	
2018/01/31 10:33:53		Interface	xKrS7dZVNvJBodZeK8mEIIIWJakXXPk6	97	18324490333		/api/template/getTemplateById	tid=280					/api/template/getTemplateById?tid=280	http://localhost:8080/change/280?type=1	undefined	
2018/01/31 10:34:03		Event	xKrS7dZVNvJBodZeK8mEIIIWJakXXPk6	97	18324490333		changCard						/proxy/log?name=changCard&type=event&loading=false	http://localhost:8080/change/280?type=1	undefined	
2018/01/31 10:34:05		Interface	xKrS7dZVNvJBodZeK8mEIIIWJakXXPk6	97	18324490333		/api/user/changecard	uid=97&tid=280&companyName=%E7%A5%96%E7%8E%9B%E7%A7%91%E6%8A%80&name=%E5%B0%8F%E4%BB%99%E5%A5%B3					/api/user/changecard?uid=97&tid=280&companyName=%E7%A5%96%E7%8E%9B%E7%A7%91%E6%8A%80&name=%E5%B0%8F%E4%BB%99%E5%A5%B3	http://localhost:8080/change/280?type=1	undefined	
2018/01/31 10:34:05		Event	xKrS7dZVNvJBodZeK8mEIIIWJakXXPk6	97	18324490333		pageView						/proxy/log?name=pageView&type=event&loading=false	http://localhost:8080/change/280?type=1	undefined	
2018/01/31 10:34:05		Interface	xKrS7dZVNvJBodZeK8mEIIIWJakXXPk6	97	18324490333		/api/login/loginmsg	phone=18324490333					/api/login/loginmsg?phone=18324490333	http://localhost:8080/profile	undefined	
2018/01/31 10:36:35		Event	xKrS7dZVNvJBodZeK8mEIIIWJakXXPk6	97	18324490333		pageView						/proxy/log?name=pageView&type=event&loading=false	http://localhost:8080/profile	undefined	
2018/01/31 10:36:35		Interface	xKrS7dZVNvJBodZeK8mEIIIWJakXXPk6	97	18324490333		/api/login/loginmsg	phone=18324490333					/api/login/loginmsg?phone=18324490333	http://localhost:8080/profile	undefined	
2018/01/31 10:37:43		Event	xKrS7dZVNvJBodZeK8mEIIIWJakXXPk6	97	18324490333		pageView						/proxy/log?name=pageView&type=event&loading=false	http://localhost:8080/profile	undefined	
2018/01/31 10:37:43		Interface	xKrS7dZVNvJBodZeK8mEIIIWJakXXPk6	97	18324490333		/api/login/loginmsg	phone=18324490333					/api/login/loginmsg?phone=18324490333	http://localhost:8080/profile	undefined	
2018/01/31 10:40:52		Event	xKrS7dZVNvJBodZeK8mEIIIWJakXXPk6	97	18324490333		pageView						/proxy/log?name=pageView&type=event&loading=false	http://localhost:8080/change/226?type=1	undefined	
2018/01/31 10:40:53		Interface	xKrS7dZVNvJBodZeK8mEIIIWJakXXPk6	97	18324490333		/api/template/getTemplateById	tid=226					/api/template/getTemplateById?tid=226	http://localhost:8080/change/226?type=1	undefined	
2018/01/31 10:40:57		Event	xKrS7dZVNvJBodZeK8mEIIIWJakXXPk6	97	18324490333		pageView						/proxy/log?name=pageView&type=event&loading=false	http://localhost:8080/profile	undefined	
2018/01/31 10:40:57		Interface	xKrS7dZVNvJBodZeK8mEIIIWJakXXPk6	97	18324490333		/api/login/loginmsg	phone=18324490333					/api/login/loginmsg?phone=18324490333	http://localhost:8080/profile	undefined	
2018/01/31 10:41:11		Event	xKrS7dZVNvJBodZeK8mEIIIWJakXXPk6	97	18324490333		pageView						/proxy/log?name=pageView&type=event&loading=false	http://localhost:8080/	undefined	
2018/01/31 10:41:12		Event	xKrS7dZVNvJBodZeK8mEIIIWJakXXPk6	97	18324490333		pageView						/proxy/log?name=pageView&type=event&loading=false	http://localhost:8080/profile	undefined	
2018/01/31 10:41:12		Interface	xKrS7dZVNvJBodZeK8mEIIIWJakXXPk6	97	18324490333		/api/login/loginmsg	phone=18324490333					/api/login/loginmsg?phone=18324490333	http://localhost:8080/profile	undefined	
2018/01/31 10:41:17		Event	xKrS7dZVNvJBodZeK8mEIIIWJakXXPk6	97	18324490333		pageView						/proxy/log?name=pageView&type=event&loading=false	http://localhost:8080/change/226?type=1	undefined	
2018/01/31 10:41:18		Interface	xKrS7dZVNvJBodZeK8mEIIIWJakXXPk6	97	18324490333		/api/template/getTemplateById	tid=226					/api/template/getTemplateById?tid=226	http://localhost:8080/change/226?type=1	undefined	
2018/01/31 10:41:21		Event	xKrS7dZVNvJBodZeK8mEIIIWJakXXPk6	97	18324490333		pageView						/proxy/log?name=pageView&type=event&loading=false	http://localhost:8080/change/280?type=1	undefined	
2018/01/31 10:41:21		Interface	xKrS7dZVNvJBodZeK8mEIIIWJakXXPk6	97	18324490333		/api/template/getTemplateById	tid=280					/api/template/getTemplateById?tid=280	http://localhost:8080/change/280?type=1	undefined	
2018/01/31 10:41:59		Event	xKrS7dZVNvJBodZeK8mEIIIWJakXXPk6	97	18324490333		pageView						/proxy/log?name=pageView&type=event&loading=false	http://localhost:8080/change/226?type=1	undefined	
2018/01/31 10:42:00		Event	xKrS7dZVNvJBodZeK8mEIIIWJakXXPk6	97	18324490333		pageView						/proxy/log?name=pageView&type=event&loading=false	http://localhost:8080/profile	undefined	
2018/01/31 10:42:00		Interface	xKrS7dZVNvJBodZeK8mEIIIWJakXXPk6	97	18324490333		/api/login/loginmsg	phone=18324490333					/api/login/loginmsg?phone=18324490333	http://localhost:8080/profile	undefined	
2018/01/31 10:42:12		Event	xKrS7dZVNvJBodZeK8mEIIIWJakXXPk6	97	18324490333		pageView						/proxy/log?name=pageView&type=event&loading=false	http://localhost:8080/	undefined	
2018/01/31 10:42:13		Event	xKrS7dZVNvJBodZeK8mEIIIWJakXXPk6	97	18324490333		pageView						/proxy/log?name=pageView&type=event&loading=false	http://localhost:8080/profile	undefined	
2018/01/31 10:42:13		Interface	xKrS7dZVNvJBodZeK8mEIIIWJakXXPk6	97	18324490333		/api/login/loginmsg	phone=18324490333					/api/login/loginmsg?phone=18324490333	http://localhost:8080/profile	undefined	
2018/01/31 10:42:16		Event	xKrS7dZVNvJBodZeK8mEIIIWJakXXPk6	97	18324490333		pageView						/proxy/log?name=pageView&type=event&loading=false	http://localhost:8080/change/226?type=1	undefined	
2018/01/31 10:42:16		Interface	xKrS7dZVNvJBodZeK8mEIIIWJakXXPk6	97	18324490333		/api/template/getTemplateById	tid=226					/api/template/getTemplateById?tid=226	http://localhost:8080/change/226?type=1	undefined	
2018/01/31 10:42:17		Event	xKrS7dZVNvJBodZeK8mEIIIWJakXXPk6	97	18324490333		pageView						/proxy/log?name=pageView&type=event&loading=false	http://localhost:8080/change/280?type=1	undefined	
2018/01/31 10:42:17		Interface	xKrS7dZVNvJBodZeK8mEIIIWJakXXPk6	97	18324490333		/api/template/getTemplateById	tid=280					/api/template/getTemplateById?tid=280	http://localhost:8080/change/280?type=1	undefined	
2018/01/31 10:43:21		Event	xKrS7dZVNvJBodZeK8mEIIIWJakXXPk6	97	18324490333		pageView						/proxy/log?name=pageView&type=event&loading=false	http://localhost:8080/change/226?type=1	undefined	
2018/01/31 10:43:21		Interface	xKrS7dZVNvJBodZeK8mEIIIWJakXXPk6	97	18324490333		/api/template/getTemplateById	tid=226					/api/template/getTemplateById?tid=226	http://localhost:8080/change/226?type=1	undefined	
2018/01/31 10:43:23		Event	xKrS7dZVNvJBodZeK8mEIIIWJakXXPk6	97	18324490333		pageView						/proxy/log?name=pageView&type=event&loading=false	http://localhost:8080/profile	undefined	
2018/01/31 10:43:23		Interface	xKrS7dZVNvJBodZeK8mEIIIWJakXXPk6	97	18324490333		/api/login/loginmsg	phone=18324490333					/api/login/loginmsg?phone=18324490333	http://localhost:8080/profile	undefined	
2018/01/31 10:43:25		Event	xKrS7dZVNvJBodZeK8mEIIIWJakXXPk6	97	18324490333		pageView						/proxy/log?name=pageView&type=event&loading=false	http://localhost:8080/profile	undefined	
2018/01/31 10:43:25		Event	xKrS7dZVNvJBodZeK8mEIIIWJakXXPk6	97	18324490333		pageView						/proxy/log?name=pageView&type=event&loading=false	http://localhost:8080/	undefined	
2018/01/31 10:46:12		Event	xKrS7dZVNvJBodZeK8mEIIIWJakXXPk6	97	18324490333		pageView						/proxy/log?name=pageView&type=event&loading=false	http://localhost:8080/	undefined	
2018/01/31 10:46:13		Event	xKrS7dZVNvJBodZeK8mEIIIWJakXXPk6	97	18324490333		pageView						/proxy/log?name=pageView&type=event&loading=false	http://localhost:8080/	undefined	
2018/01/31 10:46:13		Interface	xKrS7dZVNvJBodZeK8mEIIIWJakXXPk6	97	18324490333		/api/login/loginmsg	phone=18324490333					/api/login/loginmsg?phone=18324490333	http://localhost:8080/profile	undefined	
2018/01/31 10:46:23		Event	xKrS7dZVNvJBodZeK8mEIIIWJakXXPk6	97	18324490333		pageView						/proxy/log?name=pageView&type=event&loading=false	http://localhost:8080/profile	undefined	
2018/01/31 10:46:23		Event	xKrS7dZVNvJBodZeK8mEIIIWJakXXPk6	97	18324490333		pageView						/proxy/log?name=pageView&type=event&loading=false	http://localhost:8080/	undefined	
2018/01/31 10:52:33		Event	xKrS7dZVNvJBodZeK8mEIIIWJakXXPk6	97	18324490333		pageView						/proxy/log?name=pageView&type=event&loading=false	http://localhost:8080/	undefined	
2018/01/31 10:52:34		Event	xKrS7dZVNvJBodZeK8mEIIIWJakXXPk6	97	18324490333		pageView						/proxy/log?name=pageView&type=event&loading=false	http://localhost:8080/	undefined	
2018/01/31 10:52:34		Interface	xKrS7dZVNvJBodZeK8mEIIIWJakXXPk6	97	18324490333		/api/login/loginmsg	phone=18324490333					/api/login/loginmsg?phone=18324490333	http://localhost:8080/profile	undefined	
2018/01/31 10:52:55		Event	xKrS7dZVNvJBodZeK8mEIIIWJakXXPk6	97	18324490333		pageView						/proxy/log?name=pageView&type=event&loading=false	http://localhost:8080/profile	undefined	
2018/01/31 10:52:55		Interface	xKrS7dZVNvJBodZeK8mEIIIWJakXXPk6	97	18324490333		/api/login/loginmsg	phone=18324490333					/api/login/loginmsg?phone=18324490333	http://localhost:8080/profile	undefined	
2018/01/31 10:53:05		Event	xKrS7dZVNvJBodZeK8mEIIIWJakXXPk6	97	18324490333		pageView						/proxy/log?name=pageView&type=event&loading=false	http://localhost:8080/profile	undefined	
2018/01/31 10:53:06		Event	xKrS7dZVNvJBodZeK8mEIIIWJakXXPk6	97	18324490333		pageView						/proxy/log?name=pageView&type=event&loading=false	http://localhost:8080/	undefined	
2018/01/31 10:53:21		Event	xKrS7dZVNvJBodZeK8mEIIIWJakXXPk6	97	18324490333		pageView						/proxy/log?name=pageView&type=event&loading=false	http://localhost:8080/	undefined	
2018/01/31 10:53:22		Event	xKrS7dZVNvJBodZeK8mEIIIWJakXXPk6	97	18324490333		pageView						/proxy/log?name=pageView&type=event&loading=false	http://localhost:8080/profile	undefined	
2018/01/31 10:53:22		Interface	xKrS7dZVNvJBodZeK8mEIIIWJakXXPk6	97	18324490333		/api/login/loginmsg	phone=18324490333					/api/login/loginmsg?phone=18324490333	http://localhost:8080/profile	undefined	
2018/01/31 10:53:23		Event	xKrS7dZVNvJBodZeK8mEIIIWJakXXPk6	97	18324490333		pageView						/proxy/log?name=pageView&type=event&loading=false	http://localhost:8080/	undefined	
2018/01/31 10:53:23		Event	xKrS7dZVNvJBodZeK8mEIIIWJakXXPk6	97	18324490333		pageView						/proxy/log?name=pageView&type=event&loading=false	http://localhost:8080/profile	undefined	
2018/01/31 10:53:23		Interface	xKrS7dZVNvJBodZeK8mEIIIWJakXXPk6	97	18324490333		/api/login/loginmsg	phone=18324490333					/api/login/loginmsg?phone=18324490333	http://localhost:8080/profile	undefined	
2018/01/31 10:53:24		Event	xKrS7dZVNvJBodZeK8mEIIIWJakXXPk6	97	18324490333		pageView						/proxy/log?name=pageView&type=event&loading=false	http://localhost:8080/	undefined	
2018/01/31 10:53:24		Event	xKrS7dZVNvJBodZeK8mEIIIWJakXXPk6	97	18324490333		pageView						/proxy/log?name=pageView&type=event&loading=false	http://localhost:8080/profile	undefined	
2018/01/31 10:53:25		Interface	xKrS7dZVNvJBodZeK8mEIIIWJakXXPk6	97	18324490333		/api/login/loginmsg	phone=18324490333					/api/login/loginmsg?phone=18324490333	http://localhost:8080/profile	undefined	
2018/01/31 10:53:26		Event	xKrS7dZVNvJBodZeK8mEIIIWJakXXPk6	97	18324490333		pageView						/proxy/log?name=pageView&type=event&loading=false	http://localhost:8080/	undefined	
2018/01/31 10:53:29		Event	xKrS7dZVNvJBodZeK8mEIIIWJakXXPk6	97	18324490333		pageView						/proxy/log?name=pageView&type=event&loading=false	http://localhost:8080/	undefined	
2018/01/31 10:53:29		Event	xKrS7dZVNvJBodZeK8mEIIIWJakXXPk6	97	18324490333		pageView						/proxy/log?name=pageView&type=event&loading=false	http://localhost:8080/profile	undefined	
2018/01/31 10:53:30		Interface	xKrS7dZVNvJBodZeK8mEIIIWJakXXPk6	97	18324490333		/api/login/loginmsg	phone=18324490333					/api/login/loginmsg?phone=18324490333	http://localhost:8080/profile	undefined	
2018/01/31 10:53:30		Event	xKrS7dZVNvJBodZeK8mEIIIWJakXXPk6	97	18324490333		pageView						/proxy/log?name=pageView&type=event&loading=false	http://localhost:8080/	undefined	
2018/01/31 10:53:31		Event	xKrS7dZVNvJBodZeK8mEIIIWJakXXPk6	97	18324490333		pageView						/proxy/log?name=pageView&type=event&loading=false	http://localhost:8080/profile	undefined	
2018/01/31 10:53:31		Interface	xKrS7dZVNvJBodZeK8mEIIIWJakXXPk6	97	18324490333		/api/login/loginmsg	phone=18324490333					/api/login/loginmsg?phone=18324490333	http://localhost:8080/profile	undefined	
2018/01/31 10:53:32		Event	xKrS7dZVNvJBodZeK8mEIIIWJakXXPk6	97	18324490333		pageView						/proxy/log?name=pageView&type=event&loading=false	http://localhost:8080/	undefined	
2018/01/31 10:53:32		Event	xKrS7dZVNvJBodZeK8mEIIIWJakXXPk6	97	18324490333		pageView						/proxy/log?name=pageView&type=event&loading=false	http://localhost:8080/profile	undefined	
2018/01/31 10:53:33		Interface	xKrS7dZVNvJBodZeK8mEIIIWJakXXPk6	97	18324490333		/api/login/loginmsg	phone=18324490333					/api/login/loginmsg?phone=18324490333	http://localhost:8080/profile	undefined	
2018/01/31 10:53:33		Event	xKrS7dZVNvJBodZeK8mEIIIWJakXXPk6	97	18324490333		pageView						/proxy/log?name=pageView&type=event&loading=false	http://localhost:8080/	undefined	
2018/01/31 10:53:34		Event	xKrS7dZVNvJBodZeK8mEIIIWJakXXPk6	97	18324490333		pageView						/proxy/log?name=pageView&type=event&loading=false	http://localhost:8080/make/20180122184722	undefined	
2018/01/31 10:53:42		Event	xKrS7dZVNvJBodZeK8mEIIIWJakXXPk6	97	18324490333		pageView						/proxy/log?name=pageView&type=event&loading=false	http://localhost:8080/change/226?type=1	undefined	
2018/01/31 10:53:42		Interface	xKrS7dZVNvJBodZeK8mEIIIWJakXXPk6	97	18324490333		/api/template/getTemplateById	tid=226					/api/template/getTemplateById?tid=226	http://localhost:8080/change/226?type=1	undefined	
2018/01/31 10:53:45		Event	xKrS7dZVNvJBodZeK8mEIIIWJakXXPk6	97	18324490333		pageView						/proxy/log?name=pageView&type=event&loading=false	http://localhost:8080/change/280?type=1	undefined	
2018/01/31 10:53:45		Interface	xKrS7dZVNvJBodZeK8mEIIIWJakXXPk6	97	18324490333		/api/template/getTemplateById	tid=280					/api/template/getTemplateById?tid=280	http://localhost:8080/change/280?type=1	undefined	
2018/01/31 10:56:34		Event	xKrS7dZVNvJBodZeK8mEIIIWJakXXPk6	97	18324490333		pageView						/proxy/log?name=pageView&type=event&loading=false	http://localhost:8080/	undefined	
2018/01/31 10:56:58		Event	xKrS7dZVNvJBodZeK8mEIIIWJakXXPk6	97	18324490333		pageView						/proxy/log?name=pageView&type=event&loading=false	http://localhost:8080/	undefined	
2018/01/31 10:56:58		Interface	xKrS7dZVNvJBodZeK8mEIIIWJakXXPk6	97	18324490333		/api/login/loginmsg	phone=18324490333					/api/login/loginmsg?phone=18324490333	http://localhost:8080/profile	undefined	
2018/01/31 10:57:53		Event	xKrS7dZVNvJBodZeK8mEIIIWJakXXPk6	97	18324490333		pageView						/proxy/log?name=pageView&type=event&loading=false	http://localhost:8080/profile	undefined	
2018/01/31 10:57:54		Interface	xKrS7dZVNvJBodZeK8mEIIIWJakXXPk6	97	18324490333		/api/login/loginmsg	phone=18324490333					/api/login/loginmsg?phone=18324490333	http://localhost:8080/profile	undefined	
2018/01/31 10:58:08		Event	xKrS7dZVNvJBodZeK8mEIIIWJakXXPk6	97	18324490333		pauseCard						/proxy/log?name=pauseCard&type=event&params=%7B%22id%22%3A280%7D&loading=false	http://localhost:8080/profile	undefined	
2018/01/31 10:58:14		Interface	xKrS7dZVNvJBodZeK8mEIIIWJakXXPk6	97	18324490333		/api/template/pauseTemplate	uid=97&tid=280					/api/template/pauseTemplate?uid=97&tid=280	http://localhost:8080/profile	undefined	
2018/01/31 10:58:14		Event	xKrS7dZVNvJBodZeK8mEIIIWJakXXPk6	97	18324490333		pageView						/proxy/log?name=pageView&type=event&loading=false	http://localhost:8080/profile	undefined	
2018/01/31 10:58:14		Interface	xKrS7dZVNvJBodZeK8mEIIIWJakXXPk6	97	18324490333		/api/login/loginmsg	phone=18324490333					/api/login/loginmsg?phone=18324490333	http://localhost:8080/profile	undefined	
2018/01/31 11:04:10		Interface	xKrS7dZVNvJBodZeK8mEIIIWJakXXPk6	97	18324490333		/api/login/loginmsg	phone=18324490333					/api/login/loginmsg?phone=18324490333	http://localhost:8080/profile	undefined	
2018/01/31 11:07:44		Event	xKrS7dZVNvJBodZeK8mEIIIWJakXXPk6	97	18324490333		pageView						/proxy/log?name=pageView&type=event&loading=false	http://localhost:8080/profile	undefined	
2018/01/31 11:07:49		Event	xKrS7dZVNvJBodZeK8mEIIIWJakXXPk6	97	18324490333		pageView						/proxy/log?name=pageView&type=event&loading=false	http://localhost:8080/	undefined	
2018/01/31 11:08:18		Event	xKrS7dZVNvJBodZeK8mEIIIWJakXXPk6	97	18324490333		pageView						/proxy/log?name=pageView&type=event&loading=false	http://localhost:8080/	undefined	
2018/01/31 11:08:24		Event	xKrS7dZVNvJBodZeK8mEIIIWJakXXPk6	97	18324490333		pageView						/proxy/log?name=pageView&type=event&loading=false	http://localhost:8080/	undefined	
2018/01/31 11:09:03		Event	xKrS7dZVNvJBodZeK8mEIIIWJakXXPk6	97	18324490333		pageView						/proxy/log?name=pageView&type=event&loading=false	http://localhost:8080/	undefined	
2018/01/31 11:10:51		Event	xKrS7dZVNvJBodZeK8mEIIIWJakXXPk6	97	18324490333		pageView						/proxy/log?name=pageView&type=event&loading=false	http://localhost:8080/	undefined	
2018/01/31 11:10:52		Interface	xKrS7dZVNvJBodZeK8mEIIIWJakXXPk6	97	18324490333		/api/login/loginmsg	phone=18324490333					/api/login/loginmsg?phone=18324490333	http://localhost:8080/profile	undefined	
2018/01/31 11:11:57		Interface	xKrS7dZVNvJBodZeK8mEIIIWJakXXPk6	97	18324490333		/api/login/loginmsg	phone=18324490333					/api/login/loginmsg?phone=18324490333	http://localhost:8080/profile	undefined	
2018/01/31 11:12:28		Event	xKrS7dZVNvJBodZeK8mEIIIWJakXXPk6	97	18324490333		pageView						/proxy/log?name=pageView&type=event&loading=false	http://localhost:8080/profile	undefined	
2018/01/31 11:12:30		Event	xKrS7dZVNvJBodZeK8mEIIIWJakXXPk6	97	18324490333		pageView						/proxy/log?name=pageView&type=event&loading=false	http://localhost:8080/	undefined	
2018/01/31 11:13:06		Event	xKrS7dZVNvJBodZeK8mEIIIWJakXXPk6	97	18324490333		pageView						/proxy/log?name=pageView&type=event&loading=false	http://localhost:8080/	undefined	
2018/01/31 11:13:09		Event	xKrS7dZVNvJBodZeK8mEIIIWJakXXPk6	97	18324490333		pageView						/proxy/log?name=pageView&type=event&loading=false	http://localhost:8080/	undefined	
2018/01/31 11:13:09		Interface	xKrS7dZVNvJBodZeK8mEIIIWJakXXPk6	97	18324490333		/api/login/loginmsg	phone=18324490333					/api/login/loginmsg?phone=18324490333	http://localhost:8080/profile	undefined	
2018/01/31 11:13:11		Event	xKrS7dZVNvJBodZeK8mEIIIWJakXXPk6	97	18324490333		pageView						/proxy/log?name=pageView&type=event&loading=false	http://localhost:8080/profile	undefined	
2018/01/31 11:13:11		Interface	xKrS7dZVNvJBodZeK8mEIIIWJakXXPk6	97	18324490333		/api/login/loginmsg	phone=18324490333					/api/login/loginmsg?phone=18324490333	http://localhost:8080/profile	undefined	
2018/01/31 11:14:08		Interface	xKrS7dZVNvJBodZeK8mEIIIWJakXXPk6	97	18324490333		/api/login/loginmsg	phone=18324490333					/api/login/loginmsg?phone=18324490333	http://localhost:8080/profile	undefined	
2018/01/31 11:14:37		Interface	xKrS7dZVNvJBodZeK8mEIIIWJakXXPk6	97	18324490333		/api/login/loginmsg	phone=18324490333					/api/login/loginmsg?phone=18324490333	http://localhost:8080/profile	undefined	
2018/01/31 11:14:55		Interface	xKrS7dZVNvJBodZeK8mEIIIWJakXXPk6	97	18324490333		/api/login/loginmsg	phone=18324490333					/api/login/loginmsg?phone=18324490333	http://localhost:8080/profile	undefined	
2018/01/31 11:15:29		Interface	xKrS7dZVNvJBodZeK8mEIIIWJakXXPk6	97	18324490333		/api/login/loginmsg	phone=18324490333					/api/login/loginmsg?phone=18324490333	http://localhost:8080/profile	undefined	
2018/01/31 11:15:43		Interface	xKrS7dZVNvJBodZeK8mEIIIWJakXXPk6	97	18324490333		/api/login/loginmsg	phone=18324490333					/api/login/loginmsg?phone=18324490333	http://localhost:8080/profile	undefined	
2018/01/31 11:17:41		Event	xKrS7dZVNvJBodZeK8mEIIIWJakXXPk6	97	18324490333		pageView						/proxy/log?name=pageView&type=event&loading=false	http://localhost:8080/profile	undefined	
2018/01/31 11:17:41		Interface	xKrS7dZVNvJBodZeK8mEIIIWJakXXPk6	97	18324490333		/api/login/loginmsg	phone=18324490333					/api/login/loginmsg?phone=18324490333	http://localhost:8080/profile	undefined	
2018/01/31 11:17:50		Event	xKrS7dZVNvJBodZeK8mEIIIWJakXXPk6	97	18324490333		startCard						/proxy/log?name=startCard&type=event&params=%7B%22id%22%3A280%7D&loading=false	http://localhost:8080/profile	undefined	
2018/01/31 11:17:56		Interface	xKrS7dZVNvJBodZeK8mEIIIWJakXXPk6	97	18324490333		/api/template/replaceTemplate	uid=97&tid=280					/api/template/replaceTemplate?uid=97&tid=280	http://localhost:8080/profile	undefined	
2018/01/31 11:17:56		Event	xKrS7dZVNvJBodZeK8mEIIIWJakXXPk6	97	18324490333		pageView						/proxy/log?name=pageView&type=event&loading=false	http://localhost:8080/profile	undefined	
2018/01/31 11:17:56		Interface	xKrS7dZVNvJBodZeK8mEIIIWJakXXPk6	97	18324490333		/api/login/loginmsg	phone=18324490333					/api/login/loginmsg?phone=18324490333	http://localhost:8080/profile	undefined	
2018/01/31 11:18:09		Interface	xKrS7dZVNvJBodZeK8mEIIIWJakXXPk6	97	18324490333		/api/login/loginmsg	phone=18324490333					/api/login/loginmsg?phone=18324490333	http://localhost:8080/profile	undefined	
2018/01/31 11:18:12		Event	xKrS7dZVNvJBodZeK8mEIIIWJakXXPk6	97	18324490333		deleteCard						/proxy/log?name=deleteCard&type=event&params=%7B%22id%22%3A281%7D&loading=false	http://localhost:8080/profile	undefined	
2018/01/31 11:18:13		Interface	xKrS7dZVNvJBodZeK8mEIIIWJakXXPk6	97	18324490333		/api/template/delTemplate	uid=97&tid=281					/api/template/delTemplate?uid=97&tid=281	http://localhost:8080/profile	undefined	
2018/01/31 11:18:14		Event	xKrS7dZVNvJBodZeK8mEIIIWJakXXPk6	97	18324490333		pageView						/proxy/log?name=pageView&type=event&loading=false	http://localhost:8080/profile	undefined	
2018/01/31 11:18:14		Interface	xKrS7dZVNvJBodZeK8mEIIIWJakXXPk6	97	18324490333		/api/login/loginmsg	phone=18324490333					/api/login/loginmsg?phone=18324490333	http://localhost:8080/profile	undefined	
2018/01/31 11:24:34		Event	xKrS7dZVNvJBodZeK8mEIIIWJakXXPk6	97	18324490333		pageView						/proxy/log?name=pageView&type=event&loading=false	http://localhost:8080/profile	undefined	
2018/01/31 11:24:35		Interface	xKrS7dZVNvJBodZeK8mEIIIWJakXXPk6	97	18324490333		/api/login/loginmsg	phone=18324490333					/api/login/loginmsg?phone=18324490333	http://localhost:8080/profile	undefined	
2018/01/31 11:30:30		Event	xKrS7dZVNvJBodZeK8mEIIIWJakXXPk6	97	18324490333		pageView						/proxy/log?name=pageView&type=event&loading=false	http://localhost:8080/profile	undefined	
2018/01/31 11:30:32		Interface	xKrS7dZVNvJBodZeK8mEIIIWJakXXPk6	97	18324490333		/api/login/loginmsg	phone=18324490333					/api/login/loginmsg?phone=18324490333	http://localhost:8080/profile	undefined	
2018/01/31 11:30:54		Event	xKrS7dZVNvJBodZeK8mEIIIWJakXXPk6	97	18324490333		pageView						/proxy/log?name=pageView&type=event&loading=false	http://localhost:8080/profile	undefined	
2018/01/31 11:30:54		Interface	xKrS7dZVNvJBodZeK8mEIIIWJakXXPk6	97	18324490333		/api/login/loginmsg	phone=18324490333					/api/login/loginmsg?phone=18324490333	http://localhost:8080/profile	undefined	
2018/01/31 11:31:42		Event	xKrS7dZVNvJBodZeK8mEIIIWJakXXPk6	97	18324490333		pageView						/proxy/log?name=pageView&type=event&loading=false	http://localhost:8080/profile	undefined	
2018/01/31 11:31:42		Interface	xKrS7dZVNvJBodZeK8mEIIIWJakXXPk6	97	18324490333		/api/login/loginmsg	phone=18324490333					/api/login/loginmsg?phone=18324490333	http://localhost:8080/profile	undefined	
2018/01/31 11:31:59		Event	ZByAhk3j6s9Wk7YDBHUMwFTyhxz7GQDh				pageView						/proxy/log?name=pageView&type=event&loading=false	http://localhost:8080/profile	undefined	
2018/01/31 11:31:59		Event	Snys4triIpdNAcjx1tKR3zXqwKT-3frR				pageView						/proxy/log?name=pageView&type=event&loading=false	http://localhost:8080/profile	undefined	
2018/01/31 11:36:38		Interface	2K_dyzaRr3a8hl5L9K-54EmcK395tI8r				/api/login/loginmsg	phone=18368147785&fromType=2					/api/login/loginmsg?phone=18368147785&fromType=2	http://localhost:8080/login	undefined	
2018/01/31 11:36:38		Event	2K_dyzaRr3a8hl5L9K-54EmcK395tI8r	82	18368147785		pageView						/proxy/log?name=pageView&type=event&loading=false	http://localhost:8080/login	undefined	
2018/01/31 11:36:38		Interface	2K_dyzaRr3a8hl5L9K-54EmcK395tI8r	82	18368147785		/api/login/loginmsg	phone=18368147785					/api/login/loginmsg?phone=18368147785	http://localhost:8080/profile	undefined	
2018/01/31 11:38:57		Event	2K_dyzaRr3a8hl5L9K-54EmcK395tI8r	82	18368147785		pageView						/proxy/log?name=pageView&type=event&loading=false	http://localhost:8080/profile	undefined	
2018/01/31 11:38:57		Interface	2K_dyzaRr3a8hl5L9K-54EmcK395tI8r	82	18368147785		/api/login/loginmsg	phone=18368147785					/api/login/loginmsg?phone=18368147785	http://localhost:8080/profile	undefined	
2018/01/31 11:40:24		Interface	2K_dyzaRr3a8hl5L9K-54EmcK395tI8r	82	18368147785		/api/login/loginmsg	phone=18368147785					/api/login/loginmsg?phone=18368147785	http://localhost:8080/profile	undefined	
2018/01/31 11:41:27		Event	2K_dyzaRr3a8hl5L9K-54EmcK395tI8r	82	18368147785		changeCard						/proxy/log?name=changeCard&type=event&params=%7B%22id%22%3A272%7D&loading=false	http://localhost:8080/profile	undefined	
2018/01/31 11:41:27		Event	2K_dyzaRr3a8hl5L9K-54EmcK395tI8r	82	18368147785		pageView						/proxy/log?name=pageView&type=event&loading=false	http://localhost:8080/profile	undefined	
2018/01/31 11:41:27		Interface	2K_dyzaRr3a8hl5L9K-54EmcK395tI8r	82	18368147785		/api/template/getTemplateById	tid=272					/api/template/getTemplateById?tid=272	http://localhost:8080/change/272?type=2	undefined	
2018/01/31 11:41:29		Event	2K_dyzaRr3a8hl5L9K-54EmcK395tI8r	82	18368147785		changCard						/proxy/log?name=changCard&type=event&loading=false	http://localhost:8080/change/272?type=2	undefined	
2018/01/31 11:42:22		Interface	2K_dyzaRr3a8hl5L9K-54EmcK395tI8r	82	18368147785		/api/template/getTemplateById	tid=272					/api/template/getTemplateById?tid=272	http://localhost:8080/change/272?type=2	undefined	
2018/01/31 11:42:30		Interface	2K_dyzaRr3a8hl5L9K-54EmcK395tI8r	82	18368147785		/api/template/getTemplateById	tid=272					/api/template/getTemplateById?tid=272	http://localhost:8080/change/272?type=2	undefined	
2018/01/31 11:42:31		Event	2K_dyzaRr3a8hl5L9K-54EmcK395tI8r	82	18368147785		changCard						/proxy/log?name=changCard&type=event&loading=false	http://localhost:8080/change/272?type=2	undefined	
2018/01/31 11:42:43		Interface	2K_dyzaRr3a8hl5L9K-54EmcK395tI8r	82	18368147785		/api/template/getTemplateById	tid=272					/api/template/getTemplateById?tid=272	http://localhost:8080/change/272?type=2	undefined	
2018/01/31 11:42:45		Event	2K_dyzaRr3a8hl5L9K-54EmcK395tI8r	82	18368147785		changCard						/proxy/log?name=changCard&type=event&loading=false	http://localhost:8080/change/272?type=2	undefined	
2018/01/31 11:43:36		Interface	2K_dyzaRr3a8hl5L9K-54EmcK395tI8r	82	18368147785		/api/template/getTemplateById	tid=272					/api/template/getTemplateById?tid=272	http://localhost:8080/change/272?type=2	undefined	
2018/01/31 11:44:06		Interface	2K_dyzaRr3a8hl5L9K-54EmcK395tI8r	82	18368147785		/api/template/getTemplateById	tid=272					/api/template/getTemplateById?tid=272	http://localhost:8080/change/272?type=2	undefined	
2018/01/31 11:44:08		Event	2K_dyzaRr3a8hl5L9K-54EmcK395tI8r	82	18368147785		changCard						/proxy/log?name=changCard&type=event&loading=false	http://localhost:8080/change/272?type=2	undefined	
2018/01/31 11:45:03		Interface	2K_dyzaRr3a8hl5L9K-54EmcK395tI8r	82	18368147785		/api/template/getTemplateById	tid=272					/api/template/getTemplateById?tid=272	http://localhost:8080/change/272?type=2	undefined	
2018/01/31 11:45:06		Event	2K_dyzaRr3a8hl5L9K-54EmcK395tI8r	82	18368147785		pageView						/proxy/log?name=pageView&type=event&loading=false	http://localhost:8080/change/272?type=2	undefined	
2018/01/31 11:45:06		Interface	2K_dyzaRr3a8hl5L9K-54EmcK395tI8r	82	18368147785		/api/template/getTemplateById	tid=272					/api/template/getTemplateById?tid=272	http://localhost:8080/change/272?type=2	undefined	
2018/01/31 11:45:08		Event	2K_dyzaRr3a8hl5L9K-54EmcK395tI8r	82	18368147785		changCard						/proxy/log?name=changCard&type=event&loading=false	http://localhost:8080/change/272?type=2	undefined	
2018/01/31 11:45:49		Interface	2K_dyzaRr3a8hl5L9K-54EmcK395tI8r	82	18368147785		/api/template/getTemplateById	tid=272					/api/template/getTemplateById?tid=272	http://localhost:8080/change/272?type=2	undefined	
2018/01/31 11:45:52		Event	2K_dyzaRr3a8hl5L9K-54EmcK395tI8r	82	18368147785		changCard						/proxy/log?name=changCard&type=event&loading=false	http://localhost:8080/change/272?type=2	undefined	
2018/01/31 11:45:55		Event	2K_dyzaRr3a8hl5L9K-54EmcK395tI8r	82	18368147785		pageView						/proxy/log?name=pageView&type=event&loading=false	http://localhost:8080/change/272?type=2	undefined	
2018/01/31 11:45:55		Interface	2K_dyzaRr3a8hl5L9K-54EmcK395tI8r	82	18368147785		/api/template/getTemplateById	tid=272					/api/template/getTemplateById?tid=272	http://localhost:8080/change/272?type=2	undefined	
2018/01/31 11:45:57		Event	2K_dyzaRr3a8hl5L9K-54EmcK395tI8r	82	18368147785		changCard						/proxy/log?name=changCard&type=event&loading=false	http://localhost:8080/change/272?type=2	undefined	
2018/01/31 11:46:17		Interface	2K_dyzaRr3a8hl5L9K-54EmcK395tI8r	82	18368147785		/api/template/getTemplateById	tid=272					/api/template/getTemplateById?tid=272	http://localhost:8080/change/272?type=2	undefined	
2018/01/31 11:46:19		Event	2K_dyzaRr3a8hl5L9K-54EmcK395tI8r	82	18368147785		changCard						/proxy/log?name=changCard&type=event&loading=false	http://localhost:8080/change/272?type=2	undefined	
2018/01/31 11:46:37		Interface	2K_dyzaRr3a8hl5L9K-54EmcK395tI8r	82	18368147785		/api/template/getTemplateById	tid=272					/api/template/getTemplateById?tid=272	http://localhost:8080/change/272?type=2	undefined	
2018/01/31 11:46:39		Event	2K_dyzaRr3a8hl5L9K-54EmcK395tI8r	82	18368147785		changCard						/proxy/log?name=changCard&type=event&loading=false	http://localhost:8080/change/272?type=2	undefined	
2018/01/31 11:46:39		Event	2K_dyzaRr3a8hl5L9K-54EmcK395tI8r	82	18368147785		pageView						/proxy/log?name=pageView&type=event&loading=false	http://localhost:8080/change/272?type=2	undefined	
2018/01/31 11:46:50		Event	2K_dyzaRr3a8hl5L9K-54EmcK395tI8r	82	18368147785		pageView						/proxy/log?name=pageView&type=event&loading=false	http://localhost:8080/change/272?type=2	undefined	
2018/01/31 11:46:50		Interface	2K_dyzaRr3a8hl5L9K-54EmcK395tI8r	82	18368147785		/api/template/getTemplateById	tid=272					/api/template/getTemplateById?tid=272	http://localhost:8080/change/272?type=2	undefined	
2018/01/31 11:46:50		Interface	2K_dyzaRr3a8hl5L9K-54EmcK395tI8r	82	18368147785		/api/template/getTemplateById	tid=272					/api/template/getTemplateById?tid=272	http://localhost:8080/change/272?type=2	undefined	
2018/01/31 11:46:51		Event	2K_dyzaRr3a8hl5L9K-54EmcK395tI8r	82	18368147785		pageView						/proxy/log?name=pageView&type=event&loading=false	http://localhost:8080/change/272?type=2	undefined	
2018/01/31 11:46:51		Interface	2K_dyzaRr3a8hl5L9K-54EmcK395tI8r	82	18368147785		/api/template/getTemplateById	tid=272					/api/template/getTemplateById?tid=272	http://localhost:8080/change/272?type=2	undefined	
2018/01/31 13:21:23		Event	hBNg-mS2U6X-dkZv61Nf7gqbrJKSbWEb				pageView						/proxy/log?name=pageView&type=event&loading=false	http://localhost:8080/change/272?type=2	undefined	
2018/01/31 13:21:24		Interface	VtyfPg8QMn_P9OBj46oKdtYjJmkfSMGY				/api/template/getTemplateById	tid=272					/api/template/getTemplateById?tid=272	http://localhost:8080/change/272?type=2	undefined	
2018/01/31 13:21:29		Event	IvcLE4-nV1rBHyhcfrE2lRV8GrHHx2Gd				pageView						/proxy/log?name=pageView&type=event&loading=false	http://localhost:8080/change/272?type=2	undefined	
2018/01/31 13:21:29		Interface	Oe5o3ml_IaG004OCZCyDeF6SyAajtPKE				/api/template/getTemplateById	tid=272					/api/template/getTemplateById?tid=272	http://localhost:8080/change/272?type=2	undefined	
2018/01/31 13:21:30		Event	T44z25-LsB2rikCmxeVPHx3aHJlpl-Rg				pageView						/proxy/log?name=pageView&type=event&loading=false	http://localhost:8080/profile	undefined	
2018/01/31 13:21:30		Event	KDcXXXmBWM7to2jPireF1lBngsUJPoAz				pageView						/proxy/log?name=pageView&type=event&loading=false	http://localhost:8080/profile	undefined	
2018/01/31 13:21:32		Event	sJ6K9angJhKyHc_HQsiRQdo5wKeqBAMm				pageView						/proxy/log?name=pageView&type=event&loading=false	http://localhost:8080/profile	undefined	
2018/01/31 13:39:49		Interface	z286q0ZmgO5bHjH36KZAh2lJwuFr9CRu				/api/login/loginmsg	phone=18324490333&fromType=2					/api/login/loginmsg?phone=18324490333&fromType=2	http://localhost:8080/login	undefined	
2018/01/31 13:39:49		Event	z286q0ZmgO5bHjH36KZAh2lJwuFr9CRu	97	18324490333		pageView						/proxy/log?name=pageView&type=event&loading=false	http://localhost:8080/login	undefined	
2018/01/31 13:39:49		Interface	z286q0ZmgO5bHjH36KZAh2lJwuFr9CRu	97	18324490333		/api/login/loginmsg	phone=18324490333					/api/login/loginmsg?phone=18324490333	http://localhost:8080/profile	undefined	
2018/01/31 13:40:03		Event	z286q0ZmgO5bHjH36KZAh2lJwuFr9CRu	97	18324490333		pageView						/proxy/log?name=pageView&type=event&loading=false	http://localhost:8080/profile	undefined	
2018/01/31 13:40:03		Interface	z286q0ZmgO5bHjH36KZAh2lJwuFr9CRu	97	18324490333		/api/login/loginmsg	phone=18324490333					/api/login/loginmsg?phone=18324490333	http://localhost:8080/profile	undefined	
2018/01/31 13:41:00		Event	z286q0ZmgO5bHjH36KZAh2lJwuFr9CRu	97	18324490333		changeCard						/proxy/log?name=changeCard&type=event&params=%7B%22id%22%3A280%7D&loading=false	http://localhost:8080/profile	undefined	
2018/01/31 13:41:00		Event	z286q0ZmgO5bHjH36KZAh2lJwuFr9CRu	97	18324490333		pageView						/proxy/log?name=pageView&type=event&loading=false	http://localhost:8080/profile	undefined	
2018/01/31 13:41:00		Interface	z286q0ZmgO5bHjH36KZAh2lJwuFr9CRu	97	18324490333		/api/template/getTemplateById	tid=280					/api/template/getTemplateById?tid=280	http://localhost:8080/change/280?type=1	undefined	
2018/01/31 13:41:02		Event	z286q0ZmgO5bHjH36KZAh2lJwuFr9CRu	97	18324490333		changCard						/proxy/log?name=changCard&type=event&loading=false	http://localhost:8080/change/280?type=1	undefined	
2018/01/31 13:41:02		Event	z286q0ZmgO5bHjH36KZAh2lJwuFr9CRu	97	18324490333		pageView						/proxy/log?name=pageView&type=event&loading=false	http://localhost:8080/change/280?type=1	undefined	
2018/01/31 13:41:02		Interface	z286q0ZmgO5bHjH36KZAh2lJwuFr9CRu	97	18324490333		/api/login/loginmsg	phone=18324490333					/api/login/loginmsg?phone=18324490333	http://localhost:8080/profile	undefined	
2018/01/31 13:41:59		Event	z286q0ZmgO5bHjH36KZAh2lJwuFr9CRu	97	18324490333		changeCard						/proxy/log?name=changeCard&type=event&params=%7B%22id%22%3A274%7D&loading=false	http://localhost:8080/profile	undefined	
2018/01/31 13:41:59		Event	z286q0ZmgO5bHjH36KZAh2lJwuFr9CRu	97	18324490333		pageView						/proxy/log?name=pageView&type=event&loading=false	http://localhost:8080/profile	undefined	
2018/01/31 13:41:59		Interface	z286q0ZmgO5bHjH36KZAh2lJwuFr9CRu	97	18324490333		/api/template/getTemplateById	tid=274					/api/template/getTemplateById?tid=274	http://localhost:8080/change/274?type=2	undefined	
2018/01/31 13:42:22		Event	z286q0ZmgO5bHjH36KZAh2lJwuFr9CRu	97	18324490333		changCard						/proxy/log?name=changCard&type=event&loading=false	http://localhost:8080/change/274?type=2	undefined	
2018/01/31 13:42:40		Event	z286q0ZmgO5bHjH36KZAh2lJwuFr9CRu	97	18324490333		changCard						/proxy/log?name=changCard&type=event&loading=false	http://localhost:8080/change/274?type=2	undefined	
2018/01/31 13:42:41		Interface	z286q0ZmgO5bHjH36KZAh2lJwuFr9CRu	97	18324490333		/api/user/changecard	uid=97&tid=274&companyName=%E7%A5%96%E7%8E%9B%E7%A7%91%E6%8A%80&name=%E9%9F%A9%E9%97%AF					/api/user/changecard?uid=97&tid=274&companyName=%E7%A5%96%E7%8E%9B%E7%A7%91%E6%8A%80&name=%E9%9F%A9%E9%97%AF	http://localhost:8080/change/274?type=2	undefined	
2018/01/31 13:42:41		Event	z286q0ZmgO5bHjH36KZAh2lJwuFr9CRu	97	18324490333		pageView						/proxy/log?name=pageView&type=event&loading=false	http://localhost:8080/change/274?type=2	undefined	
2018/01/31 13:42:42		Interface	z286q0ZmgO5bHjH36KZAh2lJwuFr9CRu	97	18324490333		/api/login/loginmsg	phone=18324490333					/api/login/loginmsg?phone=18324490333	http://localhost:8080/profile	undefined	
2018/01/31 13:42:48		Event	z286q0ZmgO5bHjH36KZAh2lJwuFr9CRu	97	18324490333		deleteCard						/proxy/log?name=deleteCard&type=event&params=%7B%22id%22%3A279%7D&loading=false	http://localhost:8080/profile	undefined	
2018/01/31 13:42:49		Interface	z286q0ZmgO5bHjH36KZAh2lJwuFr9CRu	97	18324490333		/api/template/delTemplate	uid=97&tid=279					/api/template/delTemplate?uid=97&tid=279	http://localhost:8080/profile	undefined	
2018/01/31 13:42:50		Event	z286q0ZmgO5bHjH36KZAh2lJwuFr9CRu	97	18324490333		pageView						/proxy/log?name=pageView&type=event&loading=false	http://localhost:8080/profile	undefined	
2018/01/31 13:42:50		Interface	z286q0ZmgO5bHjH36KZAh2lJwuFr9CRu	97	18324490333		/api/login/loginmsg	phone=18324490333					/api/login/loginmsg?phone=18324490333	http://localhost:8080/profile	undefined	
2018/01/31 13:43:12		Event	z286q0ZmgO5bHjH36KZAh2lJwuFr9CRu	97	18324490333		pauseCard						/proxy/log?name=pauseCard&type=event&params=%7B%22id%22%3A274%7D&loading=false	http://localhost:8080/profile	undefined	
2018/01/31 13:43:12		Interface	z286q0ZmgO5bHjH36KZAh2lJwuFr9CRu	97	18324490333		/api/template/pauseTemplate	uid=97&tid=274					/api/template/pauseTemplate?uid=97&tid=274	http://localhost:8080/profile	undefined	
2018/01/31 13:43:13		Event	z286q0ZmgO5bHjH36KZAh2lJwuFr9CRu	97	18324490333		pageView						/proxy/log?name=pageView&type=event&loading=false	http://localhost:8080/profile	undefined	
2018/01/31 13:43:13		Interface	z286q0ZmgO5bHjH36KZAh2lJwuFr9CRu	97	18324490333		/api/login/loginmsg	phone=18324490333					/api/login/loginmsg?phone=18324490333	http://localhost:8080/profile	undefined	
2018/01/31 13:43:27		Event	z286q0ZmgO5bHjH36KZAh2lJwuFr9CRu	97	18324490333		pageView						/proxy/log?name=pageView&type=event&loading=false	http://localhost:8080/profile	undefined	
2018/01/31 13:43:30		Event	z286q0ZmgO5bHjH36KZAh2lJwuFr9CRu	97	18324490333		pageView						/proxy/log?name=pageView&type=event&loading=false	http://localhost:8080/	undefined	
2018/01/31 13:45:26		Event	z286q0ZmgO5bHjH36KZAh2lJwuFr9CRu	97	18324490333		pageView						/proxy/log?name=pageView&type=event&loading=false	http://localhost:8080/make/20180116180620	undefined	
2018/01/31 13:46:44		Event	z286q0ZmgO5bHjH36KZAh2lJwuFr9CRu	97	18324490333		pageView						/proxy/log?name=pageView&type=event&loading=false	http://localhost:8080/	undefined	
2018/01/31 13:46:45		Event	z286q0ZmgO5bHjH36KZAh2lJwuFr9CRu	97	18324490333		pageView						/proxy/log?name=pageView&type=event&loading=false	http://localhost:8080/	undefined	
2018/01/31 13:46:45		Interface	z286q0ZmgO5bHjH36KZAh2lJwuFr9CRu	97	18324490333		/api/login/loginmsg	phone=18324490333					/api/login/loginmsg?phone=18324490333	http://localhost:8080/profile	undefined	
2018/01/31 13:46:47		Event	z286q0ZmgO5bHjH36KZAh2lJwuFr9CRu	97	18324490333		changeCard						/proxy/log?name=changeCard&type=event&params=%7B%22id%22%3A280%7D&loading=false	http://localhost:8080/profile	undefined	
2018/01/31 13:46:47		Event	z286q0ZmgO5bHjH36KZAh2lJwuFr9CRu	97	18324490333		pageView						/proxy/log?name=pageView&type=event&loading=false	http://localhost:8080/profile	undefined	
2018/01/31 13:46:47		Interface	z286q0ZmgO5bHjH36KZAh2lJwuFr9CRu	97	18324490333		/api/template/getTemplateById	tid=280					/api/template/getTemplateById?tid=280	http://localhost:8080/change/280?type=1	undefined	
2018/01/31 13:56:20		Event	z286q0ZmgO5bHjH36KZAh2lJwuFr9CRu	97	18324490333		pageView						/proxy/log?name=pageView&type=event&loading=false	http://localhost:8080/profile	undefined	
2018/01/31 13:56:21		Interface	z286q0ZmgO5bHjH36KZAh2lJwuFr9CRu	97	18324490333		/api/login/loginmsg	phone=18324490333					/api/login/loginmsg?phone=18324490333	http://localhost:8080/profile	undefined	
2018/01/31 13:56:22		Event	yhOAqE6F1-EPL__Mqa4baWIDDYTSMx4T				pageView						/proxy/log?name=pageView&type=event&loading=false	http://localhost:8080/	undefined	
2018/01/31 14:03:09		Event	z286q0ZmgO5bHjH36KZAh2lJwuFr9CRu	97	18324490333		pageView						/proxy/log?name=pageView&type=event&loading=false	http://localhost:8080/profile	undefined	
2018/01/31 14:03:09		Interface	z286q0ZmgO5bHjH36KZAh2lJwuFr9CRu	97	18324490333		/api/login/loginmsg	phone=18324490333					/api/login/loginmsg?phone=18324490333	http://localhost:8080/profile	undefined	
2018/01/31 14:03:13		Event	z286q0ZmgO5bHjH36KZAh2lJwuFr9CRu	97	18324490333		pageView						/proxy/log?name=pageView&type=event&loading=false	http://localhost:8080/profile	undefined	
2018/01/31 14:03:15		Event	z286q0ZmgO5bHjH36KZAh2lJwuFr9CRu	97	18324490333		pageView						/proxy/log?name=pageView&type=event&loading=false	http://localhost:8080/	undefined	
2018/01/31 14:03:19		Event	z286q0ZmgO5bHjH36KZAh2lJwuFr9CRu	97	18324490333		submit						/proxy/log?name=submit&type=event&loading=false	http://localhost:8080/make/20180122184820	undefined	
2018/01/31 14:03:21		Interface	z286q0ZmgO5bHjH36KZAh2lJwuFr9CRu	97	18324490333		/api/user/changecard	uid=97&companyName=33&name=33&groupId=20180122184820					/api/user/changecard?uid=97&companyName=33&name=33&groupId=20180122184820	http://localhost:8080/make/20180122184820	undefined	
2018/01/31 14:03:21		Event	z286q0ZmgO5bHjH36KZAh2lJwuFr9CRu	97	18324490333		pageView						/proxy/log?name=pageView&type=event&loading=false	http://localhost:8080/make/20180122184820	undefined	
2018/01/31 14:03:22		Interface	z286q0ZmgO5bHjH36KZAh2lJwuFr9CRu	97	18324490333		/api/login/loginmsg	phone=18324490333					/api/login/loginmsg?phone=18324490333	http://localhost:8080/profile	undefined	
2018/01/31 14:03:26		Event	z286q0ZmgO5bHjH36KZAh2lJwuFr9CRu	97	18324490333		pageView						/proxy/log?name=pageView&type=event&loading=false	http://localhost:8080/profile	undefined	
2018/01/31 14:03:27		Event	z286q0ZmgO5bHjH36KZAh2lJwuFr9CRu	97	18324490333		pageView						/proxy/log?name=pageView&type=event&loading=false	http://localhost:8080/failed/290/1?type=2	undefined	
2018/01/31 14:03:27		Interface	z286q0ZmgO5bHjH36KZAh2lJwuFr9CRu	97	18324490333		/api/template/getTemplateById	tid=290					/api/template/getTemplateById?tid=290	http://localhost:8080/change/290?type=2	undefined	
2018/01/31 14:03:33		Event	z286q0ZmgO5bHjH36KZAh2lJwuFr9CRu	97	18324490333		changCard						/proxy/log?name=changCard&type=event&loading=false	http://localhost:8080/change/290?type=2	undefined	
2018/01/31 14:03:33		Event	z286q0ZmgO5bHjH36KZAh2lJwuFr9CRu	97	18324490333		pageView						/proxy/log?name=pageView&type=event&loading=false	http://localhost:8080/change/290?type=2	undefined	
2018/01/31 14:03:33		Interface	z286q0ZmgO5bHjH36KZAh2lJwuFr9CRu	97	18324490333		/api/login/loginmsg	phone=18324490333					/api/login/loginmsg?phone=18324490333	http://localhost:8080/profile	undefined	
2018/01/31 14:03:39		Event	z286q0ZmgO5bHjH36KZAh2lJwuFr9CRu	97	18324490333		pageView						/proxy/log?name=pageView&type=event&loading=false	http://localhost:8080/profile	undefined	
2018/01/31 14:03:40		Event	z286q0ZmgO5bHjH36KZAh2lJwuFr9CRu	97	18324490333		pageView						/proxy/log?name=pageView&type=event&loading=false	http://localhost:8080/failed/290/1?type=2	undefined	
2018/01/31 14:03:40		Interface	z286q0ZmgO5bHjH36KZAh2lJwuFr9CRu	97	18324490333		/api/template/getTemplateById	tid=290					/api/template/getTemplateById?tid=290	http://localhost:8080/change/290?type=2	undefined	
2018/01/31 14:03:42		Event	z286q0ZmgO5bHjH36KZAh2lJwuFr9CRu	97	18324490333		changCard						/proxy/log?name=changCard&type=event&loading=false	http://localhost:8080/change/290?type=2	undefined	
2018/01/31 14:04:18		Event	z286q0ZmgO5bHjH36KZAh2lJwuFr9CRu	97	18324490333		pageView						/proxy/log?name=pageView&type=event&loading=false	http://localhost:8080/profile	undefined	
2018/01/31 14:04:18		Interface	z286q0ZmgO5bHjH36KZAh2lJwuFr9CRu	97	18324490333		/api/login/loginmsg	phone=18324490333					/api/login/loginmsg?phone=18324490333	http://localhost:8080/profile	undefined	
2018/01/31 14:04:30		Event	z286q0ZmgO5bHjH36KZAh2lJwuFr9CRu	97	18324490333		pageView						/proxy/log?name=pageView&type=event&loading=false	http://localhost:8080/profile	undefined	
2018/01/31 14:05:26		Event	z286q0ZmgO5bHjH36KZAh2lJwuFr9CRu	97	18324490333		pageView						/proxy/log?name=pageView&type=event&loading=false	http://localhost:8080/failed/290/1?type=2	undefined	
2018/01/31 14:05:26		Interface	z286q0ZmgO5bHjH36KZAh2lJwuFr9CRu	97	18324490333		/api/template/getTemplateById	tid=290					/api/template/getTemplateById?tid=290	http://localhost:8080/change/290?type=2	undefined	
2018/01/31 14:05:29		Event	z286q0ZmgO5bHjH36KZAh2lJwuFr9CRu	97	18324490333		changCard						/proxy/log?name=changCard&type=event&loading=false	http://localhost:8080/change/290?type=2	undefined	
2018/01/31 14:06:06		Event	z286q0ZmgO5bHjH36KZAh2lJwuFr9CRu	97	18324490333		pageView						/proxy/log?name=pageView&type=event&loading=false	http://localhost:8080/profile	undefined	
2018/01/31 14:06:06		Interface	z286q0ZmgO5bHjH36KZAh2lJwuFr9CRu	97	18324490333		/api/login/loginmsg	phone=18324490333					/api/login/loginmsg?phone=18324490333	http://localhost:8080/profile	undefined	
2018/01/31 14:06:08		Event	z286q0ZmgO5bHjH36KZAh2lJwuFr9CRu	97	18324490333		pageView						/proxy/log?name=pageView&type=event&loading=false	http://localhost:8080/profile	undefined	
2018/01/31 14:06:46		Event	z286q0ZmgO5bHjH36KZAh2lJwuFr9CRu	97	18324490333		pageView						/proxy/log?name=pageView&type=event&loading=false	http://localhost:8080/failed/290/1?type=2	undefined	
2018/01/31 14:06:46		Interface	z286q0ZmgO5bHjH36KZAh2lJwuFr9CRu	97	18324490333		/api/template/getTemplateById	tid=290					/api/template/getTemplateById?tid=290	http://localhost:8080/change/290?type=2	undefined	
2018/01/31 14:07:09		Interface	z286q0ZmgO5bHjH36KZAh2lJwuFr9CRu	97	18324490333		/api/template/getTemplateById	tid=290					/api/template/getTemplateById?tid=290	http://localhost:8080/change/290?type=2	undefined	
2018/01/31 14:07:12		Event	z286q0ZmgO5bHjH36KZAh2lJwuFr9CRu	97	18324490333		changCard						/proxy/log?name=changCard&type=event&loading=false	http://localhost:8080/change/290?type=2	undefined	
2018/01/31 14:07:26		Interface	z286q0ZmgO5bHjH36KZAh2lJwuFr9CRu	97	18324490333		/api/template/getTemplateById	tid=290					/api/template/getTemplateById?tid=290	http://localhost:8080/change/290?type=2	undefined	
2018/01/31 14:07:30		Event	z286q0ZmgO5bHjH36KZAh2lJwuFr9CRu	97	18324490333		changCard						/proxy/log?name=changCard&type=event&loading=false	http://localhost:8080/change/290?type=2	undefined	
2018/01/31 14:07:37		Interface	z286q0ZmgO5bHjH36KZAh2lJwuFr9CRu	97	18324490333		/api/template/getTemplateById	tid=290					/api/template/getTemplateById?tid=290	http://localhost:8080/change/290?type=2	undefined	
2018/01/31 14:07:38		Event	z286q0ZmgO5bHjH36KZAh2lJwuFr9CRu	97	18324490333		changCard						/proxy/log?name=changCard&type=event&loading=false	http://localhost:8080/change/290?type=2	undefined	
2018/01/31 14:07:38		Event	z286q0ZmgO5bHjH36KZAh2lJwuFr9CRu	97	18324490333		pageView						/proxy/log?name=pageView&type=event&loading=false	http://localhost:8080/change/290?type=2	undefined	
2018/01/31 14:07:38		Interface	z286q0ZmgO5bHjH36KZAh2lJwuFr9CRu	97	18324490333		/api/login/loginmsg	phone=18324490333					/api/login/loginmsg?phone=18324490333	http://localhost:8080/profile	undefined	
2018/01/31 14:09:47		Event	z286q0ZmgO5bHjH36KZAh2lJwuFr9CRu	97	18324490333		pageView						/proxy/log?name=pageView&type=event&loading=false	http://localhost:8080/profile	undefined	
2018/01/31 14:09:47		Interface	z286q0ZmgO5bHjH36KZAh2lJwuFr9CRu	97	18324490333		/api/login/loginmsg	phone=18324490333					/api/login/loginmsg?phone=18324490333	http://localhost:8080/profile	undefined	
2018/01/31 14:09:51		Event	z286q0ZmgO5bHjH36KZAh2lJwuFr9CRu	97	18324490333		pageView						/proxy/log?name=pageView&type=event&loading=false	http://localhost:8080/profile	undefined	
2018/01/31 14:09:57		Event	z286q0ZmgO5bHjH36KZAh2lJwuFr9CRu	97	18324490333		pageView						/proxy/log?name=pageView&type=event&loading=false	http://localhost:8080/profile	undefined	
2018/01/31 14:09:58		Interface	z286q0ZmgO5bHjH36KZAh2lJwuFr9CRu	97	18324490333		/api/login/loginmsg	phone=18324490333					/api/login/loginmsg?phone=18324490333	http://localhost:8080/profile	undefined	
2018/01/31 14:10:00		Event	z286q0ZmgO5bHjH36KZAh2lJwuFr9CRu	97	18324490333		pageView						/proxy/log?name=pageView&type=event&loading=false	http://localhost:8080/profile	undefined	
2018/01/31 14:10:05		Event	z286q0ZmgO5bHjH36KZAh2lJwuFr9CRu	97	18324490333		pageView						/proxy/log?name=pageView&type=event&loading=false	http://localhost:8080/failed/290/1?type=2	undefined	
2018/01/31 14:10:05		Interface	z286q0ZmgO5bHjH36KZAh2lJwuFr9CRu	97	18324490333		/api/template/getTemplateById	tid=290					/api/template/getTemplateById?tid=290	http://localhost:8080/change/290?type=2	undefined	
2018/01/31 14:10:19		Event	z286q0ZmgO5bHjH36KZAh2lJwuFr9CRu	97	18324490333		changCard						/proxy/log?name=changCard&type=event&loading=false	http://localhost:8080/change/290?type=2	undefined	
2018/01/31 14:11:06		Event	z286q0ZmgO5bHjH36KZAh2lJwuFr9CRu	97	18324490333		pageView						/proxy/log?name=pageView&type=event&loading=false	http://localhost:8080/change/290?type=2	undefined	
2018/01/31 14:11:06		Interface	z286q0ZmgO5bHjH36KZAh2lJwuFr9CRu	97	18324490333		/api/template/getTemplateById	tid=290					/api/template/getTemplateById?tid=290	http://localhost:8080/change/290?type=2	undefined	
2018/01/31 14:12:31		Event	z286q0ZmgO5bHjH36KZAh2lJwuFr9CRu	97	18324490333		pageView						/proxy/log?name=pageView&type=event&loading=false	http://localhost:8080/profile	undefined	
2018/01/31 14:12:31		Interface	z286q0ZmgO5bHjH36KZAh2lJwuFr9CRu	97	18324490333		/api/login/loginmsg	phone=18324490333					/api/login/loginmsg?phone=18324490333	http://localhost:8080/profile	undefined	
2018/01/31 15:10:51		Event	5jNiRuqepkBR1qBpngMZQBOJCnP-NKxY				pageView						/proxy/log?name=pageView&type=event&loading=false	http://localhost:8080/profile	undefined	
2018/01/31 15:10:51		Event	OUk4lFPvXRXLalSb70KMoJmCo1qWOPIC				pageView						/proxy/log?name=pageView&type=event&loading=false	http://localhost:8080/profile	undefined	
2018/01/31 16:48:50		Interface	Rtfa8hERnXSGcMQQkGSL4sn4SKND8FIz				/api/login/loginmsg	phone=18324490333&fromType=2					/api/login/loginmsg?phone=18324490333&fromType=2	http://localhost:8080/login	undefined	
2018/01/31 16:48:50		Event	Rtfa8hERnXSGcMQQkGSL4sn4SKND8FIz	97	18324490333		pageView						/proxy/log?name=pageView&type=event&loading=false	http://localhost:8080/login	undefined	
2018/01/31 16:48:50		Interface	Rtfa8hERnXSGcMQQkGSL4sn4SKND8FIz	97	18324490333		/api/login/loginmsg	phone=18324490333					/api/login/loginmsg?phone=18324490333	http://localhost:8080/profile	undefined	
2018/01/31 17:51:19		Event	pSYRY7yBUyrQtF5SbcxjYFFNp2XDWr63				pageView						/proxy/log?name=pageView&type=event&loading=false	http://localhost:8080/profile	undefined	
2018/01/31 17:51:20		Event	zQI8raoI_e4yi22OafBFcEPBrXy_ax3I				pageView						/proxy/log?name=pageView&type=event&loading=false	http://localhost:8080/profile	undefined	
2018/01/31 17:51:21		Event	V3-B7b_CqKVCaTdKjM7Isl8ZcZa2lAT5				pageView						/proxy/log?name=pageView&type=event&loading=false	http://localhost:8080/	undefined	
