2018/01/03 10:25:13		Event	EbaB7eJ-KK_6p6A670Xbo9nmBi74R_Ym				pageView						/proxy/log?name=pageView&type=event&loading=false	http://localhost:8080/	undefined	
2018/01/03 10:26:08		Event	rBDvr802Cl6hpS_x-HgOMwYuhTsBTuK8				pageView						/proxy/log?name=pageView&type=event&loading=false	http://localhost:8080/	undefined	
2018/01/03 10:26:09		Event	TFanfpiI2-E5w8pKKrvXmmPWqTPjtTwc				pageView						/proxy/log?name=pageView&type=event&loading=false	http://localhost:8080/profile	undefined	
2018/01/03 10:26:34		Interface	VCgsRGzDKRfOTXtYxndLW9PRXglwEQfu				/api/login/loginmsg	phone=18324490333&fromType=2					/api/login/loginmsg?phone=18324490333&fromType=2	http://localhost:8080/login	undefined	
2018/01/03 10:26:34		Event	VCgsRGzDKRfOTXtYxndLW9PRXglwEQfu	92	18324490333		pageView						/proxy/log?name=pageView&type=event&loading=false	http://localhost:8080/login	undefined	
2018/01/03 10:26:34		Interface	VCgsRGzDKRfOTXtYxndLW9PRXglwEQfu	92	18324490333		/api/login/loginmsg	phone=18324490333					/api/login/loginmsg?phone=18324490333	http://localhost:8080/profile	undefined	
2018/01/03 10:37:15		Event	VCgsRGzDKRfOTXtYxndLW9PRXglwEQfu	92	18324490333		pageView						/proxy/log?name=pageView&type=event&loading=false	http://localhost:8080/profile	undefined	
2018/01/03 10:37:51		Event	VCgsRGzDKRfOTXtYxndLW9PRXglwEQfu	92	18324490333		pageView						/proxy/log?name=pageView&type=event&loading=false	http://localhost:8080/	undefined	
2018/01/03 10:37:51		Interface	VCgsRGzDKRfOTXtYxndLW9PRXglwEQfu	92	18324490333		/api/login/loginmsg	phone=18324490333					/api/login/loginmsg?phone=18324490333	http://localhost:8080/profile	undefined	
2018/01/03 10:38:04		Event	Ofkr3AFEj_OJd-e6z_2TY0UWbodDYsSH				pageView						/proxy/log?name=pageView&type=event&loading=false	http://192.168.104.204:8080/	undefined	
2018/01/03 10:38:08		Event	M7BQSe0ppicnmhqQIPUz0ts_EVLeyzrE				pageView						/proxy/log?name=pageView&type=event&loading=false	http://192.168.104.204:8080/	undefined	
2018/01/03 10:38:11		Event	-nMuIh2ZoFF_qlTJ8FVVG9nJwc6EFkWf				pageView						/proxy/log?name=pageView&type=event&loading=false	http://192.168.104.204:8080/	undefined	
2018/01/03 10:38:24		Event	f2ilOu0rIguFNIp77E5mmql94rRcSp6N				pageView						/proxy/log?name=pageView&type=event&loading=false	http://192.168.104.204:8080/	undefined	
2018/01/03 10:38:50		Event	VCgsRGzDKRfOTXtYxndLW9PRXglwEQfu	92	18324490333		pageView						/proxy/log?name=pageView&type=event&loading=false	http://localhost:8080/	undefined	
2018/01/03 10:38:53		Event	VCgsRGzDKRfOTXtYxndLW9PRXglwEQfu	92	18324490333		pageView						/proxy/log?name=pageView&type=event&loading=false	http://localhost:8080/	undefined	
2018/01/03 10:38:54		Event	VCgsRGzDKRfOTXtYxndLW9PRXglwEQfu	92	18324490333		nextStep						/proxy/log?name=nextStep&type=event&loading=false	http://localhost:8080/make?process=true	undefined	
2018/01/03 10:38:54		Event	VCgsRGzDKRfOTXtYxndLW9PRXglwEQfu	92	18324490333		pageView						/proxy/log?name=pageView&type=event&loading=false	http://localhost:8080/make?process=true	undefined	
2018/01/03 10:51:33		Event	VCgsRGzDKRfOTXtYxndLW9PRXglwEQfu	92	18324490333		pageView						/proxy/log?name=pageView&type=event&loading=false	http://localhost:8080/make?process=true	undefined	
2018/01/03 13:43:32		Event	6FfaQVPUbkG71f0CF5rRfo3wIUhVogL3				nextStep						/proxy/log?name=nextStep&type=event&loading=false	http://localhost:8080/make?process=true	undefined	
2018/01/03 13:43:32		Event	RICNhrJkCvTc55zehAx31ZKSokmIua6j				pageView						/proxy/log?name=pageView&type=event&loading=false	http://localhost:8080/make?process=true	undefined	
2018/01/03 13:43:32		Event	Yk1i6T7bYoUqzv8GdDiMf-9RP9AllrJT				pageView						/proxy/log?name=pageView&type=event&loading=false	http://localhost:8080/make?process=true	undefined	
2018/01/03 15:24:13		Event	AjuAZoCPJayDwAWOxQVIGuxrke6AXff1				pageView						/proxy/log?name=pageView&type=event&loading=false	http://localhost:8080/login	undefined	
2018/01/03 15:46:32		Event	hhecnzbMQiP5UrKLclj_LHq2hlpeVeA9				pageView						/proxy/log?name=pageView&type=event&loading=false	http://localhost:8080/make?process=true	undefined	
2018/01/03 15:46:33		Event	fFFZ4GEypo3sIP8gcDz0e7irTL4YJLeU				pageView						/proxy/log?name=pageView&type=event&loading=false	http://localhost:8080/	undefined	
